<?xml version="1.0" encoding="UTF-8"?>
<testsuite name="(empty)"
	tests="12"
	failures="8"
	disabled="0"
	skipped="0"
	hostname=""
	time="1278"
	timestamp="2024-08-30T09:51:19"
	>
	<testcase name="test-testshield-businout" classname="test-testshield-businout" time="22.1675" status="run">
		<system-out>[1/3] Building CXX object CMakeFiles/test-testshield-businout.dir/BusInOutTest.cpp.obj
[2/3] Linking CXX executable test-testshield-businout.elf
-- built: /home/jamie/Mbed/mbed-ce-test-tools/CI-Shield-Tests/build/NUCLEO_L452RE_P-Develop/test-testshield-businout.bin
-- built: /home/jamie/Mbed/mbed-ce-test-tools/CI-Shield-Tests/build/NUCLEO_L452RE_P-Develop/test-testshield-businout.hex
| Module                                  |      .text |    .data |     .bss |
|-----------------------------------------|------------|----------|----------|
| CMakeFiles/test-testshield-businout.dir |   1012(+0) |    0(+0) |  188(+0) |
| [fill]                                  |   162(+24) |    3(+0) |   43(+0) |
| [lib]/c.a                               |   6100(+0) | 1344(+0) |  373(+0) |
| [lib]/client_userio.a                   |   1480(+0) |   56(+0) |    8(+0) |
| [lib]/gcc.a                             |   3144(+0) |    0(+0) |    0(+0) |
| [lib]/mbed-greentea-io.a                |     70(+0) |    0(+0) |    0(+0) |
| [lib]/mbed-unity.a                      |    794(+0) |    0(+0) |  224(+0) |
| [lib]/mbed-utest.a                      |   3384(+0) |   13(+0) |  201(+0) |
| [lib]/misc                              |    264(+0) |    4(+0) |   25(+0) |
| mbed-os/CMakeFiles                      | 31878(+40) |  444(+0) | 8722(+0) |
| Subtotals                               | 48288(+64) | 1864(+0) | 9784(+0) |
Total Static RAM memory (data + bss): 11648(+0) bytes
Total Flash memory (text + data): 50152(+64) bytes

[3/3] Flashing test-testshield-businout with OpenOCD...
Open On-Chip Debugger 0.12.0+dev-00499-g151b74371 (2024-01-22-10:06)
Licensed under GNU GPL v2
For bug reports, read
	http://openocd.org/doc/doxygen/bugs.html
DEPRECATED! use 'adapter driver' not 'interface'
Info : The selected transport took over low-level target control. The results might differ compared to plain JTAG/SWD
DEPRECATED! use 'adapter serial' not 'hla_serial'
Info : clock speed 500 kHz
Info : STLINK V2J39M27 (API v2) VID:PID 0483:374B
Info : Target voltage: 3.240553
Info : [stm32l4x.cpu] Cortex-M4 r0p1 processor detected
Info : [stm32l4x.cpu] target has 6 breakpoints, 4 watchpoints
Info : [stm32l4x.cpu] Examination succeed
Info : gdb port disabled
Info : Unable to match requested speed 500 kHz, using 480 kHz
Info : Unable to match requested speed 500 kHz, using 480 kHz
[stm32l4x.cpu] halted due to debug-request, current mode: Thread 
xPSR: 0x01000000 pc: 0x08000330 msp: 0x10000698
** Programming Started **
Info : device idcode = 0x20016462 (STM32L45/L46xx - Rev Y : 0x2001)
Info : RDP level 0 (0xAA)
Info : flash size = 512 KiB
Info : flash mode : single-bank
Info : Padding image section 1 at 0x0800e21c with 4 bytes (bank write end alignment)
Warn : Adding extra erase range, 0x0800e220 .. 0x0800e7ff
** Programming Finished **
** Resetting Target **
Info : Unable to match requested speed 500 kHz, using 480 kHz
Info : Unable to match requested speed 500 kHz, using 480 kHz
shutdown command invoked
Executing: /home/jamie/Mbed/mbed-ce-test-tools/CI-Shield-Tests/mbed-os/venv/bin/python3.10 -m mbed_host_tests.mbedhtrun --skip-flashing -p /dev/ttyNUCLEO_L452RE_P --skip-reset -m NUCLEO_L452RE_P --baud-rate=115200
[1725036700.87][HTST][INF] host test executor ver. 0.0.16
[1725036700.87][HTST][INF] copy image onto target... SKIPPED!
[1725036700.89][HTST][INF] starting host test process...
[1725036700.90][CONN][INF] starting connection process...
[1725036700.90][CONN][INF] notify event queue about extra 60 sec timeout for serial port pooling
[1725036700.90][CONN][INF] initializing serial port listener... 
[1725036700.91][SERI][INF] using specified port '/dev/ttyNUCLEO_L452RE_P'
[1725036700.91][HTST][INF] setting timeout to: 60 sec
[1725036700.91][SERI][INF] serial(port=/dev/ttyNUCLEO_L452RE_P, baudrate=115200, read_timeout=0.01, write_timeout=5)
[1725036700.91][SERI][TXD] mbedmbedmbedmbedmbedmbedmbedmbedmbedmbed
[1725036700.91][CONN][INF] sending up to 2 __sync packets (specified with --sync=2)
[1725036700.91][CONN][INF] sending preamble '3da7edc7-a58f-4457-bdb2-0462f196e884'
[1725036700.92][SERI][TXD] {{__sync;3da7edc7-a58f-4457-bdb2-0462f196e884}}
[1725036700.93][CONN][RXD] mbedmbedmbedmbedmbedmbedmbedmbed
[1725036700.93][CONN][INF] found SYNC in stream: {{__sync;3da7edc7-a58f-4457-bdb2-0462f196e884}} it is #0 sent, queued...
[1725036700.93][HTST][INF] sync KV found, uuid=3da7edc7-a58f-4457-bdb2-0462f196e884, timestamp=1725036700.927688
[1725036700.94][CONN][RXD] &gt;&gt;&gt; Running 4 test cases...
[1725036700.94][CONN][INF] found KV pair in stream: {{__version;1.3.0}}, queued...
[1725036700.94][CONN][INF] found KV pair in stream: {{__timeout;40}}, queued...
[1725036700.94][CONN][INF] found KV pair in stream: {{__host_test_name;default_auto}}, queued...
[1725036700.94][HTST][INF] DUT greentea-client version: 1.3.0
[1725036700.94][HTST][INF] setting timeout to: 40 sec
[1725036700.94][HTST][INF] host test class: '&lt;class 'mbed_os_tools.test.host_tests.default_auto.DefaultAuto'&gt;'
[1725036700.94][HTST][INF] host test setup() call...
[1725036700.94][HTST][INF] CALLBACKs updated
[1725036700.94][HTST][INF] host test detected: default_auto
[1725036700.95][CONN][RXD] 
[1725036700.95][CONN][INF] found KV pair in stream: {{__testcase_name;BusIn definable}}, queued...
[1725036700.95][CONN][INF] found KV pair in stream: {{__testcase_name;BusOut definable}}, queued...
[1725036700.95][CONN][INF] found KV pair in stream: {{__testcase_name;BusInOut to BusInOut}}, queued...
[1725036700.95][CONN][INF] found KV pair in stream: {{__testcase_name;BusIn to BusOut}}, queued...
[1725036700.96][CONN][RXD] &gt;&gt;&gt; Running case #1: 'BusIn definable'...
[1725036700.96][CONN][RXD] &gt;&gt;&gt; 'BusIn definable': 1 passed, 0 failed
[1725036700.96][CONN][INF] found KV pair in stream: {{__testcase_start;BusIn definable}}, queued...
[1725036700.96][CONN][INF] found KV pair in stream: {{__testcase_finish;BusIn definable;1;0}}, queued...
[1725036700.98][CONN][RXD] &lt;greentea test suite&gt;:0::PASS
[1725036700.98][CONN][RXD] 
[1725036700.98][CONN][RXD] &gt;&gt;&gt; Running case #2: 'BusOut definable'...
[1725036700.98][CONN][INF] found KV pair in stream: {{__testcase_start;BusOut definable}}, queued...
[1725036700.99][CONN][RXD] &gt;&gt;&gt; 'BusOut definable': 1 passed, 0 failed
[1725036700.99][CONN][RXD] &lt;greentea test suite&gt;:0::PASS
[1725036700.99][CONN][RXD] 
[1725036700.99][CONN][RXD] &gt;&gt;&gt; Running case #3: 'BusInOut to BusInOut'...
[1725036700.99][CONN][INF] found KV pair in stream: {{__testcase_finish;BusOut definable;1;0}}, queued...
[1725036701.00][CONN][RXD] 
[1725036701.00][CONN][RXD] *********
[1725036701.00][CONN][RXD] value of x,bio2 is: 0x0, 0x0
[1725036701.00][CONN][RXD] ********
[1725036701.00][CONN][RXD] 
[1725036701.00][CONN][RXD] *********
[1725036701.00][CONN][RXD] value of x,bio2 is: 0x1, 0x1
[1725036701.00][CONN][RXD] ********
[1725036701.00][CONN][RXD] 
[1725036701.00][CONN][INF] found KV pair in stream: {{__testcase_start;BusInOut to BusInOut}}, queued...
[1725036701.01][CONN][RXD] *********
[1725036701.01][CONN][RXD] value of x,bio2 is: 0x2, 0x2
[1725036701.01][CONN][RXD] ********
[1725036701.01][CONN][RXD] 
[1725036701.01][CONN][RXD] *********
[1725036701.01][CONN][RXD] value of x,bio2 is: 0x3, 0x3
[1725036701.01][CONN][RXD] ********
[1725036701.01][CONN][RXD] 
[1725036701.01][CONN][RXD] *********
[1725036701.02][CONN][RXD] value of x,bio2 is: 0x4, 0x4
[1725036701.03][CONN][RXD] ********
[1725036701.03][CONN][RXD] 
[1725036701.03][CONN][RXD] *********
[1725036701.03][CONN][RXD] value of x,bio2 is: 0x5, 0x5
[1725036701.03][CONN][RXD] ********
[1725036701.03][CONN][RXD] 
[1725036701.03][CONN][RXD] *********
[1725036701.03][CONN][RXD] value of x,bio2 is: 0x6, 0x6
[1725036701.03][CONN][RXD] ********
[1725036701.03][CONN][RXD] 
[1725036701.03][CONN][RXD] *********
[1725036701.04][CONN][RXD] value of x,bio2 is: 0x7, 0x7
[1725036701.04][CONN][RXD] ********
[1725036701.04][CONN][RXD] 
[1725036701.04][CONN][RXD] *********
[1725036701.04][CONN][RXD] value of x,bio1 is: 0x0, 0x0
[1725036701.04][CONN][RXD] ********
[1725036701.04][CONN][RXD] 
[1725036701.04][CONN][RXD] *********
[1725036701.04][CONN][RXD] value of x,bio1 is: 0x1, 0x1
[1725036701.04][CONN][RXD] ********
[1725036701.04][CONN][RXD] 
[1725036701.04][CONN][RXD] *********
[1725036701.05][CONN][RXD] value of x,bio1 is: 0x2, 0x2
[1725036701.05][CONN][RXD] ********
[1725036701.05][CONN][RXD] 
[1725036701.05][CONN][RXD] *********
[1725036701.05][CONN][RXD] value of x,bio1 is: 0x3, 0x3
[1725036701.05][CONN][RXD] ********
[1725036701.05][CONN][RXD] 
[1725036701.05][CONN][RXD] *********
[1725036701.05][CONN][RXD] value of x,bio1 is: 0x4, 0x4
[1725036701.05][CONN][RXD] ********
[1725036701.05][CONN][RXD] 
[1725036701.05][CONN][RXD] *********
[1725036701.06][CONN][RXD] value of x,bio1 is: 0x5, 0x5
[1725036701.07][CONN][RXD] ********
[1725036701.07][CONN][RXD] 
[1725036701.07][CONN][RXD] *********
[1725036701.07][CONN][RXD] value of x,bio1 is: 0x6, 0x6
[1725036701.07][CONN][RXD] ********
[1725036701.07][CONN][RXD] 
[1725036701.07][CONN][RXD] *********
[1725036701.07][CONN][RXD] value of x,bio1 is: 0x7, 0x7
[1725036701.07][CONN][RXD] ********
[1725036701.08][CONN][RXD] &gt;&gt;&gt; 'BusInOut to BusInOut': 1 passed, 0 failed
[1725036701.08][CONN][RXD] &lt;greentea test suite&gt;:0::PASS
[1725036701.08][CONN][RXD] 
[1725036701.08][CONN][INF] found KV pair in stream: {{__testcase_finish;BusInOut to BusInOut;1;0}}, queued...
[1725036701.09][CONN][RXD] &gt;&gt;&gt; Running case #4: 'BusIn to BusOut'...
[1725036701.09][CONN][RXD] 
[1725036701.09][CONN][RXD] *********
[1725036701.09][CONN][RXD] value of bin,bout,x is: 0x1, 0x1, 0x1
[1725036701.09][CONN][RXD] ********
[1725036701.09][CONN][RXD] 
[1725036701.09][CONN][RXD] *********
[1725036701.09][CONN][INF] found KV pair in stream: {{__testcase_start;BusIn to BusOut}}, queued...
[1725036701.10][CONN][RXD] value of bin,bout,x is: 0x2, 0x2, 0x2
[1725036701.10][CONN][RXD] ********
[1725036701.10][CONN][RXD] 
[1725036701.10][CONN][RXD] *********
[1725036701.10][CONN][RXD] value of bin,bout,x is: 0x3, 0x3, 0x3
[1725036701.10][CONN][RXD] ********
[1725036701.11][CONN][RXD] 
[1725036701.11][CONN][RXD] *********
[1725036701.11][CONN][RXD] value of bin,bout,x is: 0x4, 0x4, 0x4
[1725036701.12][CONN][RXD] ********
[1725036701.12][CONN][RXD] 
[1725036701.12][CONN][RXD] *********
[1725036701.12][CONN][RXD] value of bin,bout,x is: 0x5, 0x5, 0x5
[1725036701.12][CONN][RXD] ********
[1725036701.12][CONN][RXD] 
[1725036701.12][CONN][RXD] *********
[1725036701.12][CONN][RXD] value of bin,bout,x is: 0x6, 0x6, 0x6
[1725036701.12][CONN][RXD] ********
[1725036701.12][CONN][RXD] 
[1725036701.12][CONN][RXD] *********
[1725036701.13][CONN][RXD] value of bin,bout,x is: 0x7, 0x7, 0x7
[1725036701.13][CONN][RXD] ********
[1725036701.13][CONN][RXD] &gt;&gt;&gt; 'BusIn to BusOut': 1 passed, 0 failed
[1725036701.13][CONN][RXD] &lt;greentea test suite&gt;:0::PASS
[1725036701.13][CONN][RXD] 
[1725036701.13][CONN][INF] found KV pair in stream: {{__testcase_finish;BusIn to BusOut;1;0}}, queued...
[1725036701.14][CONN][RXD] &gt;&gt;&gt; Test cases: 4 passed, 0 failed
[1725036701.14][CONN][RXD] 
[1725036701.14][CONN][RXD] -----------------------
[1725036701.14][CONN][RXD] 0 Tests 0 Failures 0 Ignored 
[1725036701.14][CONN][RXD] OK
[1725036701.14][CONN][INF] found KV pair in stream: {{__testcase_summary;4;0}}, queued...
[1725036701.14][CONN][INF] found KV pair in stream: {{end;success}}, queued...
[1725036701.15][HTST][INF] __notify_complete(True)
[1725036701.15][HTST][INF] __exit_event_queue received
[1725036701.15][HTST][INF] test suite run finished after 0.21 sec...
[1725036701.15][CONN][INF] found KV pair in stream: {{__exit;0}}, queued...
[1725036701.16][CONN][INF] received special event '__host_test_finished' value='True', finishing
[1725036701.16][HTST][INF] CONN exited with code: 0
[1725036701.16][HTST][INF] Some events in queue
[1725036701.16][HTST][INF] stopped consuming events
[1725036701.16][HTST][INF] host test result() call skipped, received: True
[1725036701.17][HTST][WRN] missing __exit event from DUT
[1725036701.17][HTST][INF] calling blocking teardown()
[1725036701.17][HTST][INF] teardown() finished
[1725036701.17][HTST][INF] {{result;success}}
</system-out>
	</testcase>
	<testcase name="test-testshield-interruptin" classname="test-testshield-interruptin" time="23.1516" status="run">
		<system-out>[1/3] Building CXX object CMakeFiles/test-testshield-interruptin.dir/InterruptInTest.cpp.obj
[2/3] Linking CXX executable test-testshield-interruptin.elf
-- built: /home/jamie/Mbed/mbed-ce-test-tools/CI-Shield-Tests/build/NUCLEO_L452RE_P-Develop/test-testshield-interruptin.bin
-- built: /home/jamie/Mbed/mbed-ce-test-tools/CI-Shield-Tests/build/NUCLEO_L452RE_P-Develop/test-testshield-interruptin.hex
| Module                                     |      .text |    .data |      .bss |
|--------------------------------------------|------------|----------|-----------|
| CMakeFiles/test-testshield-interruptin.dir |   1804(+0) |    0(+0) |   245(+0) |
| [fill]                                     |   168(+24) |    3(+0) |    40(+0) |
| [lib]/c.a                                  |   6100(+0) | 1344(+0) |   373(+0) |
| [lib]/client_userio.a                      |   1480(+0) |   56(+0) |     8(+0) |
| [lib]/gcc.a                                |   3144(+0) |    0(+0) |     0(+0) |
| [lib]/mbed-greentea-io.a                   |     70(+0) |    0(+0) |     0(+0) |
| [lib]/mbed-unity.a                         |    794(+0) |    0(+0) |   224(+0) |
| [lib]/mbed-utest.a                         |   3380(+0) |   13(+0) |   201(+0) |
| [lib]/misc                                 |    264(+0) |    4(+0) |    25(+0) |
| mbed-os/CMakeFiles                         | 31724(+40) |  444(+0) |  9260(+0) |
| Subtotals                                  | 48928(+64) | 1864(+0) | 10376(+0) |
Total Static RAM memory (data + bss): 12240(+0) bytes
Total Flash memory (text + data): 50792(+64) bytes

[3/3] Flashing test-testshield-interruptin with OpenOCD...
Open On-Chip Debugger 0.12.0+dev-00499-g151b74371 (2024-01-22-10:06)
Licensed under GNU GPL v2
For bug reports, read
	http://openocd.org/doc/doxygen/bugs.html
DEPRECATED! use 'adapter driver' not 'interface'
Info : The selected transport took over low-level target control. The results might differ compared to plain JTAG/SWD
DEPRECATED! use 'adapter serial' not 'hla_serial'
Info : clock speed 500 kHz
Info : STLINK V2J39M27 (API v2) VID:PID 0483:374B
Info : Target voltage: 3.240553
Info : [stm32l4x.cpu] Cortex-M4 r0p1 processor detected
Info : [stm32l4x.cpu] target has 6 breakpoints, 4 watchpoints
Info : [stm32l4x.cpu] Examination succeed
Info : gdb port disabled
Info : Unable to match requested speed 500 kHz, using 480 kHz
Info : Unable to match requested speed 500 kHz, using 480 kHz
[stm32l4x.cpu] halted due to debug-request, current mode: Thread 
xPSR: 0x01000000 pc: 0x08000330 msp: 0x10000698
** Programming Started **
Info : device idcode = 0x20016462 (STM32L45/L46xx - Rev Y : 0x2001)
Info : RDP level 0 (0xAA)
Info : flash size = 512 KiB
Info : flash mode : single-bank
Info : Padding image section 1 at 0x0800e55c with 4 bytes (bank write end alignment)
Warn : Adding extra erase range, 0x0800e560 .. 0x0800e7ff
** Programming Finished **
** Resetting Target **
Info : Unable to match requested speed 500 kHz, using 480 kHz
Info : Unable to match requested speed 500 kHz, using 480 kHz
shutdown command invoked
Executing: /home/jamie/Mbed/mbed-ce-test-tools/CI-Shield-Tests/mbed-os/venv/bin/python3.10 -m mbed_host_tests.mbedhtrun --skip-flashing -p /dev/ttyNUCLEO_L452RE_P --skip-reset -m NUCLEO_L452RE_P --baud-rate=115200
[1725036724.06][HTST][INF] host test executor ver. 0.0.16
[1725036724.06][HTST][INF] copy image onto target... SKIPPED!
[1725036724.08][HTST][INF] starting host test process...
[1725036724.09][CONN][INF] starting connection process...
[1725036724.09][CONN][INF] notify event queue about extra 60 sec timeout for serial port pooling
[1725036724.10][CONN][INF] initializing serial port listener... 
[1725036724.10][SERI][INF] using specified port '/dev/ttyNUCLEO_L452RE_P'
[1725036724.10][SERI][INF] serial(port=/dev/ttyNUCLEO_L452RE_P, baudrate=115200, read_timeout=0.01, write_timeout=5)
[1725036724.10][HTST][INF] setting timeout to: 60 sec
[1725036724.10][SERI][TXD] mbedmbedmbedmbedmbedmbedmbedmbedmbedmbed
[1725036724.10][CONN][INF] sending up to 2 __sync packets (specified with --sync=2)
[1725036724.10][CONN][INF] sending preamble 'ca5321f6-b73b-49e3-8e2f-ae05344b4c1a'
[1725036724.11][SERI][TXD] {{__sync;ca5321f6-b73b-49e3-8e2f-ae05344b4c1a}}
[1725036724.12][CONN][RXD] mbedmbedmbedmbedmbedmbedmbedmbed
[1725036724.12][CONN][INF] found SYNC in stream: {{__sync;ca5321f6-b73b-49e3-8e2f-ae05344b4c1a}} it is #0 sent, queued...
[1725036724.12][HTST][INF] sync KV found, uuid=ca5321f6-b73b-49e3-8e2f-ae05344b4c1a, timestamp=1725036724.118575
[1725036724.13][CONN][RXD] &gt;&gt;&gt; Running 6 test cases...
[1725036724.13][CONN][INF] found KV pair in stream: {{__version;1.3.0}}, queued...
[1725036724.13][CONN][INF] found KV pair in stream: {{__timeout;40}}, queued...
[1725036724.13][HTST][INF] DUT greentea-client version: 1.3.0
[1725036724.13][CONN][INF] found KV pair in stream: {{__host_test_name;default_auto}}, queued...
[1725036724.13][HTST][INF] setting timeout to: 40 sec
[1725036724.13][HTST][INF] host test class: '&lt;class 'mbed_os_tools.test.host_tests.default_auto.DefaultAuto'&gt;'
[1725036724.13][HTST][INF] host test setup() call...
[1725036724.13][HTST][INF] CALLBACKs updated
[1725036724.13][HTST][INF] host test detected: default_auto
[1725036724.14][CONN][INF] found KV pair in stream: {{__testcase_name;Interrupt from GPOUT_2 -&gt; GPIN_2}}, queued...
[1725036724.14][CONN][INF] found KV pair in stream: {{__testcase_name;Interrupt from GPIN_2 -&gt; GPOUT_2}}, queued...
[1725036724.14][CONN][INF] found KV pair in stream: {{__testcase_name;Interrupt from GPOUT_1 -&gt; GPIN_1}}, queued...
[1725036724.15][CONN][RXD] 
[1725036724.15][CONN][INF] found KV pair in stream: {{__testcase_name;Interrupt from GPIN_1 -&gt; GPOUT_1}}, queued...
[1725036724.16][CONN][INF] found KV pair in stream: {{__testcase_name;Interrupt from GPOUT_0 -&gt; GPIN_0}}, queued...
[1725036724.16][CONN][INF] found KV pair in stream: {{__testcase_name;Interrupt from GPIN_0 -&gt; GPOUT_0}}, queued...
[1725036724.17][CONN][RXD] &gt;&gt;&gt; Running case #1: 'Interrupt from GPOUT_2 -&gt; GPIN_2'...
[1725036724.17][CONN][INF] found KV pair in stream: {{__testcase_start;Interrupt from GPOUT_2 -&gt; GPIN_2}}, queued...
[1725036724.18][CONN][RXD] &gt;&gt;&gt; 'Interrupt from GPOUT_2 -&gt; GPIN_2': 1 passed, 0 failed
[1725036724.18][CONN][RXD] &lt;greentea test suite&gt;:0::PASS
[1725036724.18][CONN][RXD] 
[1725036724.18][CONN][INF] found KV pair in stream: {{__testcase_finish;Interrupt from GPOUT_2 -&gt; GPIN_2;1;0}}, queued...
[1725036724.19][CONN][RXD] &gt;&gt;&gt; Running case #2: 'Interrupt from GPIN_2 -&gt; GPOUT_2'...
[1725036724.19][CONN][INF] found KV pair in stream: {{__testcase_start;Interrupt from GPIN_2 -&gt; GPOUT_2}}, queued...
[1725036724.20][CONN][RXD] &gt;&gt;&gt; 'Interrupt from GPIN_2 -&gt; GPOUT_2': 1 passed, 0 failed
[1725036724.20][CONN][RXD] &lt;greentea test suite&gt;:0::PASS
[1725036724.20][CONN][RXD] 
[1725036724.20][CONN][INF] found KV pair in stream: {{__testcase_finish;Interrupt from GPIN_2 -&gt; GPOUT_2;1;0}}, queued...
[1725036724.21][CONN][RXD] &gt;&gt;&gt; Running case #3: 'Interrupt from GPOUT_1 -&gt; GPIN_1'...
[1725036724.21][CONN][INF] found KV pair in stream: {{__testcase_start;Interrupt from GPOUT_1 -&gt; GPIN_1}}, queued...
[1725036724.23][CONN][RXD] &gt;&gt;&gt; 'Interrupt from GPOUT_1 -&gt; GPIN_1': 1 passed, 0 failed
[1725036724.23][CONN][RXD] &lt;greentea test suite&gt;:0::PASS
[1725036724.23][CONN][RXD] 
[1725036724.23][CONN][INF] found KV pair in stream: {{__testcase_finish;Interrupt from GPOUT_1 -&gt; GPIN_1;1;0}}, queued...
[1725036724.24][CONN][RXD] &gt;&gt;&gt; Running case #4: 'Interrupt from GPIN_1 -&gt; GPOUT_1'...
[1725036724.24][CONN][INF] found KV pair in stream: {{__testcase_start;Interrupt from GPIN_1 -&gt; GPOUT_1}}, queued...
[1725036724.24][CONN][INF] found KV pair in stream: {{__testcase_finish;Interrupt from GPIN_1 -&gt; GPOUT_1;1;0}}, queued...
[1725036724.25][CONN][RXD] &gt;&gt;&gt; 'Interrupt from GPIN_1 -&gt; GPOUT_1': 1 passed, 0 failed
[1725036724.25][CONN][RXD] &lt;greentea test suite&gt;:0::PASS
[1725036724.25][CONN][RXD] 
[1725036724.26][CONN][RXD] &gt;&gt;&gt; Running case #5: 'Interrupt from GPOUT_0 -&gt; GPIN_0'...
[1725036724.26][CONN][INF] found KV pair in stream: {{__testcase_start;Interrupt from GPOUT_0 -&gt; GPIN_0}}, queued...
[1725036724.26][CONN][INF] found KV pair in stream: {{__testcase_finish;Interrupt from GPOUT_0 -&gt; GPIN_0;1;0}}, queued...
[1725036724.27][CONN][RXD] &gt;&gt;&gt; 'Interrupt from GPOUT_0 -&gt; GPIN_0': 1 passed, 0 failed
[1725036724.27][CONN][RXD] &lt;greentea test suite&gt;:0::PASS
[1725036724.27][CONN][RXD] 
[1725036724.29][CONN][RXD] &gt;&gt;&gt; Running case #6: 'Interrupt from GPIN_0 -&gt; GPOUT_0'...
[1725036724.29][CONN][INF] found KV pair in stream: {{__testcase_start;Interrupt from GPIN_0 -&gt; GPOUT_0}}, queued...
[1725036724.29][CONN][INF] found KV pair in stream: {{__testcase_finish;Interrupt from GPIN_0 -&gt; GPOUT_0;1;0}}, queued...
[1725036724.30][CONN][RXD] &gt;&gt;&gt; 'Interrupt from GPIN_0 -&gt; GPOUT_0': 1 passed, 0 failed
[1725036724.30][CONN][RXD] &lt;greentea test suite&gt;:0::PASS
[1725036724.30][CONN][RXD] 
[1725036724.30][CONN][RXD] &gt;&gt;&gt; Test cases: 6 passed, 0 failed
[1725036724.30][CONN][RXD] 
[1725036724.30][CONN][RXD] -----------------------
[1725036724.31][CONN][RXD] 0 Tests 0 Failures 0 Ignored 
[1725036724.31][CONN][RXD] OK
[1725036724.31][CONN][INF] found KV pair in stream: {{__testcase_summary;6;0}}, queued...
[1725036724.31][CONN][INF] found KV pair in stream: {{end;success}}, queued...
[1725036724.31][CONN][INF] found KV pair in stream: {{__exit;0}}, queued...
[1725036724.31][HTST][INF] __exit(0)
[1725036724.31][HTST][INF] __notify_complete(True)
[1725036724.31][HTST][INF] __exit_event_queue received
[1725036724.32][HTST][INF] test suite run finished after 0.18 sec...
[1725036724.32][CONN][INF] received special event '__host_test_finished' value='True', finishing
[1725036724.33][HTST][INF] CONN exited with code: 0
[1725036724.33][HTST][INF] Some events in queue
[1725036724.33][HTST][INF] stopped consuming events
[1725036724.33][HTST][INF] host test result() call skipped, received: True
[1725036724.33][HTST][INF] calling blocking teardown()
[1725036724.33][HTST][INF] teardown() finished
[1725036724.33][HTST][INF] {{result;success}}
</system-out>
	</testcase>
	<testcase name="test-testshield-digitalio" classname="test-testshield-digitalio" time="20.4378" status="run">
		<system-out>[1/3] Building CXX object CMakeFiles/test-testshield-digitalio.dir/DigitalIOTest.cpp.obj
[2/3] Linking CXX executable test-testshield-digitalio.elf
-- built: /home/jamie/Mbed/mbed-ce-test-tools/CI-Shield-Tests/build/NUCLEO_L452RE_P-Develop/test-testshield-digitalio.bin
-- built: /home/jamie/Mbed/mbed-ce-test-tools/CI-Shield-Tests/build/NUCLEO_L452RE_P-Develop/test-testshield-digitalio.hex
| Module                                   |      .text |    .data |     .bss |
|------------------------------------------|------------|----------|----------|
| CMakeFiles/test-testshield-digitalio.dir |    962(+0) |    0(+0) |  300(+0) |
| [fill]                                   |   128(+24) |    3(+0) |   43(+0) |
| [lib]/c.a                                |   6100(+0) | 1344(+0) |  373(+0) |
| [lib]/client_userio.a                    |   1480(+0) |   56(+0) |    8(+0) |
| [lib]/gcc.a                              |   3144(+0) |    0(+0) |    0(+0) |
| [lib]/mbed-greentea-io.a                 |     70(+0) |    0(+0) |    0(+0) |
| [lib]/mbed-unity.a                       |    794(+0) |    0(+0) |  224(+0) |
| [lib]/mbed-utest.a                       |   3410(+0) |   13(+0) |  201(+0) |
| [lib]/misc                               |    264(+0) |    4(+0) |   25(+0) |
| mbed-os/CMakeFiles                       | 30400(+40) |  444(+0) | 8722(+0) |
| Subtotals                                | 46752(+64) | 1864(+0) | 9896(+0) |
Total Static RAM memory (data + bss): 11760(+0) bytes
Total Flash memory (text + data): 48616(+64) bytes

[3/3] Flashing test-testshield-digitalio with OpenOCD...
Open On-Chip Debugger 0.12.0+dev-00499-g151b74371 (2024-01-22-10:06)
Licensed under GNU GPL v2
For bug reports, read
	http://openocd.org/doc/doxygen/bugs.html
DEPRECATED! use 'adapter driver' not 'interface'
Info : The selected transport took over low-level target control. The results might differ compared to plain JTAG/SWD
DEPRECATED! use 'adapter serial' not 'hla_serial'
Info : clock speed 500 kHz
Info : STLINK V2J39M27 (API v2) VID:PID 0483:374B
Info : Target voltage: 3.240553
Info : [stm32l4x.cpu] Cortex-M4 r0p1 processor detected
Info : [stm32l4x.cpu] target has 6 breakpoints, 4 watchpoints
Info : [stm32l4x.cpu] Examination succeed
Info : gdb port disabled
Info : Unable to match requested speed 500 kHz, using 480 kHz
Info : Unable to match requested speed 500 kHz, using 480 kHz
[stm32l4x.cpu] halted due to debug-request, current mode: Thread 
xPSR: 0x01000000 pc: 0x08000330 msp: 0x10000698
** Programming Started **
Info : device idcode = 0x20016462 (STM32L45/L46xx - Rev Y : 0x2001)
Info : RDP level 0 (0xAA)
Info : flash size = 512 KiB
Info : flash mode : single-bank
Info : Padding image section 1 at 0x0800dc5c with 4 bytes (bank write end alignment)
Warn : Adding extra erase range, 0x0800dc60 .. 0x0800dfff
** Programming Finished **
** Resetting Target **
Info : Unable to match requested speed 500 kHz, using 480 kHz
Info : Unable to match requested speed 500 kHz, using 480 kHz
shutdown command invoked
Executing: /home/jamie/Mbed/mbed-ce-test-tools/CI-Shield-Tests/mbed-os/venv/bin/python3.10 -m mbed_host_tests.mbedhtrun --skip-flashing -p /dev/ttyNUCLEO_L452RE_P --skip-reset -m NUCLEO_L452RE_P --baud-rate=115200
[1725036744.56][HTST][INF] host test executor ver. 0.0.16
[1725036744.56][HTST][INF] copy image onto target... SKIPPED!
[1725036744.58][HTST][INF] starting host test process...
[1725036744.59][CONN][INF] starting connection process...
[1725036744.59][CONN][INF] notify event queue about extra 60 sec timeout for serial port pooling
[1725036744.59][CONN][INF] initializing serial port listener... 
[1725036744.59][SERI][INF] using specified port '/dev/ttyNUCLEO_L452RE_P'
[1725036744.59][SERI][INF] serial(port=/dev/ttyNUCLEO_L452RE_P, baudrate=115200, read_timeout=0.01, write_timeout=5)
[1725036744.60][HTST][INF] setting timeout to: 60 sec
[1725036744.60][SERI][TXD] mbedmbedmbedmbedmbedmbedmbedmbedmbedmbed
[1725036744.60][CONN][INF] sending up to 2 __sync packets (specified with --sync=2)
[1725036744.60][CONN][INF] sending preamble '7f23800e-3c65-422d-ae3c-0f16dc92ae4c'
[1725036744.60][SERI][TXD] {{__sync;7f23800e-3c65-422d-ae3c-0f16dc92ae4c}}
[1725036744.61][CONN][RXD] mbedmbedmbedmbedmbedmbedmbedmbed
[1725036744.62][CONN][INF] found SYNC in stream: {{__sync;7f23800e-3c65-422d-ae3c-0f16dc92ae4c}} it is #0 sent, queued...
[1725036744.62][HTST][INF] sync KV found, uuid=7f23800e-3c65-422d-ae3c-0f16dc92ae4c, timestamp=1725036744.615183
[1725036744.63][CONN][RXD] &gt;&gt;&gt; Running 4 test cases...
[1725036744.63][CONN][INF] found KV pair in stream: {{__version;1.3.0}}, queued...
[1725036744.63][CONN][INF] found KV pair in stream: {{__timeout;30}}, queued...
[1725036744.63][HTST][INF] DUT greentea-client version: 1.3.0
[1725036744.63][CONN][INF] found KV pair in stream: {{__host_test_name;default_auto}}, queued...
[1725036744.63][HTST][INF] setting timeout to: 30 sec
[1725036744.63][HTST][INF] host test class: '&lt;class 'mbed_os_tools.test.host_tests.default_auto.DefaultAuto'&gt;'
[1725036744.63][HTST][INF] host test setup() call...
[1725036744.63][HTST][INF] CALLBACKs updated
[1725036744.63][HTST][INF] host test detected: default_auto
[1725036744.64][CONN][INF] found KV pair in stream: {{__testcase_name;Digital I/O GPOUT_0 -&gt; GPIN_0}}, queued...
[1725036744.64][CONN][INF] found KV pair in stream: {{__testcase_name;Digital I/O GPOUT_1 -&gt; GPIN_1}}, queued...
[1725036744.64][CONN][INF] found KV pair in stream: {{__testcase_name;Digital I/O GPIN_2 -&gt; GPOUT_2}}, queued...
[1725036744.65][CONN][RXD] 
[1725036744.65][CONN][RXD] &gt;&gt;&gt; Running case #1: 'Digital I/O GPOUT_0 -&gt; GPIN_0'...
[1725036744.65][CONN][INF] found KV pair in stream: {{__testcase_name;Digital I/O GPOUT_2 -&gt; GPIN_2}}, queued...
[1725036744.65][CONN][INF] found KV pair in stream: {{__testcase_start;Digital I/O GPOUT_0 -&gt; GPIN_0}}, queued...
[1725036744.66][CONN][RXD] &gt;&gt;&gt; 'Digital I/O GPOUT_0 -&gt; GPIN_0': 1 passed, 0 failed
[1725036744.66][CONN][RXD] &lt;greentea test suite&gt;:0::PASS
[1725036744.66][CONN][RXD] 
[1725036744.66][CONN][INF] found KV pair in stream: {{__testcase_finish;Digital I/O GPOUT_0 -&gt; GPIN_0;1;0}}, queued...
[1725036744.68][CONN][RXD] &gt;&gt;&gt; Running case #2: 'Digital I/O GPOUT_1 -&gt; GPIN_1'...
[1725036744.68][CONN][INF] found KV pair in stream: {{__testcase_start;Digital I/O GPOUT_1 -&gt; GPIN_1}}, queued...
[1725036744.69][CONN][RXD] &gt;&gt;&gt; 'Digital I/O GPOUT_1 -&gt; GPIN_1': 1 passed, 0 failed
[1725036744.69][CONN][RXD] &lt;greentea test suite&gt;:0::PASS
[1725036744.69][CONN][RXD] 
[1725036744.69][CONN][INF] found KV pair in stream: {{__testcase_finish;Digital I/O GPOUT_1 -&gt; GPIN_1;1;0}}, queued...
[1725036744.70][CONN][RXD] &gt;&gt;&gt; Running case #3: 'Digital I/O GPIN_2 -&gt; GPOUT_2'...
[1725036744.70][CONN][INF] found KV pair in stream: {{__testcase_start;Digital I/O GPIN_2 -&gt; GPOUT_2}}, queued...
[1725036744.71][CONN][RXD] &gt;&gt;&gt; 'Digital I/O GPIN_2 -&gt; GPOUT_2': 1 passed, 0 failed
[1725036744.71][CONN][RXD] &lt;greentea test suite&gt;:0::PASS
[1725036744.71][CONN][RXD] 
[1725036744.71][CONN][INF] found KV pair in stream: {{__testcase_finish;Digital I/O GPIN_2 -&gt; GPOUT_2;1;0}}, queued...
[1725036744.72][CONN][RXD] &gt;&gt;&gt; Running case #4: 'Digital I/O GPOUT_2 -&gt; GPIN_2'...
[1725036744.72][CONN][INF] found KV pair in stream: {{__testcase_start;Digital I/O GPOUT_2 -&gt; GPIN_2}}, queued...
[1725036744.72][CONN][INF] found KV pair in stream: {{__testcase_finish;Digital I/O GPOUT_2 -&gt; GPIN_2;1;0}}, queued...
[1725036744.73][CONN][RXD] &gt;&gt;&gt; 'Digital I/O GPOUT_2 -&gt; GPIN_2': 1 passed, 0 failed
[1725036744.73][CONN][RXD] &lt;greentea test suite&gt;:0::PASS
[1725036744.73][CONN][RXD] 
[1725036744.73][CONN][RXD] &gt;&gt;&gt; Test cases: 4 passed, 0 failed
[1725036744.74][CONN][RXD] 
[1725036744.74][CONN][RXD] -----------------------
[1725036744.75][CONN][RXD] 0 Tests 0 Failures 0 Ignored 
[1725036744.75][CONN][RXD] OK
[1725036744.75][CONN][INF] found KV pair in stream: {{__testcase_summary;4;0}}, queued...
[1725036744.75][CONN][INF] found KV pair in stream: {{end;success}}, queued...
[1725036744.75][CONN][INF] found KV pair in stream: {{__exit;0}}, queued...
[1725036744.75][HTST][INF] __exit(0)
[1725036744.75][HTST][INF] __notify_complete(True)
[1725036744.75][HTST][INF] __exit_event_queue received
[1725036744.75][HTST][INF] test suite run finished after 0.12 sec...
[1725036744.76][CONN][INF] received special event '__host_test_finished' value='True', finishing
[1725036744.77][HTST][INF] CONN exited with code: 0
[1725036744.77][HTST][INF] Some events in queue
[1725036744.77][HTST][INF] stopped consuming events
[1725036744.77][HTST][INF] host test result() call skipped, received: True
[1725036744.77][HTST][INF] calling blocking teardown()
[1725036744.77][HTST][INF] teardown() finished
[1725036744.77][HTST][INF] {{result;success}}
</system-out>
	</testcase>
	<testcase name="test-testshield-digitalio-prop-time" classname="test-testshield-digitalio-prop-time" time="20.6761" status="run">
		<system-out>[1/3] Building CXX object CMakeFiles/test-testshield-digitalio-prop-time.dir/DigitalIOPropagationTimeTest.cpp.obj
[2/3] Linking CXX executable test-testshield-digitalio-prop-time.elf
-- built: /home/jamie/Mbed/mbed-ce-test-tools/CI-Shield-Tests/build/NUCLEO_L452RE_P-Develop/test-testshield-digitalio-prop-time.bin
-- built: /home/jamie/Mbed/mbed-ce-test-tools/CI-Shield-Tests/build/NUCLEO_L452RE_P-Develop/test-testshield-digitalio-prop-time.hex
| Module                                             |      .text |    .data |     .bss |
|----------------------------------------------------|------------|----------|----------|
| CMakeFiles/test-testshield-digitalio-prop-time.dir |   1756(+0) |    0(+0) |  244(+0) |
| [fill]                                             |   114(-40) |    3(+0) |   43(+0) |
| [lib]/c.a                                          |   6100(+0) | 1344(+0) |  373(+0) |
| [lib]/client_userio.a                              |   1480(+0) |   56(+0) |    8(+0) |
| [lib]/gcc.a                                        |   3144(+0) |    0(+0) |    0(+0) |
| [lib]/mbed-greentea-io.a                           |     70(+0) |    0(+0) |    0(+0) |
| [lib]/mbed-unity.a                                 |    794(+0) |    0(+0) |  224(+0) |
| [lib]/mbed-utest.a                                 |   3410(+0) |   13(+0) |  201(+0) |
| [lib]/misc                                         |    264(+0) |    4(+0) |   25(+0) |
| mbed-os/CMakeFiles                                 | 30772(+40) |  444(+0) | 8722(+0) |
| Subtotals                                          |  47904(+0) | 1864(+0) | 9840(+0) |
Total Static RAM memory (data + bss): 11704(+0) bytes
Total Flash memory (text + data): 49768(+0) bytes

[3/3] Flashing test-testshield-digitalio-prop-time with OpenOCD...
Open On-Chip Debugger 0.12.0+dev-00499-g151b74371 (2024-01-22-10:06)
Licensed under GNU GPL v2
For bug reports, read
	http://openocd.org/doc/doxygen/bugs.html
DEPRECATED! use 'adapter driver' not 'interface'
Info : The selected transport took over low-level target control. The results might differ compared to plain JTAG/SWD
DEPRECATED! use 'adapter serial' not 'hla_serial'
Info : clock speed 500 kHz
Info : STLINK V2J39M27 (API v2) VID:PID 0483:374B
Info : Target voltage: 3.240553
Info : [stm32l4x.cpu] Cortex-M4 r0p1 processor detected
Info : [stm32l4x.cpu] target has 6 breakpoints, 4 watchpoints
Info : [stm32l4x.cpu] Examination succeed
Info : gdb port disabled
Info : Unable to match requested speed 500 kHz, using 480 kHz
Info : Unable to match requested speed 500 kHz, using 480 kHz
[stm32l4x.cpu] halted due to debug-request, current mode: Thread 
xPSR: 0x01000000 pc: 0x08000330 msp: 0x10000698
** Programming Started **
Info : device idcode = 0x20016462 (STM32L45/L46xx - Rev Y : 0x2001)
Info : RDP level 0 (0xAA)
Info : flash size = 512 KiB
Info : flash mode : single-bank
** Programming Finished **
** Resetting Target **
Info : Unable to match requested speed 500 kHz, using 480 kHz
Info : Unable to match requested speed 500 kHz, using 480 kHz
shutdown command invoked
Executing: /home/jamie/Mbed/mbed-ce-test-tools/CI-Shield-Tests/mbed-os/venv/bin/python3.10 -m mbed_host_tests.mbedhtrun --skip-flashing -p /dev/ttyNUCLEO_L452RE_P --skip-reset -m NUCLEO_L452RE_P --baud-rate=115200
[1725036765.15][HTST][INF] host test executor ver. 0.0.16
[1725036765.15][HTST][INF] copy image onto target... SKIPPED!
[1725036765.17][HTST][INF] starting host test process...
[1725036765.18][CONN][INF] starting connection process...
[1725036765.18][CONN][INF] notify event queue about extra 60 sec timeout for serial port pooling
[1725036765.19][CONN][INF] initializing serial port listener... 
[1725036765.19][SERI][INF] using specified port '/dev/ttyNUCLEO_L452RE_P'
[1725036765.19][SERI][INF] serial(port=/dev/ttyNUCLEO_L452RE_P, baudrate=115200, read_timeout=0.01, write_timeout=5)
[1725036765.19][HTST][INF] setting timeout to: 60 sec
[1725036765.19][SERI][TXD] mbedmbedmbedmbedmbedmbedmbedmbedmbedmbed
[1725036765.19][CONN][INF] sending up to 2 __sync packets (specified with --sync=2)
[1725036765.19][CONN][INF] sending preamble 'ef243489-6aa2-4176-8d0d-ce38f96dd1dd'
[1725036765.20][SERI][TXD] {{__sync;ef243489-6aa2-4176-8d0d-ce38f96dd1dd}}
[1725036765.21][CONN][RXD] mbedmbedmbedmbedmbedmbedmbedmbed
[1725036765.21][CONN][INF] found SYNC in stream: {{__sync;ef243489-6aa2-4176-8d0d-ce38f96dd1dd}} it is #0 sent, queued...
[1725036765.21][HTST][INF] sync KV found, uuid=ef243489-6aa2-4176-8d0d-ce38f96dd1dd, timestamp=1725036765.207704
[1725036765.22][CONN][RXD] &gt;&gt;&gt; Running 6 test cases...
[1725036765.22][CONN][INF] found KV pair in stream: {{__version;1.3.0}}, queued...
[1725036765.22][CONN][INF] found KV pair in stream: {{__timeout;30}}, queued...
[1725036765.22][CONN][INF] found KV pair in stream: {{__host_test_name;default_auto}}, queued...
[1725036765.22][HTST][INF] DUT greentea-client version: 1.3.0
[1725036765.22][HTST][INF] setting timeout to: 30 sec
[1725036765.22][HTST][INF] host test class: '&lt;class 'mbed_os_tools.test.host_tests.default_auto.DefaultAuto'&gt;'
[1725036765.22][HTST][INF] host test setup() call...
[1725036765.22][HTST][INF] CALLBACKs updated
[1725036765.22][HTST][INF] host test detected: default_auto
[1725036765.23][CONN][INF] found KV pair in stream: {{__testcase_name;Digital I/O GPOUT_0 -&gt; GPIN_0}}, queued...
[1725036765.23][CONN][INF] found KV pair in stream: {{__testcase_name;Digital I/O GPIN_0 -&gt; GPOUT_0}}, queued...
[1725036765.23][CONN][INF] found KV pair in stream: {{__testcase_name;Digital I/O GPOUT_1 -&gt; GPIN_1}}, queued...
[1725036765.24][CONN][RXD] 
[1725036765.24][CONN][INF] found KV pair in stream: {{__testcase_name;Digital I/O GPIN_1 -&gt; GPOUT_1}}, queued...
[1725036765.24][CONN][INF] found KV pair in stream: {{__testcase_name;Digital I/O GPOUT_2 -&gt; GPIN_2}}, queued...
[1725036765.24][CONN][INF] found KV pair in stream: {{__testcase_name;Digital I/O GPIN_2 -&gt; GPOUT_2}}, queued...
[1725036765.26][CONN][RXD] &gt;&gt;&gt; Running case #1: 'Digital I/O GPOUT_0 -&gt; GPIN_0'...
[1725036765.26][CONN][RXD] 0 -&gt; 1 propagation took 6us.
[1725036765.26][CONN][INF] found KV pair in stream: {{__testcase_start;Digital I/O GPOUT_0 -&gt; GPIN_0}}, queued...
[1725036765.27][CONN][RXD] 1 -&gt; 0 propagation took 6us.
[1725036765.27][CONN][RXD] &gt;&gt;&gt; 'Digital I/O GPOUT_0 -&gt; GPIN_0': 1 passed, 0 failed
[1725036765.27][CONN][INF] found KV pair in stream: {{__testcase_finish;Digital I/O GPOUT_0 -&gt; GPIN_0;1;0}}, queued...
[1725036765.28][CONN][RXD] &lt;greentea test suite&gt;:0::PASS
[1725036765.28][CONN][RXD] 
[1725036765.28][CONN][RXD] &gt;&gt;&gt; Running case #2: 'Digital I/O GPIN_0 -&gt; GPOUT_0'...
[1725036765.29][CONN][RXD] 0 -&gt; 1 propagation took 6us.
[1725036765.29][CONN][RXD] 1 -&gt; 0 propagation took 5us.
[1725036765.29][CONN][INF] found KV pair in stream: {{__testcase_start;Digital I/O GPIN_0 -&gt; GPOUT_0}}, queued...
[1725036765.29][CONN][INF] found KV pair in stream: {{__testcase_finish;Digital I/O GPIN_0 -&gt; GPOUT_0;1;0}}, queued...
[1725036765.30][CONN][RXD] &gt;&gt;&gt; 'Digital I/O GPIN_0 -&gt; GPOUT_0': 1 passed, 0 failed
[1725036765.30][CONN][RXD] &lt;greentea test suite&gt;:0::PASS
[1725036765.30][CONN][RXD] 
[1725036765.30][CONN][RXD] &gt;&gt;&gt; Running case #3: 'Digital I/O GPOUT_1 -&gt; GPIN_1'...
[1725036765.31][CONN][RXD] 0 -&gt; 1 propagation took 6us.
[1725036765.31][CONN][RXD] 1 -&gt; 0 propagation took 5us.
[1725036765.31][CONN][INF] found KV pair in stream: {{__testcase_start;Digital I/O GPOUT_1 -&gt; GPIN_1}}, queued...
[1725036765.33][CONN][RXD] &gt;&gt;&gt; 'Digital I/O GPOUT_1 -&gt; GPIN_1': 1 passed, 0 failed
[1725036765.33][CONN][RXD] &lt;greentea test suite&gt;:0::PASS
[1725036765.33][CONN][RXD] 
[1725036765.33][CONN][INF] found KV pair in stream: {{__testcase_finish;Digital I/O GPOUT_1 -&gt; GPIN_1;1;0}}, queued...
[1725036765.34][CONN][RXD] &gt;&gt;&gt; Running case #4: 'Digital I/O GPIN_1 -&gt; GPOUT_1'...
[1725036765.34][CONN][RXD] 0 -&gt; 1 propagation took 6us.
[1725036765.34][CONN][RXD] 1 -&gt; 0 propagation took 5us.
[1725036765.34][CONN][INF] found KV pair in stream: {{__testcase_start;Digital I/O GPIN_1 -&gt; GPOUT_1}}, queued...
[1725036765.35][CONN][RXD] &gt;&gt;&gt; 'Digital I/O GPIN_1 -&gt; GPOUT_1': 1 passed, 0 failed
[1725036765.35][CONN][RXD] &lt;greentea test suite&gt;:0::PASS
[1725036765.35][CONN][RXD] 
[1725036765.35][CONN][INF] found KV pair in stream: {{__testcase_finish;Digital I/O GPIN_1 -&gt; GPOUT_1;1;0}}, queued...
[1725036765.36][CONN][RXD] &gt;&gt;&gt; Running case #5: 'Digital I/O GPOUT_2 -&gt; GPIN_2'...
[1725036765.36][CONN][RXD] 0 -&gt; 1 propagation took 6us.
[1725036765.36][CONN][INF] found KV pair in stream: {{__testcase_start;Digital I/O GPOUT_2 -&gt; GPIN_2}}, queued...
[1725036765.38][CONN][RXD] 1 -&gt; 0 propagation took 6us.
[1725036765.38][CONN][RXD] &gt;&gt;&gt; 'Digital I/O GPOUT_2 -&gt; GPIN_2': 1 passed, 0 failed
[1725036765.38][CONN][INF] found KV pair in stream: {{__testcase_finish;Digital I/O GPOUT_2 -&gt; GPIN_2;1;0}}, queued...
[1725036765.39][CONN][RXD] &lt;greentea test suite&gt;:0::PASS
[1725036765.39][CONN][RXD] 
[1725036765.39][CONN][RXD] &gt;&gt;&gt; Running case #6: 'Digital I/O GPIN_2 -&gt; GPOUT_2'...
[1725036765.39][CONN][INF] found KV pair in stream: {{__testcase_start;Digital I/O GPIN_2 -&gt; GPOUT_2}}, queued...
[1725036765.40][CONN][RXD] 0 -&gt; 1 propagation took 6us.
[1725036765.40][CONN][RXD] 1 -&gt; 0 propagation took 6us.
[1725036765.40][CONN][INF] found KV pair in stream: {{__testcase_finish;Digital I/O GPIN_2 -&gt; GPOUT_2;1;0}}, queued...
[1725036765.41][CONN][RXD] &gt;&gt;&gt; 'Digital I/O GPIN_2 -&gt; GPOUT_2': 1 passed, 0 failed
[1725036765.41][CONN][RXD] &lt;greentea test suite&gt;:0::PASS
[1725036765.41][CONN][RXD] 
[1725036765.41][CONN][RXD] &gt;&gt;&gt; Test cases: 6 passed, 0 failed
[1725036765.41][CONN][RXD] 
[1725036765.41][CONN][RXD] -----------------------
[1725036765.42][CONN][RXD] 0 Tests 0 Failures 0 Ignored 
[1725036765.42][CONN][RXD] OK
[1725036765.42][CONN][INF] found KV pair in stream: {{__testcase_summary;6;0}}, queued...
[1725036765.43][CONN][INF] found KV pair in stream: {{end;success}}, queued...
[1725036765.43][CONN][INF] found KV pair in stream: {{__exit;0}}, queued...
[1725036765.43][HTST][INF] __exit(0)
[1725036765.43][HTST][INF] __notify_complete(True)
[1725036765.43][HTST][INF] __exit_event_queue received
[1725036765.43][HTST][INF] test suite run finished after 0.21 sec...
[1725036765.44][CONN][INF] received special event '__host_test_finished' value='True', finishing
[1725036765.44][HTST][INF] CONN exited with code: 0
[1725036765.45][HTST][INF] Some events in queue
[1725036765.45][HTST][INF] stopped consuming events
[1725036765.45][HTST][INF] host test result() call skipped, received: True
[1725036765.45][HTST][INF] calling blocking teardown()
[1725036765.45][HTST][INF] teardown() finished
[1725036765.45][HTST][INF] {{result;success}}
</system-out>
	</testcase>
	<testcase name="test-testshield-i2c-basic" classname="test-testshield-i2c-basic" time="28.7718" status="fail">
		<failure message=""/>
		<system-out>[1/1] Flashing test-testshield-i2c-basic with OpenOCD...
Open On-Chip Debugger 0.12.0+dev-00499-g151b74371 (2024-01-22-10:06)
Licensed under GNU GPL v2
For bug reports, read
	http://openocd.org/doc/doxygen/bugs.html
DEPRECATED! use 'adapter driver' not 'interface'
Info : The selected transport took over low-level target control. The results might differ compared to plain JTAG/SWD
DEPRECATED! use 'adapter serial' not 'hla_serial'
Info : clock speed 500 kHz
Info : STLINK V2J39M27 (API v2) VID:PID 0483:374B
Info : Target voltage: 3.240553
Info : [stm32l4x.cpu] Cortex-M4 r0p1 processor detected
Info : [stm32l4x.cpu] target has 6 breakpoints, 4 watchpoints
Info : [stm32l4x.cpu] Examination succeed
Info : gdb port disabled
Info : Unable to match requested speed 500 kHz, using 480 kHz
Info : Unable to match requested speed 500 kHz, using 480 kHz
[stm32l4x.cpu] halted due to debug-request, current mode: Thread 
xPSR: 0x01000000 pc: 0x08000330 msp: 0x10000698
** Programming Started **
Info : device idcode = 0x20016462 (STM32L45/L46xx - Rev Y : 0x2001)
Info : RDP level 0 (0xAA)
Info : flash size = 512 KiB
Info : flash mode : single-bank
Warn : Adding extra erase range, 0x08012250 .. 0x080127ff
** Programming Finished **
** Resetting Target **
Info : Unable to match requested speed 500 kHz, using 480 kHz
Info : Unable to match requested speed 500 kHz, using 480 kHz
shutdown command invoked
Executing: /home/jamie/Mbed/mbed-ce-test-tools/CI-Shield-Tests/mbed-os/venv/bin/python3.10 -m mbed_host_tests.mbedhtrun --skip-flashing -p /dev/ttyNUCLEO_L452RE_P --skip-reset -e /home/jamie/Mbed/mbed-ce-test-tools/CI-Shield-Tests/host_tests -m NUCLEO_L452RE_P --baud-rate=115200
Will use any connected CI shield for this test.  Export the MBED_CI_SHIELD_SERIAL_NUMBER environment var to select a specific shield.
e.g. 'export MBED_CI_SHIELD_SERIAL_NUMBER=SN002'
[1725036844.44][HTST][INF] host test executor ver. 0.0.16
[1725036844.45][HTST][INF] copy image onto target... SKIPPED!
[1725036844.46][HTST][INF] starting host test process...
[1725036844.47][CONN][INF] starting connection process...
[1725036844.47][CONN][INF] notify event queue about extra 60 sec timeout for serial port pooling
[1725036844.47][CONN][INF] initializing serial port listener... 
[1725036844.47][SERI][INF] using specified port '/dev/ttyNUCLEO_L452RE_P'
[1725036844.47][HTST][INF] setting timeout to: 60 sec
[1725036844.47][SERI][INF] serial(port=/dev/ttyNUCLEO_L452RE_P, baudrate=115200, read_timeout=0.01, write_timeout=5)
[1725036844.48][SERI][TXD] mbedmbedmbedmbedmbedmbedmbedmbedmbedmbed
[1725036844.48][CONN][INF] sending up to 2 __sync packets (specified with --sync=2)
[1725036844.48][CONN][INF] sending preamble '5a9c41bb-903d-4e60-9481-3b8e365aa851'
[1725036844.48][SERI][TXD] {{__sync;5a9c41bb-903d-4e60-9481-3b8e365aa851}}
[1725036844.49][CONN][WRN] UnicodeDecodeError encountered!
[1725036844.49][CONN][RXD] 

[NON-XML-CHAR-0x5][NON-XML-CHAR-0x1][NON-XML-CHAR-0xE][NON-XML-CHAR-0x1D]

[NON-XML-CHAR-0x2]

[1725036844.49][CONN][RXD] [NON-XML-CHAR-0x1]

[NON-XML-CHAR-0x8][NON-XML-CHAR-0x1][NON-XML-CHAR-0x2]

[NON-XML-CHAR-0x5][NON-XML-CHAR-0x5][NON-XML-CHAR-0x1E][NON-XML-CHAR-0x1]
[NON-XML-CHAR-0x4]
&lt;[NON-XML-CHAR-0x4][NON-XML-CHAR-0x6]
[NON-XML-CHAR-0xB]
[NON-XML-CHAR-0x18][NON-XML-CHAR-0x2] 




[NON-XML-CHAR-0x4]


[NON-XML-CHAR-0xC][NON-XML-CHAR-0x8]

[1725036844.49][CONN][RXD] [NON-XML-CHAR-0xC]

 [NON-XML-CHAR-0x4][NON-XML-CHAR-0x1]

[NON-XML-CHAR-0x2][NON-XML-CHAR-0x6]
[NON-XML-CHAR-0x5]
[NON-XML-CHAR-0x1]
[NON-XML-CHAR-0x1]


[NON-XML-CHAR-0x6][NON-XML-CHAR-0x7][NON-XML-CHAR-0x10]
[NON-XML-CHAR-0x1][NON-XML-CHAR-0x8]
f@
[NON-XML-CHAR-0xC]
[NON-XML-CHAR-0x3]Dff



mbedmbedmbedmbedmbedmbedmbedmbed
[1725036844.49][CONN][INF] found SYNC in stream: {{__sync;5a9c41bb-903d-4e60-9481-3b8e365aa851}} it is #0 sent, queued...
[1725036844.50][HTST][INF] sync KV found, uuid=5a9c41bb-903d-4e60-9481-3b8e365aa851, timestamp=1725036844.494928
[1725036844.51][CONN][RXD] &gt;&gt;&gt; Running 22 test cases...
[1725036844.51][CONN][INF] found KV pair in stream: {{__version;1.3.0}}, queued...
[1725036844.51][CONN][INF] found KV pair in stream: {{__timeout;30}}, queued...
[1725036844.51][HTST][INF] DUT greentea-client version: 1.3.0
[1725036844.51][CONN][INF] found KV pair in stream: {{__host_test_name;i2c_basic_test}}, queued...
[1725036844.51][HTST][INF] setting timeout to: 30 sec
[1725036844.51][HTST][INF] host test class: '&lt;class 'i2c_basic_test.I2CBasicTestHostTest'&gt;'
[1725036844.51][TEST][INF] I2C Basic Test host test setup complete.
[1725036844.51][HTST][INF] host test setup() call...
[1725036844.51][HTST][INF] CALLBACKs updated
[1725036844.51][HTST][INF] host test detected: i2c_basic_test
[1725036844.52][CONN][INF] found KV pair in stream: {{__testcase_name;Correct Address - Single Byte}}, queued...
[1725036844.52][CONN][INF] found KV pair in stream: {{__testcase_name;Correct Address - Transaction}}, queued...
[1725036844.52][CONN][INF] found KV pair in stream: {{__testcase_name;Incorrect Address - Single Byte}}, queued...
[1725036844.53][CONN][INF] found KV pair in stream: {{__testcase_name;Incorrect Address - Zero Length Transaction}}, queued...
[1725036844.53][CONN][INF] found KV pair in stream: {{__testcase_name;Incorrect Address - Write Transaction}}, queued...
[1725036844.54][CONN][INF] found KV pair in stream: {{__testcase_name;Incorrect Address - Read Transaction}}, queued...
[1725036844.54][CONN][INF] found KV pair in stream: {{__testcase_name;Incorrect Address - Async}}, queued...
[1725036844.54][CONN][INF] found KV pair in stream: {{__testcase_name;Simple Write - Single Byte}}, queued...
[1725036844.55][CONN][INF] found KV pair in stream: {{__testcase_name;Destroy and Recreate Object}}, queued...
[1725036844.55][CONN][INF] found KV pair in stream: {{__testcase_name;Simple Read - Single Byte}}, queued...
[1725036844.56][CONN][INF] found KV pair in stream: {{__testcase_name;Simple Write - Transaction}}, queued...
[1725036844.57][CONN][INF] found KV pair in stream: {{__testcase_name;Simple Read - Transaction}}, queued...
[1725036844.57][CONN][INF] found KV pair in stream: {{__testcase_name;Mixed Usage - Single Byte -&gt; repeated -&gt; Transaction}}, queued...
[1725036844.58][CONN][INF] found KV pair in stream: {{__testcase_name;Mixed Usage - Transaction -&gt; repeated -&gt; Single Byte}}, queued...
[1725036844.58][CONN][INF] found KV pair in stream: {{__testcase_name;Simple Write - Async}}, queued...
[1725036844.59][CONN][INF] found KV pair in stream: {{__testcase_name;Destroy and Recreate Object (between async calls)}}, queued...
[1725036844.59][CONN][INF] found KV pair in stream: {{__testcase_name;Simple Read - Async}}, queued...
[1725036844.59][CONN][INF] found KV pair in stream: {{__testcase_name;Mixed Usage - Async -&gt; repeated -&gt; Transaction}}, queued...
[1725036844.60][CONN][INF] found KV pair in stream: {{__testcase_name;Mixed Usage - Async -&gt; repeated -&gt; Single Byte}}, queued...
[1725036844.60][CONN][INF] found KV pair in stream: {{__testcase_name;Mixed Usage - Transaction -&gt; repeated -&gt; Async}}, queued...
[1725036844.61][CONN][RXD] 
[1725036844.61][CONN][INF] found KV pair in stream: {{__testcase_name;Mixed Usage - Single Byte -&gt; repeated -&gt; Async}}, queued...
[1725036844.61][CONN][INF] found KV pair in stream: {{__testcase_name;Async causes thread to sleep?}}, queued...
[1725036844.62][CONN][RXD] &gt;&gt;&gt; Running case #1: 'Correct Address - Single Byte'...
[1725036844.62][CONN][INF] found KV pair in stream: {{__testcase_start;Correct Address - Single Byte}}, queued...
[1725036844.62][CONN][INF] found KV pair in stream: {{start_recording_i2c;please}}, queued...
[1725036845.64][SERI][TXD] {{start_recording_i2c;complete}}
[1725036845.65][CONN][INF] found KV pair in stream: {{verify_sequence;correct_addr_only}}, queued...
[1725036845.73][TEST][INF] Saw on the I2C bus:
Start Wr[0xa0] Ack 0x00 Ack Stop

[1725036845.73][TEST][ERR] Expected length differs from actual!
[1725036845.73][TEST][INF] We expected:
Start Wr[0xa0] Ack Stop

[1725036845.74][SERI][TXD] {{verify_sequence;failed}}
[1725036845.75][CONN][RXD] &lt;greentea test suite&gt;:55::FAIL: Expected 'complete' Was 'failed'
[1725036845.76][CONN][RXD] &gt;&gt;&gt; 'Correct Address - Single Byte': 0 passed, 1 failed with reason 'Test Cases Failed'
[1725036845.76][CONN][RXD] 
[1725036845.76][CONN][RXD] 
[1725036845.76][CONN][INF] found KV pair in stream: {{__testcase_finish;Correct Address - Single Byte;0;1}}, queued...
[1725036845.77][CONN][RXD] &gt;&gt;&gt; Running case #2: 'Correct Address - Transaction'...
[1725036845.77][CONN][INF] found KV pair in stream: {{__testcase_start;Correct Address - Transaction}}, queued...
[1725036845.77][CONN][INF] found KV pair in stream: {{start_recording_i2c;please}}, queued...
[1725036846.79][SERI][TXD] {{start_recording_i2c;complete}}
[1725036846.80][CONN][INF] found KV pair in stream: {{verify_sequence;correct_addr_only}}, queued...
[1725036846.88][TEST][INF] Saw on the I2C bus:
Start Wr[0xa0] Ack Stop

[1725036846.89][SERI][TXD] {{verify_sequence;complete}}
[1725036846.90][CONN][INF] found KV pair in stream: {{__testcase_finish;Correct Address - Transaction;1;0}}, queued...
[1725036846.91][CONN][RXD] &gt;&gt;&gt; 'Correct Address - Transaction': 1 passed, 0 failed
[1725036846.91][CONN][RXD] &lt;greentea test suite&gt;:0::PASS
[1725036846.91][CONN][RXD] 
[1725036846.91][CONN][RXD] &gt;&gt;&gt; Running case #3: 'Incorrect Address - Single Byte'...
[1725036846.92][CONN][INF] found KV pair in stream: {{__testcase_start;Incorrect Address - Single Byte}}, queued...
[1725036846.92][CONN][INF] found KV pair in stream: {{start_recording_i2c;please}}, queued...
[1725036847.94][SERI][TXD] {{start_recording_i2c;complete}}
[1725036847.95][CONN][INF] found KV pair in stream: {{verify_sequence;incorrect_addr_only_write}}, queued...
[1725036848.02][TEST][INF] Saw on the I2C bus:
Start Wr[0x20] Nack Stop

[1725036848.03][SERI][TXD] {{verify_sequence;complete}}
[1725036848.04][CONN][INF] found KV pair in stream: {{__testcase_finish;Incorrect Address - Single Byte;1;0}}, queued...
[1725036848.06][CONN][RXD] &gt;&gt;&gt; 'Incorrect Address - Single Byte': 1 passed, 0 failed
[1725036848.06][CONN][RXD] &lt;greentea test suite&gt;:0::PASS
[1725036848.06][CONN][RXD] 
[1725036848.06][CONN][RXD] &gt;&gt;&gt; Running case #4: 'Incorrect Address - Zero Length Transaction'...
[1725036848.07][CONN][INF] found KV pair in stream: {{__testcase_start;Incorrect Address - Zero Length Transaction}}, queued...
[1725036848.07][CONN][INF] found KV pair in stream: {{start_recording_i2c;please}}, queued...
[1725036849.08][SERI][TXD] {{start_recording_i2c;complete}}
[1725036849.09][CONN][INF] found KV pair in stream: {{verify_sequence;incorrect_addr_only_write}}, queued...
[1725036849.16][TEST][INF] Saw on the I2C bus:
Start Wr[0x20] Nack Stop

[1725036849.16][SERI][TXD] {{verify_sequence;complete}}
[1725036849.17][CONN][INF] found KV pair in stream: {{__testcase_finish;Incorrect Address - Zero Length Transaction;1;0}}, queued...
[1725036849.19][CONN][RXD] &gt;&gt;&gt; 'Incorrect Address - Zero Length Transaction': 1 passed, 0 failed
[1725036849.19][CONN][RXD] &lt;greentea test suite&gt;:0::PASS
[1725036849.19][CONN][RXD] 
[1725036849.20][CONN][RXD] &gt;&gt;&gt; Running case #5: 'Incorrect Address - Write Transaction'...
[1725036849.20][CONN][INF] found KV pair in stream: {{__testcase_start;Incorrect Address - Write Transaction}}, queued...
[1725036849.20][CONN][INF] found KV pair in stream: {{start_recording_i2c;please}}, queued...
[1725036850.21][SERI][TXD] {{start_recording_i2c;complete}}
[1725036850.22][CONN][INF] found KV pair in stream: {{verify_sequence;incorrect_addr_only_write}}, queued...
[1725036850.30][TEST][INF] Saw on the I2C bus:
Start Wr[0x20] Nack Stop

[1725036850.31][SERI][TXD] {{verify_sequence;complete}}
[1725036850.32][CONN][INF] found KV pair in stream: {{__testcase_finish;Incorrect Address - Write Transaction;1;0}}, queued...
[1725036850.33][CONN][RXD] &gt;&gt;&gt; 'Incorrect Address - Write Transaction': 1 passed, 0 failed
[1725036850.33][CONN][RXD] &lt;greentea test suite&gt;:0::PASS
[1725036850.33][CONN][RXD] 
[1725036850.33][CONN][RXD] &gt;&gt;&gt; Running case #6: 'Incorrect Address - Read Transaction'...
[1725036850.34][CONN][INF] found KV pair in stream: {{__testcase_start;Incorrect Address - Read Transaction}}, queued...
[1725036850.34][CONN][INF] found KV pair in stream: {{start_recording_i2c;please}}, queued...
[1725036851.35][SERI][TXD] {{start_recording_i2c;complete}}
[1725036851.37][CONN][INF] found KV pair in stream: {{verify_sequence;incorrect_addr_only_read}}, queued...
[1725036851.44][TEST][INF] Saw on the I2C bus:
Start Rd[0x21] Nack Stop

[1725036851.45][SERI][TXD] {{verify_sequence;complete}}
[1725036851.46][CONN][INF] found KV pair in stream: {{__testcase_finish;Incorrect Address - Read Transaction;1;0}}, queued...
[1725036851.47][CONN][RXD] &gt;&gt;&gt; 'Incorrect Address - Read Transaction': 1 passed, 0 failed
[1725036851.47][CONN][RXD] &lt;greentea test suite&gt;:0::PASS
[1725036851.47][CONN][RXD] 
[1725036851.47][CONN][RXD] &gt;&gt;&gt; Running case #7: 'Incorrect Address - Async'...
[1725036851.49][CONN][INF] found KV pair in stream: {{__testcase_start;Incorrect Address - Async}}, queued...
[1725036851.49][CONN][INF] found KV pair in stream: {{start_recording_i2c;please}}, queued...
[1725036852.50][SERI][TXD] {{start_recording_i2c;complete}}
[1725036852.51][CONN][INF] found KV pair in stream: {{verify_sequence;incorrect_addr_only_write}}, queued...
[1725036852.58][TEST][INF] Saw on the I2C bus:
Start Wr[0x20] Nack Stop

[1725036852.60][SERI][TXD] {{verify_sequence;complete}}
[1725036852.61][CONN][INF] found KV pair in stream: {{__testcase_finish;Incorrect Address - Async;1;0}}, queued...
[1725036852.62][CONN][RXD] &gt;&gt;&gt; 'Incorrect Address - Async': 1 passed, 0 failed
[1725036852.62][CONN][RXD] &lt;greentea test suite&gt;:0::PASS
[1725036852.62][CONN][RXD] 
[1725036852.62][CONN][RXD] &gt;&gt;&gt; Running case #8: 'Simple Write - Single Byte'...
[1725036852.63][CONN][INF] found KV pair in stream: {{__testcase_start;Simple Write - Single Byte}}, queued...
[1725036852.63][CONN][INF] found KV pair in stream: {{start_recording_i2c;please}}, queued...
[1725036853.64][SERI][TXD] {{start_recording_i2c;complete}}
[1725036853.65][CONN][INF] found KV pair in stream: {{verify_sequence;write_2_to_0x1}}, queued...
[1725036853.73][TEST][INF] Saw on the I2C bus:
Start Wr[0xa0] Ack 0x00 Ack 0x01 Ack 0x02 Ack Stop

[1725036853.74][SERI][TXD] {{verify_sequence;complete}}
[1725036853.75][CONN][INF] found KV pair in stream: {{__testcase_finish;Simple Write - Single Byte;1;0}}, queued...
[1725036853.76][CONN][RXD] &gt;&gt;&gt; 'Simple Write - Single Byte': 1 passed, 0 failed
[1725036853.76][CONN][RXD] &lt;greentea test suite&gt;:0::PASS
[1725036853.76][CONN][RXD] 
[1725036853.76][CONN][RXD] &gt;&gt;&gt; Running case #9: 'Destroy and Recreate Object'...
[1725036853.77][CONN][RXD] &gt;&gt;&gt; 'Destroy and Recreate Object': 1 passed, 0 failed
[1725036853.77][CONN][INF] found KV pair in stream: {{__testcase_start;Destroy and Recreate Object}}, queued...
[1725036853.77][CONN][INF] found KV pair in stream: {{__testcase_finish;Destroy and Recreate Object;1;0}}, queued...
[1725036853.79][CONN][RXD] &lt;greentea test suite&gt;:0::PASS
[1725036853.79][CONN][RXD] 
[1725036853.79][CONN][RXD] &gt;&gt;&gt; Running case #10: 'Simple Read - Single Byte'...
[1725036853.79][CONN][INF] found KV pair in stream: {{__testcase_start;Simple Read - Single Byte}}, queued...
[1725036853.80][CONN][INF] found KV pair in stream: {{start_recording_i2c;please}}, queued...
[1725036854.81][SERI][TXD] {{start_recording_i2c;complete}}
[1725036854.83][CONN][INF] found KV pair in stream: {{verify_sequence;read_2_from_0x1}}, queued...
[1725036854.90][TEST][INF] Saw on the I2C bus:
Start Wr[0xa0] Ack 0x00 Ack 0x01 Ack RepeatedStart Rd[0xa1] Ack 0x02 Nack Stop

[1725036854.91][SERI][TXD] {{verify_sequence;complete}}
[1725036854.92][CONN][INF] found KV pair in stream: {{__testcase_finish;Simple Read - Single Byte;1;0}}, queued...
[1725036854.93][CONN][RXD] &gt;&gt;&gt; 'Simple Read - Single Byte': 1 passed, 0 failed
[1725036854.93][CONN][RXD] &lt;greentea test suite&gt;:0::PASS
[1725036854.93][CONN][RXD] 
[1725036854.93][CONN][RXD] &gt;&gt;&gt; Running case #11: 'Simple Write - Transaction'...
[1725036854.95][CONN][INF] found KV pair in stream: {{__testcase_start;Simple Write - Transaction}}, queued...
[1725036854.95][CONN][INF] found KV pair in stream: {{start_recording_i2c;please}}, queued...
[1725036855.96][SERI][TXD] {{start_recording_i2c;complete}}
[1725036855.97][CONN][INF] found KV pair in stream: {{verify_sequence;write_3_to_0x1}}, queued...
[1725036856.04][TEST][INF] Saw on the I2C bus:
Start Wr[0xa0] Ack 0x00 Ack 0x01 Ack 0x03 Ack Stop

[1725036856.04][SERI][TXD] {{verify_sequence;complete}}
[1725036856.05][CONN][INF] found KV pair in stream: {{__testcase_finish;Simple Write - Transaction;1;0}}, queued...
[1725036856.06][CONN][RXD] &gt;&gt;&gt; 'Simple Write - Transaction': 1 passed, 0 failed
[1725036856.06][CONN][RXD] &lt;greentea test suite&gt;:0::PASS
[1725036856.06][CONN][RXD] 
[1725036856.06][CONN][RXD] &gt;&gt;&gt; Running case #12: 'Simple Read - Transaction'...
[1725036856.08][CONN][INF] found KV pair in stream: {{__testcase_start;Simple Read - Transaction}}, queued...
[1725036856.08][CONN][INF] found KV pair in stream: {{start_recording_i2c;please}}, queued...
[1725036857.09][SERI][TXD] {{start_recording_i2c;complete}}
[1725036857.10][CONN][INF] found KV pair in stream: {{verify_sequence;read_3_from_0x1}}, queued...
[1725036857.18][TEST][INF] Saw on the I2C bus:
Start Wr[0xa0] Ack 0x00 Ack 0x01 Ack RepeatedStart Rd[0xa1] Ack 0x03 Nack Stop

[1725036857.19][SERI][TXD] {{verify_sequence;complete}}
[1725036857.20][CONN][RXD] &gt;&gt;&gt; 'Simple Read - Transaction': 1 passed, 0 failed
[1725036857.20][CONN][INF] found KV pair in stream: {{__testcase_finish;Simple Read - Transaction;1;0}}, queued...
[1725036857.21][CONN][RXD] &lt;greentea test suite&gt;:0::PASS
[1725036857.21][CONN][RXD] 
[1725036857.21][CONN][RXD] &gt;&gt;&gt; Running case #13: 'Mixed Usage - Single Byte -&gt; repeated -&gt; Transaction'...
[1725036857.22][CONN][INF] found KV pair in stream: {{__testcase_start;Mixed Usage - Single Byte -&gt; repeated -&gt; Transaction}}, queued...
[1725036857.22][CONN][INF] found KV pair in stream: {{start_recording_i2c;please}}, queued...
[1725036858.24][SERI][TXD] {{start_recording_i2c;complete}}
[1725036858.25][CONN][INF] found KV pair in stream: {{verify_sequence;read_3_from_0x1}}, queued...
[1725036858.32][TEST][INF] Saw on the I2C bus:
Start Wr[0xa0] Ack 0x00 Ack 0x01 Ack RepeatedStart Rd[0xa1] Ack 0x03 Nack Stop

[1725036858.33][SERI][TXD] {{verify_sequence;complete}}
[1725036858.34][CONN][INF] found KV pair in stream: {{__testcase_finish;Mixed Usage - Single Byte -&gt; repeated -&gt; Transaction;1;0}}, queued...
[1725036858.35][CONN][RXD] &gt;&gt;&gt; 'Mixed Usage - Single Byte -&gt; repeated -&gt; Transaction': 1 passed, 0 failed
[1725036858.36][CONN][RXD] &lt;greentea test suite&gt;:0::PASS
[1725036858.36][CONN][RXD] 
[1725036858.37][CONN][RXD] &gt;&gt;&gt; Running case #14: 'Mixed Usage - Transaction -&gt; repeated -&gt; Single Byte'...
[1725036858.37][CONN][INF] found KV pair in stream: {{__testcase_start;Mixed Usage - Transaction -&gt; repeated -&gt; Single Byte}}, queued...
[1725036858.38][CONN][INF] found KV pair in stream: {{start_recording_i2c;please}}, queued...
[1725036859.39][SERI][TXD] {{start_recording_i2c;complete}}
[1725036859.40][CONN][INF] found KV pair in stream: {{verify_sequence;read_3_from_0x1}}, queued...
[1725036859.47][TEST][INF] Saw on the I2C bus:
Start Wr[0xa0] Ack 0x00 Ack 0x01 Ack RepeatedStart Rd[0xa1] Ack 0x03 Ack 0x47 Nack Stop

[1725036859.47][TEST][ERR] Expected length differs from actual!
[1725036859.47][TEST][INF] We expected:
Start Wr[0xa0] Ack 0x00 Ack 0x01 Ack RepeatedStart Rd[0xa1] Ack 0x03 Nack Stop

[1725036859.47][SERI][TXD] {{verify_sequence;failed}}
[1725036859.48][CONN][RXD] &lt;greentea test suite&gt;:55::FAIL: Expected 'complete' Was 'failed'
[1725036859.50][CONN][INF] found KV pair in stream: {{__testcase_finish;Mixed Usage - Transaction -&gt; repeated -&gt; Single Byte;0;1}}, queued...
[1725036859.51][CONN][RXD] &gt;&gt;&gt; 'Mixed Usage - Transaction -&gt; repeated -&gt; Single Byte': 0 passed, 1 failed with reason 'Test Cases Failed'
[1725036859.51][CONN][RXD] 
[1725036859.51][CONN][RXD] 
[1725036859.51][CONN][RXD] &gt;&gt;&gt; Running case #15: 'Simple Write - Async'...
[1725036859.51][CONN][INF] found KV pair in stream: {{__testcase_start;Simple Write - Async}}, queued...
[1725036859.52][CONN][INF] found KV pair in stream: {{start_recording_i2c;please}}, queued...
[1725036860.53][SERI][TXD] {{start_recording_i2c;complete}}
[1725036860.54][CONN][INF] found KV pair in stream: {{verify_sequence;write_2_to_0x1}}, queued...
[1725036860.61][TEST][INF] Saw on the I2C bus:
Start Wr[0xa0] Ack 0x00 Ack 0x01 Ack 0x02 Ack Stop

[1725036860.62][SERI][TXD] {{verify_sequence;complete}}
[1725036860.63][CONN][RXD] &gt;&gt;&gt; 'Simple Write - Async': 1 passed, 0 failed
[1725036860.63][CONN][INF] found KV pair in stream: {{__testcase_finish;Simple Write - Async;1;0}}, queued...
[1725036860.64][CONN][RXD] &lt;greentea test suite&gt;:0::PASS
[1725036860.64][CONN][RXD] 
[1725036860.64][CONN][RXD] &gt;&gt;&gt; Running case #16: 'Destroy and Recreate Object (between async calls)'...
[1725036860.65][CONN][INF] found KV pair in stream: {{__testcase_start;Destroy and Recreate Object (between async calls)}}, queued...
[1725036860.65][CONN][INF] found KV pair in stream: {{__testcase_finish;Destroy and Recreate Object (between async calls);1;0}}, queued...
[1725036860.66][CONN][RXD] &gt;&gt;&gt; 'Destroy and Recreate Object (between async calls)': 1 passed, 0 failed
[1725036860.66][CONN][RXD] &lt;greentea test suite&gt;:0::PASS
[1725036860.66][CONN][RXD] 
[1725036860.67][CONN][RXD] &gt;&gt;&gt; Running case #17: 'Simple Read - Async'...
[1725036860.67][CONN][INF] found KV pair in stream: {{__testcase_start;Simple Read - Async}}, queued...
[1725036860.67][CONN][INF] found KV pair in stream: {{start_recording_i2c;please}}, queued...
[1725036861.68][SERI][TXD] {{start_recording_i2c;complete}}
[1725036861.69][CONN][INF] found KV pair in stream: {{verify_sequence;read_2_from_0x1}}, queued...
[1725036861.76][TEST][INF] Saw on the I2C bus:
Start Wr[0xa0] Ack 0x00 Ack 0x01 Ack RepeatedStart Rd[0xa1] Ack 0x02 Nack Stop

[1725036861.77][SERI][TXD] {{verify_sequence;complete}}
[1725036861.78][CONN][RXD] &gt;&gt;&gt; 'Simple Read - Async': 1 passed, 0 failed
[1725036861.78][CONN][INF] found KV pair in stream: {{__testcase_finish;Simple Read - Async;1;0}}, queued...
[1725036861.79][CONN][RXD] &lt;greentea test suite&gt;:0::PASS
[1725036861.79][CONN][RXD] 
[1725036861.79][CONN][RXD] &gt;&gt;&gt; Running case #18: 'Mixed Usage - Async -&gt; repeated -&gt; Transaction'...
[1725036861.80][CONN][INF] found KV pair in stream: {{__testcase_start;Mixed Usage - Async -&gt; repeated -&gt; Transaction}}, queued...
[1725036861.80][CONN][INF] found KV pair in stream: {{start_recording_i2c;please}}, queued...
[1725036862.82][SERI][TXD] {{start_recording_i2c;complete}}
[1725036862.83][CONN][INF] found KV pair in stream: {{verify_sequence;read_2_from_0x1}}, queued...
[1725036862.90][TEST][INF] Saw on the I2C bus:
Start Wr[0xa0] Ack 0x00 Ack 0x01 Ack RepeatedStart Rd[0xa1] Ack 0x02 Nack Stop

[1725036862.91][SERI][TXD] {{verify_sequence;complete}}
[1725036862.92][CONN][INF] found KV pair in stream: {{__testcase_finish;Mixed Usage - Async -&gt; repeated -&gt; Transaction;1;0}}, queued...
[1725036862.94][CONN][RXD] &gt;&gt;&gt; 'Mixed Usage - Async -&gt; repeated -&gt; Transaction': 1 passed, 0 failed
[1725036862.94][CONN][RXD] &lt;greentea test suite&gt;:0::PASS
[1725036862.94][CONN][RXD] 
[1725036862.95][CONN][RXD] &gt;&gt;&gt; Running case #19: 'Mixed Usage - Async -&gt; repeated -&gt; Single Byte'...
[1725036862.95][CONN][INF] found KV pair in stream: {{__testcase_start;Mixed Usage - Async -&gt; repeated -&gt; Single Byte}}, queued...
[1725036862.95][CONN][INF] found KV pair in stream: {{start_recording_i2c;please}}, queued...
[1725036863.96][SERI][TXD] {{start_recording_i2c;complete}}
[1725036863.97][CONN][INF] found KV pair in stream: {{verify_sequence;read_2_from_0x1}}, queued...
[1725036864.05][TEST][INF] Saw on the I2C bus:
Start Wr[0xa0] Ack 0x00 Ack 0x01 Ack RepeatedStart Rd[0xa1] Ack 0x02 Ack 0x47 Nack Stop

[1725036864.05][TEST][ERR] Expected length differs from actual!
[1725036864.05][TEST][INF] We expected:
Start Wr[0xa0] Ack 0x00 Ack 0x01 Ack RepeatedStart Rd[0xa1] Ack 0x02 Nack Stop

[1725036864.06][SERI][TXD] {{verify_sequence;failed}}
[1725036864.07][CONN][RXD] &lt;greentea test suite&gt;:55::FAIL: Expected 'complete' Was 'failed'
[1725036864.08][CONN][INF] found KV pair in stream: {{__testcase_finish;Mixed Usage - Async -&gt; repeated -&gt; Single Byte;0;1}}, queued...
[1725036864.09][CONN][RXD] &gt;&gt;&gt; 'Mixed Usage - Async -&gt; repeated -&gt; Single Byte': 0 passed, 1 failed with reason 'Test Cases Failed'
[1725036864.09][CONN][RXD] 
[1725036864.09][CONN][RXD] 
[1725036864.09][CONN][RXD] &gt;&gt;&gt; Running case #20: 'Mixed Usage - Transaction -&gt; repeated -&gt; Async'...
[1725036864.10][CONN][INF] found KV pair in stream: {{__testcase_start;Mixed Usage - Transaction -&gt; repeated -&gt; Async}}, queued...
[1725036864.10][CONN][INF] found KV pair in stream: {{start_recording_i2c;please}}, queued...
[1725036865.12][SERI][TXD] {{start_recording_i2c;complete}}
[1725036865.13][CONN][INF] found KV pair in stream: {{verify_sequence;read_2_from_0x1}}, queued...
[1725036865.20][TEST][INF] Saw on the I2C bus:
Start Wr[0xa0] Ack 0x00 Ack 0x01 Ack RepeatedStart Rd[0xa1] Ack 0x02 Nack Stop

[1725036865.21][SERI][TXD] {{verify_sequence;complete}}
[1725036865.23][CONN][INF] found KV pair in stream: {{__testcase_finish;Mixed Usage - Transaction -&gt; repeated -&gt; Async;1;0}}, queued...
[1725036865.24][CONN][RXD] &gt;&gt;&gt; 'Mixed Usage - Transaction -&gt; repeated -&gt; Async': 1 passed, 0 failed
[1725036865.24][CONN][RXD] &lt;greentea test suite&gt;:0::PASS
[1725036865.24][CONN][RXD] 
[1725036865.25][CONN][RXD] &gt;&gt;&gt; Running case #21: 'Mixed Usage - Single Byte -&gt; repeated -&gt; Async'...
[1725036865.25][CONN][INF] found KV pair in stream: {{__testcase_start;Mixed Usage - Single Byte -&gt; repeated -&gt; Async}}, queued...
[1725036865.25][CONN][INF] found KV pair in stream: {{start_recording_i2c;please}}, queued...
[1725036866.26][SERI][TXD] {{start_recording_i2c;complete}}
[1725036866.27][CONN][INF] found KV pair in stream: {{verify_sequence;read_2_from_0x1}}, queued...
[1725036866.35][TEST][INF] Saw on the I2C bus:
Start Wr[0xa0] Ack 0x00 Ack 0x01 Ack RepeatedStart Rd[0xa1] Ack 0x02 Nack Stop

[1725036866.36][SERI][TXD] {{verify_sequence;complete}}
[1725036866.37][CONN][INF] found KV pair in stream: {{__testcase_finish;Mixed Usage - Single Byte -&gt; repeated -&gt; Async;1;0}}, queued...
[1725036866.38][CONN][RXD] &gt;&gt;&gt; 'Mixed Usage - Single Byte -&gt; repeated -&gt; Async': 1 passed, 0 failed
[1725036866.38][CONN][RXD] &lt;greentea test suite&gt;:0::PASS
[1725036866.38][CONN][RXD] 
[1725036866.39][CONN][RXD] &gt;&gt;&gt; Running case #22: 'Async causes thread to sleep?'...
[1725036866.39][CONN][INF] found KV pair in stream: {{__testcase_start;Async causes thread to sleep?}}, queued...
[1725036866.39][CONN][INF] found KV pair in stream: {{start_recording_i2c;please}}, queued...
[1725036867.40][SERI][TXD] {{start_recording_i2c;complete}}
[1725036867.41][CONN][INF] found KV pair in stream: {{verify_sequence;read_2_from_0x1}}, queued...
[1725036867.48][TEST][INF] Saw on the I2C bus:
Start Wr[0xa0] Ack 0x00 Ack 0x01 Ack RepeatedStart Rd[0xa1] Ack 0x02 Nack Stop

[1725036867.49][SERI][TXD] {{verify_sequence;complete}}
[1725036867.50][CONN][INF] found KV pair in stream: {{__testcase_finish;Async causes thread to sleep?;1;0}}, queued...
[1725036867.51][CONN][RXD] &gt;&gt;&gt; 'Async causes thread to sleep?': 1 passed, 0 failed
[1725036867.51][CONN][RXD] &lt;greentea test suite&gt;:0::PASS
[1725036867.51][CONN][RXD] 
[1725036867.51][CONN][RXD] &gt;&gt;&gt; Test cases: 19 passed, 3 failed with reason 'Test Cases Failed'
[1725036867.52][CONN][RXD] &gt;&gt;&gt; TESTS FAILED!
[1725036867.52][CONN][RXD] 
[1725036867.52][CONN][RXD] -----------------------
[1725036867.52][CONN][RXD] 0 Tests 3 Failures 0 Ignored 
[1725036867.52][CONN][RXD] FAIL
[1725036867.52][CONN][INF] found KV pair in stream: {{__testcase_summary;19;3}}, queued...
[1725036867.52][CONN][INF] found KV pair in stream: {{end;failure}}, queued...
[1725036867.52][CONN][INF] found KV pair in stream: {{__exit;0}}, queued...
[1725036867.53][HTST][INF] __exit(0)
[1725036867.53][HTST][INF] __notify_complete(False)
[1725036867.53][HTST][INF] __exit_event_queue received
[1725036867.53][HTST][INF] test suite run finished after 23.02 sec...
[1725036867.53][CONN][INF] received special event '__host_test_finished' value='True', finishing
[1725036867.54][HTST][INF] CONN exited with code: 0
[1725036867.54][HTST][INF] Some events in queue
[1725036867.54][HTST][INF] stopped consuming events
[1725036867.54][HTST][INF] host test result() call skipped, received: False
[1725036867.54][HTST][INF] calling blocking teardown()
[1725036867.54][HTST][INF] teardown() finished
[1725036867.54][HTST][INF] {{result;failure}}
CMake Error at mbed-run-greentea-test-testshield-i2c-basic.cmake:19 (execute_process):
  execute_process failed command indexes:

    1: "Child return code: 1"



</system-out>
	</testcase>
	<testcase name="test-testshield-i2c-slave-comms" classname="test-testshield-i2c-slave-comms" time="35.6562" status="fail">
		<failure message=""/>
		<system-out>[1/1] Flashing test-testshield-i2c-slave-comms with OpenOCD...
Open On-Chip Debugger 0.12.0+dev-00499-g151b74371 (2024-01-22-10:06)
Licensed under GNU GPL v2
For bug reports, read
	http://openocd.org/doc/doxygen/bugs.html
DEPRECATED! use 'adapter driver' not 'interface'
Info : The selected transport took over low-level target control. The results might differ compared to plain JTAG/SWD
DEPRECATED! use 'adapter serial' not 'hla_serial'
Info : clock speed 500 kHz
Info : STLINK V2J39M27 (API v2) VID:PID 0483:374B
Info : Target voltage: 3.240553
Info : [stm32l4x.cpu] Cortex-M4 r0p1 processor detected
Info : [stm32l4x.cpu] target has 6 breakpoints, 4 watchpoints
Info : [stm32l4x.cpu] Examination succeed
Info : gdb port disabled
Info : Unable to match requested speed 500 kHz, using 480 kHz
Info : Unable to match requested speed 500 kHz, using 480 kHz
[stm32l4x.cpu] halted due to debug-request, current mode: Thread 
xPSR: 0x01000000 pc: 0x08000330 msp: 0x10000698
** Programming Started **
Info : device idcode = 0x20016462 (STM32L45/L46xx - Rev Y : 0x2001)
Info : RDP level 0 (0xAA)
Info : flash size = 512 KiB
Info : flash mode : single-bank
Info : Padding image section 1 at 0x0800ffd4 with 4 bytes (bank write end alignment)
Warn : Adding extra erase range, 0x0800ffd8 .. 0x0800ffff
** Programming Finished **
** Resetting Target **
Info : Unable to match requested speed 500 kHz, using 480 kHz
Info : Unable to match requested speed 500 kHz, using 480 kHz
shutdown command invoked
Executing: /home/jamie/Mbed/mbed-ce-test-tools/CI-Shield-Tests/mbed-os/venv/bin/python3.10 -m mbed_host_tests.mbedhtrun --skip-flashing -p /dev/ttyNUCLEO_L452RE_P --skip-reset -e /home/jamie/Mbed/mbed-ce-test-tools/CI-Shield-Tests/host_tests -m NUCLEO_L452RE_P --baud-rate=115200
Will use any connected CI shield for this test.  Export the MBED_CI_SHIELD_SERIAL_NUMBER environment var to select a specific shield.
e.g. 'export MBED_CI_SHIELD_SERIAL_NUMBER=SN002'
[1725036959.73][HTST][INF] host test executor ver. 0.0.16
[1725036959.73][HTST][INF] copy image onto target... SKIPPED!
[1725036959.74][HTST][INF] starting host test process...
[1725036959.75][CONN][INF] starting connection process...
[1725036959.76][CONN][INF] notify event queue about extra 60 sec timeout for serial port pooling
[1725036959.76][CONN][INF] initializing serial port listener... 
[1725036959.76][SERI][INF] using specified port '/dev/ttyNUCLEO_L452RE_P'
[1725036959.76][SERI][INF] serial(port=/dev/ttyNUCLEO_L452RE_P, baudrate=115200, read_timeout=0.01, write_timeout=5)
[1725036959.76][HTST][INF] setting timeout to: 60 sec
[1725036959.76][SERI][TXD] mbedmbedmbedmbedmbedmbedmbedmbedmbedmbed
[1725036959.76][CONN][INF] sending up to 2 __sync packets (specified with --sync=2)
[1725036959.76][CONN][INF] sending preamble '10fa9aec-ef2a-41d9-9131-4e7f2a4899e9'
[1725036959.77][SERI][TXD] {{__sync;10fa9aec-ef2a-41d9-9131-4e7f2a4899e9}}
[1725036959.78][CONN][RXD] mbedmbedmbedmbedmbedmbedmbedmbed
[1725036959.78][CONN][INF] found SYNC in stream: {{__sync;10fa9aec-ef2a-41d9-9131-4e7f2a4899e9}} it is #0 sent, queued...
[1725036959.78][HTST][INF] sync KV found, uuid=10fa9aec-ef2a-41d9-9131-4e7f2a4899e9, timestamp=1725036959.779171
[1725036959.79][CONN][RXD] &gt;&gt;&gt; Running 9 test cases...
[1725036959.79][CONN][INF] found KV pair in stream: {{__version;1.3.0}}, queued...
[1725036959.79][CONN][INF] found KV pair in stream: {{__timeout;30}}, queued...
[1725036959.79][CONN][INF] found KV pair in stream: {{__host_test_name;i2c_slave_comms}}, queued...
[1725036959.79][HTST][INF] DUT greentea-client version: 1.3.0
[1725036959.79][HTST][INF] setting timeout to: 30 sec
[1725036959.79][HTST][INF] host test class: '&lt;class 'i2c_slave_comms.I2CSlaveCommsTest'&gt;'
[1725036959.80][cy_serial_bridge]Discovered USB endpoints successfully
[1725036959.80][CONN][INF] found KV pair in stream: {{__testcase_name;Write one byte to slave}}, queued...
[1725036959.80][CONN][INF] found KV pair in stream: {{__testcase_name;Does not acknowledge other slave address}}, queued...
[1725036959.80][CONN][INF] found KV pair in stream: {{__testcase_name;Destroy &amp; recreate I2C object}}, queued...
[1725036959.82][CONN][INF] found KV pair in stream: {{__testcase_name;Write multiple bytes to slave}}, queued...
[1725036959.82][CONN][INF] found KV pair in stream: {{__testcase_name;Write less bytes than expected to slave}}, queued...
[1725036959.82][CONN][INF] found KV pair in stream: {{__testcase_name;Read one byte from slave}}, queued...
[1725036959.83][CONN][INF] found KV pair in stream: {{__testcase_name;Destroy &amp; recreate I2C object}}, queued...
[1725036959.83][CONN][INF] found KV pair in stream: {{__testcase_name;Read multiple bytes from slave}}, queued...
[1725036959.84][CONN][RXD] 
[1725036959.84][CONN][RXD] &gt;&gt;&gt; Running case #1: 'Write one byte to slave'...
[1725036959.84][CONN][INF] found KV pair in stream: {{__testcase_name;Read less bytes than expected from slave}}, queued...
[1725036959.84][CONN][INF] found KV pair in stream: {{__testcase_start;Write one byte to slave}}, queued...
[1725036959.85][CONN][INF] found KV pair in stream: {{start_recording_i2c;please}}, queued...
[1725036959.87][cy_serial_bridge]Device signature: b'CYUS'
Connected to I2C interface of CY7C652xx device, firmware version 2.0.3 build 112
[1725036959.88][TEST][INF] I2C Slave Comms host test setup complete.
[1725036959.88][HTST][INF] host test setup() call...
[1725036959.88][HTST][INF] CALLBACKs updated
[1725036959.88][HTST][INF] host test detected: i2c_slave_comms
[1725036960.90][SERI][TXD] {{start_recording_i2c;complete}}
[1725036960.91][CONN][INF] found KV pair in stream: {{write_bytes_to_slave;addr 0xE4 data 0x1}}, queued...
[1725036961.92][TEST][ERR] Error writing to I2C slave: Traceback (most recent call last):
  File "/home/jamie/Mbed/mbed-ce-test-tools/CI-Shield-Tests/host_tests/i2c_slave_comms.py", line 68, in _callback_write_bytes_to_slave
    self.i2c_bridge.i2c_write(addr &gt;&gt; 1, bytes_to_write)
  File "/home/jamie/Mbed/mbed-ce-test-tools/CI-Shield-Tests/mbed-os/venv/lib/python3.10/site-packages/cy_serial_bridge/driver.py", line 817, in i2c_write
    post_transfer_status = self.dev.interruptRead(self.ep_intr, CyI2c.EVENT_NOTIFICATION_LEN, io_timeout)
  File "/home/jamie/Mbed/mbed-ce-test-tools/CI-Shield-Tests/mbed-os/venv/lib/python3.10/site-packages/usb1/__init__.py", line 1482, in interruptRead
    transferred = self._interruptTransfer(
  File "/home/jamie/Mbed/mbed-ce-test-tools/CI-Shield-Tests/mbed-os/venv/lib/python3.10/site-packages/usb1/__init__.py", line 1423, in _interruptTransfer
    mayRaiseUSBError(libusb1.libusb_interrupt_transfer(
  File "/home/jamie/Mbed/mbed-ce-test-tools/CI-Shield-Tests/mbed-os/venv/lib/python3.10/site-packages/usb1/__init__.py", line 127, in mayRaiseUSBError
    __raiseUSBError(value)
  File "/home/jamie/Mbed/mbed-ce-test-tools/CI-Shield-Tests/mbed-os/venv/lib/python3.10/site-packages/usb1/__init__.py", line 119, in raiseUSBError
    raise __STATUS_TO_EXCEPTION_DICT.get(value, __USBError)(value)
usb1.USBErrorTimeout: LIBUSB_ERROR_TIMEOUT [-7]

[1725036961.92][TEST][INF] Saw on the I2C bus:
Start Wr[0xe4] Nack

[1725036961.92][TEST][ERR] Expected length differs from actual!
[1725036961.92][TEST][INF] We expected:
Start Wr[0xe4] Ack 0x01 Ack Stop

[1725036961.93][SERI][TXD] {{write_bytes_to_slave;error}}
[1725036989.96][HTST][INF] test suite run finished after 30.16 sec...
[1725036989.96][CONN][INF] received special event '__host_test_finished' value='True', finishing
[1725036989.97][HTST][INF] CONN exited with code: 0
[1725036989.97][HTST][INF] No events in queue
[1725036989.97][HTST][INF] stopped consuming events
[1725036989.97][HTST][INF] host test result(): None
[1725036989.97][HTST][WRN] missing __exit event from DUT
[1725036989.97][HTST][WRN] missing __exit_event_queue event from host test
[1725036989.97][HTST][ERR] missing __exit_event_queue event from host test and no result from host test, timeout...
[1725036989.97][HTST][INF] calling blocking teardown()
[1725036989.98][HTST][INF] teardown() finished
[1725036989.98][HTST][INF] {{result;timeout}}
CMake Error at mbed-run-greentea-test-testshield-i2c-slave-comms.cmake:19 (execute_process):
  execute_process failed command indexes:

    1: "Child return code: 5"



</system-out>
	</testcase>
	<testcase name="test-testshield-i2c-eeprom" classname="test-testshield-i2c-eeprom" time="26.1728" status="fail">
		<failure message=""/>
		<system-out>[1/1] Flashing test-testshield-i2c-eeprom with OpenOCD...
Open On-Chip Debugger 0.12.0+dev-00499-g151b74371 (2024-01-22-10:06)
Licensed under GNU GPL v2
For bug reports, read
	http://openocd.org/doc/doxygen/bugs.html
DEPRECATED! use 'adapter driver' not 'interface'
Info : The selected transport took over low-level target control. The results might differ compared to plain JTAG/SWD
DEPRECATED! use 'adapter serial' not 'hla_serial'
Info : clock speed 500 kHz
Info : STLINK V2J39M27 (API v2) VID:PID 0483:374B
Info : Target voltage: 3.240553
Info : [stm32l4x.cpu] Cortex-M4 r0p1 processor detected
Info : [stm32l4x.cpu] target has 6 breakpoints, 4 watchpoints
Info : [stm32l4x.cpu] Examination succeed
Info : gdb port disabled
Info : Unable to match requested speed 500 kHz, using 480 kHz
Info : Unable to match requested speed 500 kHz, using 480 kHz
[stm32l4x.cpu] halted due to debug-request, current mode: Thread 
xPSR: 0x01000000 pc: 0x08000330 msp: 0x10000698
** Programming Started **
Info : device idcode = 0x20016462 (STM32L45/L46xx - Rev Y : 0x2001)
Info : RDP level 0 (0xAA)
Info : flash size = 512 KiB
Info : flash mode : single-bank
Info : Padding image section 1 at 0x080116bc with 4 bytes (bank write end alignment)
Warn : Adding extra erase range, 0x080116c0 .. 0x080117ff
** Programming Finished **
** Resetting Target **
Info : Unable to match requested speed 500 kHz, using 480 kHz
Info : Unable to match requested speed 500 kHz, using 480 kHz
shutdown command invoked
Executing: /home/jamie/Mbed/mbed-ce-test-tools/CI-Shield-Tests/mbed-os/venv/bin/python3.10 -m mbed_host_tests.mbedhtrun --skip-flashing -p /dev/ttyNUCLEO_L452RE_P --skip-reset -e /home/jamie/Mbed/mbed-ce-test-tools/CI-Shield-Tests/host_tests -m NUCLEO_L452RE_P --baud-rate=115200
Will use any connected CI shield for this test.  Export the MBED_CI_SHIELD_SERIAL_NUMBER environment var to select a specific shield.
e.g. 'export MBED_CI_SHIELD_SERIAL_NUMBER=SN002'
[1725037087.76][HTST][INF] host test executor ver. 0.0.16
[1725037087.76][HTST][INF] copy image onto target... SKIPPED!
[1725037087.77][HTST][INF] starting host test process...
[1725037087.78][CONN][INF] starting connection process...
[1725037087.79][CONN][INF] notify event queue about extra 60 sec timeout for serial port pooling
[1725037087.79][CONN][INF] initializing serial port listener... 
[1725037087.79][SERI][INF] using specified port '/dev/ttyNUCLEO_L452RE_P'
[1725037087.79][HTST][INF] setting timeout to: 60 sec
[1725037087.79][SERI][INF] serial(port=/dev/ttyNUCLEO_L452RE_P, baudrate=115200, read_timeout=0.01, write_timeout=5)
[1725037087.79][SERI][TXD] mbedmbedmbedmbedmbedmbedmbedmbedmbedmbed
[1725037087.79][CONN][INF] sending up to 2 __sync packets (specified with --sync=2)
[1725037087.80][CONN][INF] sending preamble '7d84d088-57c7-4e40-91a1-14a3abe7cf35'
[1725037087.80][SERI][TXD] {{__sync;7d84d088-57c7-4e40-91a1-14a3abe7cf35}}
[1725037087.81][CONN][RXD] mbedmbedmbedmbedmbedmbedmbedmbed
[1725037087.81][CONN][INF] found SYNC in stream: {{__sync;7d84d088-57c7-4e40-91a1-14a3abe7cf35}} it is #0 sent, queued...
[1725037087.81][HTST][INF] sync KV found, uuid=7d84d088-57c7-4e40-91a1-14a3abe7cf35, timestamp=1725037087.809642
[1725037087.82][CONN][RXD] &gt;&gt;&gt; Running 14 test cases...
[1725037087.82][CONN][INF] found KV pair in stream: {{__version;1.3.0}}, queued...
[1725037087.82][CONN][INF] found KV pair in stream: {{__timeout;20}}, queued...
[1725037087.82][HTST][INF] DUT greentea-client version: 1.3.0
[1725037087.82][CONN][INF] found KV pair in stream: {{__host_test_name;i2c_record_only_test}}, queued...
[1725037087.82][HTST][INF] setting timeout to: 20 sec
[1725037087.82][HTST][INF] host test class: '&lt;class 'i2c_record_only_test.I2CRecordOnlyTestHostTest'&gt;'
[1725037087.82][TEST][INF] I2C Record-Only Test host test setup complete.
[1725037087.82][HTST][INF] host test setup() call...
[1725037087.83][HTST][INF] CALLBACKs updated
[1725037087.83][HTST][INF] host test detected: i2c_record_only_test
[1725037087.83][CONN][INF] found KV pair in stream: {{__testcase_name;I2C - 100kHz - EEPROM WR Single Byte}}, queued...
[1725037087.83][CONN][INF] found KV pair in stream: {{__testcase_name;I2C - 100kHz - EEPROM 2nd WR Single Byte}}, queued...
[1725037087.83][CONN][INF] found KV pair in stream: {{__testcase_name;I2C - 100kHz - EEPROM WR 2 Bytes}}, queued...
[1725037087.85][CONN][INF] found KV pair in stream: {{__testcase_name;I2C - 100kHz - EEPROM 2nd WR 2 Bytes}}, queued...
[1725037087.85][CONN][INF] found KV pair in stream: {{__testcase_name;I2C - 100kHz - EEPROM WR 1 Page}}, queued...
[1725037087.86][CONN][INF] found KV pair in stream: {{__testcase_name;I2C - 100kHz - EEPROM 2nd WR 1 Page}}, queued...
[1725037087.86][CONN][INF] found KV pair in stream: {{__testcase_name;I2C - 100kHz - EEPROM WR 2kiB}}, queued...
[1725037087.87][CONN][INF] found KV pair in stream: {{__testcase_name;I2C - 400kHz - EEPROM WR Single Byte}}, queued...
[1725037087.87][CONN][INF] found KV pair in stream: {{__testcase_name;I2C - 400kHz - EEPROM 2nd WR Single Byte}}, queued...
[1725037087.87][CONN][INF] found KV pair in stream: {{__testcase_name;I2C - 400kHz - EEPROM WR 2 Bytes}}, queued...
[1725037087.88][CONN][INF] found KV pair in stream: {{__testcase_name;I2C - 400kHz - EEPROM 2nd WR 2 Bytes}}, queued...
[1725037087.88][CONN][INF] found KV pair in stream: {{__testcase_name;I2C - 400kHz - EEPROM WR 1 Page}}, queued...
[1725037087.89][CONN][INF] found KV pair in stream: {{__testcase_name;I2C - 400kHz - EEPROM 2nd WR 1 Page}}, queued...
[1725037087.89][CONN][INF] found KV pair in stream: {{__testcase_name;I2C - 400kHz - EEPROM WR 2kiB}}, queued...
[1725037087.89][CONN][INF] found KV pair in stream: {{start_recording_i2c;please}}, queued...
[1725037088.91][SERI][TXD] {{start_recording_i2c;complete}}
[1725037088.92][CONN][RXD] 
[1725037088.92][CONN][RXD] &gt;&gt;&gt; Running case #1: 'I2C - 100kHz - EEPROM WR Single Byte'...
[1725037088.94][CONN][RXD] &lt;greentea test suite&gt;:103::FAIL: Expression Evaluated To FALSE
[1725037088.94][CONN][INF] found KV pair in stream: {{__testcase_start;I2C - 100kHz - EEPROM WR Single Byte}}, queued...
[1725037088.94][CONN][INF] found KV pair in stream: {{display_i2c_data;please}}, queued...
[1725037089.04][TEST][INF] WARNING: Logic analyzer saw nothing the I2C bus.
[1725037089.05][SERI][TXD] {{display_i2c_data;complete}}
[1725037089.06][CONN][INF] found KV pair in stream: {{__testcase_finish;I2C - 100kHz - EEPROM WR Single Byte;0;1}}, queued...
[1725037089.07][CONN][RXD] &gt;&gt;&gt; 'I2C - 100kHz - EEPROM WR Single Byte': 0 passed, 1 failed with reason 'Test Cases Failed'
[1725037089.07][CONN][RXD] 
[1725037089.07][CONN][INF] found KV pair in stream: {{start_recording_i2c;please}}, queued...
[1725037090.09][SERI][TXD] {{start_recording_i2c;complete}}
[1725037090.10][CONN][RXD] 
[1725037090.10][CONN][RXD] &gt;&gt;&gt; Running case #2: 'I2C - 100kHz - EEPROM 2nd WR Single Byte'...
[1725037090.11][CONN][RXD] &lt;greentea test suite&gt;:103::FAIL: Expression Evaluated To FALSE
[1725037090.11][CONN][INF] found KV pair in stream: {{__testcase_start;I2C - 100kHz - EEPROM 2nd WR Single Byte}}, queued...
[1725037090.11][CONN][INF] found KV pair in stream: {{display_i2c_data;please}}, queued...
[1725037095.12][TEST][INF] WARNING: Logic analyzer saw nothing the I2C bus.
[1725037095.13][SERI][TXD] {{display_i2c_data;complete}}
[1725037095.14][CONN][INF] found KV pair in stream: {{__testcase_finish;I2C - 100kHz - EEPROM 2nd WR Single Byte;0;1}}, queued...
[1725037095.15][CONN][RXD] &gt;&gt;&gt; 'I2C - 100kHz - EEPROM 2nd WR Single Byte': 0 passed, 1 failed with reason 'Test Cases Failed'
[1725037095.15][CONN][RXD] 
[1725037095.15][CONN][INF] found KV pair in stream: {{start_recording_i2c;please}}, queued...
[1725037096.17][SERI][TXD] {{start_recording_i2c;complete}}
[1725037096.18][CONN][RXD] 
[1725037096.18][CONN][RXD] &gt;&gt;&gt; Running case #3: 'I2C - 100kHz - EEPROM WR 2 Bytes'...
[1725037096.19][CONN][RXD] &lt;greentea test suite&gt;:73::FAIL: Expected -4001 Was 0
[1725037096.19][CONN][INF] found KV pair in stream: {{__testcase_start;I2C - 100kHz - EEPROM WR 2 Bytes}}, queued...
[1725037096.19][CONN][INF] found KV pair in stream: {{display_i2c_data;please}}, queued...
[1725037101.20][TEST][INF] WARNING: Logic analyzer saw nothing the I2C bus.
[1725037101.20][SERI][TXD] {{display_i2c_data;complete}}
[1725037101.22][CONN][INF] found KV pair in stream: {{__testcase_finish;I2C - 100kHz - EEPROM WR 2 Bytes;0;1}}, queued...
[1725037101.23][CONN][RXD] &gt;&gt;&gt; 'I2C - 100kHz - EEPROM WR 2 Bytes': 0 passed, 1 failed with reason 'Test Cases Failed'
[1725037101.23][CONN][RXD] 
[1725037101.23][CONN][INF] found KV pair in stream: {{start_recording_i2c;please}}, queued...
[1725037102.24][SERI][TXD] {{start_recording_i2c;complete}}
[1725037102.26][CONN][RXD] 
[1725037102.26][CONN][RXD] &gt;&gt;&gt; Running case #4: 'I2C - 100kHz - EEPROM 2nd WR 2 Bytes'...
[1725037102.27][CONN][RXD] &lt;greentea test suite&gt;:73::FAIL: Expected -4001 Was 0
[1725037102.27][CONN][INF] found KV pair in stream: {{__testcase_start;I2C - 100kHz - EEPROM 2nd WR 2 Bytes}}, queued...
[1725037102.27][CONN][INF] found KV pair in stream: {{display_i2c_data;please}}, queued...
[1725037107.27][TEST][INF] WARNING: Logic analyzer saw nothing the I2C bus.
[1725037107.28][SERI][TXD] {{display_i2c_data;complete}}
[1725037107.29][CONN][INF] found KV pair in stream: {{__testcase_finish;I2C - 100kHz - EEPROM 2nd WR 2 Bytes;0;1}}, queued...
[1725037107.30][CONN][RXD] &gt;&gt;&gt; 'I2C - 100kHz - EEPROM 2nd WR 2 Bytes': 0 passed, 1 failed with reason 'Test Cases Failed'
[1725037107.30][CONN][RXD] 
[1725037107.30][CONN][INF] found KV pair in stream: {{start_recording_i2c;please}}, queued...
[1725037108.31][HTST][INF] test suite run finished after 20.49 sec...
[1725037108.32][SERI][TXD] {{start_recording_i2c;complete}}
[1725037108.33][CONN][RXD] 
[1725037108.33][CONN][RXD] &gt;&gt;&gt; Running case #5: 'I2C - 100kHz - EEPROM WR 1 Page'...
[1725037108.33][CONN][INF] received special event '__host_test_finished' value='True', finishing
[1725037108.34][HTST][INF] CONN exited with code: 0
[1725037108.34][HTST][INF] Some events in queue
[1725037108.34][HTST][INF] stopped consuming events
[1725037108.34][HTST][INF] host test result(): None
[1725037108.34][HTST][WRN] missing __exit event from DUT
[1725037108.34][HTST][WRN] missing __exit_event_queue event from host test
[1725037108.34][HTST][ERR] missing __exit_event_queue event from host test and no result from host test, timeout...
[1725037108.34][HTST][INF] calling blocking teardown()
[1725037108.34][HTST][INF] teardown() finished
[1725037108.34][HTST][INF] {{result;timeout}}
CMake Error at mbed-run-greentea-test-testshield-i2c-eeprom.cmake:19 (execute_process):
  execute_process failed command indexes:

    1: "Child return code: 5"



</system-out>
	</testcase>
	<testcase name="test-testshield-spi-basic" classname="test-testshield-spi-basic" time="38.3289" status="fail">
		<failure message=""/>
		<system-out>[1/1] Flashing test-testshield-spi-basic with OpenOCD...
Open On-Chip Debugger 0.12.0+dev-00499-g151b74371 (2024-01-22-10:06)
Licensed under GNU GPL v2
For bug reports, read
	http://openocd.org/doc/doxygen/bugs.html
DEPRECATED! use 'adapter driver' not 'interface'
Info : The selected transport took over low-level target control. The results might differ compared to plain JTAG/SWD
DEPRECATED! use 'adapter serial' not 'hla_serial'
Info : clock speed 500 kHz
Info : STLINK V2J39M27 (API v2) VID:PID 0483:374B
Info : Target voltage: 3.242133
Info : [stm32l4x.cpu] Cortex-M4 r0p1 processor detected
Info : [stm32l4x.cpu] target has 6 breakpoints, 4 watchpoints
Info : [stm32l4x.cpu] Examination succeed
Info : gdb port disabled
Info : Unable to match requested speed 500 kHz, using 480 kHz
Info : Unable to match requested speed 500 kHz, using 480 kHz
[stm32l4x.cpu] halted due to debug-request, current mode: Thread 
xPSR: 0x01000000 pc: 0x08000330 msp: 0x10000698
** Programming Started **
Info : device idcode = 0x20016462 (STM32L45/L46xx - Rev Y : 0x2001)
Info : RDP level 0 (0xAA)
Info : flash size = 512 KiB
Info : flash mode : single-bank
Warn : Adding extra erase range, 0x08014020 .. 0x080147ff
** Programming Finished **
** Resetting Target **
Info : Unable to match requested speed 500 kHz, using 480 kHz
Info : Unable to match requested speed 500 kHz, using 480 kHz
shutdown command invoked
Executing: /home/jamie/Mbed/mbed-ce-test-tools/CI-Shield-Tests/mbed-os/venv/bin/python3.10 -m mbed_host_tests.mbedhtrun --skip-flashing -p /dev/ttyNUCLEO_L452RE_P --skip-reset -e /home/jamie/Mbed/mbed-ce-test-tools/CI-Shield-Tests/host_tests -m NUCLEO_L452RE_P --baud-rate=115200
Will use any connected CI shield for this test.  Export the MBED_CI_SHIELD_SERIAL_NUMBER environment var to select a specific shield.
e.g. 'export MBED_CI_SHIELD_SERIAL_NUMBER=SN002'
[1725037190.99][HTST][INF] host test executor ver. 0.0.16
[1725037191.00][HTST][INF] copy image onto target... SKIPPED!
[1725037191.01][HTST][INF] starting host test process...
[1725037191.02][CONN][INF] starting connection process...
[1725037191.02][CONN][INF] notify event queue about extra 60 sec timeout for serial port pooling
[1725037191.02][CONN][INF] initializing serial port listener... 
[1725037191.02][SERI][INF] using specified port '/dev/ttyNUCLEO_L452RE_P'
[1725037191.02][SERI][INF] serial(port=/dev/ttyNUCLEO_L452RE_P, baudrate=115200, read_timeout=0.01, write_timeout=5)
[1725037191.02][HTST][INF] setting timeout to: 60 sec
[1725037191.03][SERI][TXD] mbedmbedmbedmbedmbedmbedmbedmbedmbedmbed
[1725037191.03][CONN][INF] sending up to 2 __sync packets (specified with --sync=2)
[1725037191.03][CONN][INF] sending preamble '291f650c-3f95-46a8-9009-3afbcf6026e6'
[1725037191.03][SERI][TXD] {{__sync;291f650c-3f95-46a8-9009-3afbcf6026e6}}
[1725037191.04][CONN][WRN] UnicodeDecodeError encountered!
[1725037191.04][CONN][RXD] 


[NON-XML-CHAR-0x3]~c[NON-XML-CHAR-0x1A]j
J
[NON-XML-CHAR-0x2]X[NON-XML-CHAR-0xC]R
l2!L
[NON-XML-CHAR-0x2][NON-XML-CHAR-0xE]j[NON-XML-CHAR-0x4]
L[NON-XML-CHAR-0xC][NON-XML-CHAR-0xE][NON-XML-CHAR-0x1C]






[NON-XML-CHAR-0x8]


[NON-XML-CHAR-0xE]

[NON-XML-CHAR-0x6]mZ
[NON-XML-CHAR-0x8]



[NON-XML-CHAR-0x4][NON-XML-CHAR-0x4]


[NON-XML-CHAR-0x15][NON-XML-CHAR-0x17][NON-XML-CHAR-0x1]


[NON-XML-CHAR-0x1]


[NON-XML-CHAR-0x2][NON-XML-CHAR-0x2]0[NON-XML-CHAR-0x5][NON-XML-CHAR-0x8]
[NON-XML-CHAR-0x1C][NON-XML-CHAR-0x8]


[NON-XML-CHAR-0x8][NON-XML-CHAR-0x1]
[NON-XML-CHAR-0x1]
[NON-XML-CHAR-0x6]	[NON-XML-CHAR-0x4][NON-XML-CHAR-0x3][NON-XML-CHAR-0x8][NON-XML-CHAR-0x18][NON-XML-CHAR-0xC][NON-XML-CHAR-0x2]
[NON-XML-CHAR-0x5]
[NON-XML-CHAR-0x8][NON-XML-CHAR-0x8]
[NON-XML-CHAR-0x1]	
[NON-XML-CHAR-0x2]


[NON-XML-CHAR-0x6]
mbedmbedmbedmbedmbedmbedmbedmbed
[1725037191.04][CONN][INF] found SYNC in stream: {{__sync;291f650c-3f95-46a8-9009-3afbcf6026e6}} it is #0 sent, queued...
[1725037191.04][HTST][INF] sync KV found, uuid=291f650c-3f95-46a8-9009-3afbcf6026e6, timestamp=1725037191.043940
[1725037191.06][CONN][RXD] &gt;&gt;&gt; Running 30 test cases...
[1725037191.06][CONN][INF] found KV pair in stream: {{__version;1.3.0}}, queued...
[1725037191.06][CONN][INF] found KV pair in stream: {{__timeout;60}}, queued...
[1725037191.06][CONN][INF] found KV pair in stream: {{__host_test_name;spi_basic_test}}, queued...
[1725037191.06][HTST][INF] DUT greentea-client version: 1.3.0
[1725037191.06][HTST][INF] setting timeout to: 60 sec
[1725037191.06][HTST][INF] host test class: '&lt;class 'spi_basic_test.SpiBasicTestHostTest'&gt;'
[1725037191.06][TEST][INF] SPI Basic Test host test setup complete.
[1725037191.06][HTST][INF] host test setup() call...
[1725037191.06][HTST][INF] CALLBACKs updated
[1725037191.06][HTST][INF] host test detected: spi_basic_test
[1725037191.07][CONN][INF] found KV pair in stream: {{__testcase_name;Verify spi_get_peripheral_name() Exists}}, queued...
[1725037191.07][CONN][INF] found KV pair in stream: {{__testcase_name;Send 8 Bit Data via Single Word API}}, queued...
[1725037191.07][CONN][INF] found KV pair in stream: {{__testcase_name;Send 16 Bit Data via Single Word API}}, queued...
[1725037191.08][CONN][INF] found KV pair in stream: {{__testcase_name;Send 8 Bit Data via Transactional API (Tx only)}}, queued...
[1725037191.08][CONN][INF] found KV pair in stream: {{__testcase_name;Send 16 Bit Data via Transactional API (Tx only)}}, queued...
[1725037191.09][CONN][INF] found KV pair in stream: {{__testcase_name;Free and Reallocate SPI Instance (synchronous API)}}, queued...
[1725037191.09][CONN][INF] found KV pair in stream: {{__testcase_name;Read 8 Bit Data via Transactional API (Rx only)}}, queued...
[1725037191.10][CONN][INF] found KV pair in stream: {{__testcase_name;Read 16 Bit Data via Transactional API (Rx only)}}, queued...
[1725037191.11][CONN][INF] found KV pair in stream: {{__testcase_name;Transfer 8 Bit Data via Transactional API (Tx/Rx)}}, queued...
[1725037191.11][CONN][INF] found KV pair in stream: {{__testcase_name;Transfer 16 Bit Data via Transactional API (Tx/Rx)}}, queued...
[1725037191.12][CONN][INF] found KV pair in stream: {{__testcase_name;Use Multiple SPI Instances (synchronous API)}}, queued...
[1725037191.13][CONN][INF] found KV pair in stream: {{__testcase_name;Send Data via Async Interrupt API (Tx only)}}, queued...
[1725037191.14][CONN][INF] found KV pair in stream: {{__testcase_name;Send Data via Async Interrupt API (Rx only)}}, queued...
[1725037191.14][CONN][INF] found KV pair in stream: {{__testcase_name;Free and Reallocate SPI Instance with Interrupts}}, queued...
[1725037191.15][CONN][INF] found KV pair in stream: {{__testcase_name;Send Data via Async Interrupt API (Tx/Rx)}}, queued...
[1725037191.15][CONN][INF] found KV pair in stream: {{__testcase_name;Send 16-Bit Data via Interrupt API (Tx/Rx)}}, queued...
[1725037191.16][CONN][INF] found KV pair in stream: {{__testcase_name;Send 32-Bit Data via Interrupt API (Tx/Rx)}}, queued...
[1725037191.16][CONN][INF] found KV pair in stream: {{__testcase_name;Benchmark Async SPI via Interrupts}}, queued...
[1725037191.17][CONN][INF] found KV pair in stream: {{__testcase_name;Queueing and Aborting Async SPI via Interrupts}}, queued...
[1725037191.17][CONN][INF] found KV pair in stream: {{__testcase_name;Use Multiple SPI Instances with Interrupts}}, queued...
[1725037191.17][CONN][INF] found KV pair in stream: {{__testcase_name;Send Data via Async DMA API (Tx only)}}, queued...
[1725037191.18][CONN][INF] found KV pair in stream: {{__testcase_name;Send Data via Async DMA API (Rx only)}}, queued...
[1725037191.18][CONN][INF] found KV pair in stream: {{__testcase_name;Free and Reallocate SPI Instance with DMA}}, queued...
[1725037191.19][CONN][INF] found KV pair in stream: {{__testcase_name;Send Data via Async DMA API (Tx/Rx)}}, queued...
[1725037191.19][CONN][INF] found KV pair in stream: {{__testcase_name;Send 16-Bit Data via Async DMA API (Tx/Rx)}}, queued...
[1725037191.21][CONN][INF] found KV pair in stream: {{__testcase_name;Send 32-Bit Data via Async DMA API (Tx/Rx)}}, queued...
[1725037191.21][CONN][INF] found KV pair in stream: {{__testcase_name;Benchmark Async SPI via DMA}}, queued...
[1725037191.22][CONN][INF] found KV pair in stream: {{__testcase_name;Queueing and Aborting Async SPI via DMA}}, queued...
[1725037191.22][CONN][INF] found KV pair in stream: {{__testcase_name;Use Multiple SPI Instances with DMA}}, queued...
[1725037191.23][CONN][RXD] 
[1725037191.23][CONN][RXD] &gt;&gt;&gt; Running case #1: 'Verify spi_get_peripheral_name() Exists'...
[1725037191.23][CONN][INF] found KV pair in stream: {{__testcase_name;Transfer 8 Bit Data via Transactional API (Tx/Rx)}}, queued...
[1725037191.24][CONN][INF] found KV pair in stream: {{__testcase_start;Verify spi_get_peripheral_name() Exists}}, queued...
[1725037191.24][CONN][INF] found KV pair in stream: {{__testcase_finish;Verify spi_get_peripheral_name() Exists;1;0}}, queued...
[1725037191.25][CONN][RXD] &gt;&gt;&gt; 'Verify spi_get_peripheral_name() Exists': 1 passed, 0 failed
[1725037191.25][CONN][RXD] &lt;greentea test suite&gt;:0::PASS
[1725037191.25][CONN][RXD] 
[1725037191.25][CONN][RXD] &gt;&gt;&gt; Running case #2: 'Send 8 Bit Data via Single Word API'...
[1725037191.26][CONN][INF] found KV pair in stream: {{__testcase_start;Send 8 Bit Data via Single Word API}}, queued...
[1725037191.26][CONN][INF] found KV pair in stream: {{start_recording_spi;please}}, queued...
[1725037192.29][SERI][TXD] {{start_recording_spi;complete}}
[1725037192.30][CONN][RXD] &lt;greentea test suite&gt;:151::FAIL: Expected 1 Was 0
[1725037192.30][CONN][INF] found KV pair in stream: {{verify_sequence;standard_word}}, queued...
[1725037192.38][TEST][INF] Saw on the SPI bus:
[mosi: b'01020408', miso: b'00000000']
[1725037192.38][TEST][ERR] Transaction 0 miso byte 0: expected 0x1 but saw 0x0
[1725037192.38][TEST][ERR] Transaction 0 miso byte 1: expected 0x2 but saw 0x0
[1725037192.38][TEST][ERR] Transaction 0 miso byte 2: expected 0x4 but saw 0x0
[1725037192.38][TEST][ERR] Transaction 0 miso byte 3: expected 0x8 but saw 0x0
[1725037192.38][TEST][INF] We expected:
[mosi: b'01020408', miso: b'01020408']
[1725037192.38][SERI][TXD] {{verify_sequence;failed}}
[1725037192.40][CONN][INF] found KV pair in stream: {{__testcase_finish;Send 8 Bit Data via Single Word API;0;1}}, queued...
[1725037192.41][CONN][RXD] &gt;&gt;&gt; 'Send 8 Bit Data via Single Word API': 0 passed, 1 failed with reason 'Test Cases Failed'
[1725037192.41][CONN][RXD] 
[1725037192.41][CONN][RXD] 
[1725037192.41][CONN][RXD] &gt;&gt;&gt; Running case #3: 'Send 16 Bit Data via Single Word API'...
[1725037192.42][CONN][INF] found KV pair in stream: {{__testcase_start;Send 16 Bit Data via Single Word API}}, queued...
[1725037192.42][CONN][INF] found KV pair in stream: {{start_recording_spi;please}}, queued...
[1725037193.43][SERI][TXD] {{start_recording_spi;complete}}
[1725037193.44][CONN][RXD] &lt;greentea test suite&gt;:169::FAIL: Expected 258 Was 0
[1725037193.44][CONN][INF] found KV pair in stream: {{verify_sequence;standard_word}}, queued...
[1725037193.52][TEST][INF] Saw on the SPI bus:
[mosi: b'01020408', miso: b'00000000']
[1725037193.52][TEST][ERR] Transaction 0 miso byte 0: expected 0x1 but saw 0x0
[1725037193.52][TEST][ERR] Transaction 0 miso byte 1: expected 0x2 but saw 0x0
[1725037193.52][TEST][ERR] Transaction 0 miso byte 2: expected 0x4 but saw 0x0
[1725037193.52][TEST][ERR] Transaction 0 miso byte 3: expected 0x8 but saw 0x0
[1725037193.52][TEST][INF] We expected:
[mosi: b'01020408', miso: b'01020408']
[1725037193.53][SERI][TXD] {{verify_sequence;failed}}
[1725037193.54][CONN][INF] found KV pair in stream: {{__testcase_finish;Send 16 Bit Data via Single Word API;0;1}}, queued...
[1725037193.55][CONN][RXD] &gt;&gt;&gt; 'Send 16 Bit Data via Single Word API': 0 passed, 1 failed with reason 'Test Cases Failed'
[1725037193.55][CONN][RXD] 
[1725037193.55][CONN][RXD] 
[1725037193.56][CONN][RXD] &gt;&gt;&gt; Running case #4: 'Send 8 Bit Data via Transactional API (Tx only)'...
[1725037193.56][CONN][INF] found KV pair in stream: {{__testcase_start;Send 8 Bit Data via Transactional API (Tx only)}}, queued...
[1725037193.56][CONN][INF] found KV pair in stream: {{start_recording_spi;please}}, queued...
[1725037194.57][SERI][TXD] {{start_recording_spi;complete}}
[1725037194.58][CONN][INF] found KV pair in stream: {{verify_sequence;standard_word}}, queued...
[1725037194.66][TEST][INF] Saw on the SPI bus:
[mosi: b'01020408', miso: b'00000000']
[1725037194.66][TEST][ERR] Transaction 0 miso byte 0: expected 0x1 but saw 0x0
[1725037194.66][TEST][ERR] Transaction 0 miso byte 1: expected 0x2 but saw 0x0
[1725037194.66][TEST][ERR] Transaction 0 miso byte 2: expected 0x4 but saw 0x0
[1725037194.66][TEST][ERR] Transaction 0 miso byte 3: expected 0x8 but saw 0x0
[1725037194.66][TEST][INF] We expected:
[mosi: b'01020408', miso: b'01020408']
[1725037194.67][SERI][TXD] {{verify_sequence;failed}}
[1725037194.68][CONN][RXD] &lt;greentea test suite&gt;:55::FAIL: Expected 'complete' Was 'failed'
[1725037194.69][CONN][INF] found KV pair in stream: {{__testcase_finish;Send 8 Bit Data via Transactional API (Tx only);0;1}}, queued...
[1725037194.70][CONN][RXD] &gt;&gt;&gt; 'Send 8 Bit Data via Transactional API (Tx only)': 0 passed, 1 failed with reason 'Test Cases Failed'
[1725037194.70][CONN][RXD] 
[1725037194.70][CONN][RXD] 
[1725037194.70][CONN][RXD] &gt;&gt;&gt; Running case #5: 'Send 16 Bit Data via Transactional API (Tx only)'...
[1725037194.71][CONN][INF] found KV pair in stream: {{__testcase_start;Send 16 Bit Data via Transactional API (Tx only)}}, queued...
[1725037194.71][CONN][INF] found KV pair in stream: {{start_recording_spi;please}}, queued...
[1725037195.72][SERI][TXD] {{start_recording_spi;complete}}
[1725037195.73][CONN][INF] found KV pair in stream: {{verify_sequence;standard_word}}, queued...
[1725037195.81][TEST][INF] Saw on the SPI bus:
[mosi: b'01020408', miso: b'00000000']
[1725037195.81][TEST][ERR] Transaction 0 miso byte 0: expected 0x1 but saw 0x0
[1725037195.81][TEST][ERR] Transaction 0 miso byte 1: expected 0x2 but saw 0x0
[1725037195.81][TEST][ERR] Transaction 0 miso byte 2: expected 0x4 but saw 0x0
[1725037195.81][TEST][ERR] Transaction 0 miso byte 3: expected 0x8 but saw 0x0
[1725037195.81][TEST][INF] We expected:
[mosi: b'01020408', miso: b'01020408']
[1725037195.82][SERI][TXD] {{verify_sequence;failed}}
[1725037195.83][CONN][RXD] &lt;greentea test suite&gt;:55::FAIL: Expected 'complete' Was 'failed'
[1725037195.84][CONN][INF] found KV pair in stream: {{__testcase_finish;Send 16 Bit Data via Transactional API (Tx only);0;1}}, queued...
[1725037195.85][CONN][RXD] &gt;&gt;&gt; 'Send 16 Bit Data via Transactional API (Tx only)': 0 passed, 1 failed with reason 'Test Cases Failed'
[1725037195.85][CONN][RXD] 
[1725037195.85][CONN][RXD] 
[1725037195.85][CONN][RXD] &gt;&gt;&gt; Running case #6: 'Free and Reallocate SPI Instance (synchronous API)'...
[1725037195.86][CONN][INF] found KV pair in stream: {{__testcase_start;Free and Reallocate SPI Instance (synchronous API)}}, queued...
[1725037195.86][CONN][INF] found KV pair in stream: {{start_recording_spi;please}}, queued...
[1725037196.87][SERI][TXD] {{start_recording_spi;complete}}
[1725037196.88][CONN][INF] found KV pair in stream: {{verify_sequence;standard_word}}, queued...
[1725037196.96][TEST][INF] Saw on the SPI bus:
[mosi: b'01020408', miso: b'00000000']
[1725037196.96][TEST][ERR] Transaction 0 miso byte 0: expected 0x1 but saw 0x0
[1725037196.96][TEST][ERR] Transaction 0 miso byte 1: expected 0x2 but saw 0x0
[1725037196.96][TEST][ERR] Transaction 0 miso byte 2: expected 0x4 but saw 0x0
[1725037196.96][TEST][ERR] Transaction 0 miso byte 3: expected 0x8 but saw 0x0
[1725037196.96][TEST][INF] We expected:
[mosi: b'01020408', miso: b'01020408']
[1725037196.97][SERI][TXD] {{verify_sequence;failed}}
[1725037196.98][CONN][RXD] &lt;greentea test suite&gt;:55::FAIL: Expected 'complete' Was 'failed'
[1725037196.99][CONN][INF] found KV pair in stream: {{__testcase_finish;Free and Reallocate SPI Instance (synchronous API);0;1}}, queued...
[1725037197.00][CONN][RXD] &gt;&gt;&gt; 'Free and Reallocate SPI Instance (synchronous API)': 0 passed, 1 failed with reason 'Test Cases Failed'
[1725037197.00][CONN][RXD] 
[1725037197.00][CONN][RXD] 
[1725037197.00][CONN][RXD] &gt;&gt;&gt; Running case #7: 'Read 8 Bit Data via Transactional API (Rx only)'...
[1725037197.01][CONN][INF] found KV pair in stream: {{__testcase_start;Read 8 Bit Data via Transactional API (Rx only)}}, queued...
[1725037197.01][CONN][INF] found KV pair in stream: {{start_recording_spi;please}}, queued...
[1725037198.02][SERI][TXD] {{start_recording_spi;complete}}
[1725037198.03][CONN][INF] found KV pair in stream: {{print_spi_data;please}}, queued...
[1725037198.11][TEST][INF] Saw on the SPI bus: [mosi: b'afafafaf', miso: b'00000000']
[1725037198.12][SERI][TXD] {{print_spi_data;complete}}
[1725037198.13][CONN][RXD] &lt;greentea test suite&gt;:219::FAIL: Element 0 Expected 0xAF Was 0x00
[1725037198.14][CONN][RXD] &lt;greentea test suite&gt;:219::FAIL: Element 1 Expected 0xAF Was 0x00
[1725037198.14][CONN][RXD] &lt;greentea test suite&gt;:219::FAIL: Element 2 Expected 0xAF Was 0x00
[1725037198.15][CONN][RXD] &lt;greentea test suite&gt;:219::FAIL: Element 3 Expected 0xAF Was 0x00
[1725037198.15][CONN][INF] found KV pair in stream: {{__testcase_finish;Read 8 Bit Data via Transactional API (Rx only);0;4}}, queued...
[1725037198.16][CONN][RXD] &gt;&gt;&gt; 'Read 8 Bit Data via Transactional API (Rx only)': 0 passed, 4 failed with reason 'Test Cases Failed'
[1725037198.16][CONN][RXD] 
[1725037198.16][CONN][RXD] 
[1725037198.17][CONN][RXD] &gt;&gt;&gt; Running case #8: 'Read 16 Bit Data via Transactional API (Rx only)'...
[1725037198.17][CONN][INF] found KV pair in stream: {{__testcase_start;Read 16 Bit Data via Transactional API (Rx only)}}, queued...
[1725037198.18][CONN][INF] found KV pair in stream: {{start_recording_spi;please}}, queued...
[1725037199.19][SERI][TXD] {{start_recording_spi;complete}}
[1725037199.20][CONN][INF] found KV pair in stream: {{print_spi_data;please}}, queued...
[1725037199.28][TEST][INF] Saw on the SPI bus: [mosi: b'afafafaf', miso: b'00000000']
[1725037199.29][SERI][TXD] {{print_spi_data;complete}}
[1725037199.30][CONN][RXD] &lt;greentea test suite&gt;:219::FAIL: Element 0 Expected 0xAF Was 0x00
[1725037199.31][CONN][RXD] &lt;greentea test suite&gt;:219::FAIL: Element 1 Expected 0xAF Was 0x00
[1725037199.31][CONN][RXD] &lt;greentea test suite&gt;:219::FAIL: Element 2 Expected 0xAF Was 0x00
[1725037199.32][CONN][RXD] &lt;greentea test suite&gt;:219::FAIL: Element 3 Expected 0xAF Was 0x00
[1725037199.32][CONN][INF] found KV pair in stream: {{__testcase_finish;Read 16 Bit Data via Transactional API (Rx only);0;4}}, queued...
[1725037199.33][CONN][RXD] &gt;&gt;&gt; 'Read 16 Bit Data via Transactional API (Rx only)': 0 passed, 4 failed with reason 'Test Cases Failed'
[1725037199.33][CONN][RXD] 
[1725037199.33][CONN][RXD] 
[1725037199.34][CONN][RXD] &gt;&gt;&gt; Running case #9: 'Transfer 8 Bit Data via Transactional API (Tx/Rx)'...
[1725037199.34][CONN][INF] found KV pair in stream: {{__testcase_start;Transfer 8 Bit Data via Transactional API (Tx/Rx)}}, queued...
[1725037199.35][CONN][INF] found KV pair in stream: {{start_recording_spi;please}}, queued...
[1725037200.36][SERI][TXD] {{start_recording_spi;complete}}
[1725037200.37][CONN][INF] found KV pair in stream: {{verify_sequence;standard_word}}, queued...
[1725037200.45][TEST][INF] Saw on the SPI bus:
[mosi: b'01020408', miso: b'00000000']
[1725037200.45][TEST][ERR] Transaction 0 miso byte 0: expected 0x1 but saw 0x0
[1725037200.45][TEST][ERR] Transaction 0 miso byte 1: expected 0x2 but saw 0x0
[1725037200.45][TEST][ERR] Transaction 0 miso byte 2: expected 0x4 but saw 0x0
[1725037200.45][TEST][ERR] Transaction 0 miso byte 3: expected 0x8 but saw 0x0
[1725037200.45][TEST][INF] We expected:
[mosi: b'01020408', miso: b'01020408']
[1725037200.46][SERI][TXD] {{verify_sequence;failed}}
[1725037200.47][CONN][RXD] &lt;greentea test suite&gt;:55::FAIL: Expected 'complete' Was 'failed'
[1725037200.48][CONN][INF] found KV pair in stream: {{__testcase_finish;Transfer 8 Bit Data via Transactional API (Tx/Rx);0;1}}, queued...
[1725037200.49][CONN][RXD] &gt;&gt;&gt; 'Transfer 8 Bit Data via Transactional API (Tx/Rx)': 0 passed, 1 failed with reason 'Test Cases Failed'
[1725037200.49][CONN][RXD] 
[1725037200.49][CONN][RXD] 
[1725037200.49][CONN][RXD] &gt;&gt;&gt; Running case #10: 'Transfer 16 Bit Data via Transactional API (Tx/Rx)'...
[1725037200.50][CONN][INF] found KV pair in stream: {{__testcase_start;Transfer 16 Bit Data via Transactional API (Tx/Rx)}}, queued...
[1725037200.50][CONN][INF] found KV pair in stream: {{start_recording_spi;please}}, queued...
[1725037201.51][SERI][TXD] {{start_recording_spi;complete}}
[1725037201.52][CONN][INF] found KV pair in stream: {{verify_sequence;standard_word}}, queued...
[1725037201.60][TEST][INF] Saw on the SPI bus:
[mosi: b'01020408', miso: b'00000000']
[1725037201.60][TEST][ERR] Transaction 0 miso byte 0: expected 0x1 but saw 0x0
[1725037201.60][TEST][ERR] Transaction 0 miso byte 1: expected 0x2 but saw 0x0
[1725037201.60][TEST][ERR] Transaction 0 miso byte 2: expected 0x4 but saw 0x0
[1725037201.60][TEST][ERR] Transaction 0 miso byte 3: expected 0x8 but saw 0x0
[1725037201.60][TEST][INF] We expected:
[mosi: b'01020408', miso: b'01020408']
[1725037201.61][SERI][TXD] {{verify_sequence;failed}}
[1725037201.62][CONN][RXD] &lt;greentea test suite&gt;:55::FAIL: Expected 'complete' Was 'failed'
[1725037201.63][CONN][INF] found KV pair in stream: {{__testcase_finish;Transfer 16 Bit Data via Transactional API (Tx/Rx);0;1}}, queued...
[1725037201.64][CONN][RXD] &gt;&gt;&gt; 'Transfer 16 Bit Data via Transactional API (Tx/Rx)': 0 passed, 1 failed with reason 'Test Cases Failed'
[1725037201.64][CONN][RXD] 
[1725037201.64][CONN][RXD] 
[1725037201.64][CONN][RXD] &gt;&gt;&gt; Running case #11: 'Use Multiple SPI Instances (synchronous API)'...
[1725037201.65][CONN][INF] found KV pair in stream: {{__testcase_start;Use Multiple SPI Instances (synchronous API)}}, queued...
[1725037201.65][CONN][INF] found KV pair in stream: {{start_recording_spi;please}}, queued...
[1725037202.67][SERI][TXD] {{start_recording_spi;complete}}
[1725037202.68][CONN][INF] found KV pair in stream: {{verify_sequence;standard_word}}, queued...
[1725037202.76][TEST][INF] Saw on the SPI bus:
[mosi: b'01020408', miso: b'00000000']
[1725037202.76][TEST][ERR] Transaction 0 miso byte 0: expected 0x1 but saw 0x0
[1725037202.76][TEST][ERR] Transaction 0 miso byte 1: expected 0x2 but saw 0x0
[1725037202.76][TEST][ERR] Transaction 0 miso byte 2: expected 0x4 but saw 0x0
[1725037202.76][TEST][ERR] Transaction 0 miso byte 3: expected 0x8 but saw 0x0
[1725037202.76][TEST][INF] We expected:
[mosi: b'01020408', miso: b'01020408']
[1725037202.77][SERI][TXD] {{verify_sequence;failed}}
[1725037202.78][CONN][RXD] &lt;greentea test suite&gt;:55::FAIL: Expected 'complete' Was 'failed'
[1725037202.79][CONN][INF] found KV pair in stream: {{__testcase_finish;Use Multiple SPI Instances (synchronous API);0;1}}, queued...
[1725037202.80][CONN][RXD] &gt;&gt;&gt; 'Use Multiple SPI Instances (synchronous API)': 0 passed, 1 failed with reason 'Test Cases Failed'
[1725037202.80][CONN][RXD] 
[1725037202.80][CONN][RXD] 
[1725037202.80][CONN][RXD] &gt;&gt;&gt; Running case #12: 'Send Data via Async Interrupt API (Tx only)'...
[1725037202.81][CONN][INF] found KV pair in stream: {{__testcase_start;Send Data via Async Interrupt API (Tx only)}}, queued...
[1725037202.81][CONN][INF] found KV pair in stream: {{start_recording_spi;please}}, queued...
[1725037203.82][SERI][TXD] {{start_recording_spi;complete}}
[1725037203.83][CONN][INF] found KV pair in stream: {{verify_sequence;standard_word}}, queued...
[1725037203.91][TEST][INF] Saw on the SPI bus:
[mosi: b'01020408', miso: b'00000000']
[1725037203.91][TEST][ERR] Transaction 0 miso byte 0: expected 0x1 but saw 0x0
[1725037203.91][TEST][ERR] Transaction 0 miso byte 1: expected 0x2 but saw 0x0
[1725037203.91][TEST][ERR] Transaction 0 miso byte 2: expected 0x4 but saw 0x0
[1725037203.91][TEST][ERR] Transaction 0 miso byte 3: expected 0x8 but saw 0x0
[1725037203.91][TEST][INF] We expected:
[mosi: b'01020408', miso: b'01020408']
[1725037203.92][SERI][TXD] {{verify_sequence;failed}}
[1725037203.93][CONN][RXD] &lt;greentea test suite&gt;:55::FAIL: Expected 'complete' Was 'failed'
[1725037203.94][CONN][INF] found KV pair in stream: {{__testcase_finish;Send Data via Async Interrupt API (Tx only);0;1}}, queued...
[1725037203.95][CONN][RXD] &gt;&gt;&gt; 'Send Data via Async Interrupt API (Tx only)': 0 passed, 1 failed with reason 'Test Cases Failed'
[1725037203.95][CONN][RXD] 
[1725037203.95][CONN][RXD] 
[1725037203.95][CONN][RXD] &gt;&gt;&gt; Running case #13: 'Send Data via Async Interrupt API (Rx only)'...
[1725037203.96][CONN][INF] found KV pair in stream: {{__testcase_start;Send Data via Async Interrupt API (Rx only)}}, queued...
[1725037203.96][CONN][INF] found KV pair in stream: {{start_recording_spi;please}}, queued...
[1725037204.98][SERI][TXD] {{start_recording_spi;complete}}
[1725037204.99][CONN][RXD] Got: 0 0 0 0
[1725037204.99][CONN][INF] found KV pair in stream: {{print_spi_data;please}}, queued...
[1725037205.07][TEST][INF] Saw on the SPI bus: [mosi: b'ffffffff', miso: b'00000000']
[1725037205.08][SERI][TXD] {{print_spi_data;complete}}
[1725037205.09][CONN][INF] found KV pair in stream: {{__testcase_finish;Send Data via Async Interrupt API (Rx only);1;0}}, queued...
[1725037205.10][CONN][RXD] &gt;&gt;&gt; 'Send Data via Async Interrupt API (Rx only)': 1 passed, 0 failed
[1725037205.10][CONN][RXD] &lt;greentea test suite&gt;:0::PASS
[1725037205.10][CONN][RXD] 
[1725037205.11][CONN][RXD] &gt;&gt;&gt; Running case #14: 'Free and Reallocate SPI Instance with Interrupts'...
[1725037205.11][CONN][INF] found KV pair in stream: {{__testcase_start;Free and Reallocate SPI Instance with Interrupts}}, queued...
[1725037205.11][CONN][INF] found KV pair in stream: {{start_recording_spi;please}}, queued...
[1725037206.13][SERI][TXD] {{start_recording_spi;complete}}
[1725037206.14][CONN][INF] found KV pair in stream: {{verify_sequence;standard_word}}, queued...
[1725037206.22][TEST][INF] Saw on the SPI bus:
[mosi: b'01020408', miso: b'00000000']
[1725037206.22][TEST][ERR] Transaction 0 miso byte 0: expected 0x1 but saw 0x0
[1725037206.22][TEST][ERR] Transaction 0 miso byte 1: expected 0x2 but saw 0x0
[1725037206.22][TEST][ERR] Transaction 0 miso byte 2: expected 0x4 but saw 0x0
[1725037206.22][TEST][ERR] Transaction 0 miso byte 3: expected 0x8 but saw 0x0
[1725037206.22][TEST][INF] We expected:
[mosi: b'01020408', miso: b'01020408']
[1725037206.22][SERI][TXD] {{verify_sequence;failed}}
[1725037206.23][CONN][RXD] &lt;greentea test suite&gt;:55::FAIL: Expected 'complete' Was 'failed'
[1725037206.25][CONN][INF] found KV pair in stream: {{__testcase_finish;Free and Reallocate SPI Instance with Interrupts;0;1}}, queued...
[1725037206.26][CONN][RXD] &gt;&gt;&gt; 'Free and Reallocate SPI Instance with Interrupts': 0 passed, 1 failed with reason 'Test Cases Failed'
[1725037206.26][CONN][RXD] 
[1725037206.26][CONN][RXD] 
[1725037206.26][CONN][RXD] &gt;&gt;&gt; Running case #15: 'Send Data via Async Interrupt API (Tx/Rx)'...
[1725037206.27][CONN][INF] found KV pair in stream: {{__testcase_start;Send Data via Async Interrupt API (Tx/Rx)}}, queued...
[1725037206.27][CONN][INF] found KV pair in stream: {{start_recording_spi;please}}, queued...
[1725037207.28][SERI][TXD] {{start_recording_spi;complete}}
[1725037207.29][CONN][RXD] &lt;greentea test suite&gt;:323::FAIL: Element 0 Expected 0x01 Was 0x00
[1725037207.31][CONN][RXD] &lt;greentea test suite&gt;:323::FAIL: Element 1 Expected 0x02 Was 0x00
[1725037207.31][CONN][RXD] &lt;greentea test suite&gt;:323::FAIL: Element 2 Expected 0x04 Was 0x00
[1725037207.32][CONN][RXD] &lt;greentea test suite&gt;:323::FAIL: Element 3 Expected 0x08 Was 0x00
[1725037207.32][CONN][INF] found KV pair in stream: {{verify_sequence;standard_word}}, queued...
[1725037207.37][TEST][INF] Saw on the SPI bus:
[mosi: b'01020408', miso: b'00000000']
[1725037207.38][TEST][ERR] Transaction 0 miso byte 0: expected 0x1 but saw 0x0
[1725037207.38][TEST][ERR] Transaction 0 miso byte 1: expected 0x2 but saw 0x0
[1725037207.38][TEST][ERR] Transaction 0 miso byte 2: expected 0x4 but saw 0x0
[1725037207.38][TEST][ERR] Transaction 0 miso byte 3: expected 0x8 but saw 0x0
[1725037207.38][TEST][INF] We expected:
[mosi: b'01020408', miso: b'01020408']
[1725037207.38][SERI][TXD] {{verify_sequence;failed}}
[1725037207.39][CONN][INF] found KV pair in stream: {{__testcase_finish;Send Data via Async Interrupt API (Tx/Rx);0;4}}, queued...
[1725037207.40][CONN][RXD] &gt;&gt;&gt; 'Send Data via Async Interrupt API (Tx/Rx)': 0 passed, 4 failed with reason 'Test Cases Failed'
[1725037207.40][CONN][RXD] 
[1725037207.40][CONN][RXD] 
[1725037207.42][CONN][RXD] &gt;&gt;&gt; Running case #16: 'Send 16-Bit Data via Interrupt API (Tx/Rx)'...
[1725037207.42][CONN][INF] found KV pair in stream: {{__testcase_start;Send 16-Bit Data via Interrupt API (Tx/Rx)}}, queued...
[1725037207.42][CONN][INF] found KV pair in stream: {{start_recording_spi;please}}, queued...
[1725037208.43][SERI][TXD] {{start_recording_spi;complete}}
[1725037208.44][CONN][RXD] &lt;greentea test suite&gt;:336::FAIL: Element 0 Expected 0x0102 Was 0x0000
[1725037208.45][CONN][RXD] &lt;greentea test suite&gt;:336::FAIL: Element 1 Expected 0x0408 Was 0x0000
[1725037208.45][CONN][INF] found KV pair in stream: {{verify_sequence;standard_word}}, queued...
[1725037208.52][TEST][INF] Saw on the SPI bus:
[mosi: b'01020408', miso: b'00000000']
[1725037208.52][TEST][ERR] Transaction 0 miso byte 0: expected 0x1 but saw 0x0
[1725037208.52][TEST][ERR] Transaction 0 miso byte 1: expected 0x2 but saw 0x0
[1725037208.52][TEST][ERR] Transaction 0 miso byte 2: expected 0x4 but saw 0x0
[1725037208.52][TEST][ERR] Transaction 0 miso byte 3: expected 0x8 but saw 0x0
[1725037208.52][TEST][INF] We expected:
[mosi: b'01020408', miso: b'01020408']
[1725037208.53][SERI][TXD] {{verify_sequence;failed}}
[1725037208.54][CONN][INF] found KV pair in stream: {{__testcase_finish;Send 16-Bit Data via Interrupt API (Tx/Rx);0;2}}, queued...
[1725037208.55][CONN][RXD] &gt;&gt;&gt; 'Send 16-Bit Data via Interrupt API (Tx/Rx)': 0 passed, 2 failed with reason 'Test Cases Failed'
[1725037208.55][CONN][RXD] 
[1725037208.55][CONN][RXD] 
[1725037208.56][CONN][RXD] &gt;&gt;&gt; Running case #17: 'Send 32-Bit Data via Interrupt API (Tx/Rx)'...
[1725037208.56][CONN][INF] found KV pair in stream: {{__testcase_start;Send 32-Bit Data via Interrupt API (Tx/Rx)}}, queued...
[1725037208.56][CONN][INF] found KV pair in stream: {{start_recording_spi;please}}, queued...
[1725037209.57][SERI][TXD] {{start_recording_spi;complete}}
[1725037209.58][CONN][RXD] &lt;greentea test suite&gt;:349::FAIL: Expected 0x01020408 Was 0x00000000
[1725037209.58][CONN][INF] found KV pair in stream: {{verify_sequence;standard_word}}, queued...
[1725037209.66][TEST][INF] Saw on the SPI bus:
[mosi: b'08040201', miso: b'00000000']
[1725037209.66][TEST][ERR] Transaction 0 MOSI byte 0: expected 0x1 but saw 0x8
[1725037209.66][TEST][ERR] Transaction 0 miso byte 0: expected 0x1 but saw 0x0
[1725037209.66][TEST][ERR] Transaction 0 MOSI byte 1: expected 0x2 but saw 0x4
[1725037209.66][TEST][ERR] Transaction 0 miso byte 1: expected 0x2 but saw 0x0
[1725037209.66][TEST][ERR] Transaction 0 MOSI byte 2: expected 0x4 but saw 0x2
[1725037209.66][TEST][ERR] Transaction 0 miso byte 2: expected 0x4 but saw 0x0
[1725037209.66][TEST][ERR] Transaction 0 MOSI byte 3: expected 0x8 but saw 0x1
[1725037209.66][TEST][ERR] Transaction 0 miso byte 3: expected 0x8 but saw 0x0
[1725037209.66][TEST][INF] We expected:
[mosi: b'01020408', miso: b'01020408']
[1725037209.67][SERI][TXD] {{verify_sequence;failed}}
[1725037209.68][CONN][INF] found KV pair in stream: {{__testcase_finish;Send 32-Bit Data via Interrupt API (Tx/Rx);0;1}}, queued...
[1725037209.69][CONN][RXD] &gt;&gt;&gt; 'Send 32-Bit Data via Interrupt API (Tx/Rx)': 0 passed, 1 failed with reason 'Test Cases Failed'
[1725037209.69][CONN][RXD] 
[1725037209.69][CONN][RXD] 
[1725037209.70][CONN][RXD] &gt;&gt;&gt; Running case #18: 'Benchmark Async SPI via Interrupts'...
[1725037209.70][CONN][INF] found KV pair in stream: {{__testcase_start;Benchmark Async SPI via Interrupts}}, queued...
[1725037209.71][CONN][RXD] Transferred 32 bytes @ 100kHz in 907us, with 865us occurring in the background.
[1725037209.71][CONN][RXD] Note: Based on the byte count and frequency, the theoretical best time for this SPI transaction is 2560us
[1725037209.73][CONN][RXD] Note: the above background time does not include overhead from interrupts, which may be significant.
[1725037209.74][CONN][RXD] &gt;&gt;&gt; 'Benchmark Async SPI via Interrupts': 1 passed, 0 failed
[1725037209.74][CONN][RXD] &lt;greentea test suite&gt;:0::PASS
[1725037209.74][CONN][RXD] 
[1725037209.74][CONN][INF] found KV pair in stream: {{__testcase_finish;Benchmark Async SPI via Interrupts;1;0}}, queued...
[1725037209.75][CONN][RXD] &gt;&gt;&gt; Running case #19: 'Queueing and Aborting Async SPI via Interrupts'...
[1725037209.75][CONN][INF] found KV pair in stream: {{__testcase_start;Queueing and Aborting Async SPI via Interrupts}}, queued...
[1725037209.76][CONN][INF] found KV pair in stream: {{start_recording_spi;please}}, queued...
[1725037210.77][SERI][TXD] {{start_recording_spi;complete}}
[1725037210.92][CONN][RXD] &lt;greentea test suite&gt;:451::FAIL: Expected 0 Was 32
[1725037210.92][CONN][INF] found KV pair in stream: {{verify_queue_and_abort_test;please}}, queued...
[1725037210.92][TEST][INF] Saw on the SPI bus: [mosi: b'0102000000000000000000000000000000000000', miso: b'0000000000000000000000000000000000000000']
[1725037210.92][TEST][ERR] Incorrect MOSI data for queue and abort test
[1725037210.93][SERI][TXD] {{verify_queue_and_abort_test;fail}}
[1725037210.94][CONN][INF] found KV pair in stream: {{__testcase_finish;Queueing and Aborting Async SPI via Interrupts;0;1}}, queued...
[1725037210.95][CONN][RXD] &gt;&gt;&gt; 'Queueing and Aborting Async SPI via Interrupts': 0 passed, 1 failed with reason 'Test Cases Failed'
[1725037210.95][CONN][RXD] 
[1725037210.96][CONN][RXD] 
[1725037210.97][CONN][RXD] &gt;&gt;&gt; Running case #20: 'Use Multiple SPI Instances with Interrupts'...
[1725037210.97][CONN][INF] found KV pair in stream: {{__testcase_start;Use Multiple SPI Instances with Interrupts}}, queued...
[1725037210.97][CONN][INF] found KV pair in stream: {{start_recording_spi;please}}, queued...
[1725037211.98][SERI][TXD] {{start_recording_spi;complete}}
[1725037211.99][CONN][INF] found KV pair in stream: {{verify_sequence;standard_word}}, queued...
[1725037212.07][TEST][INF] Saw on the SPI bus:
[mosi: b'01020408', miso: b'00000000']
[1725037212.07][TEST][ERR] Transaction 0 miso byte 0: expected 0x1 but saw 0x0
[1725037212.07][TEST][ERR] Transaction 0 miso byte 1: expected 0x2 but saw 0x0
[1725037212.07][TEST][ERR] Transaction 0 miso byte 2: expected 0x4 but saw 0x0
[1725037212.07][TEST][ERR] Transaction 0 miso byte 3: expected 0x8 but saw 0x0
[1725037212.07][TEST][INF] We expected:
[mosi: b'01020408', miso: b'01020408']
[1725037212.08][SERI][TXD] {{verify_sequence;failed}}
[1725037212.09][CONN][RXD] &lt;greentea test suite&gt;:55::FAIL: Expected 'complete' Was 'failed'
[1725037212.10][CONN][INF] found KV pair in stream: {{__testcase_finish;Use Multiple SPI Instances with Interrupts;0;1}}, queued...
[1725037212.11][CONN][RXD] &gt;&gt;&gt; 'Use Multiple SPI Instances with Interrupts': 0 passed, 1 failed with reason 'Test Cases Failed'
[1725037212.11][CONN][RXD] 
[1725037212.11][CONN][RXD] 
[1725037212.11][CONN][RXD] &gt;&gt;&gt; Running case #21: 'Send Data via Async DMA API (Tx only)'...
[1725037212.12][CONN][INF] found KV pair in stream: {{__testcase_start;Send Data via Async DMA API (Tx only)}}, queued...
[1725037212.12][CONN][INF] found KV pair in stream: {{start_recording_spi;please}}, queued...
[1725037213.14][SERI][TXD] {{start_recording_spi;complete}}
[1725037213.15][CONN][INF] found KV pair in stream: {{verify_sequence;standard_word}}, queued...
[1725037213.23][TEST][INF] Saw on the SPI bus:
[mosi: b'01020408', miso: b'00000000']
[1725037213.23][TEST][ERR] Transaction 0 miso byte 0: expected 0x1 but saw 0x0
[1725037213.23][TEST][ERR] Transaction 0 miso byte 1: expected 0x2 but saw 0x0
[1725037213.23][TEST][ERR] Transaction 0 miso byte 2: expected 0x4 but saw 0x0
[1725037213.23][TEST][ERR] Transaction 0 miso byte 3: expected 0x8 but saw 0x0
[1725037213.23][TEST][INF] We expected:
[mosi: b'01020408', miso: b'01020408']
[1725037213.23][SERI][TXD] {{verify_sequence;failed}}
[1725037213.24][CONN][RXD] &lt;greentea test suite&gt;:55::FAIL: Expected 'complete' Was 'failed'
[1725037213.26][CONN][RXD] &gt;&gt;&gt; 'Send Data via Async DMA API (Tx only)': 0 passed, 1 failed with reason 'Test Cases Failed'
[1725037213.26][CONN][RXD] 
[1725037213.26][CONN][RXD] 
[1725037213.26][CONN][INF] found KV pair in stream: {{__testcase_finish;Send Data via Async DMA API (Tx only);0;1}}, queued...
[1725037213.27][CONN][RXD] &gt;&gt;&gt; Running case #22: 'Send Data via Async DMA API (Rx only)'...
[1725037213.27][CONN][INF] found KV pair in stream: {{__testcase_start;Send Data via Async DMA API (Rx only)}}, queued...
[1725037213.28][CONN][INF] found KV pair in stream: {{start_recording_spi;please}}, queued...
[1725037214.29][SERI][TXD] {{start_recording_spi;complete}}
[1725037214.31][CONN][RXD] Got: 0 0 0 0
[1725037214.31][CONN][INF] found KV pair in stream: {{print_spi_data;please}}, queued...
[1725037214.38][TEST][INF] Saw on the SPI bus: [mosi: b'ffffffff', miso: b'00000000']
[1725037214.39][SERI][TXD] {{print_spi_data;complete}}
[1725037214.40][CONN][INF] found KV pair in stream: {{__testcase_finish;Send Data via Async DMA API (Rx only);1;0}}, queued...
[1725037214.41][CONN][RXD] &gt;&gt;&gt; 'Send Data via Async DMA API (Rx only)': 1 passed, 0 failed
[1725037214.41][CONN][RXD] &lt;greentea test suite&gt;:0::PASS
[1725037214.41][CONN][RXD] 
[1725037214.41][CONN][RXD] &gt;&gt;&gt; Running case #23: 'Free and Reallocate SPI Instance with DMA'...
[1725037214.42][CONN][INF] found KV pair in stream: {{__testcase_start;Free and Reallocate SPI Instance with DMA}}, queued...
[1725037214.43][CONN][INF] found KV pair in stream: {{start_recording_spi;please}}, queued...
[1725037215.44][SERI][TXD] {{start_recording_spi;complete}}
[1725037215.45][CONN][INF] found KV pair in stream: {{verify_sequence;standard_word}}, queued...
[1725037215.53][TEST][INF] Saw on the SPI bus:
[mosi: b'01020408', miso: b'00000000']
[1725037215.53][TEST][ERR] Transaction 0 miso byte 0: expected 0x1 but saw 0x0
[1725037215.53][TEST][ERR] Transaction 0 miso byte 1: expected 0x2 but saw 0x0
[1725037215.53][TEST][ERR] Transaction 0 miso byte 2: expected 0x4 but saw 0x0
[1725037215.53][TEST][ERR] Transaction 0 miso byte 3: expected 0x8 but saw 0x0
[1725037215.53][TEST][INF] We expected:
[mosi: b'01020408', miso: b'01020408']
[1725037215.54][SERI][TXD] {{verify_sequence;failed}}
[1725037215.55][CONN][RXD] &lt;greentea test suite&gt;:55::FAIL: Expected 'complete' Was 'failed'
[1725037215.56][CONN][INF] found KV pair in stream: {{__testcase_finish;Free and Reallocate SPI Instance with DMA;0;1}}, queued...
[1725037215.57][CONN][RXD] &gt;&gt;&gt; 'Free and Reallocate SPI Instance with DMA': 0 passed, 1 failed with reason 'Test Cases Failed'
[1725037215.57][CONN][RXD] 
[1725037215.57][CONN][RXD] 
[1725037215.57][CONN][RXD] &gt;&gt;&gt; Running case #24: 'Send Data via Async DMA API (Tx/Rx)'...
[1725037215.57][CONN][INF] found KV pair in stream: {{__testcase_start;Send Data via Async DMA API (Tx/Rx)}}, queued...
[1725037215.58][CONN][INF] found KV pair in stream: {{start_recording_spi;please}}, queued...
[1725037216.59][SERI][TXD] {{start_recording_spi;complete}}
[1725037216.60][CONN][RXD] &lt;greentea test suite&gt;:323::FAIL: Element 0 Expected 0x01 Was 0x00
[1725037216.62][CONN][RXD] &lt;greentea test suite&gt;:323::FAIL: Element 1 Expected 0x02 Was 0x00
[1725037216.62][CONN][RXD] &lt;greentea test suite&gt;:323::FAIL: Element 2 Expected 0x04 Was 0x00
[1725037216.63][CONN][RXD] &lt;greentea test suite&gt;:323::FAIL: Element 3 Expected 0x08 Was 0x00
[1725037216.63][CONN][INF] found KV pair in stream: {{verify_sequence;standard_word}}, queued...
[1725037216.68][TEST][INF] Saw on the SPI bus:
[mosi: b'01020408', miso: b'00000000']
[1725037216.68][TEST][ERR] Transaction 0 miso byte 0: expected 0x1 but saw 0x0
[1725037216.68][TEST][ERR] Transaction 0 miso byte 1: expected 0x2 but saw 0x0
[1725037216.68][TEST][ERR] Transaction 0 miso byte 2: expected 0x4 but saw 0x0
[1725037216.68][TEST][ERR] Transaction 0 miso byte 3: expected 0x8 but saw 0x0
[1725037216.68][TEST][INF] We expected:
[mosi: b'01020408', miso: b'01020408']
[1725037216.69][SERI][TXD] {{verify_sequence;failed}}
[1725037216.70][CONN][INF] found KV pair in stream: {{__testcase_finish;Send Data via Async DMA API (Tx/Rx);0;4}}, queued...
[1725037216.71][CONN][RXD] &gt;&gt;&gt; 'Send Data via Async DMA API (Tx/Rx)': 0 passed, 4 failed with reason 'Test Cases Failed'
[1725037216.71][CONN][RXD] 
[1725037216.71][CONN][RXD] 
[1725037216.71][CONN][RXD] &gt;&gt;&gt; Running case #25: 'Send 16-Bit Data via Async DMA API (Tx/Rx)'...
[1725037216.72][CONN][INF] found KV pair in stream: {{__testcase_start;Send 16-Bit Data via Async DMA API (Tx/Rx)}}, queued...
[1725037216.73][CONN][INF] found KV pair in stream: {{start_recording_spi;please}}, queued...
[1725037217.74][SERI][TXD] {{start_recording_spi;complete}}
[1725037218.75][CONN][RXD] &lt;greentea test suite&gt;:335::FAIL: Expected 1 Was 0
[1725037218.76][CONN][INF] found KV pair in stream: {{verify_sequence;standard_word}}, queued...
[1725037218.76][TEST][INF] Saw on the SPI bus:
[mosi: b'0102', miso: b'0000']
[1725037218.76][TEST][ERR] Transaction 0: expected length 4 but saw 2
[1725037218.76][TEST][INF] We expected:
[mosi: b'01020408', miso: b'01020408']
[1725037218.77][SERI][TXD] {{verify_sequence;failed}}
[1725037218.78][CONN][INF] found KV pair in stream: {{__testcase_finish;Send 16-Bit Data via Async DMA API (Tx/Rx);0;1}}, queued...
[1725037218.80][CONN][RXD] &gt;&gt;&gt; 'Send 16-Bit Data via Async DMA API (Tx/Rx)': 0 passed, 1 failed with reason 'Test Cases Failed'
[1725037218.80][CONN][RXD] 
[1725037218.80][CONN][RXD] 
[1725037218.81][CONN][RXD] &gt;&gt;&gt; Running case #26: 'Send 32-Bit Data via Async DMA API (Tx/Rx)'...
[1725037218.81][CONN][INF] found KV pair in stream: {{__testcase_start;Send 32-Bit Data via Async DMA API (Tx/Rx)}}, queued...
[1725037218.81][CONN][INF] found KV pair in stream: {{start_recording_spi;please}}, queued...
[1725037219.82][SERI][TXD] {{start_recording_spi;complete}}
[1725037219.83][CONN][RXD] &lt;greentea test suite&gt;:349::FAIL: Expected 0x01020408 Was 0x00000000
[1725037219.83][CONN][INF] found KV pair in stream: {{verify_sequence;standard_word}}, queued...
[1725037219.91][TEST][INF] Saw on the SPI bus:
[mosi: b'08040201', miso: b'00000000']
[1725037219.91][TEST][ERR] Transaction 0 MOSI byte 0: expected 0x1 but saw 0x8
[1725037219.91][TEST][ERR] Transaction 0 miso byte 0: expected 0x1 but saw 0x0
[1725037219.91][TEST][ERR] Transaction 0 MOSI byte 1: expected 0x2 but saw 0x4
[1725037219.91][TEST][ERR] Transaction 0 miso byte 1: expected 0x2 but saw 0x0
[1725037219.91][TEST][ERR] Transaction 0 MOSI byte 2: expected 0x4 but saw 0x2
[1725037219.91][TEST][ERR] Transaction 0 miso byte 2: expected 0x4 but saw 0x0
[1725037219.91][TEST][ERR] Transaction 0 MOSI byte 3: expected 0x8 but saw 0x1
[1725037219.91][TEST][ERR] Transaction 0 miso byte 3: expected 0x8 but saw 0x0
[1725037219.91][TEST][INF] We expected:
[mosi: b'01020408', miso: b'01020408']
[1725037219.92][SERI][TXD] {{verify_sequence;failed}}
[1725037219.93][CONN][INF] found KV pair in stream: {{__testcase_finish;Send 32-Bit Data via Async DMA API (Tx/Rx);0;1}}, queued...
[1725037219.94][CONN][RXD] &gt;&gt;&gt; 'Send 32-Bit Data via Async DMA API (Tx/Rx)': 0 passed, 1 failed with reason 'Test Cases Failed'
[1725037219.94][CONN][RXD] 
[1725037219.94][CONN][RXD] 
[1725037219.95][CONN][RXD] &gt;&gt;&gt; Running case #27: 'Benchmark Async SPI via DMA'...
[1725037219.95][CONN][RXD] Transferred 32 bytes @ 100kHz in 897us, with 856us occurring in the background.
[1725037219.95][CONN][INF] found KV pair in stream: {{__testcase_start;Benchmark Async SPI via DMA}}, queued...
[1725037219.96][CONN][RXD] Note: Based on the byte count and frequency, the theoretical best time for this SPI transaction is 2560us
[1725037219.97][CONN][RXD] Note: the above background time does not include overhead from interrupts, which may be significant.
[1725037219.98][CONN][RXD] &gt;&gt;&gt; 'Benchmark Async SPI via DMA': 1 passed, 0 failed
[1725037219.98][CONN][RXD] &lt;greentea test suite&gt;:0::PASS
[1725037219.98][CONN][RXD] 
[1725037219.98][CONN][INF] found KV pair in stream: {{__testcase_finish;Benchmark Async SPI via DMA;1;0}}, queued...
[1725037219.99][CONN][RXD] &gt;&gt;&gt; Running case #28: 'Queueing and Aborting Async SPI via DMA'...
[1725037219.99][CONN][INF] found KV pair in stream: {{__testcase_start;Queueing and Aborting Async SPI via DMA}}, queued...
[1725037219.99][CONN][INF] found KV pair in stream: {{start_recording_spi;please}}, queued...
[1725037221.01][SERI][TXD] {{start_recording_spi;complete}}
[1725037221.03][CONN][INF] found KV pair in stream: {{verify_queue_and_abort_test;please}}, queued...
[1725037221.11][TEST][INF] Saw on the SPI bus: [mosi: b'010200000000000000000000000000000000000102000000000000000000000000000000000000000000000000000000000000', miso: b'000000000000000000000000000000000000000000000000000000000000000000000000000000000000000000000000000000']
[1725037221.12][SERI][TXD] {{verify_queue_and_abort_test;pass}}
[1725037221.13][CONN][INF] found KV pair in stream: {{__testcase_finish;Queueing and Aborting Async SPI via DMA;1;0}}, queued...
[1725037221.14][CONN][RXD] &gt;&gt;&gt; 'Queueing and Aborting Async SPI via DMA': 1 passed, 0 failed
[1725037221.14][CONN][RXD] &lt;greentea test suite&gt;:0::PASS
[1725037221.14][CONN][RXD] 
[1725037221.15][CONN][RXD] &gt;&gt;&gt; Running case #29: 'Use Multiple SPI Instances with DMA'...
[1725037221.15][CONN][INF] found KV pair in stream: {{__testcase_start;Use Multiple SPI Instances with DMA}}, queued...
[1725037221.15][CONN][INF] found KV pair in stream: {{start_recording_spi;please}}, queued...
[1725037222.17][SERI][TXD] {{start_recording_spi;complete}}
[1725037222.18][CONN][INF] found KV pair in stream: {{verify_sequence;standard_word}}, queued...
Correct number of messages
First message looks OK
Second message looks OK
[1725037222.26][TEST][INF] Saw on the SPI bus:
[mosi: b'01020408', miso: b'00000000']
[1725037222.26][TEST][ERR] Transaction 0 miso byte 0: expected 0x1 but saw 0x0
[1725037222.26][TEST][ERR] Transaction 0 miso byte 1: expected 0x2 but saw 0x0
[1725037222.26][TEST][ERR] Transaction 0 miso byte 2: expected 0x4 but saw 0x0
[1725037222.26][TEST][ERR] Transaction 0 miso byte 3: expected 0x8 but saw 0x0
[1725037222.26][TEST][INF] We expected:
[mosi: b'01020408', miso: b'01020408']
[1725037222.27][SERI][TXD] {{verify_sequence;failed}}
[1725037222.28][CONN][RXD] &lt;greentea test suite&gt;:55::FAIL: Expected 'complete' Was 'failed'
[1725037222.29][CONN][RXD] &gt;&gt;&gt; 'Use Multiple SPI Instances with DMA': 0 passed, 1 failed with reason 'Test Cases Failed'
[1725037222.29][CONN][RXD] 
[1725037222.29][CONN][INF] found KV pair in stream: {{__testcase_finish;Use Multiple SPI Instances with DMA;0;1}}, queued...
[1725037222.30][CONN][RXD] 
[1725037222.30][CONN][RXD] &gt;&gt;&gt; Running case #30: 'Transfer 8 Bit Data via Transactional API (Tx/Rx)'...
[1725037222.31][CONN][INF] found KV pair in stream: {{__testcase_start;Transfer 8 Bit Data via Transactional API (Tx/Rx)}}, queued...
[1725037222.31][CONN][INF] found KV pair in stream: {{start_recording_spi;please}}, queued...
[1725037223.32][SERI][TXD] {{start_recording_spi;complete}}
[1725037223.34][CONN][INF] found KV pair in stream: {{verify_sequence;standard_word}}, queued...
[1725037223.41][TEST][INF] Saw on the SPI bus:
[mosi: b'01020408', miso: b'00000000']
[1725037223.41][TEST][ERR] Transaction 0 miso byte 0: expected 0x1 but saw 0x0
[1725037223.41][TEST][ERR] Transaction 0 miso byte 1: expected 0x2 but saw 0x0
[1725037223.41][TEST][ERR] Transaction 0 miso byte 2: expected 0x4 but saw 0x0
[1725037223.41][TEST][ERR] Transaction 0 miso byte 3: expected 0x8 but saw 0x0
[1725037223.41][TEST][INF] We expected:
[mosi: b'01020408', miso: b'01020408']
[1725037223.42][SERI][TXD] {{verify_sequence;failed}}
[1725037223.43][CONN][RXD] &lt;greentea test suite&gt;:55::FAIL: Expected 'complete' Was 'failed'
[1725037223.44][CONN][INF] found KV pair in stream: {{__testcase_finish;Transfer 8 Bit Data via Transactional API (Tx/Rx);0;1}}, queued...
[1725037223.45][CONN][RXD] &gt;&gt;&gt; 'Transfer 8 Bit Data via Transactional API (Tx/Rx)': 0 passed, 1 failed with reason 'Test Cases Failed'
[1725037223.45][CONN][RXD] 
[1725037223.45][CONN][RXD] 
[1725037223.45][CONN][RXD] &gt;&gt;&gt; Test cases: 6 passed, 24 failed with reason 'Test Cases Failed'
[1725037223.45][CONN][RXD] &gt;&gt;&gt; TESTS FAILED!
[1725037223.45][CONN][RXD] 
[1725037223.47][CONN][RXD] -----------------------
[1725037223.47][CONN][RXD] 0 Tests 24 Failures 0 Ignored 
[1725037223.47][CONN][RXD] FAIL
[1725037223.47][CONN][INF] found KV pair in stream: {{__testcase_summary;6;24}}, queued...
[1725037223.47][CONN][INF] found KV pair in stream: {{end;failure}}, queued...
[1725037223.47][CONN][INF] found KV pair in stream: {{__exit;0}}, queued...
[1725037223.47][HTST][INF] __exit(0)
[1725037223.47][HTST][INF] __notify_complete(False)
[1725037223.47][HTST][INF] __exit_event_queue received
[1725037223.47][HTST][INF] test suite run finished after 32.41 sec...
[1725037223.48][CONN][INF] received special event '__host_test_finished' value='True', finishing
[1725037223.49][HTST][INF] CONN exited with code: 0
[1725037223.49][HTST][INF] Some events in queue
[1725037223.49][HTST][INF] stopped consuming events
[1725037223.49][HTST][INF] host test result() call skipped, received: False
[1725037223.49][HTST][INF] calling blocking teardown()
[1725037223.49][HTST][INF] teardown() finished
[1725037223.49][HTST][INF] {{result;failure}}
CMake Error at mbed-run-greentea-test-testshield-spi-basic.cmake:19 (execute_process):
  execute_process failed command indexes:

    1: "Child return code: 1"



</system-out>
	</testcase>
	<testcase name="test-testshield-spi-microsd" classname="test-testshield-spi-microsd" time="127.605" status="fail">
		<failure message=""/>
		<system-out>[1/1] Flashing test-testshield-spi-microsd with OpenOCD...
Open On-Chip Debugger 0.12.0+dev-00499-g151b74371 (2024-01-22-10:06)
Licensed under GNU GPL v2
For bug reports, read
	http://openocd.org/doc/doxygen/bugs.html
DEPRECATED! use 'adapter driver' not 'interface'
Info : The selected transport took over low-level target control. The results might differ compared to plain JTAG/SWD
DEPRECATED! use 'adapter serial' not 'hla_serial'
Info : clock speed 500 kHz
Info : STLINK V2J39M27 (API v2) VID:PID 0483:374B
Info : Target voltage: 3.240553
Info : [stm32l4x.cpu] Cortex-M4 r0p1 processor detected
Info : [stm32l4x.cpu] target has 6 breakpoints, 4 watchpoints
Info : [stm32l4x.cpu] Examination succeed
Info : gdb port disabled
Info : Unable to match requested speed 500 kHz, using 480 kHz
Info : Unable to match requested speed 500 kHz, using 480 kHz
[stm32l4x.cpu] halted due to debug-request, current mode: Thread 
xPSR: 0x01000000 pc: 0x08000330 msp: 0x10000698
** Programming Started **
Info : device idcode = 0x20016462 (STM32L45/L46xx - Rev Y : 0x2001)
Info : RDP level 0 (0xAA)
Info : flash size = 512 KiB
Info : flash mode : single-bank
Warn : Adding extra erase range, 0x08023230 .. 0x080237ff
** Programming Finished **
** Resetting Target **
Info : Unable to match requested speed 500 kHz, using 480 kHz
Info : Unable to match requested speed 500 kHz, using 480 kHz
shutdown command invoked
Executing: /home/jamie/Mbed/mbed-ce-test-tools/CI-Shield-Tests/mbed-os/venv/bin/python3.10 -m mbed_host_tests.mbedhtrun --skip-flashing -p /dev/ttyNUCLEO_L452RE_P --skip-reset -e /home/jamie/Mbed/mbed-ce-test-tools/CI-Shield-Tests/host_tests -m NUCLEO_L452RE_P --baud-rate=115200
Will use any connected CI shield for this test.  Export the MBED_CI_SHIELD_SERIAL_NUMBER environment var to select a specific shield.
e.g. 'export MBED_CI_SHIELD_SERIAL_NUMBER=SN002'
[1725037518.18][HTST][INF] host test executor ver. 0.0.16
[1725037518.18][HTST][INF] copy image onto target... SKIPPED!
[1725037518.19][HTST][INF] starting host test process...
[1725037518.20][CONN][INF] starting connection process...
[1725037518.20][CONN][INF] notify event queue about extra 60 sec timeout for serial port pooling
[1725037518.21][CONN][INF] initializing serial port listener... 
[1725037518.21][SERI][INF] using specified port '/dev/ttyNUCLEO_L452RE_P'
[1725037518.21][HTST][INF] setting timeout to: 60 sec
[1725037518.21][SERI][INF] serial(port=/dev/ttyNUCLEO_L452RE_P, baudrate=115200, read_timeout=0.01, write_timeout=5)
[1725037518.22][SERI][TXD] mbedmbedmbedmbedmbedmbedmbedmbedmbedmbed
[1725037518.22][CONN][INF] sending up to 2 __sync packets (specified with --sync=2)
[1725037518.22][CONN][INF] sending preamble '804db87b-dc64-4f26-bc23-df940aedf05f'
[1725037518.22][SERI][TXD] {{__sync;804db87b-dc64-4f26-bc23-df940aedf05f}}
[1725037518.23][CONN][WRN] UnicodeDecodeError encountered!
[1725037518.24][CONN][RXD] &gt;

[NON-XML-CHAR-0x2]

a[NON-XML-CHAR-0xE]
O

[NON-XML-CHAR-0x1]
Bl
~_
[NON-XML-CHAR-0x1][NON-XML-CHAR-0x4][NON-XML-CHAR-0xE][NON-XML-CHAR-0x12]

[NON-XML-CHAR-0x2]2[NON-XML-CHAR-0x16][NON-XML-CHAR-0x2][NON-XML-CHAR-0x3][NON-XML-CHAR-0x1E]2
[NON-XML-CHAR-0xE][NON-XML-CHAR-0x1]



"[NON-XML-CHAR-0x3]xZS


[1725037518.24][CONN][RXD] 
B


&gt;




b[NON-XML-CHAR-0x1]~
_
[NON-XML-CHAR-0x6]

[NON-XML-CHAR-0x1]r



[NON-XML-CHAR-0x10][NON-XML-CHAR-0xB][NON-XML-CHAR-0x7]z 
N[NON-XML-CHAR-0x3][NON-XML-CHAR-0x1D][NON-XML-CHAR-0x13]Ll[NON-XML-CHAR-0x1]
{{
[NON-XML-CHAR-0xC]Pb

s
[NON-XML-CHAR-0x1F]i([NON-XML-CHAR-0x2]b[NON-XML-CHAR-0x11]N[NON-XML-CHAR-0xC]
Q[NON-XML-CHAR-0x4]P[NON-XML-CHAR-0x16][NON-XML-CHAR-0x12]2J
[NON-XML-CHAR-0x1]
[NON-XML-CHAR-0x2][NON-XML-CHAR-0x8]

[NON-XML-CHAR-0x1][NON-XML-CHAR-0x4][NON-XML-CHAR-0x12]bR[NON-XML-CHAR-0x2][NON-XML-CHAR-0x2]M


[NON-XML-CHAR-0xC]


BlA[NON-XML-CHAR-0x3][NON-XML-CHAR-0x1][NON-XML-CHAR-0x1]B
(

[NON-XML-CHAR-0x4][NON-XML-CHAR-0x4]Bb@HZ
[NON-XML-CHAR-0x1]M~[NON-XML-CHAR-0x2][NON-XML-CHAR-0x1]

[NON-XML-CHAR-0x4][NON-XML-CHAR-0xF][NON-XML-CHAR-0xE][NON-XML-CHAR-0x1]j[NON-XML-CHAR-0x1][NON-XML-CHAR-0x6][NON-XML-CHAR-0x2][NON-XML-CHAR-0xC][NON-XML-CHAR-0x8][NON-XML-CHAR-0x10]
[NON-XML-CHAR-0x8]

,[NON-XML-CHAR-0x1C]

[NON-XML-CHAR-0x10]R
[NON-XML-CHAR-0x8]



,[NON-XML-CHAR-0x8][NON-XML-CHAR-0x6]9



(
[NON-XML-CHAR-0x4]
(([NON-XML-CHAR-0x8]






mbedmbedmbedmbedmbedmbedmbedmbed
[1725037518.24][CONN][INF] found SYNC in stream: {{__sync;804db87b-dc64-4f26-bc23-df940aedf05f}} it is #0 sent, queued...
[1725037518.24][CONN][INF] found KV pair in stream: {{__version;1.3.0}}, queued...
[1725037518.24][HTST][INF] sync KV found, uuid=804db87b-dc64-4f26-bc23-df940aedf05f, timestamp=1725037518.239442
[1725037518.24][HTST][INF] DUT greentea-client version: 1.3.0
[1725037518.25][CONN][INF] found KV pair in stream: {{__timeout;120}}, queued...
[1725037518.25][CONN][INF] found KV pair in stream: {{__host_test_name;default_auto}}, queued...
[1725037518.25][HTST][INF] setting timeout to: 120 sec
[1725037518.25][HTST][INF] host test class: '&lt;class 'mbed_os_tools.test.host_tests.default_auto.DefaultAuto'&gt;'
[1725037518.25][HTST][INF] host test setup() call...
[1725037518.25][HTST][INF] CALLBACKs updated
[1725037518.25][HTST][INF] host test detected: default_auto
[1725037518.43][CONN][RXD] &gt;&gt;&gt; Running 10 test cases...
[1725037518.43][CONN][INF] found KV pair in stream: {{__testcase_name;SPI - Object Definable}}, queued...
[1725037518.44][CONN][INF] found KV pair in stream: {{__testcase_name;SPI - SD card present (100kHz)}}, queued...
[1725037518.44][CONN][INF] found KV pair in stream: {{__testcase_name;SPI - Mount FS, Create File (100kHz)}}, queued...
[1725037518.45][CONN][INF] found KV pair in stream: {{__testcase_name;SPI - Write, Read, and Delete File (100kHz)}}, queued...
[1725037518.45][CONN][INF] found KV pair in stream: {{__testcase_name;[Async Interrupts] SPI - SD card present (1MHz)}}, queued...
[1725037518.46][CONN][INF] found KV pair in stream: {{__testcase_name;[Async Interrupts] SPI - Mount FS, Create File (1MHz)}}, queued...
[1725037518.47][CONN][INF] found KV pair in stream: {{__testcase_name;[Async Interrupts] SPI - Write, Read, and Delete File (1MHz)}}, queued...
[1725037518.48][CONN][INF] found KV pair in stream: {{__testcase_name;[Async DMA] SPI - SD card present (1MHz)}}, queued...
[1725037518.48][CONN][INF] found KV pair in stream: {{__testcase_name;[Async DMA] SPI - Mount FS, Create File (1MHz)}}, queued...
[1725037518.49][CONN][RXD] 
[1725037518.49][CONN][RXD] &gt;&gt;&gt; Running case #1: 'SPI - Object Definable'...
[1725037518.49][CONN][INF] found KV pair in stream: {{__testcase_name;[Async DMA] SPI - Write, Read, and Delete File (1MHz)}}, queued...
[1725037518.50][CONN][RXD] &gt;&gt;&gt; 'SPI - Object Definable': 1 passed, 0 failed
[1725037518.50][CONN][INF] found KV pair in stream: {{__testcase_start;SPI - Object Definable}}, queued...
[1725037518.50][CONN][INF] found KV pair in stream: {{__testcase_finish;SPI - Object Definable;1;0}}, queued...
[1725037518.51][CONN][RXD] &lt;greentea test suite&gt;:0::PASS
[1725037518.51][CONN][RXD] 
[1725037518.51][CONN][RXD] &gt;&gt;&gt; Running case #2: 'SPI - SD card present (100kHz)'...
[1725037518.51][CONN][INF] found KV pair in stream: {{__testcase_start;SPI - SD card present (100kHz)}}, queued...
[1725037568.50][CONN][RXD] &lt;greentea test suite&gt;:121::FAIL: Failed to connect to SD card
[1725037568.51][CONN][RXD] &gt;&gt;&gt; 'SPI - SD card present (100kHz)': 0 passed, 1 failed with reason 'Test Cases Failed'
[1725037568.51][CONN][RXD] 
[1725037568.51][CONN][RXD] 
[1725037568.51][CONN][INF] found KV pair in stream: {{__testcase_finish;SPI - SD card present (100kHz);0;1}}, queued...
[1725037568.52][CONN][RXD] &gt;&gt;&gt; Running case #3: 'SPI - Mount FS, Create File (100kHz)'...
[1725037568.52][CONN][INF] found KV pair in stream: {{__testcase_start;SPI - Mount FS, Create File (100kHz)}}, queued...
[1725037618.51][CONN][RXD] &lt;greentea test suite&gt;:144::FAIL: Failed to connect to SD card
[1725037638.54][HTST][INF] test suite run finished after 120.28 sec...
[1725037638.54][CONN][INF] received special event '__host_test_finished' value='True', finishing
[1725037638.55][HTST][INF] CONN exited with code: 0
[1725037638.55][HTST][INF] No events in queue
[1725037638.55][HTST][INF] stopped consuming events
[1725037638.55][HTST][INF] host test result(): None
[1725037638.55][HTST][WRN] missing __exit event from DUT
[1725037638.55][HTST][WRN] missing __exit_event_queue event from host test
[1725037638.55][HTST][ERR] missing __exit_event_queue event from host test and no result from host test, timeout...
[1725037638.55][HTST][INF] calling blocking teardown()
[1725037638.55][HTST][INF] teardown() finished
[1725037638.55][HTST][INF] {{result;timeout}}
CMake Error at mbed-run-greentea-test-testshield-spi-microsd.cmake:19 (execute_process):
  execute_process failed command indexes:

    1: "Child return code: 5"



</system-out>
	</testcase>
	<testcase name="test-testshield-spi-slave-comms" classname="test-testshield-spi-slave-comms" time="11.8139" status="fail">
		<failure message=""/>
		<system-out>[1/1] Flashing test-testshield-spi-slave-comms with OpenOCD...
Open On-Chip Debugger 0.12.0+dev-00499-g151b74371 (2024-01-22-10:06)
Licensed under GNU GPL v2
For bug reports, read
	http://openocd.org/doc/doxygen/bugs.html
DEPRECATED! use 'adapter driver' not 'interface'
Info : The selected transport took over low-level target control. The results might differ compared to plain JTAG/SWD
DEPRECATED! use 'adapter serial' not 'hla_serial'
Info : clock speed 500 kHz
Info : STLINK V2J39M27 (API v2) VID:PID 0483:374B
Info : Target voltage: 3.240553
Info : [stm32l4x.cpu] Cortex-M4 r0p1 processor detected
Info : [stm32l4x.cpu] target has 6 breakpoints, 4 watchpoints
Info : [stm32l4x.cpu] Examination succeed
Info : gdb port disabled
Info : Unable to match requested speed 500 kHz, using 480 kHz
Info : Unable to match requested speed 500 kHz, using 480 kHz
[stm32l4x.cpu] halted due to debug-request, current mode: Thread 
xPSR: 0x01000000 pc: 0x08000330 msp: 0x10000698
** Programming Started **
Info : device idcode = 0x20016462 (STM32L45/L46xx - Rev Y : 0x2001)
Info : RDP level 0 (0xAA)
Info : flash size = 512 KiB
Info : flash mode : single-bank
Info : Padding image section 1 at 0x08011fd4 with 4 bytes (bank write end alignment)
Warn : Adding extra erase range, 0x08011fd8 .. 0x08011fff
** Programming Finished **
** Resetting Target **
Info : Unable to match requested speed 500 kHz, using 480 kHz
Info : Unable to match requested speed 500 kHz, using 480 kHz
shutdown command invoked
Executing: /home/jamie/Mbed/mbed-ce-test-tools/CI-Shield-Tests/mbed-os/venv/bin/python3.10 -m mbed_host_tests.mbedhtrun --skip-flashing -p /dev/ttyNUCLEO_L452RE_P --skip-reset -e /home/jamie/Mbed/mbed-ce-test-tools/CI-Shield-Tests/host_tests -m NUCLEO_L452RE_P --baud-rate=115200
Will use any connected CI shield for this test.  Export the MBED_CI_SHIELD_SERIAL_NUMBER environment var to select a specific shield.
e.g. 'export MBED_CI_SHIELD_SERIAL_NUMBER=SN002'
[1725037683.57][HTST][INF] host test executor ver. 0.0.16
[1725037683.57][HTST][INF] copy image onto target... SKIPPED!
[1725037683.58][HTST][INF] starting host test process...
[1725037683.59][CONN][INF] starting connection process...
[1725037683.59][CONN][INF] notify event queue about extra 60 sec timeout for serial port pooling
[1725037683.60][CONN][INF] initializing serial port listener... 
[1725037683.60][SERI][INF] using specified port '/dev/ttyNUCLEO_L452RE_P'
[1725037683.60][HTST][INF] setting timeout to: 60 sec
[1725037683.60][SERI][INF] serial(port=/dev/ttyNUCLEO_L452RE_P, baudrate=115200, read_timeout=0.01, write_timeout=5)
[1725037683.60][SERI][TXD] mbedmbedmbedmbedmbedmbedmbedmbedmbedmbed
[1725037683.60][CONN][INF] sending up to 2 __sync packets (specified with --sync=2)
[1725037683.60][CONN][INF] sending preamble 'c72c9192-e33c-4bcc-b328-7e1322e06a20'
[1725037683.61][SERI][TXD] {{__sync;c72c9192-e33c-4bcc-b328-7e1322e06a20}}
[1725037683.62][CONN][WRN] UnicodeDecodeError encountered!
[1725037683.62][CONN][RXD] [NON-XML-CHAR-0x6][NON-XML-CHAR-0x5][NON-XML-CHAR-0x17]
[NON-XML-CHAR-0x13][NON-XML-CHAR-0x14]

[NON-XML-CHAR-0x2]
[NON-XML-CHAR-0x5]

&gt;[NON-XML-CHAR-0xF][NON-XML-CHAR-0x6][NON-XML-CHAR-0x1][NON-XML-CHAR-0x7][NON-XML-CHAR-0x7][NON-XML-CHAR-0x10]

[NON-XML-CHAR-0x1]

[NON-XML-CHAR-0x6][NON-XML-CHAR-0x18][NON-XML-CHAR-0x10][NON-XML-CHAR-0x18][NON-XML-CHAR-0x5]0
[NON-XML-CHAR-0x6]

[NON-XML-CHAR-0x7])[NON-XML-CHAR-0x1]@
[NON-XML-CHAR-0x1][NON-XML-CHAR-0x8][NON-XML-CHAR-0x4]
[NON-XML-CHAR-0x4][NON-XML-CHAR-0x3]
[NON-XML-CHAR-0x7]



[NON-XML-CHAR-0x2][NON-XML-CHAR-0x17][NON-XML-CHAR-0x1][NON-XML-CHAR-0x1]
[NON-XML-CHAR-0x5][NON-XML-CHAR-0x2]

[1725037683.62][CONN][RXD] 
[NON-XML-CHAR-0x4][NON-XML-CHAR-0x1][NON-XML-CHAR-0x7]

[NON-XML-CHAR-0x1][NON-XML-CHAR-0x10][NON-XML-CHAR-0x3][NON-XML-CHAR-0x2]
[NON-XML-CHAR-0x2][NON-XML-CHAR-0x12]
[1725037683.62][CONN][RXD] [NON-XML-CHAR-0x1C][NON-XML-CHAR-0x1][NON-XML-CHAR-0x10][NON-XML-CHAR-0x4][NON-XML-CHAR-0x1][NON-XML-CHAR-0x1][NON-XML-CHAR-0x4]^[NON-XML-CHAR-0x1A][NON-XML-CHAR-0x13]f

[1725037683.62][CONN][RXD] 
[1725037683.62][CONN][RXD] ++ MbedOS Error Info ++
[1725037683.62][CONN][RXD] Error Status: 0x80010130 Code: 304 Module: 1
[1725037683.62][CONN][RXD] Error Message: pinmap not found for peripheral
[1725037683.62][CONN][RXD] Location: 0x800450F
[1725037683.62][CONN][RXD] Error Value: 0xB
[1725037683.62][CONN][RXD] Current Thread: main Id: 0x20001948 Entry: 0x8007D3D StackSize: 0x1000 StackMem: 0x20001990 SP: 0x2000281C 
[1725037683.62][CONN][RXD] For more info, visit: https://mbed.com/s/error?error=0x80010130&amp;tgt=NUCLEO_L452RE_P
[1725037683.62][CONN][RXD] -- MbedOS Error Info --
[1725037688.61][CONN][INF] Reset the part and send in new preamble...
[1725037688.61][SERI][INF] reset device using 'default' plugin...
[1725037688.72][SERI][INF] waiting 1.00 sec after reset
[1725037689.72][SERI][INF] wait for it...
[1725037689.72][CONN][INF] resending new preamble '4eb0f832-79dd-4465-9fbc-0baa98a95338' after 5.01 sec
[1725037689.73][SERI][TXD] {{__sync;4eb0f832-79dd-4465-9fbc-0baa98a95338}}
[1725037689.74][CONN][RXD] 
[1725037689.74][CONN][RXD] 
[1725037689.74][CONN][RXD] ++ MbedOS Error Info ++
[1725037689.74][CONN][RXD] Error Status: 0x80010130 Code: 304 Module: 1
[1725037689.74][CONN][RXD] Error Message: pinmap not found for peripheral
[1725037689.74][CONN][RXD] Location: 0x800450F
[1725037689.74][CONN][RXD] Error Value: 0xB
[1725037689.74][CONN][RXD] Current Thread: main Id: 0x20001948 Entry: 0x8007D3D StackSize: 0x1000 StackMem: 0x20001990 SP: 0x2000281C 
[1725037689.74][CONN][RXD] For more info, visit: https://mbed.com/s/error?error=0x80010130&amp;tgt=NUCLEO_L452RE_P
[1725037689.74][CONN][RXD] -- MbedOS Error Info --
[1725037689.74][HTST][ERR] None
[1725037689.74][HTST][WRN] stopped to consume events due to __notify_sync_failed event
[1725037689.75][HTST][INF] __exit_event_queue received
[1725037689.75][HTST][INF] test suite run finished after 6.15 sec...
[1725037689.75][HTST][INF] CONN exited with code: 0
[1725037689.75][HTST][INF] No events in queue
[1725037689.75][HTST][INF] host test result() call skipped, received: sync_failed
[1725037689.75][HTST][WRN] missing __exit event from DUT
[1725037689.75][HTST][INF] calling blocking teardown()
[1725037689.75][HTST][INF] teardown() finished
[1725037689.75][HTST][INF] {{result;sync_failed}}
CMake Error at mbed-run-greentea-test-testshield-spi-slave-comms.cmake:19 (execute_process):
  execute_process failed command indexes:

    1: "Child return code: 14"



</system-out>
	</testcase>
	<testcase name="test-testshield-pwm-and-adc" classname="test-testshield-pwm-and-adc" time="75.9576" status="fail">
		<failure message=""/>
		<system-out>[1/1] Flashing test-testshield-pwm-and-adc with OpenOCD...
Open On-Chip Debugger 0.12.0+dev-00499-g151b74371 (2024-01-22-10:06)
Licensed under GNU GPL v2
For bug reports, read
	http://openocd.org/doc/doxygen/bugs.html
DEPRECATED! use 'adapter driver' not 'interface'
Info : The selected transport took over low-level target control. The results might differ compared to plain JTAG/SWD
DEPRECATED! use 'adapter serial' not 'hla_serial'
Info : clock speed 500 kHz
Info : STLINK V2J39M27 (API v2) VID:PID 0483:374B
Info : Target voltage: 3.240553
Info : [stm32l4x.cpu] Cortex-M4 r0p1 processor detected
Info : [stm32l4x.cpu] target has 6 breakpoints, 4 watchpoints
Info : [stm32l4x.cpu] Examination succeed
Info : gdb port disabled
Info : Unable to match requested speed 500 kHz, using 480 kHz
Info : Unable to match requested speed 500 kHz, using 480 kHz
[stm32l4x.cpu] halted due to debug-request, current mode: Thread 
xPSR: 0x01000000 pc: 0x08000330 msp: 0x10000698
** Programming Started **
Info : device idcode = 0x20016462 (STM32L45/L46xx - Rev Y : 0x2001)
Info : RDP level 0 (0xAA)
Info : flash size = 512 KiB
Info : flash mode : single-bank
Info : Padding image section 1 at 0x08014a04 with 4 bytes (bank write end alignment)
Warn : Adding extra erase range, 0x08014a08 .. 0x08014fff
** Programming Finished **
** Resetting Target **
Info : Unable to match requested speed 500 kHz, using 480 kHz
Info : Unable to match requested speed 500 kHz, using 480 kHz
shutdown command invoked
Executing: /home/jamie/Mbed/mbed-ce-test-tools/CI-Shield-Tests/mbed-os/venv/bin/python3.10 -m mbed_host_tests.mbedhtrun --skip-flashing -p /dev/ttyNUCLEO_L452RE_P --skip-reset -e /home/jamie/Mbed/mbed-ce-test-tools/CI-Shield-Tests/host_tests -m NUCLEO_L452RE_P --baud-rate=115200
Will use any connected CI shield for this test.  Export the MBED_CI_SHIELD_SERIAL_NUMBER environment var to select a specific shield.
e.g. 'export MBED_CI_SHIELD_SERIAL_NUMBER=SN002'
[1725037854.96][HTST][INF] host test executor ver. 0.0.16
[1725037854.96][HTST][INF] copy image onto target... SKIPPED!
[1725037854.97][HTST][INF] starting host test process...
[1725037854.98][CONN][INF] starting connection process...
[1725037854.98][CONN][INF] notify event queue about extra 60 sec timeout for serial port pooling
[1725037854.98][CONN][INF] initializing serial port listener... 
[1725037854.98][SERI][INF] using specified port '/dev/ttyNUCLEO_L452RE_P'
[1725037854.98][HTST][INF] setting timeout to: 60 sec
[1725037854.98][SERI][INF] serial(port=/dev/ttyNUCLEO_L452RE_P, baudrate=115200, read_timeout=0.01, write_timeout=5)
[1725037854.99][SERI][TXD] mbedmbedmbedmbedmbedmbedmbedmbedmbedmbed
[1725037854.99][CONN][INF] sending up to 2 __sync packets (specified with --sync=2)
[1725037854.99][CONN][INF] sending preamble '238fd5ec-bc67-47e5-890d-5dcb794d08bb'
[1725037854.99][SERI][TXD] {{__sync;238fd5ec-bc67-47e5-890d-5dcb794d08bb}}
[1725037855.01][CONN][WRN] UnicodeDecodeError encountered!
[1725037855.01][CONN][RXD] 
~[NON-XML-CHAR-0x2]
mBB[NON-XML-CHAR-0x8]
bB
2
	B0
A


[1725037855.01][CONN][RXD] 
[NON-XML-CHAR-0x8]



[NON-XML-CHAR-0xC]
[1725037855.01][CONN][RXD] 
22


&lt;


[NON-XML-CHAR-0x1E] 
[NON-XML-CHAR-0x3][NON-XML-CHAR-0x1C][NON-XML-CHAR-0xE]
[NON-XML-CHAR-0x5]0


[NON-XML-CHAR-0x8][NON-XML-CHAR-0x6]



[NON-XML-CHAR-0x4]




[NON-XML-CHAR-0x8]

[NON-XML-CHAR-0x2][NON-XML-CHAR-0xC][NON-XML-CHAR-0xC]

[NON-XML-CHAR-0x1F][NON-XML-CHAR-0x7]

[NON-XML-CHAR-0x2][NON-XML-CHAR-0x10][NON-XML-CHAR-0x1C][NON-XML-CHAR-0x8]


[NON-XML-CHAR-0xC][NON-XML-CHAR-0x1][NON-XML-CHAR-0x10][NON-XML-CHAR-0x10]

[NON-XML-CHAR-0x2]
[NON-XML-CHAR-0x2][NON-XML-CHAR-0x3]
[NON-XML-CHAR-0x8]

[NON-XML-CHAR-0x4]
[NON-XML-CHAR-0x8]

[NON-XML-CHAR-0x4][NON-XML-CHAR-0x4]






[NON-XML-CHAR-0x2]f[NON-XML-CHAR-0x1]&lt;



mbedmbedmbedmbedmbedmbedmbedmbed
[1725037855.01][CONN][INF] found SYNC in stream: {{__sync;238fd5ec-bc67-47e5-890d-5dcb794d08bb}} it is #0 sent, queued...
[1725037855.01][HTST][INF] sync KV found, uuid=238fd5ec-bc67-47e5-890d-5dcb794d08bb, timestamp=1725037855.006404
[1725037855.02][CONN][RXD] &gt;&gt;&gt; Running 10 test cases...
[1725037855.02][CONN][INF] found KV pair in stream: {{__version;1.3.0}}, queued...
[1725037855.02][CONN][INF] found KV pair in stream: {{__timeout;75}}, queued...
[1725037855.02][CONN][INF] found KV pair in stream: {{__host_test_name;signal_analyzer_test}}, queued...
[1725037855.02][HTST][INF] DUT greentea-client version: 1.3.0
[1725037855.02][HTST][INF] setting timeout to: 75 sec
[1725037855.02][HTST][INF] host test class: '&lt;class 'signal_analyzer_test.SignalAnalyzerHostTest'&gt;'
[1725037855.02][TEST][INF] Signal Analyzer Test host test setup complete.
[1725037855.02][HTST][INF] host test setup() call...
[1725037855.02][HTST][INF] CALLBACKs updated
[1725037855.02][HTST][INF] host test detected: signal_analyzer_test
[1725037855.03][CONN][INF] found KV pair in stream: {{__testcase_name;Test that target.default-adc-vref is set}}, queued...
[1725037855.03][CONN][INF] found KV pair in stream: {{__testcase_name;Test reading digital values with the ADC}}, queued...
[1725037855.03][CONN][INF] found KV pair in stream: {{__testcase_name;Test reading analog values with the ADC}}, queued...
[1725037855.04][CONN][INF] found KV pair in stream: {{__testcase_name;Test PWM frequency and duty cycle (freq = 50 Hz)}}, queued...
[1725037855.04][CONN][INF] found KV pair in stream: {{__testcase_name;Test PWM frequency and duty cycle (freq = 1 kHz)}}, queued...
[1725037855.05][CONN][INF] found KV pair in stream: {{__testcase_name;Test PWM frequency and duty cycle (freq = 10 kHz)}}, queued...
[1725037855.06][CONN][INF] found KV pair in stream: {{__testcase_name;Test PWM frequency and duty cycle (freq = 100 kHz)}}, queued...
[1725037855.07][CONN][INF] found KV pair in stream: {{__testcase_name;Test PWM frequency and duty cycle (freq = 1 MHz)}}, queued...
[1725037855.08][CONN][RXD] 
[1725037855.08][CONN][INF] found KV pair in stream: {{__testcase_name;Test PWM Suspend/Resume (freq = 1kHz)}}, queued...
[1725037855.08][CONN][INF] found KV pair in stream: {{__testcase_name;Test PWM Maintains Duty Cycle (freq = 1kHz)}}, queued...
[1725037855.09][CONN][RXD] &gt;&gt;&gt; Running case #1: 'Test that target.default-adc-vref is set'...
[1725037855.09][CONN][INF] found KV pair in stream: {{__testcase_start;Test that target.default-adc-vref is set}}, queued...
[1725037855.10][CONN][RXD] &lt;greentea test suite&gt;:84::FAIL: target.default-adc-vref not defined!
[1725037855.10][CONN][INF] found KV pair in stream: {{__testcase_finish;Test that target.default-adc-vref is set;0;1}}, queued...
[1725037855.11][CONN][RXD] &gt;&gt;&gt; 'Test that target.default-adc-vref is set': 0 passed, 1 failed with reason 'Test Cases Failed'
[1725037855.11][CONN][RXD] 
[1725037855.11][CONN][RXD] 
[1725037855.11][CONN][RXD] &gt;&gt;&gt; Running case #2: 'Test reading digital values with the ADC'...
[1725037855.12][CONN][INF] found KV pair in stream: {{__testcase_start;Test reading digital values with the ADC}}, queued...
[1725037855.15][CONN][RXD] With the PWM at full off, the ADC reads 0.0% of reference voltage.
[1725037855.21][CONN][RXD] With the PWM at full on, the ADC reads 99.9% of reference voltage.
[1725037855.21][CONN][INF] found KV pair in stream: {{__testcase_finish;Test reading digital values with the ADC;1;0}}, queued...
[1725037855.22][CONN][RXD] &gt;&gt;&gt; 'Test reading digital values with the ADC': 1 passed, 0 failed
[1725037855.22][CONN][RXD] &lt;greentea test suite&gt;:0::PASS
[1725037855.23][CONN][RXD] Cannot convert to volts, target.default-adc-vref is not set for this target
[1725037855.23][CONN][RXD] &gt;&gt;&gt; Running case #3: 'Test reading analog values with the ADC'...
[1725037855.24][CONN][INF] found KV pair in stream: {{__testcase_start;Test reading analog values with the ADC}}, queued...
[1725037855.27][CONN][RXD] PWM duty cycle of 0.0% produced an ADC reading of 0.0% (expected 0.0%)
[1725037855.32][CONN][RXD] PWM duty cycle of 10.0% produced an ADC reading of 9.8% (expected 10.0%)
[1725037855.37][CONN][RXD] PWM duty cycle of 20.0% produced an ADC reading of 19.5% (expected 20.0%)
[1725037855.43][CONN][RXD] PWM duty cycle of 30.0% produced an ADC reading of 29.4% (expected 30.0%)
[1725037855.47][CONN][RXD] PWM duty cycle of 40.0% produced an ADC reading of 39.9% (expected 40.0%)
[1725037855.52][CONN][RXD] PWM duty cycle of 50.0% produced an ADC reading of 49.4% (expected 50.0%)
[1725037855.57][CONN][RXD] PWM duty cycle of 60.0% produced an ADC reading of 59.2% (expected 60.0%)
[1725037855.62][CONN][RXD] PWM duty cycle of 70.0% produced an ADC reading of 69.8% (expected 69.9%)
[1725037855.68][CONN][RXD] PWM duty cycle of 80.0% produced an ADC reading of 79.7% (expected 79.9%)
[1725037855.72][CONN][RXD] PWM duty cycle of 90.0% produced an ADC reading of 89.9% (expected 89.9%)
[1725037855.77][CONN][RXD] PWM duty cycle of 100.0% produced an ADC reading of 99.9% (expected 99.9%)
[1725037855.78][CONN][RXD] &gt;&gt;&gt; 'Test reading analog values with the ADC': 1 passed, 0 failed
[1725037855.78][CONN][RXD] &lt;greentea test suite&gt;:0::PASS
[1725037855.78][CONN][RXD] 
[1725037855.78][CONN][INF] found KV pair in stream: {{__testcase_finish;Test reading analog values with the ADC;1;0}}, queued...
[1725037855.79][CONN][RXD] &gt;&gt;&gt; Running case #4: 'Test PWM frequency and duty cycle (freq = 50 Hz)'...
[1725037855.80][CONN][INF] found KV pair in stream: {{__testcase_start;Test PWM frequency and duty cycle (freq = 50 Hz)}}, queued...
[1725037855.80][CONN][INF] found KV pair in stream: {{analyze_signal;please}}, queued...
[1725037857.98][SERI][TXD] {{frequency;50.0}}
[1725037858.00][SERI][TXD] {{duty_cycle;0.05317493353133309}}
[1725037858.02][CONN][RXD] Expected PWM frequency was 50 Hz (+- 20 Hz) and duty cycle was 5.32% (+-0.10%), host measured frequency 50 Hz and duty cycle 5.32%
[1725037858.02][CONN][INF] found KV pair in stream: {{analyze_signal;please}}, queued...
[1725037860.19][SERI][TXD] {{frequency;50.0}}
[1725037860.20][SERI][TXD] {{duty_cycle;0.16009354988306265}}
[1725037860.22][CONN][RXD] Expected PWM frequency was 50 Hz (+- 20 Hz) and duty cycle was 16.01% (+-0.10%), host measured frequency 50 Hz and duty cycle 16.01%
[1725037860.22][CONN][INF] found KV pair in stream: {{analyze_signal;please}}, queued...
[1725037862.40][SERI][TXD] {{frequency;50.0}}
[1725037862.42][SERI][TXD] {{duty_cycle;0.6614416731979085}}
[1725037862.44][CONN][RXD] Expected PWM frequency was 50 Hz (+- 20 Hz) and duty cycle was 66.14% (+-0.10%), host measured frequency 50 Hz and duty cycle 66.14%
[1725037862.44][CONN][INF] found KV pair in stream: {{analyze_signal;please}}, queued...
[1725037864.63][SERI][TXD] {{frequency;50.0}}
[1725037864.64][SERI][TXD] {{duty_cycle;0.8502989371263286}}
[1725037864.67][CONN][RXD] Expected PWM frequency was 50 Hz (+- 20 Hz) and duty cycle was 85.04% (+-0.10%), host measured frequency 50 Hz and duty cycle 85.03%
[1725037864.67][CONN][INF] found KV pair in stream: {{analyze_signal;please}}, queued...
[1725037866.87][SERI][TXD] {{frequency;50.0}}
[1725037866.89][SERI][TXD] {{duty_cycle;0.6395242005947492}}
[1725037866.91][CONN][RXD] Expected PWM frequency was 50 Hz (+- 20 Hz) and duty cycle was 63.95% (+-0.10%), host measured frequency 50 Hz and duty cycle 63.95%
[1725037866.91][CONN][INF] found KV pair in stream: {{__testcase_finish;Test PWM frequency and duty cycle (freq = 50 Hz);1;0}}, queued...
[1725037866.92][CONN][RXD] &gt;&gt;&gt; 'Test PWM frequency and duty cycle (freq = 50 Hz)': 1 passed, 0 failed
[1725037866.92][CONN][RXD] &lt;greentea test suite&gt;:0::PASS
[1725037866.92][CONN][RXD] 
[1725037866.93][CONN][RXD] &gt;&gt;&gt; Running case #5: 'Test PWM frequency and duty cycle (freq = 1 kHz)'...
[1725037866.93][CONN][INF] found KV pair in stream: {{__testcase_start;Test PWM frequency and duty cycle (freq = 1 kHz)}}, queued...
[1725037866.94][CONN][INF] found KV pair in stream: {{analyze_signal;please}}, queued...
[1725037869.12][SERI][TXD] {{frequency;1000.0}}
[1725037869.13][SERI][TXD] {{duty_cycle;0.6189004763744045}}
[1725037869.15][CONN][RXD] Expected PWM frequency was 1000 Hz (+- 20 Hz) and duty cycle was 61.89% (+-0.10%), host measured frequency 1000 Hz and duty cycle 61.89%
[1725037869.16][CONN][INF] found KV pair in stream: {{analyze_signal;please}}, queued...
[1725037871.33][SERI][TXD] {{frequency;1000.0}}
[1725037871.35][SERI][TXD] {{duty_cycle;0.4148732314084607}}
[1725037871.37][CONN][RXD] Expected PWM frequency was 1000 Hz (+- 20 Hz) and duty cycle was 41.49% (+-0.10%), host measured frequency 1000 Hz and duty cycle 41.49%
[1725037871.37][CONN][INF] found KV pair in stream: {{analyze_signal;please}}, queued...
[1725037873.56][SERI][TXD] {{frequency;1000.0}}
[1725037873.57][SERI][TXD] {{duty_cycle;0.7679990400012}}
[1725037873.59][CONN][RXD] Expected PWM frequency was 1000 Hz (+- 20 Hz) and duty cycle was 76.80% (+-0.10%), host measured frequency 1000 Hz and duty cycle 76.80%
[1725037873.59][CONN][INF] found KV pair in stream: {{analyze_signal;please}}, queued...
[1725037875.78][SERI][TXD] {{frequency;1000.0}}
[1725037875.79][SERI][TXD] {{duty_cycle;0.9825275218405977}}
[1725037875.81][CONN][RXD] Expected PWM frequency was 1000 Hz (+- 20 Hz) and duty cycle was 98.25% (+-0.10%), host measured frequency 1000 Hz and duty cycle 98.25%
[1725037875.81][CONN][INF] found KV pair in stream: {{analyze_signal;please}}, queued...
[1725037877.99][SERI][TXD] {{frequency;1000.0}}
[1725037878.01][SERI][TXD] {{duty_cycle;0.4872918908851364}}
[1725037878.03][CONN][RXD] Expected PWM frequency was 1000 Hz (+- 20 Hz) and duty cycle was 48.71% (+-0.10%), host measured frequency 1000 Hz and duty cycle 48.73%
[1725037878.04][CONN][RXD] &gt;&gt;&gt; 'Test PWM frequency and duty cycle (freq = 1 kHz)': 1 passed, 0 failed
[1725037878.04][CONN][RXD] &lt;greentea test suite&gt;:0::PASS
[1725037878.04][CONN][RXD] 
[1725037878.04][CONN][INF] found KV pair in stream: {{__testcase_finish;Test PWM frequency and duty cycle (freq = 1 kHz);1;0}}, queued...
[1725037878.05][CONN][RXD] &gt;&gt;&gt; Running case #6: 'Test PWM frequency and duty cycle (freq = 10 kHz)'...
[1725037878.06][CONN][INF] found KV pair in stream: {{__testcase_start;Test PWM frequency and duty cycle (freq = 10 kHz)}}, queued...
[1725037878.06][CONN][INF] found KV pair in stream: {{analyze_signal;please}}, queued...
[1725037880.25][SERI][TXD] {{frequency;10000.0}}
[1725037880.26][SERI][TXD] {{duty_cycle;0.7959427550715562}}
[1725037880.28][CONN][RXD] Expected PWM frequency was 10000 Hz (+- 20 Hz) and duty cycle was 79.60% (+-0.10%), host measured frequency 10000 Hz and duty cycle 79.59%
[1725037880.28][CONN][INF] found KV pair in stream: {{analyze_signal;please}}, queued...
[1725037882.47][SERI][TXD] {{frequency;10000.0}}
[1725037882.49][SERI][TXD] {{duty_cycle;0.9695150381062023}}
[1725037882.51][CONN][RXD] Expected PWM frequency was 10000 Hz (+- 20 Hz) and duty cycle was 96.95% (+-0.10%), host measured frequency 10000 Hz and duty cycle 96.95%
[1725037882.51][CONN][INF] found KV pair in stream: {{analyze_signal;please}}, queued...
[1725037884.68][SERI][TXD] {{frequency;10010.0}}
[1725037884.69][SERI][TXD] {{duty_cycle;0.24590719261600924}}
[1725037884.71][CONN][RXD] Expected PWM frequency was 10000 Hz (+- 20 Hz) and duty cycle was 24.59% (+-0.10%), host measured frequency 10010 Hz and duty cycle 24.59%
[1725037884.71][CONN][INF] found KV pair in stream: {{analyze_signal;please}}, queued...
[1725037886.90][SERI][TXD] {{frequency;10000.0}}
[1725037886.92][SERI][TXD] {{duty_cycle;0.8312264609669238}}
[1725037886.94][CONN][RXD] Expected PWM frequency was 10000 Hz (+- 20 Hz) and duty cycle was 83.13% (+-0.10%), host measured frequency 10000 Hz and duty cycle 83.12%
[1725037886.94][CONN][INF] found KV pair in stream: {{analyze_signal;please}}, queued...
[1725037889.11][SERI][TXD] {{frequency;10000.0}}
[1725037889.12][SERI][TXD] {{duty_cycle;0.2926721341598323}}
[1725037889.14][CONN][RXD] Expected PWM frequency was 10000 Hz (+- 20 Hz) and duty cycle was 29.28% (+-0.10%), host measured frequency 10000 Hz and duty cycle 29.27%
[1725037889.14][CONN][INF] found KV pair in stream: {{__testcase_finish;Test PWM frequency and duty cycle (freq = 10 kHz);1;0}}, queued...
[1725037889.16][CONN][RXD] &gt;&gt;&gt; 'Test PWM frequency and duty cycle (freq = 10 kHz)': 1 passed, 0 failed
[1725037889.16][CONN][RXD] &lt;greentea test suite&gt;:0::PASS
[1725037889.16][CONN][RXD] 
[1725037889.17][CONN][RXD] &gt;&gt;&gt; Running case #7: 'Test PWM frequency and duty cycle (freq = 100 kHz)'...
[1725037889.17][CONN][INF] found KV pair in stream: {{__testcase_start;Test PWM frequency and duty cycle (freq = 100 kHz)}}, queued...
[1725037889.18][CONN][INF] found KV pair in stream: {{analyze_signal;please}}, queued...
[1725037891.36][SERI][TXD] {{frequency;100010.0}}
[1725037891.37][SERI][TXD] {{duty_cycle;0.3487908140114825}}
[1725037891.39][CONN][RXD] Expected PWM frequency was 100000 Hz (+- 20 Hz) and duty cycle was 34.90% (+-1.00%), host measured frequency 100010 Hz and duty cycle 34.88%
[1725037891.39][CONN][INF] found KV pair in stream: {{analyze_signal;please}}, queued...
[1725037893.56][SERI][TXD] {{frequency;100020.0}}
[1725037893.58][SERI][TXD] {{duty_cycle;0.22234097207378492}}
[1725037893.60][CONN][RXD] Expected PWM frequency was 100000 Hz (+- 20 Hz) and duty cycle was 22.19% (+-1.00%), host measured frequency 100020 Hz and duty cycle 22.23%
[1725037893.60][CONN][INF] found KV pair in stream: {{analyze_signal;please}}, queued...
[1725037895.79][SERI][TXD] {{frequency;100010.0}}
[1725037895.80][SERI][TXD] {{duty_cycle;0.6314579606775491}}
[1725037895.82][CONN][RXD] Expected PWM frequency was 100000 Hz (+- 20 Hz) and duty cycle was 63.09% (+-1.00%), host measured frequency 100010 Hz and duty cycle 63.15%
[1725037895.82][CONN][INF] found KV pair in stream: {{analyze_signal;please}}, queued...
[1725037898.01][SERI][TXD] {{frequency;100010.0}}
[1725037898.02][SERI][TXD] {{duty_cycle;0.813740232824709}}
[1725037898.05][CONN][RXD] Expected PWM frequency was 100000 Hz (+- 20 Hz) and duty cycle was 81.33% (+-1.00%), host measured frequency 100010 Hz and duty cycle 81.37%
[1725037898.05][CONN][INF] found KV pair in stream: {{analyze_signal;please}}, queued...
[1725037900.23][SERI][TXD] {{frequency;100010.0}}
[1725037900.25][SERI][TXD] {{duty_cycle;0.49507188116014855}}
[1725037900.27][CONN][RXD] Expected PWM frequency was 100000 Hz (+- 20 Hz) and duty cycle was 49.56% (+-1.00%), host measured frequency 100010 Hz and duty cycle 49.51%
[1725037900.28][CONN][RXD] &gt;&gt;&gt; 'Test PWM frequency and duty cycle (freq = 100 kHz)': 1 passed, 0 failed
[1725037900.28][CONN][RXD] &lt;greentea test suite&gt;:0::PASS
[1725037900.28][CONN][RXD] 
[1725037900.28][CONN][INF] found KV pair in stream: {{__testcase_finish;Test PWM frequency and duty cycle (freq = 100 kHz);1;0}}, queued...
[1725037900.29][CONN][RXD] &gt;&gt;&gt; Running case #8: 'Test PWM frequency and duty cycle (freq = 1 MHz)'...
[1725037900.29][CONN][INF] found KV pair in stream: {{__testcase_start;Test PWM frequency and duty cycle (freq = 1 MHz)}}, queued...
[1725037900.30][CONN][INF] found KV pair in stream: {{analyze_signal;please}}, queued...
[1725037902.53][SERI][TXD] {{frequency;1000110.0}}
[1725037902.54][SERI][TXD] {{duty_cycle;0.31319835850205185}}
[1725037902.57][CONN][RXD] Expected PWM frequency was 1000000 Hz (+- 20 Hz) and duty cycle was 30.80% (+-10.00%), host measured frequency 1000110 Hz and duty cycle 31.32%
[1725037902.58][CONN][RXD] &lt;greentea test suite&gt;:121::FAIL: Expected 1000000.000000 Was 1000110.000000
[1725037902.58][CONN][INF] found KV pair in stream: {{analyze_signal;please}}, queued...
[1725037904.78][SERI][TXD] {{frequency;1000110.0}}
[1725037904.79][SERI][TXD] {{duty_cycle;0.4753969057538678}}
[1725037904.81][CONN][RXD] Expected PWM frequency was 1000000 Hz (+- 20 Hz) and duty cycle was 46.96% (+-10.00%), host measured frequency 1000110 Hz and duty cycle 47.54%
[1725037904.81][CONN][INF] found KV pair in stream: {{analyze_signal;please}}, queued...
[1725037907.01][SERI][TXD] {{frequency;1000110.0}}
[1725037907.02][SERI][TXD] {{duty_cycle;0.3374495781880273}}
[1725037907.05][CONN][RXD] Expected PWM frequency was 1000000 Hz (+- 20 Hz) and duty cycle was 34.13% (+-10.00%), host measured frequency 1000110 Hz and duty cycle 33.74%
[1725037907.05][CONN][INF] found KV pair in stream: {{analyze_signal;please}}, queued...
[1725037909.28][SERI][TXD] {{frequency;1000100.0}}
[1725037909.29][SERI][TXD] {{duty_cycle;0.3514758106552367}}
[1725037909.31][CONN][RXD] Expected PWM frequency was 1000000 Hz (+- 20 Hz) and duty cycle was 35.34% (+-10.00%), host measured frequency 1000100 Hz and duty cycle 35.15%
[1725037909.31][CONN][INF] found KV pair in stream: {{analyze_signal;please}}, queued...
[1725037911.54][SERI][TXD] {{frequency;1000100.0}}
[1725037911.56][SERI][TXD] {{duty_cycle;0.4474781906522617}}
[1725037911.58][CONN][RXD] Expected PWM frequency was 1000000 Hz (+- 20 Hz) and duty cycle was 44.74% (+-10.00%), host measured frequency 1000100 Hz and duty cycle 44.75%
[1725037911.59][CONN][RXD] &gt;&gt;&gt; 'Test PWM frequency and duty cycle (freq = 1 MHz)': 0 passed, 1 failed with reason 'Test Cases Failed'
[1725037911.59][CONN][RXD] 
[1725037911.59][CONN][RXD] 
[1725037911.59][CONN][INF] found KV pair in stream: {{__testcase_finish;Test PWM frequency and duty cycle (freq = 1 MHz);0;1}}, queued...
[1725037911.60][CONN][RXD] &gt;&gt;&gt; Running case #9: 'Test PWM Suspend/Resume (freq = 1kHz)'...
[1725037911.60][CONN][INF] found KV pair in stream: {{__testcase_start;Test PWM Suspend/Resume (freq = 1kHz)}}, queued...
[1725037911.61][CONN][INF] found KV pair in stream: {{analyze_signal;please}}, queued...
[1725037913.80][SERI][TXD] {{frequency;1000.0}}
[1725037913.81][SERI][TXD] {{duty_cycle;0.7499665625417968}}
[1725037913.83][CONN][RXD] Expected PWM frequency was 1000 Hz (+- 20 Hz) and duty cycle was 75.00% (+-0.10%), host measured frequency 1000 Hz and duty cycle 75.00%
[1725037913.83][CONN][INF] found KV pair in stream: {{analyze_signal;please}}, queued...
[1725037916.02][SERI][TXD] {{frequency;0.0}}
[1725037916.03][SERI][TXD] {{duty_cycle;0.9999987500015625}}
[1725037916.04][CONN][INF] found KV pair in stream: {{analyze_signal;please}}, queued...
[1725037918.23][SERI][TXD] {{frequency;1000.0}}
[1725037918.24][SERI][TXD] {{duty_cycle;0.7500528124339845}}
[1725037918.26][CONN][RXD] Expected PWM frequency was 1000 Hz (+- 20 Hz) and duty cycle was 75.00% (+-0.10%), host measured frequency 1000 Hz and duty cycle 75.01%
[1725037918.26][CONN][INF] found KV pair in stream: {{__testcase_finish;Test PWM Suspend/Resume (freq = 1kHz);1;0}}, queued...
[1725037918.27][CONN][RXD] &gt;&gt;&gt; 'Test PWM Suspend/Resume (freq = 1kHz)': 1 passed, 0 failed
[1725037918.27][CONN][RXD] &lt;greentea test suite&gt;:0::PASS
[1725037918.27][CONN][RXD] 
[1725037918.28][CONN][RXD] &gt;&gt;&gt; Running case #10: 'Test PWM Maintains Duty Cycle (freq = 1kHz)'...
[1725037918.28][CONN][INF] found KV pair in stream: {{__testcase_start;Test PWM Maintains Duty Cycle (freq = 1kHz)}}, queued...
[1725037918.28][CONN][INF] found KV pair in stream: {{analyze_signal;please}}, queued...
[1725037920.47][SERI][TXD] {{frequency;1000.0}}
[1725037920.48][SERI][TXD] {{duty_cycle;0.750049062438672}}
[1725037920.50][CONN][RXD] Expected PWM frequency was 1000 Hz (+- 20 Hz) and duty cycle was 75.00% (+-0.10%), host measured frequency 1000 Hz and duty cycle 75.00%
[1725037920.51][CONN][INF] found KV pair in stream: {{analyze_signal;please}}, queued...
[1725037922.69][SERI][TXD] {{frequency;40000.0}}
[1725037922.71][SERI][TXD] {{duty_cycle;0.7500528124339845}}
[1725037922.73][CONN][RXD] Expected PWM frequency was 40000 Hz (+- 20 Hz) and duty cycle was 75.00% (+-0.40%), host measured frequency 40000 Hz and duty cycle 75.01%
[1725037922.73][CONN][INF] found KV pair in stream: {{analyze_signal;please}}, queued...
[1725037924.93][SERI][TXD] {{frequency;200.0}}
[1725037924.94][SERI][TXD] {{duty_cycle;0.7500228124714844}}
[1725037924.96][CONN][RXD] Expected PWM frequency was 200 Hz (+- 20 Hz) and duty cycle was 75.00% (+-0.10%), host measured frequency 200 Hz and duty cycle 75.00%
[1725037924.96][CONN][INF] found KV pair in stream: {{__testcase_finish;Test PWM Maintains Duty Cycle (freq = 1kHz);1;0}}, queued...
[1725037924.97][CONN][RXD] &gt;&gt;&gt; 'Test PWM Maintains Duty Cycle (freq = 1kHz)': 1 passed, 0 failed
[1725037924.97][CONN][RXD] &lt;greentea test suite&gt;:0::PASS
[1725037924.97][CONN][RXD] 
[1725037924.98][CONN][RXD] &gt;&gt;&gt; Test cases: 8 passed, 2 failed with reason 'Test Cases Failed'
[1725037924.98][CONN][RXD] &gt;&gt;&gt; TESTS FAILED!
[1725037924.98][CONN][RXD] 
[1725037924.99][CONN][RXD] -----------------------
[1725037924.99][CONN][RXD] 0 Tests 2 Failures 0 Ignored 
[1725037924.99][CONN][RXD] FAIL
[1725037925.00][CONN][INF] found KV pair in stream: {{__testcase_summary;8;2}}, queued...
[1725037925.00][CONN][INF] found KV pair in stream: {{end;failure}}, queued...
[1725037925.00][CONN][INF] found KV pair in stream: {{__exit;0}}, queued...
[1725037925.00][HTST][INF] __exit(0)
[1725037925.00][HTST][INF] __notify_complete(False)
[1725037925.00][HTST][INF] __exit_event_queue received
[1725037925.00][HTST][INF] test suite run finished after 69.98 sec...
[1725037925.01][CONN][INF] received special event '__host_test_finished' value='True', finishing
[1725037925.02][HTST][INF] CONN exited with code: 0
[1725037925.02][HTST][INF] Some events in queue
[1725037925.02][HTST][INF] stopped consuming events
[1725037925.02][HTST][INF] host test result() call skipped, received: False
[1725037925.02][HTST][INF] calling blocking teardown()
[1725037925.02][HTST][INF] teardown() finished
[1725037925.02][HTST][INF] {{result;failure}}
CMake Error at mbed-run-greentea-test-testshield-pwm-and-adc.cmake:19 (execute_process):
  execute_process failed command indexes:

    1: "Child return code: 1"



</system-out>
	</testcase>
	<testcase name="test-testshield-dac-to-adc" classname="test-testshield-dac-to-adc" time="5.79184" status="fail">
		<failure message=""/>
		<system-out>[1/1] Flashing test-testshield-dac-to-adc with OpenOCD...
Open On-Chip Debugger 0.12.0+dev-00499-g151b74371 (2024-01-22-10:06)
Licensed under GNU GPL v2
For bug reports, read
	http://openocd.org/doc/doxygen/bugs.html
DEPRECATED! use 'adapter driver' not 'interface'
Info : The selected transport took over low-level target control. The results might differ compared to plain JTAG/SWD
DEPRECATED! use 'adapter serial' not 'hla_serial'
Info : clock speed 500 kHz
Info : STLINK V2J39M27 (API v2) VID:PID 0483:374B
Info : Target voltage: 3.240553
Info : [stm32l4x.cpu] Cortex-M4 r0p1 processor detected
Info : [stm32l4x.cpu] target has 6 breakpoints, 4 watchpoints
Info : [stm32l4x.cpu] Examination succeed
Info : gdb port disabled
Info : Unable to match requested speed 500 kHz, using 480 kHz
Info : Unable to match requested speed 500 kHz, using 480 kHz
[stm32l4x.cpu] halted due to debug-request, current mode: Thread 
xPSR: 0x01000000 pc: 0x08000330 msp: 0x10000698
** Programming Started **
Info : device idcode = 0x20016462 (STM32L45/L46xx - Rev Y : 0x2001)
Info : RDP level 0 (0xAA)
Info : flash size = 512 KiB
Info : flash mode : single-bank
Warn : Adding extra erase range, 0x0800ec08 .. 0x0800efff
** Programming Finished **
** Resetting Target **
Info : Unable to match requested speed 500 kHz, using 480 kHz
Info : Unable to match requested speed 500 kHz, using 480 kHz
shutdown command invoked
Executing: /home/jamie/Mbed/mbed-ce-test-tools/CI-Shield-Tests/mbed-os/venv/bin/python3.10 -m mbed_host_tests.mbedhtrun --skip-flashing -p /dev/ttyNUCLEO_L452RE_P --skip-reset -m NUCLEO_L452RE_P --baud-rate=115200
[1725037956.89][HTST][INF] host test executor ver. 0.0.16
[1725037956.89][HTST][INF] copy image onto target... SKIPPED!
[1725037956.91][HTST][INF] starting host test process...
[1725037956.92][CONN][INF] starting connection process...
[1725037956.92][CONN][INF] notify event queue about extra 60 sec timeout for serial port pooling
[1725037956.92][CONN][INF] initializing serial port listener... 
[1725037956.92][SERI][INF] using specified port '/dev/ttyNUCLEO_L452RE_P'
[1725037956.92][HTST][INF] setting timeout to: 60 sec
[1725037956.92][SERI][INF] serial(port=/dev/ttyNUCLEO_L452RE_P, baudrate=115200, read_timeout=0.01, write_timeout=5)
[1725037956.93][SERI][TXD] mbedmbedmbedmbedmbedmbedmbedmbedmbedmbed
[1725037956.93][CONN][INF] sending up to 2 __sync packets (specified with --sync=2)
[1725037956.93][CONN][INF] sending preamble '0f4795ca-beaf-486d-8a8c-9d875b2352e8'
[1725037956.93][SERI][TXD] {{__sync;0f4795ca-beaf-486d-8a8c-9d875b2352e8}}
[1725037956.94][CONN][RXD] mbedmbedmbedmbedmbedmbedmbedmbed
[1725037956.94][CONN][INF] found SYNC in stream: {{__sync;0f4795ca-beaf-486d-8a8c-9d875b2352e8}} it is #0 sent, queued...
[1725037956.95][HTST][INF] sync KV found, uuid=0f4795ca-beaf-486d-8a8c-9d875b2352e8, timestamp=1725037956.944862
[1725037956.96][CONN][RXD] &gt;&gt;&gt; Running 1 test cases...
[1725037956.96][CONN][RXD] 
[1725037956.96][CONN][INF] found KV pair in stream: {{__version;1.3.0}}, queued...
[1725037956.96][CONN][INF] found KV pair in stream: {{__timeout;30}}, queued...
[1725037956.96][CONN][INF] found KV pair in stream: {{__host_test_name;default_auto}}, queued...
[1725037956.96][CONN][INF] found KV pair in stream: {{__testcase_name;DAC to ADC}}, queued...
[1725037956.96][HTST][INF] DUT greentea-client version: 1.3.0
[1725037956.96][HTST][INF] setting timeout to: 30 sec
[1725037956.96][HTST][INF] host test class: '&lt;class 'mbed_os_tools.test.host_tests.default_auto.DefaultAuto'&gt;'
[1725037956.96][HTST][INF] host test setup() call...
[1725037956.96][HTST][INF] CALLBACKs updated
[1725037956.96][HTST][INF] host test detected: default_auto
[1725037956.97][CONN][RXD] &gt;&gt;&gt; Running case #1: 'DAC to ADC'...
[1725037956.97][CONN][INF] found KV pair in stream: {{__testcase_start;DAC to ADC}}, queued...
[1725037957.00][CONN][RXD] DAC output of 0.0% produced an ADC reading of 99.9%
[1725037957.00][CONN][RXD] &lt;greentea test suite&gt;:59::FAIL: Expected 0.000000 Was 0.999023
[1725037957.05][CONN][RXD] DAC output of 10.0% produced an ADC reading of 99.9%
[1725037957.10][CONN][RXD] DAC output of 20.0% produced an ADC reading of 99.9%
[1725037957.15][CONN][RXD] DAC output of 30.0% produced an ADC reading of 99.9%
[1725037957.20][CONN][RXD] DAC output of 40.0% produced an ADC reading of 100.0%
[1725037957.25][CONN][RXD] DAC output of 50.0% produced an ADC reading of 99.9%
[1725037957.30][CONN][RXD] DAC output of 60.0% produced an ADC reading of 100.0%
[1725037957.35][CONN][RXD] DAC output of 70.0% produced an ADC reading of 99.9%
[1725037957.40][CONN][RXD] DAC output of 80.0% produced an ADC reading of 99.9%
[1725037957.45][CONN][RXD] DAC output of 90.0% produced an ADC reading of 99.9%
[1725037957.50][CONN][RXD] DAC output of 100.0% produced an ADC reading of 99.9%
[1725037957.50][CONN][INF] found KV pair in stream: {{__testcase_finish;DAC to ADC;0;1}}, queued...
[1725037957.51][CONN][RXD] &gt;&gt;&gt; 'DAC to ADC': 0 passed, 1 failed with reason 'Test Cases Failed'
[1725037957.51][CONN][RXD] 
[1725037957.51][CONN][RXD] 
[1725037957.51][CONN][RXD] &gt;&gt;&gt; Test cases: 0 passed, 1 failed with reason 'Test Cases Failed'
[1725037957.52][CONN][RXD] &gt;&gt;&gt; TESTS FAILED!
[1725037957.52][CONN][RXD] 
[1725037957.52][CONN][RXD] -----------------------
[1725037957.52][CONN][RXD] 0 Tests 1 Failures 0 Ignored 
[1725037957.52][CONN][RXD] FAIL
[1725037957.53][CONN][INF] found KV pair in stream: {{__testcase_summary;0;1}}, queued...
[1725037957.53][CONN][INF] found KV pair in stream: {{end;failure}}, queued...
[1725037957.53][CONN][INF] found KV pair in stream: {{__exit;0}}, queued...
[1725037957.53][HTST][INF] __exit(0)
[1725037957.53][HTST][INF] __notify_complete(False)
[1725037957.53][HTST][INF] __exit_event_queue received
[1725037957.53][HTST][INF] test suite run finished after 0.57 sec...
[1725037957.54][CONN][INF] received special event '__host_test_finished' value='True', finishing
[1725037957.55][HTST][INF] CONN exited with code: 0
[1725037957.55][HTST][INF] Some events in queue
[1725037957.55][HTST][INF] stopped consuming events
[1725037957.55][HTST][INF] host test result() call skipped, received: False
[1725037957.55][HTST][INF] calling blocking teardown()
[1725037957.55][HTST][INF] teardown() finished
[1725037957.55][HTST][INF] {{result;failure}}
CMake Error at mbed-run-greentea-test-testshield-dac-to-adc.cmake:19 (execute_process):
  execute_process failed command indexes:

    1: "Child return code: 1"



</system-out>
	</testcase>
</testsuite>
