<?xml version="1.0" encoding="UTF-8"?>
<testsuite name="(empty)"
	tests="13"
	failures="5"
	disabled="0"
	skipped="3"
	hostname=""
	time="77"
	timestamp="2025-08-13T01:10:26"
	>
	<testcase name="test-testshield-businout" classname="test-testshield-businout" time="2.63534" status="fail">
		<failure message="Failed"/>
		<properties/>
		<system-out>[0/1] Flashing test-testshield-businout with pyOCD...
0000337 I Target type is ama3b1kk_kbr [board]
0000359 I DP IDR = 0x2ba01477 (v1 rev2) [dap]
0000376 I AHB-AP#0 IDR = 0x24770011 (AHB-AP var1 rev2) [discovery]
0000382 I AHB-AP#0 Class 0x1 ROM table #0 @ 0xe00ff000 (designer=43b:Arm part=4c4) [rom_table]
0000384 I [0]&lt;e000e000:SCS v7-M class=14 designer=43b:Arm part=00c&gt; [rom_table]
0000387 I [1]&lt;e0001000:DWT v7-M class=14 designer=43b:Arm part=002&gt; [rom_table]
0000398 I [2]&lt;e0002000:FPB v7-M class=14 designer=43b:Arm part=003&gt; [rom_table]
0000419 I [3]&lt;e0000000:ITM v7-M class=14 designer=43b:Arm part=001&gt; [rom_table]
0000441 I [4]&lt;e0040000:TPIU M4 class=9 designer=43b:Arm part=9a1 devtype=11 archid=0000 devid=ca0:0:0&gt; [rom_table]
0000443 I CPU core #0: Cortex-M4 r0p1, v7.0-M architecture [cortex_m]
0000443 I   Extensions: [DSP, FPU, FPU_V4, MPU] [cortex_m]
0000443 I   FPU present: FPv4-SP-D16-M [cortex_m]
0000444 I 4 hardware watchpoints [dwt]
0000444 I 6 hardware breakpoints, 4 literal comparators [fpb]
0000446 I Loading /home/jamie/Mbed/mbed-ce-test-tools/CI-Shield-Tests/build/SFE_ARTEMIS-Develop/test-testshield-businout.bin at 0x00010000 [load_cmd]
[---|---|---|---|---|---|---|---|---|----]
[========================================]
0001401 I Erased 65536 bytes (8 sectors), programmed 65536 bytes (8 pages), skipped 0 bytes (0 pages) at 67.09 kB/s [loader]
Executing: /home/jamie/Mbed/mbed-ce-test-tools/CI-Shield-Tests/mbed-os/venv/bin/mbedhtrun --skip-flashing -p /dev/ttySFE_ARTEMIS --skip-reset --sync-predelay 0.3 -m SFE_ARTEMIS --baud-rate=115200
[+339ms][HTST][INF] host test executor ver. 0.0.16
[+339ms][HTST][INF] copy image onto target... SKIPPED!
[+341ms][HTST][INF] starting host test process...
[+343ms][CONN][INF] starting connection process...
[+344ms][CONN][INF] notify event queue about extra 60 sec timeout for serial port pooling
[+344ms][CONN][INF] initializing serial port listener... 
[+344ms][SERI][INF] using specified port '/dev/ttySFE_ARTEMIS'
[+344ms][SERI][INF] serial(port=/dev/ttySFE_ARTEMIS, baudrate=115200, read_timeout=0.01, write_timeout=5)
[+344ms][HTST][INF] setting timeout to: 60 sec
[+345ms][CONN][INF] Pre-sync delay for 0.30 sec...
[+647ms][SERI][TXD] mbedmbedmbedmbedmbedmbedmbedmbedmbedmbed
[+647ms][CONN][INF] sending up to 2 __sync packets (specified with --sync=2)
[+647ms][CONN][INF] sending preamble '63984495-7b7f-4fc2-8b8e-8902b904d832'
[+648ms][SERI][TXD] {{__sync;63984495-7b7f-4fc2-8b8e-8902b904d832}}
[+658ms][CONN][WRN] UnicodeDecodeError encountered! Raw bytes were b'\xfembedmbedmbedmbedmbedmbedmbedmbed' and they decoded to "mbedmbedmbedmbedmbedmbedmbedmbed"
[+669ms][CONN][RXD] mbedmbedmbedmbedmbedmbedmbedmbed
[+669ms][CONN][INF] found KV pair in stream: {{__sync;63984495-7b7f-4fc2-8b8e-8902b904d832}}, queued...
[+669ms][CONN][INF] found KV pair in stream: {{__version;1.3.0}}, queued...
[+669ms][CONN][INF] found KV pair in stream: {{__timeout;40}}, queued...
[+669ms][CONN][INF] found SYNC in stream: {{__sync;63984495-7b7f-4fc2-8b8e-8902b904d832}} it is #0 sent, queued...
[+670ms][HTST][INF] sync KV found, uuid=63984495-7b7f-4fc2-8b8e-8902b904d832, timestamp=1755072628.998231
[+671ms][HTST][INF] DUT greentea-client version: 1.3.0
[+671ms][HTST][INF] setting timeout to: 40 sec
[+680ms][CONN][INF] found KV pair in stream: {{__host_test_name;default_auto}}, queued...
[+680ms][CONN][RXD] &gt;&gt;&gt; Running 4 test cases...
[+680ms][CONN][INF] found KV pair in stream: {{__testcase_name;BusIn definable}}, queued...
[+681ms][HTST][INF] host test class: '&lt;class 'mbed_os_tools.test.host_tests.default_auto.DefaultAuto'&gt;'
[+681ms][HTST][INF] host test setup() call...
[+681ms][HTST][INF] CALLBACKs updated
[+681ms][HTST][INF] host test detected: default_auto
[+691ms][CONN][INF] found KV pair in stream: {{__testcase_name;BusOut definable}}, queued...
[+691ms][CONN][INF] found KV pair in stream: {{__testcase_name;BusInOut to BusInOut}}, queued...
[+691ms][CONN][INF] found KV pair in stream: {{__testcase_name;BusIn to BusOut}}, queued...
[+691ms][CONN][RXD] 
[+702ms][CONN][RXD] &gt;&gt;&gt; Running case #1: 'BusIn definable'...
[+702ms][CONN][INF] found KV pair in stream: {{__testcase_start;BusIn definable}}, queued...
[+702ms][CONN][INF] found KV pair in stream: {{__testcase_finish;BusIn definable;1;0}}, queued...
[+713ms][CONN][RXD] &gt;&gt;&gt; 'BusIn definable': 1 passed, 0 failed
[+713ms][CONN][RXD] &lt;greentea test suite&gt;:0::PASS
[+713ms][CONN][RXD] 
[+713ms][CONN][RXD] &gt;&gt;&gt; Running case #2: 'BusOut definable'...
[+724ms][CONN][INF] found KV pair in stream: {{__testcase_start;BusOut definable}}, queued...
[+724ms][CONN][INF] found KV pair in stream: {{__testcase_finish;BusOut definable;1;0}}, queued...
[+735ms][CONN][RXD] &gt;&gt;&gt; 'BusOut definable': 1 passed, 0 failed
[+735ms][CONN][RXD] &lt;greentea test suite&gt;:0::PASS
[+735ms][CONN][RXD] 
[+735ms][CONN][RXD] &gt;&gt;&gt; Running case #3: 'BusInOut to BusInOut'...
[+735ms][CONN][INF] found KV pair in stream: {{__testcase_start;BusInOut to BusInOut}}, queued...
[+735ms][CONN][RXD] 
[+746ms][CONN][RXD] *********
[+746ms][CONN][RXD] value of x,bio2 is: 0x0, 0x0
[+746ms][CONN][RXD] ********
[+746ms][CONN][RXD] 
[+746ms][CONN][RXD] *********
[+746ms][CONN][RXD] value of x,bio2 is: 0x1, 0x1
[+746ms][CONN][RXD] ********
[+746ms][CONN][RXD] 
[+747ms][CONN][RXD] *********
[+757ms][CONN][RXD] value of x,bio2 is: 0x2, 0x2
[+757ms][CONN][RXD] ********
[+757ms][CONN][RXD] 
[+757ms][CONN][RXD] *********
[+757ms][CONN][RXD] value of x,bio2 is: 0x3, 0x3
[+757ms][CONN][RXD] ********
[+758ms][CONN][RXD] 
[+758ms][CONN][RXD] *********
[+768ms][CONN][RXD] value of x,bio2 is: 0x4, 0x4
[+768ms][CONN][RXD] ********
[+768ms][CONN][RXD] 
[+768ms][CONN][RXD] *********
[+768ms][CONN][RXD] value of x,bio2 is: 0x5, 0x5
[+769ms][CONN][RXD] ********
[+769ms][CONN][RXD] 
[+769ms][CONN][RXD] *********
[+780ms][CONN][RXD] value of x,bio2 is: 0x6, 0x6
[+780ms][CONN][RXD] ********
[+780ms][CONN][RXD] 
[+780ms][CONN][RXD] *********
[+780ms][CONN][RXD] value of x,bio2 is: 0x7, 0x7
[+780ms][CONN][RXD] ********
[+780ms][CONN][RXD] 
[+780ms][CONN][RXD] *********
[+791ms][CONN][RXD] value of x,bio1 is: 0x0, 0x2
[+791ms][CONN][RXD] ********
[+791ms][CONN][RXD] &lt;greentea test suite&gt;:81::FAIL: Value read on bus does not equal value written. 
[+791ms][CONN][RXD] 
[+791ms][CONN][RXD] *********
[+802ms][CONN][RXD] value of x,bio1 is: 0x1, 0x1
[+802ms][CONN][RXD] ********
[+802ms][CONN][RXD] 
[+802ms][CONN][RXD] *********
[+802ms][CONN][RXD] value of x,bio1 is: 0x2, 0x2
[+802ms][CONN][RXD] ********
[+802ms][CONN][RXD] 
[+802ms][CONN][RXD] *********
[+802ms][CONN][RXD] value of x,bio1 is: 0x3, 0x3
[+813ms][CONN][RXD] ********
[+813ms][CONN][RXD] 
[+813ms][CONN][RXD] *********
[+813ms][CONN][RXD] value of x,bio1 is: 0x4, 0x4
[+813ms][CONN][RXD] ********
[+813ms][CONN][RXD] 
[+813ms][CONN][RXD] *********
[+813ms][CONN][RXD] value of x,bio1 is: 0x5, 0x5
[+813ms][CONN][RXD] ********
[+814ms][CONN][RXD] 
[+814ms][CONN][RXD] *********
[+825ms][CONN][RXD] value of x,bio1 is: 0x6, 0x6
[+825ms][CONN][RXD] ********
[+825ms][CONN][RXD] 
[+825ms][CONN][RXD] *********
[+825ms][CONN][RXD] value of x,bio1 is: 0x7, 0x7
[+825ms][CONN][RXD] ********
[+836ms][CONN][INF] found KV pair in stream: {{__testcase_finish;BusInOut to BusInOut;0;1}}, queued...
[+836ms][CONN][RXD] &gt;&gt;&gt; 'BusInOut to BusInOut': 0 passed, 1 failed with reason 'Test Cases Failed'
[+836ms][CONN][RXD] 
[+836ms][CONN][RXD] 
[+847ms][CONN][RXD] &gt;&gt;&gt; Running case #4: 'BusIn to BusOut'...
[+847ms][CONN][INF] found KV pair in stream: {{__testcase_start;BusIn to BusOut}}, queued...
[+847ms][CONN][RXD] 
[+847ms][CONN][RXD] *********
[+847ms][CONN][RXD] value of bin,bout,x is: 0x1, 0x1, 0x1
[+857ms][CONN][RXD] ********
[+858ms][CONN][RXD] 
[+858ms][CONN][RXD] *********
[+858ms][CONN][RXD] value of bin,bout,x is: 0x2, 0x2, 0x2
[+858ms][CONN][RXD] ********
[+858ms][CONN][RXD] 
[+858ms][CONN][RXD] *********
[+868ms][CONN][RXD] value of bin,bout,x is: 0x3, 0x3, 0x3
[+869ms][CONN][RXD] ********
[+869ms][CONN][RXD] 
[+869ms][CONN][RXD] *********
[+869ms][CONN][RXD] value of bin,bout,x is: 0x4, 0x4, 0x4
[+869ms][CONN][RXD] ********
[+869ms][CONN][RXD] 
[+869ms][CONN][RXD] *********
[+879ms][CONN][RXD] value of bin,bout,x is: 0x5, 0x5, 0x5
[+880ms][CONN][RXD] ********
[+880ms][CONN][RXD] 
[+880ms][CONN][RXD] *********
[+880ms][CONN][RXD] value of bin,bout,x is: 0x6, 0x6, 0x6
[+880ms][CONN][RXD] ********
[+880ms][CONN][RXD] 
[+880ms][CONN][RXD] *********
[+891ms][CONN][RXD] value of bin,bout,x is: 0x7, 0x7, 0x7
[+891ms][CONN][RXD] ********
[+891ms][CONN][INF] found KV pair in stream: {{__testcase_finish;BusIn to BusOut;1;0}}, queued...
[+901ms][CONN][RXD] &gt;&gt;&gt; 'BusIn to BusOut': 1 passed, 0 failed
[+901ms][CONN][RXD] &lt;greentea test suite&gt;:0::PASS
[+901ms][CONN][RXD] 
[+902ms][CONN][RXD] &gt;&gt;&gt; Test cases: 3 passed, 1 failed with reason 'Test Cases Failed'
[+912ms][CONN][RXD] &gt;&gt;&gt; TESTS FAILED!
[+912ms][CONN][RXD] 
[+912ms][CONN][RXD] -----------------------
[+912ms][CONN][RXD] 0 Tests 1 Failures 0 Ignored 
[+912ms][CONN][RXD] FAIL
[+913ms][CONN][INF] found KV pair in stream: {{__testcase_summary;3;1}}, queued...
[+924ms][CONN][INF] found KV pair in stream: {{end;failure}}, queued...
[+924ms][CONN][INF] found KV pair in stream: {{__exit;0}}, queued...
[+926ms][HTST][INF] __exit(0)
[+926ms][HTST][INF] __notify_complete(False)
[+927ms][HTST][INF] __exit_event_queue received
[+927ms][HTST][INF] test suite run finished after 0.26 sec...
[+934ms][CONN][INF] received special event '__host_test_finished' value='True', finishing
[+946ms][HTST][INF] CONN exited with code: 0
[+946ms][HTST][INF] Some events in queue
[+946ms][HTST][INF] stopped consuming events
[+947ms][HTST][INF] host test result() call skipped, received: False
[+947ms][HTST][INF] calling blocking teardown()
[+947ms][HTST][INF] teardown() finished
[+947ms][HTST][INF] {{result;failure}}
CMake Error at mbed-run-greentea-test-testshield-businout.cmake:19 (execute_process):
  execute_process failed command indexes:

    1: "Child return code: 1"



</system-out>
	</testcase>
	<testcase name="test-testshield-interruptin" classname="test-testshield-interruptin" time="3.29446" status="run">
		<properties/>
		<system-out>[1/3] Building CXX object CMakeFiles/test-testshield-interruptin.dir/InterruptInTest.cpp.obj
[2/3] Linking CXX executable test-testshield-interruptin.elf
-- built: /home/jamie/Mbed/mbed-ce-test-tools/CI-Shield-Tests/build/SFE_ARTEMIS-Develop/test-testshield-interruptin.bin
-- built: /home/jamie/Mbed/mbed-ce-test-tools/CI-Shield-Tests/build/SFE_ARTEMIS-Develop/test-testshield-interruptin.hex
| Module                                     |     .text |    .data |     .bss |
|--------------------------------------------|-----------|----------|----------|
| CMakeFiles/test-testshield-interruptin.dir |  3590(+0) |    4(+0) |  244(+0) |
| [fill]                                     |   151(+0) |   11(+0) |   48(+0) |
| [lib]/c.a                                  | 14496(+0) | 1740(+0) |  373(+0) |
| [lib]/client_userio.a                      |  1747(+0) |   56(+0) |    8(+0) |
| [lib]/gcc.a                                |  3204(+0) |    0(+0) |    0(+0) |
| [lib]/mbed-greentea-io.a                   |    70(+0) |    0(+0) |    0(+0) |
| [lib]/mbed-unity.a                         |   884(+0) |    0(+0) |  224(+0) |
| [lib]/mbed-utest.a                         |  4685(+0) |   13(+0) |  201(+0) |
| [lib]/misc                                 |   292(+0) |   12(+0) |   25(+0) |
| mbed-os/CMakeFiles                         | 41197(+0) |  452(+0) | 8413(+0) |
| Subtotals                                  | 70316(+0) | 2288(+0) | 9536(+0) |
Total Static RAM memory (data + bss): 11824(+0) bytes
Total Flash memory (text + data): 72604(+0) bytes

RAM Bank IRAM1: 12096(+0)/393216 bytes used, 3.1% (+0.0%) used
ROM Bank IROM1: 72612(+0)/983040 bytes used, 7.4% (+0.0%) used

[2/3] Flashing test-testshield-interruptin with pyOCD...
0000312 I Target type is ama3b1kk_kbr [board]
0000332 I DP IDR = 0x2ba01477 (v1 rev2) [dap]
0000352 I AHB-AP#0 IDR = 0x24770011 (AHB-AP var1 rev2) [discovery]
0000358 I AHB-AP#0 Class 0x1 ROM table #0 @ 0xe00ff000 (designer=43b:Arm part=4c4) [rom_table]
0000365 I [0]&lt;e000e000:SCS v7-M class=14 designer=43b:Arm part=00c&gt; [rom_table]
0000376 I [1]&lt;e0001000:DWT v7-M class=14 designer=43b:Arm part=002&gt; [rom_table]
0000387 I [2]&lt;e0002000:FPB v7-M class=14 designer=43b:Arm part=003&gt; [rom_table]
0000408 I [3]&lt;e0000000:ITM v7-M class=14 designer=43b:Arm part=001&gt; [rom_table]
0000416 I [4]&lt;e0040000:TPIU M4 class=9 designer=43b:Arm part=9a1 devtype=11 archid=0000 devid=ca0:0:0&gt; [rom_table]
0000417 I CPU core #0: Cortex-M4 r0p1, v7.0-M architecture [cortex_m]
0000417 I   Extensions: [DSP, FPU, FPU_V4, MPU] [cortex_m]
0000417 I   FPU present: FPv4-SP-D16-M [cortex_m]
0000418 I 4 hardware watchpoints [dwt]
0000419 I 6 hardware breakpoints, 4 literal comparators [fpb]
0000422 I Loading /home/jamie/Mbed/mbed-ce-test-tools/CI-Shield-Tests/build/SFE_ARTEMIS-Develop/test-testshield-interruptin.bin at 0x00010000 [load_cmd]
[---|---|---|---|---|---|---|---|---|----]
[========================================]
0001253 I Erased 65536 bytes (8 sectors), programmed 65536 bytes (8 pages), skipped 0 bytes (0 pages) at 77.04 kB/s [loader]
Executing: /home/jamie/Mbed/mbed-ce-test-tools/CI-Shield-Tests/mbed-os/venv/bin/mbedhtrun --skip-flashing -p /dev/ttySFE_ARTEMIS --skip-reset --sync-predelay 0.3 -m SFE_ARTEMIS --baud-rate=115200
[+340ms][HTST][INF] host test executor ver. 0.0.16
[+340ms][HTST][INF] copy image onto target... SKIPPED!
[+342ms][HTST][INF] starting host test process...
[+344ms][CONN][INF] starting connection process...
[+345ms][CONN][INF] notify event queue about extra 60 sec timeout for serial port pooling
[+345ms][CONN][INF] initializing serial port listener... 
[+345ms][SERI][INF] using specified port '/dev/ttySFE_ARTEMIS'
[+345ms][SERI][INF] serial(port=/dev/ttySFE_ARTEMIS, baudrate=115200, read_timeout=0.01, write_timeout=5)
[+345ms][HTST][INF] setting timeout to: 60 sec
[+346ms][CONN][INF] Pre-sync delay for 0.30 sec...
[+648ms][SERI][TXD] mbedmbedmbedmbedmbedmbedmbedmbedmbedmbed
[+648ms][CONN][INF] sending up to 2 __sync packets (specified with --sync=2)
[+648ms][CONN][INF] sending preamble '4b6504e0-e7c7-475d-948d-1faf9cd65c70'
[+649ms][SERI][TXD] {{__sync;4b6504e0-e7c7-475d-948d-1faf9cd65c70}}
[+659ms][CONN][WRN] UnicodeDecodeError encountered! Raw bytes were b'\xfembedmbedmbedmbedmbedmbedmbedmbed' and they decoded to "mbedmbedmbedmbedmbedmbedmbedmbed"
[+670ms][CONN][RXD] mbedmbedmbedmbedmbedmbedmbedmbed
[+670ms][CONN][INF] found KV pair in stream: {{__sync;4b6504e0-e7c7-475d-948d-1faf9cd65c70}}, queued...
[+670ms][CONN][INF] found KV pair in stream: {{__version;1.3.0}}, queued...
[+670ms][CONN][INF] found KV pair in stream: {{__timeout;40}}, queued...
[+671ms][CONN][INF] found SYNC in stream: {{__sync;4b6504e0-e7c7-475d-948d-1faf9cd65c70}} it is #0 sent, queued...
[+671ms][HTST][INF] sync KV found, uuid=4b6504e0-e7c7-475d-948d-1faf9cd65c70, timestamp=1755072632.316160
[+672ms][HTST][INF] DUT greentea-client version: 1.3.0
[+672ms][HTST][INF] setting timeout to: 40 sec
[+681ms][CONN][INF] found KV pair in stream: {{__host_test_name;default_auto}}, queued...
[+681ms][CONN][RXD] &gt;&gt;&gt; Running 7 test cases...
[+681ms][CONN][INF] found KV pair in stream: {{__testcase_name;Interrupt from GPOUT_2 -&gt; GPIN_2}}, queued...
[+682ms][HTST][INF] host test class: '&lt;class 'mbed_os_tools.test.host_tests.default_auto.DefaultAuto'&gt;'
[+682ms][HTST][INF] host test setup() call...
[+683ms][HTST][INF] CALLBACKs updated
[+683ms][HTST][INF] host test detected: default_auto
[+692ms][CONN][INF] found KV pair in stream: {{__testcase_name;Interrupt from GPIN_2 -&gt; GPOUT_2}}, queued...
[+692ms][CONN][INF] found KV pair in stream: {{__testcase_name;Interrupt from GPOUT_1 -&gt; GPIN_1}}, queued...
[+703ms][CONN][INF] found KV pair in stream: {{__testcase_name;Interrupt from GPOUT_0 -&gt; GPIN_0}}, queued...
[+703ms][CONN][INF] found KV pair in stream: {{__testcase_name;Interrupt from GPIN_0 -&gt; GPOUT_0}}, queued...
[+714ms][CONN][INF] found KV pair in stream: {{__testcase_name;InterruptIn Both Edges}}, queued...
[+714ms][CONN][INF] found KV pair in stream: {{__testcase_name;InterruptIn Read Value}}, queued...
[+714ms][CONN][RXD] 
[+714ms][CONN][RXD] &gt;&gt;&gt; Running case #1: 'Interrupt from GPOUT_2 -&gt; GPIN_2'...
[+725ms][CONN][INF] found KV pair in stream: {{__testcase_start;Interrupt from GPOUT_2 -&gt; GPIN_2}}, queued...
[+736ms][CONN][INF] found KV pair in stream: {{__testcase_finish;Interrupt from GPOUT_2 -&gt; GPIN_2;1;0}}, queued...
[+736ms][CONN][RXD] &gt;&gt;&gt; 'Interrupt from GPOUT_2 -&gt; GPIN_2': 1 passed, 0 failed
[+736ms][CONN][RXD] &lt;greentea test suite&gt;:0::PASS
[+736ms][CONN][RXD] 
[+747ms][CONN][RXD] &gt;&gt;&gt; Running case #2: 'Interrupt from GPIN_2 -&gt; GPOUT_2'...
[+747ms][CONN][INF] found KV pair in stream: {{__testcase_start;Interrupt from GPIN_2 -&gt; GPOUT_2}}, queued...
[+757ms][CONN][INF] found KV pair in stream: {{__testcase_finish;Interrupt from GPIN_2 -&gt; GPOUT_2;1;0}}, queued...
[+757ms][CONN][RXD] &gt;&gt;&gt; 'Interrupt from GPIN_2 -&gt; GPOUT_2': 1 passed, 0 failed
[+768ms][CONN][RXD] &lt;greentea test suite&gt;:0::PASS
[+768ms][CONN][RXD] 
[+768ms][CONN][RXD] &gt;&gt;&gt; Running case #3: 'Interrupt from GPOUT_1 -&gt; GPIN_1'...
[+779ms][CONN][INF] found KV pair in stream: {{__testcase_start;Interrupt from GPOUT_1 -&gt; GPIN_1}}, queued...
[+779ms][CONN][INF] found KV pair in stream: {{__testcase_finish;Interrupt from GPOUT_1 -&gt; GPIN_1;1;0}}, queued...
[+790ms][CONN][RXD] &gt;&gt;&gt; 'Interrupt from GPOUT_1 -&gt; GPIN_1': 1 passed, 0 failed
[+790ms][CONN][RXD] &lt;greentea test suite&gt;:0::PASS
[+791ms][CONN][RXD] 
[+791ms][CONN][RXD] &gt;&gt;&gt; Running case #4: 'Interrupt from GPOUT_0 -&gt; GPIN_0'...
[+801ms][CONN][INF] found KV pair in stream: {{__testcase_start;Interrupt from GPOUT_0 -&gt; GPIN_0}}, queued...
[+801ms][CONN][INF] found KV pair in stream: {{__testcase_finish;Interrupt from GPOUT_0 -&gt; GPIN_0;1;0}}, queued...
[+812ms][CONN][RXD] &gt;&gt;&gt; 'Interrupt from GPOUT_0 -&gt; GPIN_0': 1 passed, 0 failed
[+812ms][CONN][RXD] &lt;greentea test suite&gt;:0::PASS
[+812ms][CONN][RXD] 
[+823ms][CONN][RXD] &gt;&gt;&gt; Running case #5: 'Interrupt from GPIN_0 -&gt; GPOUT_0'...
[+823ms][CONN][INF] found KV pair in stream: {{__testcase_start;Interrupt from GPIN_0 -&gt; GPOUT_0}}, queued...
[+833ms][CONN][INF] found KV pair in stream: {{__testcase_finish;Interrupt from GPIN_0 -&gt; GPOUT_0;1;0}}, queued...
[+834ms][CONN][RXD] &gt;&gt;&gt; 'Interrupt from GPIN_0 -&gt; GPOUT_0': 1 passed, 0 failed
[+844ms][CONN][RXD] &lt;greentea test suite&gt;:0::PASS
[+844ms][CONN][RXD] 
[+844ms][CONN][RXD] &gt;&gt;&gt; Running case #6: 'InterruptIn Both Edges'...
[+845ms][CONN][INF] found KV pair in stream: {{__testcase_start;InterruptIn Both Edges}}, queued...
[+855ms][CONN][INF] found KV pair in stream: {{__testcase_finish;InterruptIn Both Edges;1;0}}, queued...
[+855ms][CONN][RXD] &gt;&gt;&gt; 'InterruptIn Both Edges': 1 passed, 0 failed
[+866ms][CONN][RXD] &lt;greentea test suite&gt;:0::PASS
[+866ms][CONN][RXD] 
[+866ms][CONN][RXD] &gt;&gt;&gt; Running case #7: 'InterruptIn Read Value'...
[+866ms][CONN][INF] found KV pair in stream: {{__testcase_start;InterruptIn Read Value}}, queued...
[+877ms][CONN][INF] found KV pair in stream: {{__testcase_finish;InterruptIn Read Value;1;0}}, queued...
[+877ms][CONN][RXD] &gt;&gt;&gt; 'InterruptIn Read Value': 1 passed, 0 failed
[+877ms][CONN][RXD] &lt;greentea test suite&gt;:0::PASS
[+877ms][CONN][RXD] 
[+888ms][CONN][RXD] &gt;&gt;&gt; Test cases: 7 passed, 0 failed
[+888ms][CONN][RXD] 
[+888ms][CONN][RXD] -----------------------
[+888ms][CONN][RXD] 0 Tests 0 Failures 0 Ignored 
[+888ms][CONN][RXD] OK
[+898ms][CONN][INF] found KV pair in stream: {{__testcase_summary;7;0}}, queued...
[+899ms][CONN][INF] found KV pair in stream: {{end;success}}, queued...
[+899ms][CONN][INF] found KV pair in stream: {{__exit;0}}, queued...
[+901ms][HTST][INF] __exit(0)
[+902ms][HTST][INF] __notify_complete(True)
[+902ms][HTST][INF] __exit_event_queue received
[+902ms][HTST][INF] test suite run finished after 0.23 sec...
[+909ms][CONN][INF] received special event '__host_test_finished' value='True', finishing
[+921ms][HTST][INF] CONN exited with code: 0
[+921ms][HTST][INF] Some events in queue
[+922ms][HTST][INF] stopped consuming events
[+922ms][HTST][INF] host test result() call skipped, received: True
[+922ms][HTST][INF] calling blocking teardown()
[+922ms][HTST][INF] teardown() finished
[+922ms][HTST][INF] {{result;success}}
</system-out>
	</testcase>
	<testcase name="test-testshield-digitalio" classname="test-testshield-digitalio" time="2.4051" status="run">
		<properties/>
		<system-out>[0/1] Flashing test-testshield-digitalio with pyOCD...
0000304 I Target type is ama3b1kk_kbr [board]
0000322 I DP IDR = 0x2ba01477 (v1 rev2) [dap]
0000339 I AHB-AP#0 IDR = 0x24770011 (AHB-AP var1 rev2) [discovery]
0000344 I AHB-AP#0 Class 0x1 ROM table #0 @ 0xe00ff000 (designer=43b:Arm part=4c4) [rom_table]
0000370 I [0]&lt;e000e000:SCS v7-M class=14 designer=43b:Arm part=00c&gt; [rom_table]
0000375 I [1]&lt;e0001000:DWT v7-M class=14 designer=43b:Arm part=002&gt; [rom_table]
0000388 I [2]&lt;e0002000:FPB v7-M class=14 designer=43b:Arm part=003&gt; [rom_table]
0000388 I [3]&lt;e0000000:ITM v7-M class=14 designer=43b:Arm part=001&gt; [rom_table]
0000390 I [4]&lt;e0040000:TPIU M4 class=9 designer=43b:Arm part=9a1 devtype=11 archid=0000 devid=ca0:0:0&gt; [rom_table]
0000391 I CPU core #0: Cortex-M4 r0p1, v7.0-M architecture [cortex_m]
0000391 I   Extensions: [DSP, FPU, FPU_V4, MPU] [cortex_m]
0000391 I   FPU present: FPv4-SP-D16-M [cortex_m]
0000392 I 4 hardware watchpoints [dwt]
0000393 I 6 hardware breakpoints, 4 literal comparators [fpb]
0000395 I Loading /home/jamie/Mbed/mbed-ce-test-tools/CI-Shield-Tests/build/SFE_ARTEMIS-Develop/test-testshield-digitalio.bin at 0x00010000 [load_cmd]
[---|---|---|---|---|---|---|---|---|----]
[========================================]
0001278 I Erased 65536 bytes (8 sectors), programmed 65536 bytes (8 pages), skipped 0 bytes (0 pages) at 72.60 kB/s [loader]
Executing: /home/jamie/Mbed/mbed-ce-test-tools/CI-Shield-Tests/mbed-os/venv/bin/mbedhtrun --skip-flashing -p /dev/ttySFE_ARTEMIS --skip-reset --sync-predelay 0.3 -m SFE_ARTEMIS --baud-rate=115200
[+335ms][HTST][INF] host test executor ver. 0.0.16
[+335ms][HTST][INF] copy image onto target... SKIPPED!
[+336ms][HTST][INF] starting host test process...
[+339ms][CONN][INF] starting connection process...
[+339ms][CONN][INF] notify event queue about extra 60 sec timeout for serial port pooling
[+339ms][CONN][INF] initializing serial port listener... 
[+339ms][SERI][INF] using specified port '/dev/ttySFE_ARTEMIS'
[+339ms][SERI][INF] serial(port=/dev/ttySFE_ARTEMIS, baudrate=115200, read_timeout=0.01, write_timeout=5)
[+339ms][HTST][INF] setting timeout to: 60 sec
[+340ms][CONN][INF] Pre-sync delay for 0.30 sec...
[+642ms][SERI][TXD] mbedmbedmbedmbedmbedmbedmbedmbedmbedmbed
[+642ms][CONN][INF] sending up to 2 __sync packets (specified with --sync=2)
[+643ms][CONN][INF] sending preamble '6cfdd65a-da74-4022-a9da-39013df56764'
[+643ms][SERI][TXD] {{__sync;6cfdd65a-da74-4022-a9da-39013df56764}}
[+654ms][CONN][WRN] UnicodeDecodeError encountered! Raw bytes were b'\xfembedmbedmbedmbedmbedmbedmbedmbed' and they decoded to "mbedmbedmbedmbedmbedmbedmbedmbed"
[+664ms][CONN][RXD] mbedmbedmbedmbedmbedmbedmbedmbed
[+665ms][CONN][INF] found KV pair in stream: {{__sync;6cfdd65a-da74-4022-a9da-39013df56764}}, queued...
[+665ms][CONN][INF] found KV pair in stream: {{__version;1.3.0}}, queued...
[+665ms][CONN][INF] found KV pair in stream: {{__timeout;30}}, queued...
[+665ms][CONN][INF] found SYNC in stream: {{__sync;6cfdd65a-da74-4022-a9da-39013df56764}} it is #0 sent, queued...
[+666ms][HTST][INF] sync KV found, uuid=6cfdd65a-da74-4022-a9da-39013df56764, timestamp=1755072634.827853
[+666ms][HTST][INF] DUT greentea-client version: 1.3.0
[+667ms][HTST][INF] setting timeout to: 30 sec
[+676ms][CONN][INF] found KV pair in stream: {{__host_test_name;default_auto}}, queued...
[+676ms][CONN][RXD] &gt;&gt;&gt; Running 4 test cases...
[+676ms][CONN][INF] found KV pair in stream: {{__testcase_name;Digital I/O GPOUT_0 -&gt; GPIN_0}}, queued...
[+677ms][HTST][INF] host test class: '&lt;class 'mbed_os_tools.test.host_tests.default_auto.DefaultAuto'&gt;'
[+677ms][HTST][INF] host test setup() call...
[+677ms][HTST][INF] CALLBACKs updated
[+677ms][HTST][INF] host test detected: default_auto
[+687ms][CONN][INF] found KV pair in stream: {{__testcase_name;Digital I/O GPOUT_1 -&gt; GPIN_1}}, queued...
[+687ms][CONN][INF] found KV pair in stream: {{__testcase_name;Digital I/O GPIN_2 -&gt; GPOUT_2}}, queued...
[+698ms][CONN][INF] found KV pair in stream: {{__testcase_name;Digital I/O GPOUT_2 -&gt; GPIN_2}}, queued...
[+698ms][CONN][RXD] 
[+698ms][CONN][RXD] &gt;&gt;&gt; Running case #1: 'Digital I/O GPOUT_0 -&gt; GPIN_0'...
[+708ms][CONN][INF] found KV pair in stream: {{__testcase_start;Digital I/O GPOUT_0 -&gt; GPIN_0}}, queued...
[+708ms][CONN][INF] found KV pair in stream: {{__testcase_finish;Digital I/O GPOUT_0 -&gt; GPIN_0;1;0}}, queued...
[+719ms][CONN][RXD] &gt;&gt;&gt; 'Digital I/O GPOUT_0 -&gt; GPIN_0': 1 passed, 0 failed
[+719ms][CONN][RXD] &lt;greentea test suite&gt;:0::PASS
[+719ms][CONN][RXD] 
[+720ms][CONN][RXD] &gt;&gt;&gt; Running case #2: 'Digital I/O GPOUT_1 -&gt; GPIN_1'...
[+730ms][CONN][INF] found KV pair in stream: {{__testcase_start;Digital I/O GPOUT_1 -&gt; GPIN_1}}, queued...
[+731ms][CONN][INF] found KV pair in stream: {{__testcase_finish;Digital I/O GPOUT_1 -&gt; GPIN_1;1;0}}, queued...
[+741ms][CONN][RXD] &gt;&gt;&gt; 'Digital I/O GPOUT_1 -&gt; GPIN_1': 1 passed, 0 failed
[+742ms][CONN][RXD] &lt;greentea test suite&gt;:0::PASS
[+742ms][CONN][RXD] 
[+742ms][CONN][RXD] &gt;&gt;&gt; Running case #3: 'Digital I/O GPIN_2 -&gt; GPOUT_2'...
[+752ms][CONN][INF] found KV pair in stream: {{__testcase_start;Digital I/O GPIN_2 -&gt; GPOUT_2}}, queued...
[+763ms][CONN][INF] found KV pair in stream: {{__testcase_finish;Digital I/O GPIN_2 -&gt; GPOUT_2;1;0}}, queued...
[+763ms][CONN][RXD] &gt;&gt;&gt; 'Digital I/O GPIN_2 -&gt; GPOUT_2': 1 passed, 0 failed
[+763ms][CONN][RXD] &lt;greentea test suite&gt;:0::PASS
[+764ms][CONN][RXD] 
[+774ms][CONN][RXD] &gt;&gt;&gt; Running case #4: 'Digital I/O GPOUT_2 -&gt; GPIN_2'...
[+775ms][CONN][INF] found KV pair in stream: {{__testcase_start;Digital I/O GPOUT_2 -&gt; GPIN_2}}, queued...
[+775ms][CONN][INF] found KV pair in stream: {{__testcase_finish;Digital I/O GPOUT_2 -&gt; GPIN_2;1;0}}, queued...
[+786ms][CONN][RXD] &gt;&gt;&gt; 'Digital I/O GPOUT_2 -&gt; GPIN_2': 1 passed, 0 failed
[+786ms][CONN][RXD] &lt;greentea test suite&gt;:0::PASS
[+786ms][CONN][RXD] 
[+797ms][CONN][RXD] &gt;&gt;&gt; Test cases: 4 passed, 0 failed
[+797ms][CONN][RXD] 
[+797ms][CONN][RXD] -----------------------
[+797ms][CONN][RXD] 0 Tests 0 Failures 0 Ignored 
[+797ms][CONN][RXD] OK
[+798ms][CONN][INF] found KV pair in stream: {{__testcase_summary;4;0}}, queued...
[+798ms][CONN][INF] found KV pair in stream: {{end;success}}, queued...
[+800ms][HTST][INF] __notify_complete(True)
[+801ms][HTST][INF] __exit_event_queue received
[+801ms][HTST][INF] test suite run finished after 0.13 sec...
[+808ms][CONN][INF] found KV pair in stream: {{__exit;0}}, queued...
[+809ms][CONN][INF] received special event '__host_test_finished' value='True', finishing
[+820ms][HTST][INF] CONN exited with code: 0
[+820ms][HTST][INF] Some events in queue
[+820ms][HTST][INF] stopped consuming events
[+820ms][HTST][INF] host test result() call skipped, received: True
[+821ms][HTST][WRN] missing __exit event from DUT
[+821ms][HTST][INF] calling blocking teardown()
[+821ms][HTST][INF] teardown() finished
[+821ms][HTST][INF] {{result;success}}
</system-out>
	</testcase>
	<testcase name="test-testshield-digitalio-prop-time" classname="test-testshield-digitalio-prop-time" time="2.599" status="run">
		<properties/>
		<system-out>[0/1] Flashing test-testshield-digitalio-prop-time with pyOCD...
0000294 I Target type is ama3b1kk_kbr [board]
0000311 I DP IDR = 0x2ba01477 (v1 rev2) [dap]
0000330 I AHB-AP#0 IDR = 0x24770011 (AHB-AP var1 rev2) [discovery]
0000376 I AHB-AP#0 Class 0x1 ROM table #0 @ 0xe00ff000 (designer=43b:Arm part=4c4) [rom_table]
0000377 I [0]&lt;e000e000:SCS v7-M class=14 designer=43b:Arm part=00c&gt; [rom_table]
0000378 I [1]&lt;e0001000:DWT v7-M class=14 designer=43b:Arm part=002&gt; [rom_table]
0000378 I [2]&lt;e0002000:FPB v7-M class=14 designer=43b:Arm part=003&gt; [rom_table]
0000379 I [3]&lt;e0000000:ITM v7-M class=14 designer=43b:Arm part=001&gt; [rom_table]
0000380 I [4]&lt;e0040000:TPIU M4 class=9 designer=43b:Arm part=9a1 devtype=11 archid=0000 devid=ca0:0:0&gt; [rom_table]
0000382 I CPU core #0: Cortex-M4 r0p1, v7.0-M architecture [cortex_m]
0000382 I   Extensions: [DSP, FPU, FPU_V4, MPU] [cortex_m]
0000382 I   FPU present: FPv4-SP-D16-M [cortex_m]
0000383 I 4 hardware watchpoints [dwt]
0000383 I 6 hardware breakpoints, 4 literal comparators [fpb]
0000386 I Loading /home/jamie/Mbed/mbed-ce-test-tools/CI-Shield-Tests/build/SFE_ARTEMIS-Develop/test-testshield-digitalio-prop-time.bin at 0x00010000 [load_cmd]
[---|---|---|---|---|---|---|---|---|----]
[========================================]
0001399 I Erased 65536 bytes (8 sectors), programmed 65536 bytes (8 pages), skipped 0 bytes (0 pages) at 63.20 kB/s [loader]
Executing: /home/jamie/Mbed/mbed-ce-test-tools/CI-Shield-Tests/mbed-os/venv/bin/mbedhtrun --skip-flashing -p /dev/ttySFE_ARTEMIS --skip-reset --sync-predelay 0.3 -m SFE_ARTEMIS --baud-rate=115200
[+335ms][HTST][INF] host test executor ver. 0.0.16
[+335ms][HTST][INF] copy image onto target... SKIPPED!
[+337ms][HTST][INF] starting host test process...
[+339ms][CONN][INF] starting connection process...
[+340ms][CONN][INF] notify event queue about extra 60 sec timeout for serial port pooling
[+340ms][CONN][INF] initializing serial port listener... 
[+340ms][SERI][INF] using specified port '/dev/ttySFE_ARTEMIS'
[+340ms][SERI][INF] serial(port=/dev/ttySFE_ARTEMIS, baudrate=115200, read_timeout=0.01, write_timeout=5)
[+340ms][HTST][INF] setting timeout to: 60 sec
[+341ms][CONN][INF] Pre-sync delay for 0.30 sec...
[+643ms][SERI][TXD] mbedmbedmbedmbedmbedmbedmbedmbedmbedmbed
[+643ms][CONN][INF] sending up to 2 __sync packets (specified with --sync=2)
[+643ms][CONN][INF] sending preamble '78d5f57a-2c64-4977-a77b-fdd0304f98f3'
[+644ms][SERI][TXD] {{__sync;78d5f57a-2c64-4977-a77b-fdd0304f98f3}}
[+654ms][CONN][WRN] UnicodeDecodeError encountered! Raw bytes were b'\xfembedmbedmbedmbedmbedmbedmbedmbed' and they decoded to "mbedmbedmbedmbedmbedmbedmbedmbed"
[+665ms][CONN][RXD] mbedmbedmbedmbedmbedmbedmbedmbed
[+665ms][CONN][INF] found KV pair in stream: {{__sync;78d5f57a-2c64-4977-a77b-fdd0304f98f3}}, queued...
[+665ms][CONN][INF] found KV pair in stream: {{__version;1.3.0}}, queued...
[+665ms][CONN][INF] found KV pair in stream: {{__timeout;30}}, queued...
[+665ms][CONN][INF] found SYNC in stream: {{__sync;78d5f57a-2c64-4977-a77b-fdd0304f98f3}} it is #0 sent, queued...
[+666ms][HTST][INF] sync KV found, uuid=78d5f57a-2c64-4977-a77b-fdd0304f98f3, timestamp=1755072637.333018
[+666ms][HTST][INF] DUT greentea-client version: 1.3.0
[+667ms][HTST][INF] setting timeout to: 30 sec
[+676ms][CONN][INF] found KV pair in stream: {{__host_test_name;default_auto}}, queued...
[+676ms][CONN][RXD] &gt;&gt;&gt; Running 6 test cases...
[+676ms][CONN][INF] found KV pair in stream: {{__testcase_name;Digital I/O GPOUT_0 -&gt; GPIN_0}}, queued...
[+677ms][HTST][INF] host test class: '&lt;class 'mbed_os_tools.test.host_tests.default_auto.DefaultAuto'&gt;'
[+677ms][HTST][INF] host test setup() call...
[+677ms][HTST][INF] CALLBACKs updated
[+677ms][HTST][INF] host test detected: default_auto
[+687ms][CONN][INF] found KV pair in stream: {{__testcase_name;Digital I/O GPIN_0 -&gt; GPOUT_0}}, queued...
[+687ms][CONN][INF] found KV pair in stream: {{__testcase_name;Digital I/O GPOUT_1 -&gt; GPIN_1}}, queued...
[+698ms][CONN][INF] found KV pair in stream: {{__testcase_name;Digital I/O GPIN_1 -&gt; GPOUT_1}}, queued...
[+698ms][CONN][INF] found KV pair in stream: {{__testcase_name;Digital I/O GPOUT_2 -&gt; GPIN_2}}, queued...
[+708ms][CONN][INF] found KV pair in stream: {{__testcase_name;Digital I/O GPIN_2 -&gt; GPOUT_2}}, queued...
[+708ms][CONN][RXD] 
[+708ms][CONN][RXD] &gt;&gt;&gt; Running case #1: 'Digital I/O GPOUT_0 -&gt; GPIN_0'...
[+719ms][CONN][INF] found KV pair in stream: {{__testcase_start;Digital I/O GPOUT_0 -&gt; GPIN_0}}, queued...
[+719ms][CONN][RXD] 0 -&gt; 1 propagation took 15us.
[+719ms][CONN][RXD] 1 -&gt; 0 propagation took 15us.
[+730ms][CONN][INF] found KV pair in stream: {{__testcase_finish;Digital I/O GPOUT_0 -&gt; GPIN_0;1;0}}, queued...
[+730ms][CONN][RXD] &gt;&gt;&gt; 'Digital I/O GPOUT_0 -&gt; GPIN_0': 1 passed, 0 failed
[+730ms][CONN][RXD] &lt;greentea test suite&gt;:0::PASS
[+730ms][CONN][RXD] 
[+741ms][CONN][RXD] &gt;&gt;&gt; Running case #2: 'Digital I/O GPIN_0 -&gt; GPOUT_0'...
[+741ms][CONN][INF] found KV pair in stream: {{__testcase_start;Digital I/O GPIN_0 -&gt; GPOUT_0}}, queued...
[+752ms][CONN][RXD] 0 -&gt; 1 propagation took 43us.
[+752ms][CONN][RXD] 1 -&gt; 0 propagation took 15us.
[+752ms][CONN][INF] found KV pair in stream: {{__testcase_finish;Digital I/O GPIN_0 -&gt; GPOUT_0;1;0}}, queued...
[+762ms][CONN][RXD] &gt;&gt;&gt; 'Digital I/O GPIN_0 -&gt; GPOUT_0': 1 passed, 0 failed
[+762ms][CONN][RXD] &lt;greentea test suite&gt;:0::PASS
[+763ms][CONN][RXD] 
[+773ms][CONN][RXD] &gt;&gt;&gt; Running case #3: 'Digital I/O GPOUT_1 -&gt; GPIN_1'...
[+773ms][CONN][INF] found KV pair in stream: {{__testcase_start;Digital I/O GPOUT_1 -&gt; GPIN_1}}, queued...
[+773ms][CONN][RXD] 0 -&gt; 1 propagation took 15us.
[+785ms][CONN][RXD] 1 -&gt; 0 propagation took 44us.
[+785ms][CONN][INF] found KV pair in stream: {{__testcase_finish;Digital I/O GPOUT_1 -&gt; GPIN_1;1;0}}, queued...
[+785ms][CONN][RXD] &gt;&gt;&gt; 'Digital I/O GPOUT_1 -&gt; GPIN_1': 1 passed, 0 failed
[+796ms][CONN][RXD] &lt;greentea test suite&gt;:0::PASS
[+796ms][CONN][RXD] 
[+796ms][CONN][RXD] &gt;&gt;&gt; Running case #4: 'Digital I/O GPIN_1 -&gt; GPOUT_1'...
[+806ms][CONN][INF] found KV pair in stream: {{__testcase_start;Digital I/O GPIN_1 -&gt; GPOUT_1}}, queued...
[+807ms][CONN][RXD] 0 -&gt; 1 propagation took 15us.
[+807ms][CONN][RXD] 1 -&gt; 0 propagation took 15us.
[+817ms][CONN][INF] found KV pair in stream: {{__testcase_finish;Digital I/O GPIN_1 -&gt; GPOUT_1;1;0}}, queued...
[+817ms][CONN][RXD] &gt;&gt;&gt; 'Digital I/O GPIN_1 -&gt; GPOUT_1': 1 passed, 0 failed
[+817ms][CONN][RXD] &lt;greentea test suite&gt;:0::PASS
[+817ms][CONN][RXD] 
[+828ms][CONN][RXD] &gt;&gt;&gt; Running case #5: 'Digital I/O GPOUT_2 -&gt; GPIN_2'...
[+828ms][CONN][INF] found KV pair in stream: {{__testcase_start;Digital I/O GPOUT_2 -&gt; GPIN_2}}, queued...
[+839ms][CONN][RXD] 0 -&gt; 1 propagation took 15us.
[+839ms][CONN][RXD] 1 -&gt; 0 propagation took 15us.
[+839ms][CONN][INF] found KV pair in stream: {{__testcase_finish;Digital I/O GPOUT_2 -&gt; GPIN_2;1;0}}, queued...
[+849ms][CONN][RXD] &gt;&gt;&gt; 'Digital I/O GPOUT_2 -&gt; GPIN_2': 1 passed, 0 failed
[+849ms][CONN][RXD] &lt;greentea test suite&gt;:0::PASS
[+850ms][CONN][RXD] 
[+860ms][CONN][RXD] &gt;&gt;&gt; Running case #6: 'Digital I/O GPIN_2 -&gt; GPOUT_2'...
[+860ms][CONN][INF] found KV pair in stream: {{__testcase_start;Digital I/O GPIN_2 -&gt; GPOUT_2}}, queued...
[+861ms][CONN][RXD] 0 -&gt; 1 propagation took 15us.
[+871ms][CONN][RXD] 1 -&gt; 0 propagation took 15us.
[+871ms][CONN][INF] found KV pair in stream: {{__testcase_finish;Digital I/O GPIN_2 -&gt; GPOUT_2;1;0}}, queued...
[+882ms][CONN][RXD] &gt;&gt;&gt; 'Digital I/O GPIN_2 -&gt; GPOUT_2': 1 passed, 0 failed
[+882ms][CONN][RXD] &lt;greentea test suite&gt;:0::PASS
[+882ms][CONN][RXD] 
[+882ms][CONN][RXD] &gt;&gt;&gt; Test cases: 6 passed, 0 failed
[+882ms][CONN][RXD] 
[+893ms][CONN][RXD] -----------------------
[+893ms][CONN][RXD] 0 Tests 0 Failures 0 Ignored 
[+893ms][CONN][RXD] OK
[+893ms][CONN][INF] found KV pair in stream: {{__testcase_summary;6;0}}, queued...
[+894ms][CONN][INF] found KV pair in stream: {{end;success}}, queued...
[+894ms][CONN][INF] found KV pair in stream: {{__exit;0}}, queued...
[+896ms][HTST][INF] __exit(0)
[+897ms][HTST][INF] __notify_complete(True)
[+897ms][HTST][INF] __exit_event_queue received
[+897ms][HTST][INF] test suite run finished after 0.23 sec...
[+904ms][CONN][INF] received special event '__host_test_finished' value='True', finishing
[+916ms][HTST][INF] CONN exited with code: 0
[+916ms][HTST][INF] Some events in queue
[+916ms][HTST][INF] stopped consuming events
[+916ms][HTST][INF] host test result() call skipped, received: True
[+916ms][HTST][INF] calling blocking teardown()
[+916ms][HTST][INF] teardown() finished
[+917ms][HTST][INF] {{result;success}}
</system-out>
	</testcase>
	<testcase name="test-testshield-i2c-basic" classname="test-testshield-i2c-basic" time="3.5193" status="fail">
		<failure message="Failed"/>
		<properties/>
		<system-out>[0/1] Flashing test-testshield-i2c-basic with pyOCD...
0000318 I Target type is ama3b1kk_kbr [board]
0000338 I DP IDR = 0x2ba01477 (v1 rev2) [dap]
0000357 I AHB-AP#0 IDR = 0x24770011 (AHB-AP var1 rev2) [discovery]
0000395 I AHB-AP#0 Class 0x1 ROM table #0 @ 0xe00ff000 (designer=43b:Arm part=4c4) [rom_table]
0000404 I [0]&lt;e000e000:SCS v7-M class=14 designer=43b:Arm part=00c&gt; [rom_table]
0000404 I [1]&lt;e0001000:DWT v7-M class=14 designer=43b:Arm part=002&gt; [rom_table]
0000405 I [2]&lt;e0002000:FPB v7-M class=14 designer=43b:Arm part=003&gt; [rom_table]
0000406 I [3]&lt;e0000000:ITM v7-M class=14 designer=43b:Arm part=001&gt; [rom_table]
0000407 I [4]&lt;e0040000:TPIU M4 class=9 designer=43b:Arm part=9a1 devtype=11 archid=0000 devid=ca0:0:0&gt; [rom_table]
0000409 I CPU core #0: Cortex-M4 r0p1, v7.0-M architecture [cortex_m]
0000409 I   Extensions: [DSP, FPU, FPU_V4, MPU] [cortex_m]
0000409 I   FPU present: FPv4-SP-D16-M [cortex_m]
0000410 I 4 hardware watchpoints [dwt]
0000410 I 6 hardware breakpoints, 4 literal comparators [fpb]
0000412 I Loading /home/jamie/Mbed/mbed-ce-test-tools/CI-Shield-Tests/build/SFE_ARTEMIS-Develop/test-testshield-i2c-basic.bin at 0x00010000 [load_cmd]
[---|---|---|---|---|---|---|---|---|----]
[========================================]
0001332 I Erased 73728 bytes (9 sectors), programmed 73728 bytes (9 pages), skipped 0 bytes (0 pages) at 78.43 kB/s [loader]
Executing: /home/jamie/Mbed/mbed-ce-test-tools/CI-Shield-Tests/mbed-os/venv/bin/mbedhtrun --skip-flashing -p /dev/ttySFE_ARTEMIS --skip-reset --sync-predelay 0.3 -e /home/jamie/Mbed/mbed-ce-test-tools/CI-Shield-Tests/host_tests -m SFE_ARTEMIS --baud-rate=115200
Connecting to CI shield with serial number SN001
[+386ms][HTST][INF] host test executor ver. 0.0.16
[+386ms][HTST][INF] copy image onto target... SKIPPED!
[+389ms][HTST][INF] starting host test process...
[+391ms][CONN][INF] starting connection process...
[+392ms][CONN][INF] notify event queue about extra 60 sec timeout for serial port pooling
[+392ms][CONN][INF] initializing serial port listener... 
[+392ms][SERI][INF] using specified port '/dev/ttySFE_ARTEMIS'
[+392ms][SERI][INF] serial(port=/dev/ttySFE_ARTEMIS, baudrate=115200, read_timeout=0.01, write_timeout=5)
[+392ms][HTST][INF] setting timeout to: 60 sec
[+393ms][CONN][INF] Pre-sync delay for 0.30 sec...
[+695ms][SERI][TXD] mbedmbedmbedmbedmbedmbedmbedmbedmbedmbed
[+695ms][CONN][INF] sending up to 2 __sync packets (specified with --sync=2)
[+696ms][CONN][INF] sending preamble '3e3356b6-5315-4540-8fd5-aadf1c814eb6'
[+696ms][SERI][TXD] {{__sync;3e3356b6-5315-4540-8fd5-aadf1c814eb6}}
[+707ms][CONN][WRN] UnicodeDecodeError encountered! Raw bytes were b'\xffmbedmbedmbedmbedmbedmbedmbedmbed' and they decoded to "mbedmbedmbedmbedmbedmbedmbedmbed"
[+717ms][CONN][RXD] mbedmbedmbedmbedmbedmbedmbedmbed
[+718ms][CONN][INF] found KV pair in stream: {{__sync;3e3356b6-5315-4540-8fd5-aadf1c814eb6}}, queued...
[+718ms][CONN][INF] found KV pair in stream: {{__version;1.3.0}}, queued...
[+718ms][CONN][INF] found KV pair in stream: {{__timeout;30}}, queued...
[+718ms][CONN][INF] found SYNC in stream: {{__sync;3e3356b6-5315-4540-8fd5-aadf1c814eb6}} it is #0 sent, queued...
[+719ms][HTST][INF] sync KV found, uuid=3e3356b6-5315-4540-8fd5-aadf1c814eb6, timestamp=1755072639.920436
[+719ms][HTST][INF] DUT greentea-client version: 1.3.0
[+719ms][HTST][INF] setting timeout to: 30 sec
[+729ms][CONN][INF] found KV pair in stream: {{__host_test_name;i2c_basic_test}}, queued...
[+729ms][CONN][RXD] &gt;&gt;&gt; Running 13 test cases...
[+729ms][CONN][INF] found KV pair in stream: {{__testcase_name;Correct Address - Single Byte}}, queued...
[+730ms][HTST][INF] host test class: '&lt;class 'i2c_basic_test.I2CBasicTestHostTest'&gt;'
[+730ms][TEST][INF] I2C Basic Test host test setup complete.
[+730ms][HTST][INF] host test setup() call...
[+731ms][HTST][INF] CALLBACKs updated
[+731ms][HTST][INF] host test detected: i2c_basic_test
[+740ms][CONN][INF] found KV pair in stream: {{__testcase_name;Correct Address - Transaction}}, queued...
[+740ms][CONN][INF] found KV pair in stream: {{__testcase_name;Incorrect Address - Single Byte}}, queued...
[+750ms][CONN][INF] found KV pair in stream: {{__testcase_name;Incorrect Address - Zero Length Transaction}}, queued...
[+750ms][CONN][INF] found KV pair in stream: {{__testcase_name;Incorrect Address - Write Transaction}}, queued...
[+761ms][CONN][INF] found KV pair in stream: {{__testcase_name;Incorrect Address - Read Transaction}}, queued...
[+761ms][CONN][INF] found KV pair in stream: {{__testcase_name;Simple Write - Single Byte}}, queued...
[+772ms][CONN][INF] found KV pair in stream: {{__testcase_name;Destroy and Recreate Object}}, queued...
[+772ms][CONN][INF] found KV pair in stream: {{__testcase_name;Simple Read - Single Byte}}, queued...
[+783ms][CONN][INF] found KV pair in stream: {{__testcase_name;Simple Write - Transaction}}, queued...
[+783ms][CONN][INF] found KV pair in stream: {{__testcase_name;Simple Read - Transaction}}, queued...
[+794ms][CONN][INF] found KV pair in stream: {{__testcase_name;Mixed Usage - Single Byte -&gt; repeated -&gt; Transaction}}, queued...
[+794ms][CONN][INF] found KV pair in stream: {{__testcase_name;Mixed Usage - Transaction -&gt; repeated -&gt; Single Byte}}, queued...
[+794ms][CONN][RXD] 
[+805ms][CONN][RXD] &gt;&gt;&gt; Running case #1: 'Correct Address - Single Byte'...
[+805ms][CONN][INF] found KV pair in stream: {{__testcase_start;Correct Address - Single Byte}}, queued...
[+805ms][CONN][INF] found KV pair in stream: {{start_recording_i2c;please}}, queued...
[+1870ms][SERI][TXD] {{start_recording_i2c;complete}}
[+1881ms][CONN][RXD] 
[+1881ms][CONN][RXD] 
[+1881ms][CONN][RXD] ++ MbedOS Error Info ++
[+1892ms][CONN][RXD] Error Status: 0x80FF0144 Code: 324 Module: 255
[+1892ms][CONN][RXD] Error Message: Assertion failed: 0
[+1892ms][CONN][RXD] Location: 0x160AD
[+1892ms][CONN][RXD] File: i2c_api.c+103
[+1892ms][CONN][RXD] Error Value: 0x0
[+1902ms][CONN][RXD] Current Thread: main Id: 0x10005008 Entry: 0x1866D StackSize: 0x1000 StackMem: 0x10005050 SP: 0x10005F2C 
[+1913ms][CONN][RXD] For more info, visit: https://mbed.com/s/error?error=0x80FF0144&amp;tgt=SFE_ARTEMIS
[+1913ms][CONN][RXD] -- MbedOS Error Info --
[+1913ms][CONN][INF] found KV pair in stream: {{mbed_error;1}}, queued...
[+1915ms][HTST][INF] Detected target fatal error. Failing test...
[+1915ms][HTST][INF] __notify_complete(False)
[+1916ms][HTST][INF] __exit_event_queue received
[+1916ms][HTST][INF] test suite run finished after 1.20 sec...
[+1924ms][CONN][INF] found KV pair in stream: {{mbed_error_module;255}}, queued...
[+1924ms][CONN][INF] found KV pair in stream: {{mbed_error_code;324}}, queued...
[+1924ms][CONN][INF] found KV pair in stream: {{mbed_error_message;0}}, queued...
[+1924ms][CONN][INF] found KV pair in stream: {{mbed_error_location;0x160ad}}, queued...
[+1925ms][CONN][INF] received special event '__host_test_finished' value='True', finishing
[+1932ms][HTST][INF] CONN exited with code: 0
[+1932ms][HTST][INF] Some events in queue
[+1933ms][HTST][INF] stopped consuming events
[+1933ms][HTST][INF] host test result() call skipped, received: False
[+1933ms][HTST][WRN] missing __exit event from DUT
[+1933ms][HTST][INF] calling blocking teardown()
[+1933ms][HTST][INF] teardown() finished
[+1933ms][HTST][INF] {{result;failure}}
CMake Error at mbed-run-greentea-test-testshield-i2c-basic.cmake:19 (execute_process):
  execute_process failed command indexes:

    1: "Child return code: 1"



</system-out>
	</testcase>
	<testcase name="test-testshield-i2c-slave-comms" classname="test-testshield-i2c-slave-comms" time="0.00627731" status="notrun">
		<skipped message="SKIP_REGULAR_EXPRESSION_MATCHED"/>
		<properties/>
		<system-out>Skipping test-testshield-i2c-slave-comms: No I2C slave support
</system-out>
	</testcase>
	<testcase name="test-testshield-i2c-eeprom" classname="test-testshield-i2c-eeprom" time="3.64788" status="fail">
		<failure message="Failed"/>
		<properties/>
		<system-out>[0/1] Flashing test-testshield-i2c-eeprom with pyOCD...
0000293 I Target type is ama3b1kk_kbr [board]
0000311 I DP IDR = 0x2ba01477 (v1 rev2) [dap]
0000327 I AHB-AP#0 IDR = 0x24770011 (AHB-AP var1 rev2) [discovery]
0000332 I AHB-AP#0 Class 0x1 ROM table #0 @ 0xe00ff000 (designer=43b:Arm part=4c4) [rom_table]
0000349 I [0]&lt;e000e000:SCS v7-M class=14 designer=43b:Arm part=00c&gt; [rom_table]
0000364 I [1]&lt;e0001000:DWT v7-M class=14 designer=43b:Arm part=002&gt; [rom_table]
0000377 I [2]&lt;e0002000:FPB v7-M class=14 designer=43b:Arm part=003&gt; [rom_table]
0000378 I [3]&lt;e0000000:ITM v7-M class=14 designer=43b:Arm part=001&gt; [rom_table]
0000379 I [4]&lt;e0040000:TPIU M4 class=9 designer=43b:Arm part=9a1 devtype=11 archid=0000 devid=ca0:0:0&gt; [rom_table]
0000381 I CPU core #0: Cortex-M4 r0p1, v7.0-M architecture [cortex_m]
0000381 I   Extensions: [DSP, FPU, FPU_V4, MPU] [cortex_m]
0000381 I   FPU present: FPv4-SP-D16-M [cortex_m]
0000382 I 4 hardware watchpoints [dwt]
0000382 I 6 hardware breakpoints, 4 literal comparators [fpb]
0000385 I Loading /home/jamie/Mbed/mbed-ce-test-tools/CI-Shield-Tests/build/SFE_ARTEMIS-Develop/test-testshield-i2c-eeprom.bin at 0x00010000 [load_cmd]
[---|---|---|---|---|---|---|---|---|----]
[========================================]
0001402 I Erased 81920 bytes (10 sectors), programmed 81920 bytes (10 pages), skipped 0 bytes (0 pages) at 78.72 kB/s [loader]
Executing: /home/jamie/Mbed/mbed-ce-test-tools/CI-Shield-Tests/mbed-os/venv/bin/mbedhtrun --skip-flashing -p /dev/ttySFE_ARTEMIS --skip-reset --sync-predelay 0.3 -e /home/jamie/Mbed/mbed-ce-test-tools/CI-Shield-Tests/host_tests -m SFE_ARTEMIS --baud-rate=115200
Connecting to CI shield with serial number SN001
[+395ms][HTST][INF] host test executor ver. 0.0.16
[+395ms][HTST][INF] copy image onto target... SKIPPED!
[+398ms][HTST][INF] starting host test process...
[+400ms][CONN][INF] starting connection process...
[+400ms][CONN][INF] notify event queue about extra 60 sec timeout for serial port pooling
[+400ms][CONN][INF] initializing serial port listener... 
[+401ms][SERI][INF] using specified port '/dev/ttySFE_ARTEMIS'
[+401ms][SERI][INF] serial(port=/dev/ttySFE_ARTEMIS, baudrate=115200, read_timeout=0.01, write_timeout=5)
[+401ms][HTST][INF] setting timeout to: 60 sec
[+402ms][CONN][INF] Pre-sync delay for 0.30 sec...
[+703ms][SERI][TXD] mbedmbedmbedmbedmbedmbedmbedmbedmbedmbed
[+703ms][CONN][INF] sending up to 2 __sync packets (specified with --sync=2)
[+704ms][CONN][INF] sending preamble 'b6fb432c-2d53-4e51-ac9a-6d6eda4b7260'
[+704ms][SERI][TXD] {{__sync;b6fb432c-2d53-4e51-ac9a-6d6eda4b7260}}
[+714ms][CONN][WRN] UnicodeDecodeError encountered! Raw bytes were b'\xfembedmbedmbedmbedmbedmbedmbedmbed' and they decoded to "mbedmbedmbedmbedmbedmbedmbedmbed"
[+725ms][CONN][RXD] mbedmbedmbedmbedmbedmbedmbedmbed
[+725ms][CONN][INF] found KV pair in stream: {{__sync;b6fb432c-2d53-4e51-ac9a-6d6eda4b7260}}, queued...
[+725ms][CONN][INF] found KV pair in stream: {{__version;1.3.0}}, queued...
[+725ms][CONN][INF] found KV pair in stream: {{__timeout;20}}, queued...
[+725ms][CONN][INF] found SYNC in stream: {{__sync;b6fb432c-2d53-4e51-ac9a-6d6eda4b7260}} it is #0 sent, queued...
[+726ms][HTST][INF] sync KV found, uuid=b6fb432c-2d53-4e51-ac9a-6d6eda4b7260, timestamp=1755072643.526482
[+726ms][HTST][INF] DUT greentea-client version: 1.3.0
[+726ms][HTST][INF] setting timeout to: 20 sec
[+736ms][CONN][INF] found KV pair in stream: {{__host_test_name;i2c_record_only_test}}, queued...
[+736ms][CONN][RXD] &gt;&gt;&gt; Running 14 test cases...
[+736ms][CONN][INF] found KV pair in stream: {{__testcase_name;I2C - 100kHz - EEPROM WR Single Byte}}, queued...
[+736ms][HTST][INF] host test class: '&lt;class 'i2c_record_only_test.I2CRecordOnlyTestHostTest'&gt;'
[+737ms][TEST][INF] I2C Record-Only Test host test setup complete.
[+737ms][HTST][INF] host test setup() call...
[+737ms][HTST][INF] CALLBACKs updated
[+737ms][HTST][INF] host test detected: i2c_record_only_test
[+747ms][CONN][INF] found KV pair in stream: {{__testcase_name;I2C - 100kHz - EEPROM 2nd WR Single Byte}}, queued...
[+757ms][CONN][INF] found KV pair in stream: {{__testcase_name;I2C - 100kHz - EEPROM WR 2 Bytes}}, queued...
[+757ms][CONN][INF] found KV pair in stream: {{__testcase_name;I2C - 100kHz - EEPROM 2nd WR 2 Bytes}}, queued...
[+757ms][CONN][INF] found KV pair in stream: {{__testcase_name;I2C - 100kHz - EEPROM WR 1 Page}}, queued...
[+768ms][CONN][INF] found KV pair in stream: {{__testcase_name;I2C - 100kHz - EEPROM 2nd WR 1 Page}}, queued...
[+779ms][CONN][INF] found KV pair in stream: {{__testcase_name;I2C - 100kHz - EEPROM WR 2kiB}}, queued...
[+779ms][CONN][INF] found KV pair in stream: {{__testcase_name;I2C - 400kHz - EEPROM WR Single Byte}}, queued...
[+790ms][CONN][INF] found KV pair in stream: {{__testcase_name;I2C - 400kHz - EEPROM 2nd WR Single Byte}}, queued...
[+790ms][CONN][INF] found KV pair in stream: {{__testcase_name;I2C - 400kHz - EEPROM WR 2 Bytes}}, queued...
[+790ms][CONN][INF] found KV pair in stream: {{__testcase_name;I2C - 400kHz - EEPROM 2nd WR 2 Bytes}}, queued...
[+800ms][CONN][INF] found KV pair in stream: {{__testcase_name;I2C - 400kHz - EEPROM WR 1 Page}}, queued...
[+811ms][CONN][INF] found KV pair in stream: {{__testcase_name;I2C - 400kHz - EEPROM 2nd WR 1 Page}}, queued...
[+811ms][CONN][INF] found KV pair in stream: {{__testcase_name;I2C - 400kHz - EEPROM WR 2kiB}}, queued...
[+811ms][CONN][INF] found KV pair in stream: {{start_recording_i2c;please}}, queued...
[+1873ms][SERI][TXD] {{start_recording_i2c;complete}}
[+1884ms][CONN][RXD] 
[+1884ms][CONN][RXD] &gt;&gt;&gt; Running case #1: 'I2C - 100kHz - EEPROM WR Single Byte'...
[+1894ms][CONN][INF] found KV pair in stream: {{__testcase_start;I2C - 100kHz - EEPROM WR Single Byte}}, queued...
[+1894ms][CONN][RXD] 
[+1894ms][CONN][RXD] 
[+1895ms][CONN][RXD] ++ MbedOS Error Info ++
[+1905ms][CONN][RXD] Error Status: 0x80FF0144 Code: 324 Module: 255
[+1905ms][CONN][RXD] Error Message: Assertion failed: 0
[+1905ms][CONN][RXD] Location: 0x1605D
[+1906ms][CONN][RXD] File: i2c_api.c+103
[+1916ms][CONN][RXD] Error Value: 0x0
[+1916ms][CONN][RXD] Current Thread: main Id: 0x10005008 Entry: 0x1861D StackSize: 0x1000 StackMem: 0x10005050 SP: 0x10005E84 
[+1927ms][CONN][RXD] For more info, visit: https://mbed.com/s/error?error=0x80FF0144&amp;tgt=SFE_ARTEMIS
[+1927ms][CONN][RXD] -- MbedOS Error Info --
[+1927ms][CONN][INF] found KV pair in stream: {{mbed_error;1}}, queued...
[+1929ms][HTST][INF] Detected target fatal error. Failing test...
[+1929ms][HTST][INF] __notify_complete(False)
[+1930ms][HTST][INF] __exit_event_queue received
[+1930ms][HTST][INF] test suite run finished after 1.20 sec...
[+1938ms][CONN][INF] found KV pair in stream: {{mbed_error_module;255}}, queued...
[+1938ms][CONN][INF] found KV pair in stream: {{mbed_error_code;324}}, queued...
[+1938ms][CONN][INF] found KV pair in stream: {{mbed_error_message;0}}, queued...
[+1938ms][CONN][INF] found KV pair in stream: {{mbed_error_location;0x1605d}}, queued...
[+1939ms][CONN][INF] received special event '__host_test_finished' value='True', finishing
[+1952ms][HTST][INF] CONN exited with code: 0
[+1952ms][HTST][INF] Some events in queue
[+1952ms][HTST][INF] stopped consuming events
[+1952ms][HTST][INF] host test result() call skipped, received: False
[+1952ms][HTST][WRN] missing __exit event from DUT
[+1953ms][HTST][INF] calling blocking teardown()
[+1953ms][HTST][INF] teardown() finished
[+1953ms][HTST][INF] {{result;failure}}
CMake Error at mbed-run-greentea-test-testshield-i2c-eeprom.cmake:19 (execute_process):
  execute_process failed command indexes:

    1: "Child return code: 1"



</system-out>
	</testcase>
	<testcase name="test-testshield-spi-basic" classname="test-testshield-spi-basic" time="9.85438" status="run">
		<properties/>
		<system-out>[0/1] Flashing test-testshield-spi-basic with pyOCD...
0000295 I Target type is ama3b1kk_kbr [board]
0000312 I DP IDR = 0x2ba01477 (v1 rev2) [dap]
0000331 I AHB-AP#0 IDR = 0x24770011 (AHB-AP var1 rev2) [discovery]
0000359 I AHB-AP#0 Class 0x1 ROM table #0 @ 0xe00ff000 (designer=43b:Arm part=4c4) [rom_table]
0000378 I [0]&lt;e000e000:SCS v7-M class=14 designer=43b:Arm part=00c&gt; [rom_table]
0000378 I [1]&lt;e0001000:DWT v7-M class=14 designer=43b:Arm part=002&gt; [rom_table]
0000379 I [2]&lt;e0002000:FPB v7-M class=14 designer=43b:Arm part=003&gt; [rom_table]
0000380 I [3]&lt;e0000000:ITM v7-M class=14 designer=43b:Arm part=001&gt; [rom_table]
0000381 I [4]&lt;e0040000:TPIU M4 class=9 designer=43b:Arm part=9a1 devtype=11 archid=0000 devid=ca0:0:0&gt; [rom_table]
0000382 I CPU core #0: Cortex-M4 r0p1, v7.0-M architecture [cortex_m]
0000382 I   Extensions: [DSP, FPU, FPU_V4, MPU] [cortex_m]
0000382 I   FPU present: FPv4-SP-D16-M [cortex_m]
0000383 I 4 hardware watchpoints [dwt]
0000384 I 6 hardware breakpoints, 4 literal comparators [fpb]
0000386 I Loading /home/jamie/Mbed/mbed-ce-test-tools/CI-Shield-Tests/build/SFE_ARTEMIS-Develop/test-testshield-spi-basic.bin at 0x00010000 [load_cmd]
[---|---|---|---|---|---|---|---|---|----]
[========================================]
0001352 I Erased 73728 bytes (9 sectors), programmed 73728 bytes (9 pages), skipped 0 bytes (0 pages) at 74.64 kB/s [loader]
Executing: /home/jamie/Mbed/mbed-ce-test-tools/CI-Shield-Tests/mbed-os/venv/bin/mbedhtrun --skip-flashing -p /dev/ttySFE_ARTEMIS --skip-reset --sync-predelay 0.3 -e /home/jamie/Mbed/mbed-ce-test-tools/CI-Shield-Tests/host_tests -m SFE_ARTEMIS --baud-rate=115200
Connecting to CI shield with serial number SN001
[+383ms][HTST][INF] host test executor ver. 0.0.16
[+383ms][HTST][INF] copy image onto target... SKIPPED!
[+386ms][HTST][INF] starting host test process...
[+388ms][CONN][INF] starting connection process...
[+389ms][CONN][INF] notify event queue about extra 60 sec timeout for serial port pooling
[+389ms][CONN][INF] initializing serial port listener... 
[+389ms][SERI][INF] using specified port '/dev/ttySFE_ARTEMIS'
[+389ms][SERI][INF] serial(port=/dev/ttySFE_ARTEMIS, baudrate=115200, read_timeout=0.01, write_timeout=5)
[+390ms][HTST][INF] setting timeout to: 60 sec
[+390ms][CONN][INF] Pre-sync delay for 0.30 sec...
[+692ms][SERI][TXD] mbedmbedmbedmbedmbedmbedmbedmbedmbedmbed
[+692ms][CONN][INF] sending up to 2 __sync packets (specified with --sync=2)
[+693ms][CONN][INF] sending preamble '64a3c071-49c8-43be-8470-9a7081274f2e'
[+693ms][SERI][TXD] {{__sync;64a3c071-49c8-43be-8470-9a7081274f2e}}
[+704ms][CONN][WRN] UnicodeDecodeError encountered! Raw bytes were b'\xfembedmbedmbedmbedmbedmbedmbedmbed' and they decoded to "mbedmbedmbedmbedmbedmbedmbedmbed"
[+714ms][CONN][RXD] mbedmbedmbedmbedmbedmbedmbedmbed
[+715ms][CONN][INF] found KV pair in stream: {{__sync;64a3c071-49c8-43be-8470-9a7081274f2e}}, queued...
[+715ms][CONN][INF] found KV pair in stream: {{__version;1.3.0}}, queued...
[+715ms][CONN][INF] found KV pair in stream: {{__timeout;90}}, queued...
[+715ms][CONN][INF] found SYNC in stream: {{__sync;64a3c071-49c8-43be-8470-9a7081274f2e}} it is #0 sent, queued...
[+716ms][HTST][INF] sync KV found, uuid=64a3c071-49c8-43be-8470-9a7081274f2e, timestamp=1755072647.111449
[+716ms][HTST][INF] DUT greentea-client version: 1.3.0
[+716ms][HTST][INF] setting timeout to: 90 sec
[+726ms][CONN][INF] found KV pair in stream: {{__host_test_name;spi_basic_test}}, queued...
[+726ms][CONN][RXD] &gt;&gt;&gt; Running 15 test cases...
[+726ms][CONN][INF] found KV pair in stream: {{__testcase_name;Verify spi_get_peripheral_name() Exists}}, queued...
[+727ms][HTST][INF] host test class: '&lt;class 'spi_basic_test.SpiBasicTestHostTest'&gt;'
[+727ms][TEST][INF] SPI Basic Test host test setup complete.
[+727ms][HTST][INF] host test setup() call...
[+728ms][HTST][INF] CALLBACKs updated
[+728ms][HTST][INF] host test detected: spi_basic_test
[+737ms][CONN][INF] found KV pair in stream: {{__testcase_name;Send 8 Bit Data via Single Word API}}, queued...
[+737ms][CONN][INF] found KV pair in stream: {{__testcase_name;Send 16 Bit Data via Single Word API}}, queued...
[+747ms][CONN][INF] found KV pair in stream: {{__testcase_name;Send 32 Bit Data via Single Word API}}, queued...
[+758ms][CONN][INF] found KV pair in stream: {{__testcase_name;Send 8 Bit Data via Transactional API (Tx only)}}, queued...
[+758ms][CONN][INF] found KV pair in stream: {{__testcase_name;Send 16 Bit Data via Transactional API (Tx only)}}, queued...
[+769ms][CONN][INF] found KV pair in stream: {{__testcase_name;Send 32 Bit Data via Transactional API (Tx only)}}, queued...
[+769ms][CONN][INF] found KV pair in stream: {{__testcase_name;Free and Reallocate SPI Instance (synchronous API)}}, queued...
[+780ms][CONN][INF] found KV pair in stream: {{__testcase_name;Read 8 Bit Data via Transactional API (Rx only)}}, queued...
[+790ms][CONN][INF] found KV pair in stream: {{__testcase_name;Read 16 Bit Data via Transactional API (Rx only)}}, queued...
[+790ms][CONN][INF] found KV pair in stream: {{__testcase_name;Read 32 Bit Data via Transactional API (Rx only)}}, queued...
[+801ms][CONN][INF] found KV pair in stream: {{__testcase_name;Transfer 8 Bit Data via Transactional API (Tx/Rx)}}, queued...
[+801ms][CONN][INF] found KV pair in stream: {{__testcase_name;Transfer 16 Bit Data via Transactional API (Tx/Rx)}}, queued...
[+812ms][CONN][INF] found KV pair in stream: {{__testcase_name;Transfer 32 Bit Data via Transactional API (Tx/Rx)}}, queued...
[+822ms][CONN][INF] found KV pair in stream: {{__testcase_name;Use Multiple SPI Instances (synchronous API)}}, queued...
[+823ms][CONN][RXD] 
[+823ms][CONN][RXD] &gt;&gt;&gt; Running case #1: 'Verify spi_get_peripheral_name() Exists'...
[+833ms][CONN][INF] found KV pair in stream: {{__testcase_start;Verify spi_get_peripheral_name() Exists}}, queued...
[+833ms][CONN][INF] found KV pair in stream: {{__testcase_finish;Verify spi_get_peripheral_name() Exists;1;0}}, queued...
[+844ms][CONN][RXD] &gt;&gt;&gt; 'Verify spi_get_peripheral_name() Exists': 1 passed, 0 failed
[+844ms][CONN][RXD] &lt;greentea test suite&gt;:0::PASS
[+844ms][CONN][RXD] 
[+855ms][CONN][RXD] &gt;&gt;&gt; Running case #2: 'Send 8 Bit Data via Single Word API'...
[+855ms][CONN][INF] found KV pair in stream: {{__testcase_start;Send 8 Bit Data via Single Word API}}, queued...
[+865ms][CONN][INF] found KV pair in stream: {{start_recording_spi;please}}, queued...
[+1922ms][SERI][TXD] {{start_recording_spi;complete}}
[+1932ms][CONN][INF] found KV pair in stream: {{verify_sequence;standard_word}}, queued...
[+1986ms][TEST][INF] Saw on the SPI bus:
[mosi: b'01020408', miso: b'01020408']
[+1993ms][SERI][TXD] {{verify_sequence;complete}}
[+2003ms][CONN][INF] found KV pair in stream: {{__testcase_finish;Send 8 Bit Data via Single Word API;1;0}}, queued...
[+2013ms][CONN][RXD] &gt;&gt;&gt; 'Send 8 Bit Data via Single Word API': 1 passed, 0 failed
[+2013ms][CONN][RXD] &lt;greentea test suite&gt;:0::PASS
[+2013ms][CONN][RXD] 
[+2023ms][CONN][RXD] &gt;&gt;&gt; Running case #3: 'Send 16 Bit Data via Single Word API'...
[+2023ms][CONN][INF] found KV pair in stream: {{__testcase_start;Send 16 Bit Data via Single Word API}}, queued...
[+2033ms][CONN][RXD] &lt;greentea test suite&gt;:175::SKIP: 16-bit SPI words not supported
[+2044ms][CONN][INF] found KV pair in stream: {{__testcase_finish;Send 16 Bit Data via Single Word API;1;0}}, queued...
[+2044ms][CONN][RXD] &gt;&gt;&gt; 'Send 16 Bit Data via Single Word API': 1 passed, 0 failed
[+2054ms][CONN][RXD] &lt;greentea test suite&gt;:0::PASS
[+2054ms][CONN][RXD] 
[+2054ms][CONN][RXD] &gt;&gt;&gt; Running case #4: 'Send 32 Bit Data via Single Word API'...
[+2065ms][CONN][INF] found KV pair in stream: {{__testcase_start;Send 32 Bit Data via Single Word API}}, queued...
[+2065ms][CONN][RXD] &lt;greentea test suite&gt;:195::SKIP
[+2076ms][CONN][INF] found KV pair in stream: {{__testcase_finish;Send 32 Bit Data via Single Word API;1;0}}, queued...
[+2076ms][CONN][RXD] &gt;&gt;&gt; 'Send 32 Bit Data via Single Word API': 1 passed, 0 failed
[+2076ms][CONN][RXD] &lt;greentea test suite&gt;:0::PASS
[+2076ms][CONN][RXD] 
[+2086ms][CONN][RXD] &gt;&gt;&gt; Running case #5: 'Send 8 Bit Data via Transactional API (Tx only)'...
[+2097ms][CONN][INF] found KV pair in stream: {{__testcase_start;Send 8 Bit Data via Transactional API (Tx only)}}, queued...
[+2097ms][CONN][INF] found KV pair in stream: {{start_recording_spi;please}}, queued...
[+3153ms][SERI][TXD] {{start_recording_spi;complete}}
[+3163ms][CONN][INF] found KV pair in stream: {{verify_sequence;standard_word}}, queued...
[+3223ms][TEST][INF] Saw on the SPI bus:
[mosi: b'01020408', miso: b'01020408']
[+3225ms][SERI][TXD] {{verify_sequence;complete}}
[+3246ms][CONN][INF] found KV pair in stream: {{__testcase_finish;Send 8 Bit Data via Transactional API (Tx only);1;0}}, queued...
[+3246ms][CONN][RXD] &gt;&gt;&gt; 'Send 8 Bit Data via Transactional API (Tx only)': 1 passed, 0 failed
[+3257ms][CONN][RXD] &lt;greentea test suite&gt;:0::PASS
[+3257ms][CONN][RXD] 
[+3257ms][CONN][RXD] &gt;&gt;&gt; Running case #6: 'Send 16 Bit Data via Transactional API (Tx only)'...
[+3268ms][CONN][INF] found KV pair in stream: {{__testcase_start;Send 16 Bit Data via Transactional API (Tx only)}}, queued...
[+3268ms][CONN][RXD] &lt;greentea test suite&gt;:212::SKIP
[+3278ms][CONN][INF] found KV pair in stream: {{__testcase_finish;Send 16 Bit Data via Transactional API (Tx only);1;0}}, queued...
[+3279ms][CONN][RXD] &gt;&gt;&gt; 'Send 16 Bit Data via Transactional API (Tx only)': 1 passed, 0 failed
[+3289ms][CONN][RXD] &lt;greentea test suite&gt;:0::PASS
[+3289ms][CONN][RXD] 
[+3289ms][CONN][RXD] &gt;&gt;&gt; Running case #7: 'Send 32 Bit Data via Transactional API (Tx only)'...
[+3300ms][CONN][INF] found KV pair in stream: {{__testcase_start;Send 32 Bit Data via Transactional API (Tx only)}}, queued...
[+3300ms][CONN][RXD] &lt;greentea test suite&gt;:212::SKIP
[+3310ms][CONN][INF] found KV pair in stream: {{__testcase_finish;Send 32 Bit Data via Transactional API (Tx only);1;0}}, queued...
[+3321ms][CONN][RXD] &gt;&gt;&gt; 'Send 32 Bit Data via Transactional API (Tx only)': 1 passed, 0 failed
[+3321ms][CONN][RXD] &lt;greentea test suite&gt;:0::PASS
[+3321ms][CONN][RXD] 
[+3332ms][CONN][RXD] &gt;&gt;&gt; Running case #8: 'Free and Reallocate SPI Instance (synchronous API)'...
[+3332ms][CONN][INF] found KV pair in stream: {{__testcase_start;Free and Reallocate SPI Instance (synchronous API)}}, queued...
[+3342ms][CONN][INF] found KV pair in stream: {{start_recording_spi;please}}, queued...
[+4396ms][SERI][TXD] {{start_recording_spi;complete}}
[+4406ms][CONN][INF] found KV pair in stream: {{verify_sequence;standard_word}}, queued...
[+4468ms][TEST][INF] Saw on the SPI bus:
[mosi: b'01020408', miso: b'01020408']
[+4478ms][SERI][TXD] {{verify_sequence;complete}}
[+4499ms][CONN][INF] found KV pair in stream: {{__testcase_finish;Free and Reallocate SPI Instance (synchronous API);1;0}}, queued...
[+4499ms][CONN][RXD] &gt;&gt;&gt; 'Free and Reallocate SPI Instance (synchronous API)': 1 passed, 0 failed
[+4510ms][CONN][RXD] &lt;greentea test suite&gt;:0::PASS
[+4510ms][CONN][RXD] 
[+4510ms][CONN][RXD] &gt;&gt;&gt; Running case #9: 'Read 8 Bit Data via Transactional API (Rx only)'...
[+4520ms][CONN][INF] found KV pair in stream: {{__testcase_start;Read 8 Bit Data via Transactional API (Rx only)}}, queued...
[+4521ms][CONN][INF] found KV pair in stream: {{start_recording_spi;please}}, queued...
[+5575ms][SERI][TXD] {{start_recording_spi;complete}}
[+5585ms][CONN][INF] found KV pair in stream: {{print_spi_data;please}}, queued...
[+5648ms][TEST][INF] Saw on the SPI bus: [mosi: b'afafafaf', miso: b'afafafaf']
[+5657ms][SERI][TXD] {{print_spi_data;complete}}
[+5678ms][CONN][INF] found KV pair in stream: {{__testcase_finish;Read 8 Bit Data via Transactional API (Rx only);1;0}}, queued...
[+5678ms][CONN][RXD] &gt;&gt;&gt; 'Read 8 Bit Data via Transactional API (Rx only)': 1 passed, 0 failed
[+5689ms][CONN][RXD] &lt;greentea test suite&gt;:0::PASS
[+5689ms][CONN][RXD] 
[+5689ms][CONN][RXD] &gt;&gt;&gt; Running case #10: 'Read 16 Bit Data via Transactional API (Rx only)'...
[+5700ms][CONN][INF] found KV pair in stream: {{__testcase_start;Read 16 Bit Data via Transactional API (Rx only)}}, queued...
[+5700ms][CONN][RXD] &lt;greentea test suite&gt;:230::SKIP
[+5711ms][CONN][INF] found KV pair in stream: {{__testcase_finish;Read 16 Bit Data via Transactional API (Rx only);1;0}}, queued...
[+5711ms][CONN][RXD] &gt;&gt;&gt; 'Read 16 Bit Data via Transactional API (Rx only)': 1 passed, 0 failed
[+5721ms][CONN][RXD] &lt;greentea test suite&gt;:0::PASS
[+5721ms][CONN][RXD] 
[+5722ms][CONN][RXD] &gt;&gt;&gt; Running case #11: 'Read 32 Bit Data via Transactional API (Rx only)'...
[+5732ms][CONN][INF] found KV pair in stream: {{__testcase_start;Read 32 Bit Data via Transactional API (Rx only)}}, queued...
[+5732ms][CONN][RXD] &lt;greentea test suite&gt;:230::SKIP
[+5743ms][CONN][INF] found KV pair in stream: {{__testcase_finish;Read 32 Bit Data via Transactional API (Rx only);1;0}}, queued...
[+5753ms][CONN][RXD] &gt;&gt;&gt; 'Read 32 Bit Data via Transactional API (Rx only)': 1 passed, 0 failed
[+5753ms][CONN][RXD] &lt;greentea test suite&gt;:0::PASS
[+5753ms][CONN][RXD] 
[+5763ms][CONN][RXD] &gt;&gt;&gt; Running case #12: 'Transfer 8 Bit Data via Transactional API (Tx/Rx)'...
[+5763ms][CONN][INF] found KV pair in stream: {{__testcase_start;Transfer 8 Bit Data via Transactional API (Tx/Rx)}}, queued...
[+5774ms][CONN][INF] found KV pair in stream: {{start_recording_spi;please}}, queued...
[+6799ms][SERI][TXD] {{start_recording_spi;complete}}
[+6809ms][CONN][INF] found KV pair in stream: {{verify_sequence;standard_word}}, queued...
[+6875ms][TEST][INF] Saw on the SPI bus:
[mosi: b'01020408', miso: b'01020408']
[+6881ms][SERI][TXD] {{verify_sequence;complete}}
[+6902ms][CONN][INF] found KV pair in stream: {{__testcase_finish;Transfer 8 Bit Data via Transactional API (Tx/Rx);1;0}}, queued...
[+6902ms][CONN][RXD] &gt;&gt;&gt; 'Transfer 8 Bit Data via Transactional API (Tx/Rx)': 1 passed, 0 failed
[+6913ms][CONN][RXD] &lt;greentea test suite&gt;:0::PASS
[+6913ms][CONN][RXD] 
[+6913ms][CONN][RXD] &gt;&gt;&gt; Running case #13: 'Transfer 16 Bit Data via Transactional API (Tx/Rx)'...
[+6924ms][CONN][INF] found KV pair in stream: {{__testcase_start;Transfer 16 Bit Data via Transactional API (Tx/Rx)}}, queued...
[+6924ms][CONN][RXD] &lt;greentea test suite&gt;:250::SKIP
[+6935ms][CONN][INF] found KV pair in stream: {{__testcase_finish;Transfer 16 Bit Data via Transactional API (Tx/Rx);1;0}}, queued...
[+6945ms][CONN][RXD] &gt;&gt;&gt; 'Transfer 16 Bit Data via Transactional API (Tx/Rx)': 1 passed, 0 failed
[+6945ms][CONN][RXD] &lt;greentea test suite&gt;:0::PASS
[+6945ms][CONN][RXD] 
[+6956ms][CONN][RXD] &gt;&gt;&gt; Running case #14: 'Transfer 32 Bit Data via Transactional API (Tx/Rx)'...
[+6956ms][CONN][INF] found KV pair in stream: {{__testcase_start;Transfer 32 Bit Data via Transactional API (Tx/Rx)}}, queued...
[+6957ms][CONN][RXD] &lt;greentea test suite&gt;:250::SKIP
[+6967ms][CONN][INF] found KV pair in stream: {{__testcase_finish;Transfer 32 Bit Data via Transactional API (Tx/Rx);1;0}}, queued...
[+6978ms][CONN][RXD] &gt;&gt;&gt; 'Transfer 32 Bit Data via Transactional API (Tx/Rx)': 1 passed, 0 failed
[+6978ms][CONN][RXD] &lt;greentea test suite&gt;:0::PASS
[+6978ms][CONN][RXD] 
[+6989ms][CONN][RXD] &gt;&gt;&gt; Running case #15: 'Use Multiple SPI Instances (synchronous API)'...
[+6989ms][CONN][INF] found KV pair in stream: {{__testcase_start;Use Multiple SPI Instances (synchronous API)}}, queued...
[+6999ms][CONN][INF] found KV pair in stream: {{start_recording_spi;please}}, queued...
[+8063ms][SERI][TXD] {{start_recording_spi;complete}}
[+8084ms][CONN][INF] found KV pair in stream: {{verify_sequence;standard_word}}, queued...
[+8137ms][TEST][INF] Saw on the SPI bus:
[mosi: b'01020408', miso: b'01020408']
[+8146ms][SERI][TXD] {{verify_sequence;complete}}
[+8167ms][CONN][INF] found KV pair in stream: {{__testcase_finish;Use Multiple SPI Instances (synchronous API);1;0}}, queued...
[+8167ms][CONN][RXD] &gt;&gt;&gt; 'Use Multiple SPI Instances (synchronous API)': 1 passed, 0 failed
[+8178ms][CONN][RXD] &lt;greentea test suite&gt;:0::PASS
[+8178ms][CONN][RXD] 
[+8178ms][CONN][RXD] &gt;&gt;&gt; Test cases: 15 passed, 0 failed
[+8178ms][CONN][RXD] 
[+8178ms][CONN][RXD] -----------------------
[+8178ms][CONN][RXD] 0 Tests 0 Failures 0 Ignored 
[+8178ms][CONN][RXD] OK
[+8189ms][CONN][INF] found KV pair in stream: {{__testcase_summary;15;0}}, queued...
[+8189ms][CONN][INF] found KV pair in stream: {{end;success}}, queued...
[+8189ms][CONN][INF] found KV pair in stream: {{__exit;0}}, queued...
[+8190ms][HTST][INF] __exit(0)
[+8191ms][HTST][INF] __notify_complete(True)
[+8191ms][HTST][INF] __exit_event_queue received
[+8192ms][HTST][INF] test suite run finished after 7.48 sec...
[+8200ms][CONN][INF] received special event '__host_test_finished' value='True', finishing
[+8212ms][HTST][INF] CONN exited with code: 0
[+8212ms][HTST][INF] Some events in queue
[+8213ms][HTST][INF] stopped consuming events
[+8213ms][HTST][INF] host test result() call skipped, received: True
[+8213ms][HTST][INF] calling blocking teardown()
[+8213ms][HTST][INF] teardown() finished
[+8213ms][HTST][INF] {{result;success}}
</system-out>
	</testcase>
	<testcase name="test-testshield-spi-microsd" classname="test-testshield-spi-microsd" time="4.30068" status="run">
		<properties/>
		<system-out>[0/1] Flashing test-testshield-spi-microsd with pyOCD...
0000295 I Target type is ama3b1kk_kbr [board]
0000312 I DP IDR = 0x2ba01477 (v1 rev2) [dap]
0000330 I AHB-AP#0 IDR = 0x24770011 (AHB-AP var1 rev2) [discovery]
0000350 I AHB-AP#0 Class 0x1 ROM table #0 @ 0xe00ff000 (designer=43b:Arm part=4c4) [rom_table]
0000365 I [0]&lt;e000e000:SCS v7-M class=14 designer=43b:Arm part=00c&gt; [rom_table]
0000378 I [1]&lt;e0001000:DWT v7-M class=14 designer=43b:Arm part=002&gt; [rom_table]
0000378 I [2]&lt;e0002000:FPB v7-M class=14 designer=43b:Arm part=003&gt; [rom_table]
0000379 I [3]&lt;e0000000:ITM v7-M class=14 designer=43b:Arm part=001&gt; [rom_table]
0000380 I [4]&lt;e0040000:TPIU M4 class=9 designer=43b:Arm part=9a1 devtype=11 archid=0000 devid=ca0:0:0&gt; [rom_table]
0000382 I CPU core #0: Cortex-M4 r0p1, v7.0-M architecture [cortex_m]
0000382 I   Extensions: [DSP, FPU, FPU_V4, MPU] [cortex_m]
0000382 I   FPU present: FPv4-SP-D16-M [cortex_m]
0000383 I 4 hardware watchpoints [dwt]
0000384 I 6 hardware breakpoints, 4 literal comparators [fpb]
0000386 I Loading /home/jamie/Mbed/mbed-ce-test-tools/CI-Shield-Tests/build/SFE_ARTEMIS-Develop/test-testshield-spi-microsd.bin at 0x00010000 [load_cmd]
[---|---|---|---|---|---|---|---|---|----]
[========================================]
0001762 I Erased 81920 bytes (10 sectors), programmed 81920 bytes (10 pages), skipped 57344 bytes (7 pages) at 98.93 kB/s [loader]
Executing: /home/jamie/Mbed/mbed-ce-test-tools/CI-Shield-Tests/mbed-os/venv/bin/mbedhtrun --skip-flashing -p /dev/ttySFE_ARTEMIS --skip-reset --sync-predelay 0.3 -e /home/jamie/Mbed/mbed-ce-test-tools/CI-Shield-Tests/host_tests -m SFE_ARTEMIS --baud-rate=115200
Connecting to CI shield with serial number SN001
[+385ms][HTST][INF] host test executor ver. 0.0.16
[+385ms][HTST][INF] copy image onto target... SKIPPED!
[+387ms][HTST][INF] starting host test process...
[+390ms][CONN][INF] starting connection process...
[+390ms][CONN][INF] notify event queue about extra 60 sec timeout for serial port pooling
[+390ms][CONN][INF] initializing serial port listener... 
[+390ms][SERI][INF] using specified port '/dev/ttySFE_ARTEMIS'
[+391ms][SERI][INF] serial(port=/dev/ttySFE_ARTEMIS, baudrate=115200, read_timeout=0.01, write_timeout=5)
[+391ms][HTST][INF] setting timeout to: 60 sec
[+392ms][CONN][INF] Pre-sync delay for 0.30 sec...
[+694ms][SERI][TXD] mbedmbedmbedmbedmbedmbedmbedmbedmbedmbed
[+694ms][CONN][INF] sending up to 2 __sync packets (specified with --sync=2)
[+694ms][CONN][INF] sending preamble '76e932f6-6a61-419c-a647-65c07b3a5d83'
[+695ms][SERI][TXD] {{__sync;76e932f6-6a61-419c-a647-65c07b3a5d83}}
[+705ms][CONN][WRN] UnicodeDecodeError encountered! Raw bytes were b'\xfembedmbedmbedmbedmbedmbedmbedmbed' and they decoded to "mbedmbedmbedmbedmbedmbedmbedmbed"
[+716ms][CONN][RXD] mbedmbedmbedmbedmbedmbedmbedmbed
[+716ms][CONN][INF] found KV pair in stream: {{__sync;76e932f6-6a61-419c-a647-65c07b3a5d83}}, queued...
[+716ms][CONN][INF] found KV pair in stream: {{__version;1.3.0}}, queued...
[+716ms][CONN][INF] found KV pair in stream: {{__timeout;30}}, queued...
[+717ms][CONN][INF] found SYNC in stream: {{__sync;76e932f6-6a61-419c-a647-65c07b3a5d83}} it is #0 sent, queued...
[+717ms][HTST][INF] sync KV found, uuid=76e932f6-6a61-419c-a647-65c07b3a5d83, timestamp=1755072657.379558
[+718ms][HTST][INF] DUT greentea-client version: 1.3.0
[+718ms][HTST][INF] setting timeout to: 30 sec
[+727ms][CONN][INF] found KV pair in stream: {{__host_test_name;default_auto}}, queued...
[+728ms][HTST][INF] host test class: '&lt;class 'mbed_os_tools.test.host_tests.default_auto.DefaultAuto'&gt;'
[+728ms][HTST][INF] host test setup() call...
[+728ms][HTST][INF] CALLBACKs updated
[+728ms][HTST][INF] host test detected: default_auto
[+912ms][CONN][RXD] &gt;&gt;&gt; Running 4 test cases...
[+912ms][CONN][INF] found KV pair in stream: {{__testcase_name;SPI - Object Definable}}, queued...
[+923ms][CONN][INF] found KV pair in stream: {{__testcase_name;SPI - SD card present (100kHz)}}, queued...
[+923ms][CONN][INF] found KV pair in stream: {{__testcase_name;SPI - Mount FS, Create File (100kHz)}}, queued...
[+934ms][CONN][INF] found KV pair in stream: {{__testcase_name;SPI - Write, Read, and Delete File (100kHz)}}, queued...
[+934ms][CONN][RXD] 
[+934ms][CONN][RXD] &gt;&gt;&gt; Running case #1: 'SPI - Object Definable'...
[+945ms][CONN][INF] found KV pair in stream: {{__testcase_start;SPI - Object Definable}}, queued...
[+945ms][CONN][INF] found KV pair in stream: {{__testcase_finish;SPI - Object Definable;1;0}}, queued...
[+956ms][CONN][RXD] &gt;&gt;&gt; 'SPI - Object Definable': 1 passed, 0 failed
[+956ms][CONN][RXD] &lt;greentea test suite&gt;:0::PASS
[+956ms][CONN][RXD] 
[+956ms][CONN][RXD] &gt;&gt;&gt; Running case #2: 'SPI - SD card present (100kHz)'...
[+967ms][CONN][INF] found KV pair in stream: {{__testcase_start;SPI - SD card present (100kHz)}}, queued...
[+978ms][CONN][INF] found KV pair in stream: {{__testcase_finish;SPI - SD card present (100kHz);1;0}}, queued...
[+988ms][CONN][RXD] &gt;&gt;&gt; 'SPI - SD card present (100kHz)': 1 passed, 0 failed
[+988ms][CONN][RXD] &lt;greentea test suite&gt;:0::PASS
[+988ms][CONN][RXD] 
[+999ms][CONN][RXD] &gt;&gt;&gt; Running case #3: 'SPI - Mount FS, Create File (100kHz)'...
[+999ms][CONN][INF] found KV pair in stream: {{__testcase_start;SPI - Mount FS, Create File (100kHz)}}, queued...
[+1246ms][CONN][INF] found KV pair in stream: {{__testcase_finish;SPI - Mount FS, Create File (100kHz);1;0}}, queued...
[+1246ms][CONN][RXD] &gt;&gt;&gt; 'SPI - Mount FS, Create File (100kHz)': 1 passed, 0 failed
[+1246ms][CONN][RXD] &lt;greentea test suite&gt;:0::PASS
[+1246ms][CONN][RXD] 
[+1257ms][CONN][RXD] &gt;&gt;&gt; Running case #4: 'SPI - Write, Read, and Delete File (100kHz)'...
[+1267ms][CONN][INF] found KV pair in stream: {{__testcase_start;SPI - Write, Read, and Delete File (100kHz)}}, queued...
[+2201ms][CONN][INF] found KV pair in stream: {{__testcase_finish;SPI - Write, Read, and Delete File (100kHz);1;0}}, queued...
[+2212ms][CONN][RXD] &gt;&gt;&gt; 'SPI - Write, Read, and Delete File (100kHz)': 1 passed, 0 failed
[+2212ms][CONN][RXD] &lt;greentea test suite&gt;:0::PASS
[+2212ms][CONN][RXD] 
[+2212ms][CONN][RXD] &gt;&gt;&gt; Test cases: 4 passed, 0 failed
[+2212ms][CONN][RXD] 
[+2212ms][CONN][RXD] -----------------------
[+2223ms][CONN][RXD] 0 Tests 0 Failures 0 Ignored 
[+2223ms][CONN][RXD] OK
[+2223ms][CONN][INF] found KV pair in stream: {{__testcase_summary;4;0}}, queued...
[+2223ms][CONN][INF] found KV pair in stream: {{end;success}}, queued...
[+2223ms][CONN][INF] found KV pair in stream: {{__exit;0}}, queued...
[+2226ms][HTST][INF] __exit(0)
[+2226ms][HTST][INF] __notify_complete(True)
[+2227ms][HTST][INF] __exit_event_queue received
[+2227ms][HTST][INF] test suite run finished after 1.51 sec...
[+2234ms][CONN][INF] received special event '__host_test_finished' value='True', finishing
[+2245ms][HTST][INF] CONN exited with code: 0
[+2246ms][HTST][INF] Some events in queue
[+2246ms][HTST][INF] stopped consuming events
[+2246ms][HTST][INF] host test result() call skipped, received: True
[+2246ms][HTST][INF] calling blocking teardown()
[+2246ms][HTST][INF] teardown() finished
[+2246ms][HTST][INF] {{result;success}}
</system-out>
	</testcase>
	<testcase name="test-testshield-spi-slave-comms" classname="test-testshield-spi-slave-comms" time="0.00622937" status="notrun">
		<skipped message="SKIP_REGULAR_EXPRESSION_MATCHED"/>
		<properties/>
		<system-out>Skipping test-testshield-spi-slave-comms: No SPI slave support
</system-out>
	</testcase>
	<testcase name="test-testshield-pwm-and-adc" classname="test-testshield-pwm-and-adc" time="39.1939" status="fail">
		<failure message="Failed"/>
		<properties/>
		<system-out>[0/1] Flashing test-testshield-pwm-and-adc with pyOCD...
0000294 I Target type is ama3b1kk_kbr [board]
0000311 I DP IDR = 0x2ba01477 (v1 rev2) [dap]
0000330 I AHB-AP#0 IDR = 0x24770011 (AHB-AP var1 rev2) [discovery]
0000349 I AHB-AP#0 Class 0x1 ROM table #0 @ 0xe00ff000 (designer=43b:Arm part=4c4) [rom_table]
0000377 I [0]&lt;e000e000:SCS v7-M class=14 designer=43b:Arm part=00c&gt; [rom_table]
0000377 I [1]&lt;e0001000:DWT v7-M class=14 designer=43b:Arm part=002&gt; [rom_table]
0000378 I [2]&lt;e0002000:FPB v7-M class=14 designer=43b:Arm part=003&gt; [rom_table]
0000379 I [3]&lt;e0000000:ITM v7-M class=14 designer=43b:Arm part=001&gt; [rom_table]
0000380 I [4]&lt;e0040000:TPIU M4 class=9 designer=43b:Arm part=9a1 devtype=11 archid=0000 devid=ca0:0:0&gt; [rom_table]
0000381 I CPU core #0: Cortex-M4 r0p1, v7.0-M architecture [cortex_m]
[...]
[+37442ms][CONN][RXD] 0 Tests 3 Failures 0 Ignored 
[+37442ms][CONN][RXD] FAIL
[+37452ms][CONN][INF] found KV pair in stream: {{__testcase_summary;7;3}}, queued...
[+37452ms][CONN][INF] found KV pair in stream: {{end;failure}}, queued...
[+37452ms][CONN][INF] found KV pair in stream: {{__exit;0}}, queued...
[+37453ms][HTST][INF] __exit(0)
[+37453ms][HTST][INF] __notify_complete(False)
[+37453ms][HTST][INF] __exit_event_queue received
[+37453ms][HTST][INF] test suite run finished after 36.71 sec...
[+37462ms][CONN][INF] received special event '__host_test_finished' value='True', finishing
[+37471ms][HTST][INF] CONN exited with code: 0
[+37471ms][HTST][INF] Some events in queue
[+37471ms][HTST][INF] stopped consuming events
[+37471ms][HTST][INF] host test result() call skipped, received: False
[+37471ms][HTST][INF] calling blocking teardown()
[+37471ms][HTST][INF] teardown() finished
[+37471ms][HTST][INF] {{result;failure}}
CMake Error at mbed-run-greentea-test-testshield-pwm-and-adc.cmake:19 (execute_process):
  execute_process failed command indexes:

    1: "Child return code: 1"



</system-out>
	</testcase>
	<testcase name="test-testshield-dac-to-adc" classname="test-testshield-dac-to-adc" time="0.00681702" status="notrun">
		<skipped message="SKIP_REGULAR_EXPRESSION_MATCHED"/>
		<properties/>
		<system-out>Skipping test-testshield-dac-to-adc: No DAC support
</system-out>
	</testcase>
	<testcase name="test-testshield-uart" classname="test-testshield-uart" time="5.70447" status="fail">
		<failure message="Failed"/>
		<properties/>
		<system-out>[0/1] Flashing test-testshield-uart with pyOCD...
0000306 I Target type is ama3b1kk_kbr [board]
0000326 I DP IDR = 0x2ba01477 (v1 rev2) [dap]
0000344 I AHB-AP#0 IDR = 0x24770011 (AHB-AP var1 rev2) [discovery]
0000372 I AHB-AP#0 Class 0x1 ROM table #0 @ 0xe00ff000 (designer=43b:Arm part=4c4) [rom_table]
0000390 I [0]&lt;e000e000:SCS v7-M class=14 designer=43b:Arm part=00c&gt; [rom_table]
0000391 I [1]&lt;e0001000:DWT v7-M class=14 designer=43b:Arm part=002&gt; [rom_table]
0000391 I [2]&lt;e0002000:FPB v7-M class=14 designer=43b:Arm part=003&gt; [rom_table]
0000392 I [3]&lt;e0000000:ITM v7-M class=14 designer=43b:Arm part=001&gt; [rom_table]
0000393 I [4]&lt;e0040000:TPIU M4 class=9 designer=43b:Arm part=9a1 devtype=11 archid=0000 devid=ca0:0:0&gt; [rom_table]
0000395 I CPU core #0: Cortex-M4 r0p1, v7.0-M architecture [cortex_m]
0000395 I   Extensions: [DSP, FPU, FPU_V4, MPU] [cortex_m]
0000395 I   FPU present: FPv4-SP-D16-M [cortex_m]
0000396 I 4 hardware watchpoints [dwt]
0000397 I 6 hardware breakpoints, 4 literal comparators [fpb]
0000399 I Loading /home/jamie/Mbed/mbed-ce-test-tools/CI-Shield-Tests/build/SFE_ARTEMIS-Develop/test-testshield-uart.bin at 0x00010000 [load_cmd]
[---|---|---|---|---|---|---|---|---|----]
[========================================]
0001242 I Erased 65536 bytes (8 sectors), programmed 65536 bytes (8 pages), skipped 0 bytes (0 pages) at 76.01 kB/s [loader]
Executing: /home/jamie/Mbed/mbed-ce-test-tools/CI-Shield-Tests/mbed-os/venv/bin/mbedhtrun --skip-flashing -p /dev/ttySFE_ARTEMIS --skip-reset --sync-predelay 0.3 -e /home/jamie/Mbed/mbed-ce-test-tools/CI-Shield-Tests/host_tests -m SFE_ARTEMIS --baud-rate=115200
Connecting to CI shield with serial number SN001
[+484ms][HTST][INF] host test executor ver. 0.0.16
[+484ms][HTST][INF] copy image onto target... SKIPPED!
[+488ms][HTST][INF] starting host test process...
[+490ms][CONN][INF] starting connection process...
[+490ms][CONN][INF] notify event queue about extra 60 sec timeout for serial port pooling
[+490ms][CONN][INF] initializing serial port listener... 
[+490ms][SERI][INF] using specified port '/dev/ttySFE_ARTEMIS'
[+491ms][SERI][INF] serial(port=/dev/ttySFE_ARTEMIS, baudrate=115200, read_timeout=0.01, write_timeout=5)
[+491ms][HTST][INF] setting timeout to: 60 sec
[+492ms][CONN][INF] Pre-sync delay for 0.30 sec...
[+792ms][SERI][TXD] mbedmbedmbedmbedmbedmbedmbedmbedmbedmbed
[+792ms][CONN][INF] sending up to 2 __sync packets (specified with --sync=2)
[+792ms][CONN][INF] sending preamble '77bbec43-a70f-496e-935e-9485eac5e9e1'
[+792ms][SERI][TXD] {{__sync;77bbec43-a70f-496e-935e-9485eac5e9e1}}
[+803ms][CONN][WRN] UnicodeDecodeError encountered! Raw bytes were b'\xfe' and they decoded to ""
[+813ms][CONN][RXD] mbedmbedmbedmbedmbedmbedmbedmbed
[+813ms][CONN][INF] found KV pair in stream: {{__sync;77bbec43-a70f-496e-935e-9485eac5e9e1}}, queued...
[+813ms][CONN][INF] found KV pair in stream: {{__version;1.3.0}}, queued...
[+813ms][CONN][INF] found KV pair in stream: {{__timeout;30}}, queued...
[+813ms][CONN][INF] found SYNC in stream: {{__sync;77bbec43-a70f-496e-935e-9485eac5e9e1}} it is #0 sent, queued...
[+813ms][HTST][INF] sync KV found, uuid=77bbec43-a70f-496e-935e-9485eac5e9e1, timestamp=1755072700.485274
[+813ms][HTST][INF] DUT greentea-client version: 1.3.0
[+813ms][HTST][INF] setting timeout to: 30 sec
[+823ms][CONN][INF] found KV pair in stream: {{__host_test_name;uart_test}}, queued...
[+823ms][CONN][RXD] &gt;&gt;&gt; Running 11 test cases...
[+824ms][HTST][INF] host test class: '&lt;class 'uart_test.UARTHostTest'&gt;'
[+828ms][cy_serial_bridge]The CyType of this device must be changed to UART_CDC in order to open it as UART_CDC
[+828ms][cy_serial_bridge]Discovered USB endpoints successfully
[+834ms][CONN][INF] found KV pair in stream: {{__testcase_name;Send test string from MCU once (1200 baud)}}, queued...
[+834ms][CONN][INF] found KV pair in stream: {{__testcase_name;Receive test string from PC once (1200 baud)}}, queued...
[+836ms][cy_serial_bridge]Device signature: b'CYUS'
Connected to MFG interface of CY7C652xx device, firmware version 2.0.3 build 112
[+839ms][cy_serial_bridge]Read the following configuration from the device: ConfigurationBlock(
    config_format_version=2.0.3
    device_type=CY_TYPE.I2C,
    vid=0x04b4,
    pid=0xe010,
    mfgr_string="Cypress Semiconductor",
    product_string="Mbed CE CI Shield Serial Adapter",
    serial_number="ShieldSN001",
    capsense_on=False,
    default_frequency=115200
)
[+839ms][cy_serial_bridge]Changing to UART_CDC and device has even PID.  Changing PID to 0xe011
[+840ms][cy_serial_bridge]Writing the following configuration to the device: ConfigurationBlock(
    config_format_version=2.0.3
    device_type=CY_TYPE.UART_CDC,
    vid=0x04b4,
    pid=0xe011,
    mfgr_string="Cypress Semiconductor",
    product_string="Mbed CE CI Shield Serial Adapter",
    serial_number="ShieldSN001",
    capsense_on=False,
    default_frequency=115200
)
[+844ms][CONN][INF] found KV pair in stream: {{__testcase_name;Send test string from MCU once (9600 baud)}}, queued...
[+844ms][CONN][INF] found KV pair in stream: {{__testcase_name;Receive test string from PC once (9600 baud)}}, queued...
[+854ms][CONN][INF] found KV pair in stream: {{__testcase_name;Send test string from MCU once (115200 baud)}}, queued...
[+864ms][CONN][INF] found KV pair in stream: {{__testcase_name;Receive test string from PC once (115200 baud)}}, queued...
[+865ms][CONN][INF] found KV pair in stream: {{__testcase_name;Send test string from MCU once (921600 baud)}}, queued...
[+875ms][CONN][INF] found KV pair in stream: {{__testcase_name;Receive test string from PC once (921600 baud)}}, queued...
[+876ms][cy_serial_bridge]Type has been changed.
[+885ms][CONN][INF] found KV pair in stream: {{__testcase_name;Send test string from MCU once (3000000 baud)}}, queued...
[+885ms][CONN][INF] found KV pair in stream: {{__testcase_name;Receive test string from PC once (3000000 baud)}}, queued...
[+895ms][CONN][INF] found KV pair in stream: {{__testcase_name;Handle Junk on Serial Rx Line}}, queued...
[+895ms][CONN][RXD] 
[+895ms][CONN][RXD] &gt;&gt;&gt; Running case #1: 'Send test string from MCU once (1200 baud)'...
[+906ms][CONN][INF] found KV pair in stream: {{__testcase_start;Send test string from MCU once (1200 baud)}}, queued...
[+906ms][CONN][INF] found KV pair in stream: {{setup_port_at_baud;1200}}, queued...
[+1329ms][cy_serial_bridge]Changed type of device in 0.5010 sec
[+1329ms][TEST][INF] UART Test host test setup complete.
[+1329ms][HTST][INF] host test setup() call...
[+1329ms][HTST][INF] CALLBACKs updated
[+1329ms][HTST][INF] host test detected: uart_test
[+1331ms][SERI][TXD] {{setup_port_at_baud;complete}}
[+2090ms][CONN][INF] found KV pair in stream: {{verify_repeated_test_string;1}}, queued...
[+2100ms][SERI][TXD] {{verify_repeated_test_string;complete}}
[+2120ms][CONN][INF] found KV pair in stream: {{__testcase_finish;Send test string from MCU once (1200 baud);1;0}}, queued...
[+2120ms][CONN][RXD] &gt;&gt;&gt; 'Send test string from MCU once (1200 baud)': 1 passed, 0 failed
[+2131ms][CONN][RXD] &lt;greentea test suite&gt;:0::PASS
[+2131ms][CONN][RXD] 
[+2131ms][CONN][RXD] &gt;&gt;&gt; Running case #2: 'Receive test string from PC once (1200 baud)'...
[+2141ms][CONN][INF] found KV pair in stream: {{__testcase_start;Receive test string from PC once (1200 baud)}}, queued...
[+2141ms][CONN][INF] found KV pair in stream: {{setup_port_at_baud;1200}}, queued...
[+2151ms][SERI][TXD] {{setup_port_at_baud;complete}}
[+2161ms][CONN][INF] found KV pair in stream: {{send_test_string;1}}, queued...
[+2172ms][SERI][TXD] {{send_test_string;started}}
[+2587ms][CONN][INF] found KV pair in stream: {{__testcase_finish;Receive test string from PC once (1200 baud);1;0}}, queued...
[+2598ms][CONN][RXD] &gt;&gt;&gt; 'Receive test string from PC once (1200 baud)': 1 passed, 0 failed
[+2598ms][CONN][RXD] &lt;greentea test suite&gt;:0::PASS
[+2598ms][CONN][RXD] 
[+2609ms][CONN][RXD] &gt;&gt;&gt; Running case #3: 'Send test string from MCU once (9600 baud)'...
[+2609ms][CONN][INF] found KV pair in stream: {{__testcase_start;Send test string from MCU once (9600 baud)}}, queued...
[+2609ms][CONN][INF] found KV pair in stream: {{setup_port_at_baud;9600}}, queued...
[+2620ms][SERI][TXD] {{setup_port_at_baud;complete}}
[+2732ms][CONN][INF] found KV pair in stream: {{verify_repeated_test_string;1}}, queued...
[+2742ms][SERI][TXD] {{verify_repeated_test_string;complete}}
[+2763ms][CONN][INF] found KV pair in stream: {{__testcase_finish;Send test string from MCU once (9600 baud);1;0}}, queued...
[+2763ms][CONN][RXD] &gt;&gt;&gt; 'Send test string from MCU once (9600 baud)': 1 passed, 0 failed
[+2773ms][CONN][RXD] &lt;greentea test suite&gt;:0::PASS
[+2773ms][CONN][RXD] 
[+2773ms][CONN][RXD] &gt;&gt;&gt; Running case #4: 'Receive test string from PC once (9600 baud)'...
[+2784ms][CONN][INF] found KV pair in stream: {{__testcase_start;Receive test string from PC once (9600 baud)}}, queued...
[+2784ms][CONN][INF] found KV pair in stream: {{setup_port_at_baud;9600}}, queued...
[+2795ms][SERI][TXD] {{setup_port_at_baud;complete}}
[+2805ms][CONN][INF] found KV pair in stream: {{send_test_string;1}}, queued...
[+2816ms][SERI][TXD] {{send_test_string;started}}
[+2929ms][CONN][INF] found KV pair in stream: {{__testcase_finish;Receive test string from PC once (9600 baud);1;0}}, queued...
[+2940ms][CONN][RXD] &gt;&gt;&gt; 'Receive test string from PC once (9600 baud)': 1 passed, 0 failed
[+2940ms][CONN][RXD] &lt;greentea test suite&gt;:0::PASS
[+2940ms][CONN][RXD] 
[+2950ms][CONN][RXD] &gt;&gt;&gt; Running case #5: 'Send test string from MCU once (115200 baud)'...
[+2950ms][CONN][INF] found KV pair in stream: {{__testcase_start;Send test string from MCU once (115200 baud)}}, queued...
[+2961ms][CONN][INF] found KV pair in stream: {{setup_port_at_baud;115200}}, queued...
[+2971ms][SERI][TXD] {{setup_port_at_baud;complete}}
[+2992ms][CONN][INF] found KV pair in stream: {{verify_repeated_test_string;1}}, queued...
[+3003ms][SERI][TXD] {{verify_repeated_test_string;complete}}
[+3024ms][CONN][INF] found KV pair in stream: {{__testcase_finish;Send test string from MCU once (115200 baud);1;0}}, queued...
[+3024ms][CONN][RXD] &gt;&gt;&gt; 'Send test string from MCU once (115200 baud)': 1 passed, 0 failed
[+3035ms][CONN][RXD] &lt;greentea test suite&gt;:0::PASS
[+3035ms][CONN][RXD] 
[+3035ms][CONN][RXD] &gt;&gt;&gt; Running case #6: 'Receive test string from PC once (115200 baud)'...
[+3045ms][CONN][INF] found KV pair in stream: {{__testcase_start;Receive test string from PC once (115200 baud)}}, queued...
[+3046ms][CONN][INF] found KV pair in stream: {{setup_port_at_baud;115200}}, queued...
[+3056ms][SERI][TXD] {{setup_port_at_baud;complete}}
[+3066ms][CONN][INF] found KV pair in stream: {{send_test_string;1}}, queued...
[+3076ms][SERI][TXD] {{send_test_string;started}}
[+3097ms][CONN][INF] found KV pair in stream: {{__testcase_finish;Receive test string from PC once (115200 baud);1;0}}, queued...
[+3097ms][CONN][RXD] &gt;&gt;&gt; 'Receive test string from PC once (115200 baud)': 1 passed, 0 failed
[+3107ms][CONN][RXD] &lt;greentea test suite&gt;:0::PASS
[+3107ms][CONN][RXD] 
[+3107ms][CONN][RXD] &gt;&gt;&gt; Running case #7: 'Send test string from MCU once (921600 baud)'...
[+3118ms][CONN][INF] found KV pair in stream: {{__testcase_start;Send test string from MCU once (921600 baud)}}, queued...
[+3118ms][CONN][INF] found KV pair in stream: {{setup_port_at_baud;921600}}, queued...
[+3128ms][SERI][TXD] {{setup_port_at_baud;complete}}
[+3148ms][CONN][INF] found KV pair in stream: {{verify_repeated_test_string;1}}, queued...
[+3159ms][SERI][TXD] {{verify_repeated_test_string;complete}}
[+3179ms][CONN][INF] found KV pair in stream: {{__testcase_finish;Send test string from MCU once (921600 baud);1;0}}, queued...
[+3180ms][CONN][RXD] &gt;&gt;&gt; 'Send test string from MCU once (921600 baud)': 1 passed, 0 failed
[+3190ms][CONN][RXD] &lt;greentea test suite&gt;:0::PASS
[+3190ms][CONN][RXD] 
[+3190ms][CONN][RXD] &gt;&gt;&gt; Running case #8: 'Receive test string from PC once (921600 baud)'...
[+3200ms][CONN][INF] found KV pair in stream: {{__testcase_start;Receive test string from PC once (921600 baud)}}, queued...
[+3200ms][CONN][INF] found KV pair in stream: {{setup_port_at_baud;921600}}, queued...
[+3211ms][SERI][TXD] {{setup_port_at_baud;complete}}
[+3221ms][CONN][INF] found KV pair in stream: {{send_test_string;1}}, queued...
[+3232ms][SERI][TXD] {{send_test_string;started}}
[+3253ms][CONN][RXD] Receive timed out after 1876ms, only received 20 chars.
[+3253ms][CONN][RXD] &lt;greentea test suite&gt;:144::FAIL: Receive timed out
[+3263ms][CONN][INF] found KV pair in stream: {{__testcase_finish;Receive test string from PC once (921600 baud);0;1}}, queued...
[+3274ms][CONN][RXD] &gt;&gt;&gt; 'Receive test string from PC once (921600 baud)': 0 passed, 1 failed with reason 'Test Cases Failed'
[+3274ms][CONN][RXD] 
[+3274ms][CONN][RXD] 
[+3274ms][CONN][RXD] &gt;&gt;&gt; Running case #9: 'Send test string from MCU once (3000000 baud)'...
[+3285ms][CONN][INF] found KV pair in stream: {{__testcase_start;Send test string from MCU once (3000000 baud)}}, queued...
[+3295ms][CONN][RXD] &lt;greentea test suite&gt;:83::SKIP: Baudrate unsupported
[+3295ms][CONN][INF] found KV pair in stream: {{__testcase_finish;Send test string from MCU once (3000000 baud);1;0}}, queued...
[+3306ms][CONN][RXD] &gt;&gt;&gt; 'Send test string from MCU once (3000000 baud)': 1 passed, 0 failed
[+3306ms][CONN][RXD] &lt;greentea test suite&gt;:0::PASS
[+3306ms][CONN][RXD] 
[+3316ms][CONN][RXD] &gt;&gt;&gt; Running case #10: 'Receive test string from PC once (3000000 baud)'...
[+3316ms][CONN][INF] found KV pair in stream: {{__testcase_start;Receive test string from PC once (3000000 baud)}}, queued...
[+3327ms][CONN][RXD] &lt;greentea test suite&gt;:103::SKIP: Baudrate unsupported
[+3337ms][CONN][INF] found KV pair in stream: {{__testcase_finish;Receive test string from PC once (3000000 baud);1;0}}, queued...
[+3337ms][CONN][RXD] &gt;&gt;&gt; 'Receive test string from PC once (3000000 baud)': 1 passed, 0 failed
[+3348ms][CONN][RXD] &lt;greentea test suite&gt;:0::PASS
[+3348ms][CONN][RXD] 
[+3348ms][CONN][RXD] &gt;&gt;&gt; Running case #11: 'Handle Junk on Serial Rx Line'...
[+3348ms][CONN][INF] found KV pair in stream: {{__testcase_start;Handle Junk on Serial Rx Line}}, queued...
[+3359ms][CONN][INF] found KV pair in stream: {{setup_port_at_baud;9600}}, queued...
[+3370ms][SERI][TXD] {{setup_port_at_baud;complete}}
[+3380ms][CONN][INF] found KV pair in stream: {{send_test_string;1}}, queued...
[+3391ms][SERI][TXD] {{send_test_string;started}}
[+3452ms][CONN][INF] found KV pair in stream: {{setup_port_at_baud;921600}}, queued...
[+3463ms][SERI][TXD] {{setup_port_at_baud;complete}}
[+3474ms][CONN][INF] found KV pair in stream: {{send_test_string;1}}, queued...
[+3485ms][SERI][TXD] {{send_test_string;started}}
[+3495ms][CONN][RXD] UART received 139 junk chars
[+3506ms][CONN][INF] found KV pair in stream: {{setup_port_at_baud;115200}}, queued...
[+3517ms][SERI][TXD] {{setup_port_at_baud;complete}}
[+3527ms][CONN][INF] found KV pair in stream: {{send_test_string;1}}, queued...
[+3538ms][SERI][TXD] {{send_test_string;started}}
[+3548ms][CONN][INF] found KV pair in stream: {{__testcase_finish;Handle Junk on Serial Rx Line;1;0}}, queued...
[+3559ms][CONN][RXD] &gt;&gt;&gt; 'Handle Junk on Serial Rx Line': 1 passed, 0 failed
[+3559ms][CONN][RXD] &lt;greentea test suite&gt;:0::PASS
[+3559ms][CONN][RXD] 
[+3570ms][CONN][RXD] &gt;&gt;&gt; Test cases: 10 passed, 1 failed with reason 'Test Cases Failed'
[+3570ms][CONN][RXD] &gt;&gt;&gt; TESTS FAILED!
[+3570ms][CONN][RXD] 
[+3570ms][CONN][RXD] -----------------------
[+3570ms][CONN][RXD] 0 Tests 1 Failures 0 Ignored 
[+3581ms][CONN][RXD] FAIL
[+3581ms][CONN][INF] found KV pair in stream: {{__testcase_summary;10;1}}, queued...
[+3581ms][CONN][INF] found KV pair in stream: {{end;failure}}, queued...
[+3581ms][CONN][INF] found KV pair in stream: {{__exit;0}}, queued...
[+3583ms][HTST][INF] __exit(0)
[+3583ms][HTST][INF] __notify_complete(False)
[+3583ms][HTST][INF] __exit_event_queue received
[+3583ms][HTST][INF] test suite run finished after 2.77 sec...
[+3592ms][CONN][INF] received special event '__host_test_finished' value='True', finishing
[+3603ms][HTST][INF] CONN exited with code: 0
[+3603ms][HTST][INF] Some events in queue
[+3603ms][HTST][INF] stopped consuming events
[+3603ms][HTST][INF] host test result() call skipped, received: False
[+3604ms][HTST][INF] calling blocking teardown()
[+3671ms][cy_serial_bridge]The CyType of this device must be changed to I2C in order to open it as I2C_CONTROLLER
[+3671ms][cy_serial_bridge]Discovered USB endpoints successfully
[+3680ms][cy_serial_bridge]Device signature: b'CYUS'
Connected to MFG interface of CY7C652xx device, firmware version 2.0.3 build 112
[+3683ms][cy_serial_bridge]Read the following configuration from the device: ConfigurationBlock(
    config_format_version=2.0.3
    device_type=CY_TYPE.UART_CDC,
    vid=0x04b4,
    pid=0xe011,
    mfgr_string="Cypress Semiconductor",
    product_string="Mbed CE CI Shield Serial Adapter",
    serial_number="ShieldSN001",
    capsense_on=False,
    default_frequency=115200
)
[+3683ms][cy_serial_bridge]Changing to non-UART_CDC and device has odd PID.  Changing PID to 0xe010
[+3683ms][cy_serial_bridge]Writing the following configuration to the device: ConfigurationBlock(
    config_format_version=2.0.3
    device_type=CY_TYPE.I2C,
    vid=0x04b4,
    pid=0xe010,
    mfgr_string="Cypress Semiconductor",
    product_string="Mbed CE CI Shield Serial Adapter",
    serial_number="ShieldSN001",
    capsense_on=False,
    default_frequency=115200
)
[+3720ms][cy_serial_bridge]Type has been changed.
[+4173ms][cy_serial_bridge]Changed type of device in 0.5020 sec
[+4173ms][cy_serial_bridge]Discovered USB endpoints successfully
[+4182ms][cy_serial_bridge]Device signature: b'CYUS'
Connected to I2C interface of CY7C652xx device, firmware version 2.0.3 build 112
[+4183ms][HTST][INF] teardown() finished
[+4183ms][HTST][INF] {{result;failure}}
CMake Error at mbed-run-greentea-test-testshield-uart.cmake:19 (execute_process):
  execute_process failed command indexes:

    1: "Child return code: 1"



</system-out>
	</testcase>
</testsuite>
