<?xml version="1.0" encoding="UTF-8"?>
<testsuite name="(empty)"
	tests="12"
	failures="1"
	disabled="0"
	skipped="0"
	hostname=""
	time="538"
	timestamp="2024-09-03T09:31:58"
	>
	<testcase name="test-testshield-businout" classname="test-testshield-businout" time="21.3734" status="run">
		<system-out>[1/3] Building CXX object CMakeFiles/test-testshield-businout.dir/BusInOutTest.cpp.obj
[2/3] Linking CXX executable test-testshield-businout.elf
-- built: /home/jamie/Mbed/mbed-ce-test-tools/CI-Shield-Tests/build/LPC1768-Develop/test-testshield-businout.bin
-- built: /home/jamie/Mbed/mbed-ce-test-tools/CI-Shield-Tests/build/LPC1768-Develop/test-testshield-businout.hex
LPC Patch: test-testshield-businout.bin
| Module                                  |     .text |    .data |     .bss |
|-----------------------------------------|-----------|----------|----------|
| CMakeFiles/test-testshield-businout.dir |  1090(+0) |    0(+0) |  184(+0) |
| [fill]                                  |   642(+0) |    3(+0) |   17(+0) |
| [lib]/c.a                               |  5592(+0) | 1344(+0) |  373(+0) |
| [lib]/client_userio.a                   |  1480(+0) |   56(+0) |    8(+0) |
| [lib]/gcc.a                             |  3136(+0) |    0(+0) |    0(+0) |
| [lib]/mbed-greentea-io.a                |    70(+0) |    0(+0) |    0(+0) |
| [lib]/mbed-unity.a                      |   794(+0) |    0(+0) |  224(+0) |
| [lib]/mbed-utest.a                      |  3384(+0) |   13(+0) |  201(+0) |
| [lib]/misc                              |   264(+0) |    4(+0) |   25(+0) |
| mbed-os/CMakeFiles                      | 20584(+0) |  436(+0) | 7301(+0) |
| Subtotals                               | 37036(+0) | 1856(+0) | 8333(+0) |
Total Static RAM memory (data + bss): 10189(+0) bytes
Total Flash memory (text + data): 38892(+0) bytes

[3/3] Flashing test-testshield-businout with OpenOCD...
Open On-Chip Debugger 0.11.0
Licensed under GNU GPL v2
For bug reports, read
	http://openocd.org/doc/doxygen/bugs.html
Info : auto-selecting first available session transport "swd". To override use 'transport select &lt;transport&gt;'.
adapter speed: 4000 kHz

Info : CMSIS-DAP: SWD  Supported
Info : CMSIS-DAP: FW Version = 1.0
Info : CMSIS-DAP: Interface Initialised (SWD)
Info : SWCLK/TCK = 0 SWDIO/TMS = 1 TDI = 0 TDO = 0 nTRST = 0 nRESET = 1
Info : CMSIS-DAP: Interface ready
Info : clock speed 4000 kHz
Info : SWD DPIDR 0x2ba01477
Info : lpc17xx.cpu: hardware has 6 breakpoints, 4 watchpoints
Info : gdb port disabled
target halted due to debug-request, current mode: Thread 
xPSR: 0x01000000 pc: 0x1fff0080 msp: 0x10001ffc
** Programming Started **
Info : If auto-detection fails for this part, please email openocd-devel@lists.sourceforge.net, citing part id 0x26013f37.

** Programming Finished **
** Resetting Target **
Info : SWD DPIDR 0x2ba01477
shutdown command invoked
Executing: /home/jamie/Mbed/mbed-ce-test-tools/CI-Shield-Tests/mbed-os/venv/bin/python3.10 -m mbed_host_tests.mbedhtrun --skip-flashing -p /dev/ttyLPC1768 --skip-reset -m LPC1768 --baud-rate=115200
[1725381138.43][HTST][INF] host test executor ver. 0.0.16
[1725381138.43][HTST][INF] copy image onto target... SKIPPED!
[1725381138.46][HTST][INF] starting host test process...
[1725381138.48][CONN][INF] starting connection process...
[1725381138.48][CONN][INF] notify event queue about extra 60 sec timeout for serial port pooling
[1725381138.48][CONN][INF] initializing serial port listener... 
[1725381138.48][HTST][INF] setting timeout to: 60 sec
[1725381138.48][SERI][INF] using specified port '/dev/ttyLPC1768'
[1725381138.49][SERI][INF] serial(port=/dev/ttyLPC1768, baudrate=115200, read_timeout=0.01, write_timeout=5)
[1725381138.49][SERI][TXD] mbedmbedmbedmbedmbedmbedmbedmbedmbedmbed
[1725381138.49][CONN][INF] sending up to 2 __sync packets (specified with --sync=2)
[1725381138.49][CONN][INF] sending preamble 'c78c671f-a868-472e-90d6-974a735d9395'
[1725381138.50][SERI][TXD] {{__sync;c78c671f-a868-472e-90d6-974a735d9395}}
[1725381138.51][CONN][RXD] mbedmbedmbedmbedmbedmbedmbedmbed
[1725381138.51][CONN][INF] found SYNC in stream: {{__sync;c78c671f-a868-472e-90d6-974a735d9395}} it is #0 sent, queued...
[1725381138.51][HTST][INF] sync KV found, uuid=c78c671f-a868-472e-90d6-974a735d9395, timestamp=1725381138.509139
[1725381138.53][CONN][RXD] &gt;&gt;&gt; Running 4 test cases...
[1725381138.53][CONN][INF] found KV pair in stream: {{__version;1.3.0}}, queued...
[1725381138.53][CONN][INF] found KV pair in stream: {{__timeout;40}}, queued...
[1725381138.53][CONN][INF] found KV pair in stream: {{__host_test_name;default_auto}}, queued...
[1725381138.53][HTST][INF] DUT greentea-client version: 1.3.0
[1725381138.53][CONN][INF] found KV pair in stream: {{__testcase_name;BusIn definable}}, queued...
[1725381138.53][HTST][INF] setting timeout to: 40 sec
[1725381138.53][CONN][INF] found KV pair in stream: {{__testcase_name;BusOut definable}}, queued...
[1725381138.53][HTST][INF] host test class: '&lt;class 'mbed_os_tools.test.host_tests.default_auto.DefaultAuto'&gt;'
[1725381138.53][HTST][INF] host test setup() call...
[1725381138.53][CONN][INF] found KV pair in stream: {{__testcase_name;BusInOut to BusInOut}}, queued...
[1725381138.53][HTST][INF] CALLBACKs updated
[1725381138.53][HTST][INF] host test detected: default_auto
[1725381138.55][CONN][RXD] 
[1725381138.55][CONN][RXD] &gt;&gt;&gt; Running case #1: 'BusIn definable'...
[1725381138.55][CONN][RXD] &gt;&gt;&gt; 'BusIn definable': 1 passed, 0 failed
[1725381138.55][CONN][INF] found KV pair in stream: {{__testcase_name;BusIn to BusOut}}, queued...
[1725381138.55][CONN][INF] found KV pair in stream: {{__testcase_start;BusIn definable}}, queued...
[1725381138.56][CONN][INF] found KV pair in stream: {{__testcase_finish;BusIn definable;1;0}}, queued...
[1725381138.57][CONN][RXD] &lt;greentea test suite&gt;:0::PASS
[1725381138.57][CONN][RXD] 
[1725381138.57][CONN][RXD] &gt;&gt;&gt; Running case #2: 'BusOut definable'...
[1725381138.57][CONN][RXD] &gt;&gt;&gt; 'BusOut definable': 1 passed, 0 failed
[1725381138.57][CONN][RXD] &lt;greentea test suite&gt;:0::PASS
[1725381138.57][CONN][RXD] 
[1725381138.57][CONN][RXD] &gt;&gt;&gt; Running case #3: 'BusInOut to BusInOut'...
[1725381138.57][CONN][INF] found KV pair in stream: {{__testcase_start;BusOut definable}}, queued...
[1725381138.58][CONN][INF] found KV pair in stream: {{__testcase_finish;BusOut definable;1;0}}, queued...
[1725381138.59][CONN][RXD] 
[1725381138.59][CONN][RXD] *********
[1725381138.59][CONN][RXD] value of x,bio2 is: 0x0, 0x0
[1725381138.59][CONN][RXD] ********
[1725381138.59][CONN][RXD] 
[1725381138.59][CONN][RXD] *********
[1725381138.59][CONN][RXD] value of x,bio2 is: 0x1, 0x1
[1725381138.59][CONN][RXD] ********
[1725381138.59][CONN][RXD] 
[1725381138.59][CONN][RXD] *********
[1725381138.59][CONN][RXD] value of x,bio2 is: 0x2, 0x2
[1725381138.59][CONN][RXD] ********
[1725381138.59][CONN][RXD] 
[1725381138.59][CONN][RXD] *********
[1725381138.59][CONN][INF] found KV pair in stream: {{__testcase_start;BusInOut to BusInOut}}, queued...
[1725381138.60][CONN][RXD] value of x,bio2 is: 0x3, 0x3
[1725381138.61][CONN][RXD] ********
[1725381138.61][CONN][RXD] 
[1725381138.61][CONN][RXD] *********
[1725381138.61][CONN][RXD] value of x,bio2 is: 0x4, 0x4
[1725381138.62][CONN][RXD] ********
[1725381138.62][CONN][RXD] 
[1725381138.62][CONN][RXD] *********
[1725381138.62][CONN][RXD] value of x,bio2 is: 0x5, 0x5
[1725381138.62][CONN][RXD] ********
[1725381138.62][CONN][RXD] 
[1725381138.62][CONN][RXD] *********
[1725381138.62][CONN][RXD] value of x,bio2 is: 0x6, 0x6
[1725381138.62][CONN][RXD] ********
[1725381138.62][CONN][RXD] 
[1725381138.63][CONN][RXD] *********
[1725381138.63][CONN][RXD] value of x,bio2 is: 0x7, 0x7
[1725381138.63][CONN][RXD] ********
[1725381138.63][CONN][RXD] 
[1725381138.64][CONN][RXD] *********
[1725381138.64][CONN][RXD] value of x,bio1 is: 0x0, 0x0
[1725381138.64][CONN][RXD] ********
[1725381138.64][CONN][RXD] 
[1725381138.64][CONN][RXD] *********
[1725381138.64][CONN][RXD] value of x,bio1 is: 0x1, 0x1
[1725381138.64][CONN][RXD] ********
[1725381138.64][CONN][RXD] 
[1725381138.64][CONN][RXD] *********
[1725381138.64][CONN][RXD] value of x,bio1 is: 0x2, 0x2
[1725381138.64][CONN][RXD] ********
[1725381138.64][CONN][RXD] 
[1725381138.64][CONN][RXD] *********
[1725381138.64][CONN][RXD] value of x,bio1 is: 0x3, 0x3
[1725381138.64][CONN][RXD] ********
[1725381138.65][CONN][RXD] 
[1725381138.65][CONN][RXD] *********
[1725381138.65][CONN][RXD] value of x,bio1 is: 0x4, 0x4
[1725381138.66][CONN][RXD] ********
[1725381138.66][CONN][RXD] 
[1725381138.66][CONN][RXD] *********
[1725381138.66][CONN][RXD] value of x,bio1 is: 0x5, 0x5
[1725381138.66][CONN][RXD] ********
[1725381138.66][CONN][RXD] 
[1725381138.66][CONN][RXD] *********
[1725381138.66][CONN][RXD] value of x,bio1 is: 0x6, 0x6
[1725381138.66][CONN][RXD] ********
[1725381138.66][CONN][RXD] 
[1725381138.66][CONN][RXD] *********
[1725381138.66][CONN][RXD] value of x,bio1 is: 0x7, 0x7
[1725381138.66][CONN][RXD] ********
[1725381138.66][CONN][RXD] &gt;&gt;&gt; 'BusInOut to BusInOut': 1 passed, 0 failed
[1725381138.66][CONN][RXD] &lt;greentea test suite&gt;:0::PASS
[1725381138.66][CONN][RXD] 
[1725381138.67][CONN][INF] found KV pair in stream: {{__testcase_finish;BusInOut to BusInOut;1;0}}, queued...
[1725381138.69][CONN][RXD] &gt;&gt;&gt; Running case #4: 'BusIn to BusOut'...
[1725381138.69][CONN][RXD] 
[1725381138.69][CONN][RXD] *********
[1725381138.70][CONN][RXD] value of bin,bout,x is: 0x1, 0x1, 0x1
[1725381138.70][CONN][RXD] ********
[1725381138.70][CONN][RXD] 
[1725381138.70][CONN][RXD] *********
[1725381138.71][CONN][RXD] value of bin,bout,x is: 0x2, 0x2, 0x2
[1725381138.71][CONN][RXD] ********
[1725381138.71][CONN][RXD] 
[1725381138.71][CONN][RXD] *********
[1725381138.71][CONN][RXD] value of bin,bout,x is: 0x3, 0x3, 0x3
[1725381138.71][CONN][RXD] ********
[1725381138.71][CONN][RXD] 
[1725381138.72][CONN][RXD] *********
[1725381138.72][CONN][RXD] value of bin,bout,x is: 0x4, 0x4, 0x4
[1725381138.72][CONN][RXD] ********
[1725381138.72][CONN][RXD] 
[1725381138.72][CONN][RXD] *********
[1725381138.72][CONN][INF] found KV pair in stream: {{__testcase_start;BusIn to BusOut}}, queued...
[1725381138.73][CONN][RXD] value of bin,bout,x is: 0x5, 0x5, 0x5
[1725381138.73][CONN][RXD] ********
[1725381138.73][CONN][RXD] 
[1725381138.73][CONN][RXD] *********
[1725381138.73][CONN][RXD] value of bin,bout,x is: 0x6, 0x6, 0x6
[1725381138.73][CONN][RXD] ********
[1725381138.74][CONN][RXD] 
[1725381138.74][CONN][RXD] *********
[1725381138.74][CONN][RXD] value of bin,bout,x is: 0x7, 0x7, 0x7
[1725381138.74][CONN][RXD] ********
[1725381138.74][CONN][RXD] &gt;&gt;&gt; 'BusIn to BusOut': 1 passed, 0 failed
[1725381138.74][CONN][RXD] &lt;greentea test suite&gt;:0::PASS
[1725381138.74][CONN][RXD] 
[1725381138.74][CONN][RXD] &gt;&gt;&gt; Test cases: 4 passed, 0 failed
[1725381138.74][CONN][RXD] 
[1725381138.74][CONN][RXD] -----------------------
[1725381138.74][CONN][RXD] 0 Tests 0 Failures 0 Ignored 
[1725381138.75][CONN][RXD] OK
[1725381138.75][CONN][INF] found KV pair in stream: {{__testcase_finish;BusIn to BusOut;1;0}}, queued...
[1725381138.75][CONN][INF] found KV pair in stream: {{__testcase_summary;4;0}}, queued...
[1725381138.76][CONN][INF] found KV pair in stream: {{end;success}}, queued...
[1725381138.76][CONN][INF] found KV pair in stream: {{__exit;0}}, queued...
[1725381138.77][HTST][INF] __exit(0)
[1725381138.77][HTST][INF] __notify_complete(True)
[1725381138.78][HTST][INF] __exit_event_queue received
[1725381138.78][HTST][INF] test suite run finished after 0.25 sec...
[1725381138.79][CONN][INF] received special event '__host_test_finished' value='True', finishing
[1725381138.81][HTST][INF] CONN exited with code: 0
[1725381138.81][HTST][INF] Some events in queue
[1725381138.81][HTST][INF] stopped consuming events
[1725381138.81][HTST][INF] host test result() call skipped, received: True
[1725381138.81][HTST][INF] calling blocking teardown()
[1725381138.81][HTST][INF] teardown() finished
[1725381138.81][HTST][INF] {{result;success}}
</system-out>
	</testcase>
	<testcase name="test-testshield-interruptin" classname="test-testshield-interruptin" time="21.9094" status="run">
		<system-out>[1/3] Building CXX object CMakeFiles/test-testshield-interruptin.dir/InterruptInTest.cpp.obj
[2/3] Linking CXX executable test-testshield-interruptin.elf
-- built: /home/jamie/Mbed/mbed-ce-test-tools/CI-Shield-Tests/build/LPC1768-Develop/test-testshield-interruptin.bin
-- built: /home/jamie/Mbed/mbed-ce-test-tools/CI-Shield-Tests/build/LPC1768-Develop/test-testshield-interruptin.hex
LPC Patch: test-testshield-interruptin.bin
| Module                                     |     .text |    .data |     .bss |
|--------------------------------------------|-----------|----------|----------|
| CMakeFiles/test-testshield-interruptin.dir |  1944(+0) |    0(+0) |  241(+0) |
| [fill]                                     |   644(+0) |    3(+0) |   28(+0) |
| [lib]/c.a                                  |  5592(+0) | 1344(+0) |  373(+0) |
| [lib]/client_userio.a                      |  1480(+0) |   56(+0) |    8(+0) |
| [lib]/gcc.a                                |  3136(+0) |    0(+0) |    0(+0) |
| [lib]/mbed-greentea-io.a                   |    70(+0) |    0(+0) |    0(+0) |
| [lib]/mbed-unity.a                         |   794(+0) |    0(+0) |  224(+0) |
| [lib]/mbed-utest.a                         |  3380(+0) |   13(+0) |  201(+0) |
| [lib]/misc                                 |   264(+0) |    4(+0) |   25(+0) |
| mbed-os/CMakeFiles                         | 20072(+0) |  436(+0) | 7497(+0) |
| Subtotals                                  | 37376(+0) | 1856(+0) | 8597(+0) |
Total Static RAM memory (data + bss): 10453(+0) bytes
Total Flash memory (text + data): 39232(+0) bytes

[3/3] Flashing test-testshield-interruptin with OpenOCD...
Open On-Chip Debugger 0.11.0
Licensed under GNU GPL v2
For bug reports, read
	http://openocd.org/doc/doxygen/bugs.html
Info : auto-selecting first available session transport "swd". To override use 'transport select &lt;transport&gt;'.
adapter speed: 4000 kHz

Info : CMSIS-DAP: SWD  Supported
Info : CMSIS-DAP: FW Version = 1.0
Info : CMSIS-DAP: Interface Initialised (SWD)
Info : SWCLK/TCK = 0 SWDIO/TMS = 1 TDI = 0 TDO = 0 nTRST = 0 nRESET = 1
Info : CMSIS-DAP: Interface ready
Info : clock speed 4000 kHz
Info : SWD DPIDR 0x2ba01477
Info : lpc17xx.cpu: hardware has 6 breakpoints, 4 watchpoints
Info : gdb port disabled
target halted due to debug-request, current mode: Thread 
xPSR: 0x01000000 pc: 0x1fff0080 msp: 0x10001ffc
** Programming Started **
Info : If auto-detection fails for this part, please email openocd-devel@lists.sourceforge.net, citing part id 0x26013f37.

** Programming Finished **
** Resetting Target **
Info : SWD DPIDR 0x2ba01477
shutdown command invoked
Executing: /home/jamie/Mbed/mbed-ce-test-tools/CI-Shield-Tests/mbed-os/venv/bin/python3.10 -m mbed_host_tests.mbedhtrun --skip-flashing -p /dev/ttyLPC1768 --skip-reset -m LPC1768 --baud-rate=115200
[1725381160.52][HTST][INF] host test executor ver. 0.0.16
[1725381160.52][HTST][INF] copy image onto target... SKIPPED!
[1725381160.54][HTST][INF] starting host test process...
[1725381160.55][CONN][INF] starting connection process...
[1725381160.55][CONN][INF] notify event queue about extra 60 sec timeout for serial port pooling
[1725381160.56][CONN][INF] initializing serial port listener... 
[1725381160.56][SERI][INF] using specified port '/dev/ttyLPC1768'
[1725381160.56][SERI][INF] serial(port=/dev/ttyLPC1768, baudrate=115200, read_timeout=0.01, write_timeout=5)
[1725381160.56][HTST][INF] setting timeout to: 60 sec
[1725381160.56][SERI][TXD] mbedmbedmbedmbedmbedmbedmbedmbedmbedmbed
[1725381160.56][CONN][INF] sending up to 2 __sync packets (specified with --sync=2)
[1725381160.56][CONN][INF] sending preamble 'ea9d51da-ce5d-47cd-943f-9be52e30e5be'
[1725381160.56][SERI][TXD] {{__sync;ea9d51da-ce5d-47cd-943f-9be52e30e5be}}
[1725381160.57][CONN][RXD] mbedmbedmbedmbedmbedmbedmbedmbed
[1725381160.59][CONN][INF] found SYNC in stream: {{__sync;ea9d51da-ce5d-47cd-943f-9be52e30e5be}} it is #0 sent, queued...
[1725381160.59][CONN][INF] found KV pair in stream: {{__version;1.3.0}}, queued...
[1725381160.59][HTST][INF] sync KV found, uuid=ea9d51da-ce5d-47cd-943f-9be52e30e5be, timestamp=1725381160.585130
[1725381160.59][CONN][INF] found KV pair in stream: {{__timeout;40}}, queued...
[1725381160.59][HTST][INF] DUT greentea-client version: 1.3.0
[1725381160.59][CONN][INF] found KV pair in stream: {{__host_test_name;default_auto}}, queued...
[1725381160.59][HTST][INF] setting timeout to: 40 sec
[1725381160.59][HTST][INF] host test class: '&lt;class 'mbed_os_tools.test.host_tests.default_auto.DefaultAuto'&gt;'
[1725381160.59][HTST][INF] host test setup() call...
[1725381160.59][HTST][INF] CALLBACKs updated
[1725381160.59][HTST][INF] host test detected: default_auto
[1725381160.60][CONN][RXD] &gt;&gt;&gt; Running 6 test cases...
[1725381160.60][CONN][INF] found KV pair in stream: {{__testcase_name;Interrupt from GPOUT_2 -&gt; GPIN_2}}, queued...
[1725381160.60][CONN][INF] found KV pair in stream: {{__testcase_name;Interrupt from GPIN_2 -&gt; GPOUT_2}}, queued...
[1725381160.61][CONN][INF] found KV pair in stream: {{__testcase_name;Interrupt from GPOUT_1 -&gt; GPIN_1}}, queued...
[1725381160.61][CONN][INF] found KV pair in stream: {{__testcase_name;Interrupt from GPIN_1 -&gt; GPOUT_1}}, queued...
[1725381160.61][CONN][INF] found KV pair in stream: {{__testcase_name;Interrupt from GPOUT_0 -&gt; GPIN_0}}, queued...
[1725381160.63][CONN][RXD] 
[1725381160.63][CONN][RXD] &gt;&gt;&gt; Running case #1: 'Interrupt from GPOUT_2 -&gt; GPIN_2'...
[1725381160.63][CONN][INF] found KV pair in stream: {{__testcase_name;Interrupt from GPIN_0 -&gt; GPOUT_0}}, queued...
[1725381160.63][CONN][INF] found KV pair in stream: {{__testcase_start;Interrupt from GPOUT_2 -&gt; GPIN_2}}, queued...
[1725381160.64][CONN][RXD] &gt;&gt;&gt; 'Interrupt from GPOUT_2 -&gt; GPIN_2': 1 passed, 0 failed
[1725381160.64][CONN][RXD] &lt;greentea test suite&gt;:0::PASS
[1725381160.64][CONN][RXD] 
[1725381160.64][CONN][INF] found KV pair in stream: {{__testcase_finish;Interrupt from GPOUT_2 -&gt; GPIN_2;1;0}}, queued...
[1725381160.65][CONN][RXD] &gt;&gt;&gt; Running case #2: 'Interrupt from GPIN_2 -&gt; GPOUT_2'...
[1725381160.65][CONN][INF] found KV pair in stream: {{__testcase_start;Interrupt from GPIN_2 -&gt; GPOUT_2}}, queued...
[1725381160.66][CONN][RXD] &gt;&gt;&gt; 'Interrupt from GPIN_2 -&gt; GPOUT_2': 1 passed, 0 failed
[1725381160.66][CONN][RXD] &lt;greentea test suite&gt;:0::PASS
[1725381160.66][CONN][RXD] 
[1725381160.66][CONN][INF] found KV pair in stream: {{__testcase_finish;Interrupt from GPIN_2 -&gt; GPOUT_2;1;0}}, queued...
[1725381160.68][CONN][RXD] &gt;&gt;&gt; Running case #3: 'Interrupt from GPOUT_1 -&gt; GPIN_1'...
[1725381160.68][CONN][INF] found KV pair in stream: {{__testcase_start;Interrupt from GPOUT_1 -&gt; GPIN_1}}, queued...
[1725381160.68][CONN][INF] found KV pair in stream: {{__testcase_finish;Interrupt from GPOUT_1 -&gt; GPIN_1;1;0}}, queued...
[1725381160.69][CONN][RXD] &gt;&gt;&gt; 'Interrupt from GPOUT_1 -&gt; GPIN_1': 1 passed, 0 failed
[1725381160.69][CONN][RXD] &lt;greentea test suite&gt;:0::PASS
[1725381160.69][CONN][RXD] 
[1725381160.70][CONN][RXD] &gt;&gt;&gt; Running case #4: 'Interrupt from GPIN_1 -&gt; GPOUT_1'...
[1725381160.70][CONN][INF] found KV pair in stream: {{__testcase_start;Interrupt from GPIN_1 -&gt; GPOUT_1}}, queued...
[1725381160.70][CONN][INF] found KV pair in stream: {{__testcase_finish;Interrupt from GPIN_1 -&gt; GPOUT_1;1;0}}, queued...
[1725381160.71][CONN][RXD] &gt;&gt;&gt; 'Interrupt from GPIN_1 -&gt; GPOUT_1': 1 passed, 0 failed
[1725381160.71][CONN][RXD] &lt;greentea test suite&gt;:0::PASS
[1725381160.71][CONN][RXD] 
[1725381160.71][CONN][RXD] &gt;&gt;&gt; Running case #5: 'Interrupt from GPOUT_0 -&gt; GPIN_0'...
[1725381160.72][CONN][INF] found KV pair in stream: {{__testcase_start;Interrupt from GPOUT_0 -&gt; GPIN_0}}, queued...
[1725381160.73][CONN][INF] found KV pair in stream: {{__testcase_finish;Interrupt from GPOUT_0 -&gt; GPIN_0;1;0}}, queued...
[1725381160.74][CONN][RXD] &gt;&gt;&gt; 'Interrupt from GPOUT_0 -&gt; GPIN_0': 1 passed, 0 failed
[1725381160.74][CONN][RXD] &lt;greentea test suite&gt;:0::PASS
[1725381160.74][CONN][RXD] 
[1725381160.74][CONN][RXD] &gt;&gt;&gt; Running case #6: 'Interrupt from GPIN_0 -&gt; GPOUT_0'...
[1725381160.75][CONN][RXD] &gt;&gt;&gt; 'Interrupt from GPIN_0 -&gt; GPOUT_0': 1 passed, 0 failed
[1725381160.75][CONN][INF] found KV pair in stream: {{__testcase_start;Interrupt from GPIN_0 -&gt; GPOUT_0}}, queued...
[1725381160.75][CONN][INF] found KV pair in stream: {{__testcase_finish;Interrupt from GPIN_0 -&gt; GPOUT_0;1;0}}, queued...
[1725381160.76][CONN][RXD] &lt;greentea test suite&gt;:0::PASS
[1725381160.76][CONN][RXD] 
[1725381160.76][CONN][RXD] &gt;&gt;&gt; Test cases: 6 passed, 0 failed
[1725381160.76][CONN][RXD] 
[1725381160.76][CONN][RXD] -----------------------
[1725381160.76][CONN][RXD] 0 Tests 0 Failures 0 Ignored 
[1725381160.76][CONN][RXD] OK
[1725381160.78][CONN][INF] found KV pair in stream: {{__testcase_summary;6;0}}, queued...
[1725381160.78][CONN][INF] found KV pair in stream: {{end;success}}, queued...
[1725381160.78][CONN][INF] found KV pair in stream: {{__exit;0}}, queued...
[1725381160.78][HTST][INF] __exit(0)
[1725381160.78][HTST][INF] __notify_complete(True)
[1725381160.78][HTST][INF] __exit_event_queue received
[1725381160.78][HTST][INF] test suite run finished after 0.19 sec...
[1725381160.79][CONN][INF] received special event '__host_test_finished' value='True', finishing
[1725381160.80][HTST][INF] CONN exited with code: 0
[1725381160.80][HTST][INF] Some events in queue
[1725381160.80][HTST][INF] stopped consuming events
[1725381160.80][HTST][INF] host test result() call skipped, received: True
[1725381160.80][HTST][INF] calling blocking teardown()
[1725381160.80][HTST][INF] teardown() finished
[1725381160.80][HTST][INF] {{result;success}}
</system-out>
	</testcase>
	<testcase name="test-testshield-digitalio" classname="test-testshield-digitalio" time="19.4878" status="run">
		<system-out>[1/3] Building CXX object CMakeFiles/test-testshield-digitalio.dir/DigitalIOTest.cpp.obj
[2/3] Linking CXX executable test-testshield-digitalio.elf
-- built: /home/jamie/Mbed/mbed-ce-test-tools/CI-Shield-Tests/build/LPC1768-Develop/test-testshield-digitalio.bin
-- built: /home/jamie/Mbed/mbed-ce-test-tools/CI-Shield-Tests/build/LPC1768-Develop/test-testshield-digitalio.hex
LPC Patch: test-testshield-digitalio.bin
| Module                                   |     .text |    .data |     .bss |
|------------------------------------------|-----------|----------|----------|
| CMakeFiles/test-testshield-digitalio.dir |  1074(+0) |    0(+0) |  280(+0) |
| [fill]                                   |   640(+0) |    3(+0) |   17(+0) |
| [lib]/c.a                                |  5592(+0) | 1344(+0) |  373(+0) |
| [lib]/client_userio.a                    |  1480(+0) |   56(+0) |    8(+0) |
| [lib]/gcc.a                              |  3136(+0) |    0(+0) |    0(+0) |
| [lib]/mbed-greentea-io.a                 |    70(+0) |    0(+0) |    0(+0) |
| [lib]/mbed-unity.a                       |   794(+0) |    0(+0) |  224(+0) |
| [lib]/mbed-utest.a                       |  3410(+0) |   13(+0) |  201(+0) |
| [lib]/misc                               |   264(+0) |    4(+0) |   25(+0) |
| mbed-os/CMakeFiles                       | 19152(+0) |  436(+0) | 7301(+0) |
| Subtotals                                | 35612(+0) | 1856(+0) | 8429(+0) |
Total Static RAM memory (data + bss): 10285(+0) bytes
Total Flash memory (text + data): 37468(+0) bytes

[3/3] Flashing test-testshield-digitalio with OpenOCD...
Open On-Chip Debugger 0.11.0
Licensed under GNU GPL v2
For bug reports, read
	http://openocd.org/doc/doxygen/bugs.html
Info : auto-selecting first available session transport "swd". To override use 'transport select &lt;transport&gt;'.
adapter speed: 4000 kHz

Info : CMSIS-DAP: SWD  Supported
Info : CMSIS-DAP: FW Version = 1.0
Info : CMSIS-DAP: Interface Initialised (SWD)
Info : SWCLK/TCK = 0 SWDIO/TMS = 1 TDI = 0 TDO = 0 nTRST = 0 nRESET = 1
Info : CMSIS-DAP: Interface ready
Info : clock speed 4000 kHz
Info : SWD DPIDR 0x2ba01477
Info : lpc17xx.cpu: hardware has 6 breakpoints, 4 watchpoints
Info : gdb port disabled
target halted due to debug-request, current mode: Thread 
xPSR: 0x01000000 pc: 0x1fff0080 msp: 0x10001ffc
** Programming Started **
Info : If auto-detection fails for this part, please email openocd-devel@lists.sourceforge.net, citing part id 0x26013f37.

** Programming Finished **
** Resetting Target **
Info : SWD DPIDR 0x2ba01477
shutdown command invoked
Executing: /home/jamie/Mbed/mbed-ce-test-tools/CI-Shield-Tests/mbed-os/venv/bin/python3.10 -m mbed_host_tests.mbedhtrun --skip-flashing -p /dev/ttyLPC1768 --skip-reset -m LPC1768 --baud-rate=115200
[1725381180.05][HTST][INF] host test executor ver. 0.0.16
[1725381180.05][HTST][INF] copy image onto target... SKIPPED!
[1725381180.08][HTST][INF] starting host test process...
[1725381180.09][CONN][INF] starting connection process...
[1725381180.09][CONN][INF] notify event queue about extra 60 sec timeout for serial port pooling
[1725381180.09][CONN][INF] initializing serial port listener... 
[1725381180.09][SERI][INF] using specified port '/dev/ttyLPC1768'
[1725381180.09][HTST][INF] setting timeout to: 60 sec
[1725381180.09][SERI][INF] serial(port=/dev/ttyLPC1768, baudrate=115200, read_timeout=0.01, write_timeout=5)
[1725381180.10][SERI][TXD] mbedmbedmbedmbedmbedmbedmbedmbedmbedmbed
[1725381180.10][CONN][INF] sending up to 2 __sync packets (specified with --sync=2)
[1725381180.10][CONN][INF] sending preamble '39d6ca40-8b95-4d06-9712-b86f17fdfa40'
[1725381180.10][SERI][TXD] {{__sync;39d6ca40-8b95-4d06-9712-b86f17fdfa40}}
[1725381180.11][CONN][RXD] mbedmbedmbedmbedmbedmbedmbedmbed
[1725381180.12][CONN][INF] found SYNC in stream: {{__sync;39d6ca40-8b95-4d06-9712-b86f17fdfa40}} it is #0 sent, queued...
[1725381180.12][CONN][INF] found KV pair in stream: {{__version;1.3.0}}, queued...
[1725381180.12][CONN][INF] found KV pair in stream: {{__timeout;30}}, queued...
[1725381180.12][CONN][INF] found KV pair in stream: {{__host_test_name;default_auto}}, queued...
[1725381180.12][HTST][INF] sync KV found, uuid=39d6ca40-8b95-4d06-9712-b86f17fdfa40, timestamp=1725381180.121568
[1725381180.12][HTST][INF] DUT greentea-client version: 1.3.0
[1725381180.13][HTST][INF] setting timeout to: 30 sec
[1725381180.13][HTST][INF] host test class: '&lt;class 'mbed_os_tools.test.host_tests.default_auto.DefaultAuto'&gt;'
[1725381180.13][HTST][INF] host test setup() call...
[1725381180.13][HTST][INF] CALLBACKs updated
[1725381180.13][HTST][INF] host test detected: default_auto
[1725381180.13][CONN][RXD] &gt;&gt;&gt; Running 4 test cases...
[1725381180.13][CONN][INF] found KV pair in stream: {{__testcase_name;Digital I/O GPOUT_0 -&gt; GPIN_0}}, queued...
[1725381180.14][CONN][INF] found KV pair in stream: {{__testcase_name;Digital I/O GPOUT_1 -&gt; GPIN_1}}, queued...
[1725381180.15][CONN][RXD] 
[1725381180.15][CONN][RXD] &gt;&gt;&gt; Running case #1: 'Digital I/O GPOUT_0 -&gt; GPIN_0'...
[1725381180.15][CONN][INF] found KV pair in stream: {{__testcase_name;Digital I/O GPIN_2 -&gt; GPOUT_2}}, queued...
[1725381180.15][CONN][INF] found KV pair in stream: {{__testcase_name;Digital I/O GPOUT_2 -&gt; GPIN_2}}, queued...
[1725381180.16][CONN][RXD] &gt;&gt;&gt; 'Digital I/O GPOUT_0 -&gt; GPIN_0': 1 passed, 0 failed
[1725381180.16][CONN][INF] found KV pair in stream: {{__testcase_start;Digital I/O GPOUT_0 -&gt; GPIN_0}}, queued...
[1725381180.16][CONN][INF] found KV pair in stream: {{__testcase_finish;Digital I/O GPOUT_0 -&gt; GPIN_0;1;0}}, queued...
[1725381180.17][CONN][RXD] &lt;greentea test suite&gt;:0::PASS
[1725381180.17][CONN][RXD] 
[1725381180.17][CONN][RXD] &gt;&gt;&gt; Running case #2: 'Digital I/O GPOUT_1 -&gt; GPIN_1'...
[1725381180.17][CONN][INF] found KV pair in stream: {{__testcase_start;Digital I/O GPOUT_1 -&gt; GPIN_1}}, queued...
[1725381180.18][CONN][RXD] &gt;&gt;&gt; 'Digital I/O GPOUT_1 -&gt; GPIN_1': 1 passed, 0 failed
[1725381180.18][CONN][RXD] &lt;greentea test suite&gt;:0::PASS
[1725381180.18][CONN][RXD] 
[1725381180.18][CONN][INF] found KV pair in stream: {{__testcase_finish;Digital I/O GPOUT_1 -&gt; GPIN_1;1;0}}, queued...
[1725381180.20][CONN][RXD] &gt;&gt;&gt; Running case #3: 'Digital I/O GPIN_2 -&gt; GPOUT_2'...
[1725381180.20][CONN][INF] found KV pair in stream: {{__testcase_start;Digital I/O GPIN_2 -&gt; GPOUT_2}}, queued...
[1725381180.21][CONN][RXD] &gt;&gt;&gt; 'Digital I/O GPIN_2 -&gt; GPOUT_2': 1 passed, 0 failed
[1725381180.21][CONN][RXD] &lt;greentea test suite&gt;:0::PASS
[1725381180.21][CONN][RXD] 
[1725381180.21][CONN][INF] found KV pair in stream: {{__testcase_finish;Digital I/O GPIN_2 -&gt; GPOUT_2;1;0}}, queued...
[1725381180.22][CONN][RXD] &gt;&gt;&gt; Running case #4: 'Digital I/O GPOUT_2 -&gt; GPIN_2'...
[1725381180.22][CONN][INF] found KV pair in stream: {{__testcase_start;Digital I/O GPOUT_2 -&gt; GPIN_2}}, queued...
[1725381180.22][CONN][INF] found KV pair in stream: {{__testcase_finish;Digital I/O GPOUT_2 -&gt; GPIN_2;1;0}}, queued...
[1725381180.23][CONN][RXD] &gt;&gt;&gt; 'Digital I/O GPOUT_2 -&gt; GPIN_2': 1 passed, 0 failed
[1725381180.23][CONN][RXD] &lt;greentea test suite&gt;:0::PASS
[1725381180.23][CONN][RXD] 
[1725381180.23][CONN][RXD] &gt;&gt;&gt; Test cases: 4 passed, 0 failed
[1725381180.23][CONN][RXD] 
[1725381180.24][CONN][RXD] -----------------------
[1725381180.24][CONN][RXD] 0 Tests 0 Failures 0 Ignored 
[1725381180.25][CONN][RXD] OK
[1725381180.25][CONN][INF] found KV pair in stream: {{__testcase_summary;4;0}}, queued...
[1725381180.25][CONN][INF] found KV pair in stream: {{end;success}}, queued...
[1725381180.25][CONN][INF] found KV pair in stream: {{__exit;0}}, queued...
[1725381180.25][HTST][INF] __exit(0)
[1725381180.25][HTST][INF] __notify_complete(True)
[1725381180.25][HTST][INF] __exit_event_queue received
[1725381180.25][HTST][INF] test suite run finished after 0.13 sec...
[1725381180.26][CONN][INF] received special event '__host_test_finished' value='True', finishing
[1725381180.27][HTST][INF] CONN exited with code: 0
[1725381180.27][HTST][INF] Some events in queue
[1725381180.27][HTST][INF] stopped consuming events
[1725381180.27][HTST][INF] host test result() call skipped, received: True
[1725381180.27][HTST][INF] calling blocking teardown()
[1725381180.27][HTST][INF] teardown() finished
[1725381180.27][HTST][INF] {{result;success}}
</system-out>
	</testcase>
	<testcase name="test-testshield-digitalio-prop-time" classname="test-testshield-digitalio-prop-time" time="19.3606" status="run">
		<system-out>[1/3] Building CXX object CMakeFiles/test-testshield-digitalio-prop-time.dir/DigitalIOPropagationTimeTest.cpp.obj
[2/3] Linking CXX executable test-testshield-digitalio-prop-time.elf
-- built: /home/jamie/Mbed/mbed-ce-test-tools/CI-Shield-Tests/build/LPC1768-Develop/test-testshield-digitalio-prop-time.bin
-- built: /home/jamie/Mbed/mbed-ce-test-tools/CI-Shield-Tests/build/LPC1768-Develop/test-testshield-digitalio-prop-time.hex
LPC Patch: test-testshield-digitalio-prop-time.bin
| Module                                             |     .text |    .data |     .bss |
|----------------------------------------------------|-----------|----------|----------|
| CMakeFiles/test-testshield-digitalio-prop-time.dir |  1900(+0) |    0(+0) |  240(+0) |
| [fill]                                             |   638(+0) |    3(+0) |   17(+0) |
| [lib]/c.a                                          |  5592(+0) | 1344(+0) |  373(+0) |
| [lib]/client_userio.a                              |  1480(+0) |   56(+0) |    8(+0) |
| [lib]/gcc.a                                        |  3136(+0) |    0(+0) |    0(+0) |
| [lib]/mbed-greentea-io.a                           |    70(+0) |    0(+0) |    0(+0) |
| [lib]/mbed-unity.a                                 |   794(+0) |    0(+0) |  224(+0) |
| [lib]/mbed-utest.a                                 |  3410(+0) |   13(+0) |  201(+0) |
| [lib]/misc                                         |   264(+0) |    4(+0) |   25(+0) |
| mbed-os/CMakeFiles                                 | 19524(+0) |  436(+0) | 7301(+0) |
| Subtotals                                          | 36808(+0) | 1856(+0) | 8389(+0) |
Total Static RAM memory (data + bss): 10245(+0) bytes
Total Flash memory (text + data): 38664(+0) bytes

[3/3] Flashing test-testshield-digitalio-prop-time with OpenOCD...
Open On-Chip Debugger 0.11.0
Licensed under GNU GPL v2
For bug reports, read
	http://openocd.org/doc/doxygen/bugs.html
Info : auto-selecting first available session transport "swd". To override use 'transport select &lt;transport&gt;'.
adapter speed: 4000 kHz

Info : CMSIS-DAP: SWD  Supported
Info : CMSIS-DAP: FW Version = 1.0
Info : CMSIS-DAP: Interface Initialised (SWD)
Info : SWCLK/TCK = 0 SWDIO/TMS = 1 TDI = 0 TDO = 0 nTRST = 0 nRESET = 1
Info : CMSIS-DAP: Interface ready
Info : clock speed 4000 kHz
Info : SWD DPIDR 0x2ba01477
Info : lpc17xx.cpu: hardware has 6 breakpoints, 4 watchpoints
Info : gdb port disabled
target halted due to debug-request, current mode: Thread 
xPSR: 0x01000000 pc: 0x1fff0080 msp: 0x10001ffc
** Programming Started **
Info : If auto-detection fails for this part, please email openocd-devel@lists.sourceforge.net, citing part id 0x26013f37.

** Programming Finished **
** Resetting Target **
Info : SWD DPIDR 0x2ba01477
shutdown command invoked
Executing: /home/jamie/Mbed/mbed-ce-test-tools/CI-Shield-Tests/mbed-os/venv/bin/python3.10 -m mbed_host_tests.mbedhtrun --skip-flashing -p /dev/ttyLPC1768 --skip-reset -m LPC1768 --baud-rate=115200
[1725381199.36][HTST][INF] host test executor ver. 0.0.16
[1725381199.36][HTST][INF] copy image onto target... SKIPPED!
[1725381199.39][HTST][INF] starting host test process...
[1725381199.40][CONN][INF] starting connection process...
[1725381199.40][CONN][INF] notify event queue about extra 60 sec timeout for serial port pooling
[1725381199.40][CONN][INF] initializing serial port listener... 
[1725381199.41][SERI][INF] using specified port '/dev/ttyLPC1768'
[1725381199.41][HTST][INF] setting timeout to: 60 sec
[1725381199.41][SERI][INF] serial(port=/dev/ttyLPC1768, baudrate=115200, read_timeout=0.01, write_timeout=5)
[1725381199.41][SERI][TXD] mbedmbedmbedmbedmbedmbedmbedmbedmbedmbed
[1725381199.41][CONN][INF] sending up to 2 __sync packets (specified with --sync=2)
[1725381199.41][CONN][INF] sending preamble '226373db-f853-4acc-9db9-2f107364b65a'
[1725381199.41][SERI][TXD] {{__sync;226373db-f853-4acc-9db9-2f107364b65a}}
[1725381199.42][CONN][RXD] mbedmbedmbedmbedmbedmbedmbedmbed
[1725381199.44][CONN][INF] found SYNC in stream: {{__sync;226373db-f853-4acc-9db9-2f107364b65a}} it is #0 sent, queued...
[1725381199.44][CONN][INF] found KV pair in stream: {{__version;1.3.0}}, queued...
[1725381199.44][HTST][INF] sync KV found, uuid=226373db-f853-4acc-9db9-2f107364b65a, timestamp=1725381199.435753
[1725381199.44][CONN][INF] found KV pair in stream: {{__timeout;30}}, queued...
[1725381199.44][HTST][INF] DUT greentea-client version: 1.3.0
[1725381199.44][CONN][INF] found KV pair in stream: {{__host_test_name;default_auto}}, queued...
[1725381199.44][HTST][INF] setting timeout to: 30 sec
[1725381199.44][HTST][INF] host test class: '&lt;class 'mbed_os_tools.test.host_tests.default_auto.DefaultAuto'&gt;'
[1725381199.44][HTST][INF] host test setup() call...
[1725381199.44][HTST][INF] CALLBACKs updated
[1725381199.44][HTST][INF] host test detected: default_auto
[1725381199.45][CONN][RXD] &gt;&gt;&gt; Running 6 test cases...
[1725381199.45][CONN][INF] found KV pair in stream: {{__testcase_name;Digital I/O GPOUT_0 -&gt; GPIN_0}}, queued...
[1725381199.45][CONN][INF] found KV pair in stream: {{__testcase_name;Digital I/O GPIN_0 -&gt; GPOUT_0}}, queued...
[1725381199.45][CONN][INF] found KV pair in stream: {{__testcase_name;Digital I/O GPOUT_1 -&gt; GPIN_1}}, queued...
[1725381199.46][CONN][INF] found KV pair in stream: {{__testcase_name;Digital I/O GPIN_1 -&gt; GPOUT_1}}, queued...
[1725381199.46][CONN][INF] found KV pair in stream: {{__testcase_name;Digital I/O GPOUT_2 -&gt; GPIN_2}}, queued...
[1725381199.47][CONN][RXD] 
[1725381199.47][CONN][RXD] &gt;&gt;&gt; Running case #1: 'Digital I/O GPOUT_0 -&gt; GPIN_0'...
[1725381199.48][CONN][INF] found KV pair in stream: {{__testcase_name;Digital I/O GPIN_2 -&gt; GPOUT_2}}, queued...
[1725381199.48][CONN][INF] found KV pair in stream: {{__testcase_start;Digital I/O GPOUT_0 -&gt; GPIN_0}}, queued...
[1725381199.49][CONN][RXD] 0 -&gt; 1 propagation took 5us.
[1725381199.49][CONN][RXD] 1 -&gt; 0 propagation took 6us.
[1725381199.49][CONN][RXD] &gt;&gt;&gt; 'Digital I/O GPOUT_0 -&gt; GPIN_0': 1 passed, 0 failed
[1725381199.49][CONN][INF] found KV pair in stream: {{__testcase_finish;Digital I/O GPOUT_0 -&gt; GPIN_0;1;0}}, queued...
[1725381199.50][CONN][RXD] &lt;greentea test suite&gt;:0::PASS
[1725381199.50][CONN][RXD] 
[1725381199.50][CONN][RXD] &gt;&gt;&gt; Running case #2: 'Digital I/O GPIN_0 -&gt; GPOUT_0'...
[1725381199.50][CONN][INF] found KV pair in stream: {{__testcase_start;Digital I/O GPIN_0 -&gt; GPOUT_0}}, queued...
[1725381199.51][CONN][RXD] 0 -&gt; 1 propagation took 5us.
[1725381199.52][CONN][RXD] 1 -&gt; 0 propagation took 6us.
[1725381199.52][CONN][RXD] &gt;&gt;&gt; 'Digital I/O GPIN_0 -&gt; GPOUT_0': 1 passed, 0 failed
[1725381199.52][CONN][INF] found KV pair in stream: {{__testcase_finish;Digital I/O GPIN_0 -&gt; GPOUT_0;1;0}}, queued...
[1725381199.53][CONN][RXD] &lt;greentea test suite&gt;:0::PASS
[1725381199.53][CONN][RXD] 
[1725381199.53][CONN][RXD] &gt;&gt;&gt; Running case #3: 'Digital I/O GPOUT_1 -&gt; GPIN_1'...
[1725381199.53][CONN][INF] found KV pair in stream: {{__testcase_start;Digital I/O GPOUT_1 -&gt; GPIN_1}}, queued...
[1725381199.54][CONN][RXD] 0 -&gt; 1 propagation took 5us.
[1725381199.54][CONN][RXD] 1 -&gt; 0 propagation took 6us.
[1725381199.54][CONN][RXD] &gt;&gt;&gt; 'Digital I/O GPOUT_1 -&gt; GPIN_1': 1 passed, 0 failed
[1725381199.54][CONN][INF] found KV pair in stream: {{__testcase_finish;Digital I/O GPOUT_1 -&gt; GPIN_1;1;0}}, queued...
[1725381199.55][CONN][RXD] &lt;greentea test suite&gt;:0::PASS
[1725381199.55][CONN][RXD] 
[1725381199.55][CONN][RXD] &gt;&gt;&gt; Running case #4: 'Digital I/O GPIN_1 -&gt; GPOUT_1'...
[1725381199.55][CONN][INF] found KV pair in stream: {{__testcase_start;Digital I/O GPIN_1 -&gt; GPOUT_1}}, queued...
[1725381199.57][CONN][RXD] 0 -&gt; 1 propagation took 5us.
[1725381199.57][CONN][RXD] 1 -&gt; 0 propagation took 6us.
[1725381199.57][CONN][INF] found KV pair in stream: {{__testcase_finish;Digital I/O GPIN_1 -&gt; GPOUT_1;1;0}}, queued...
[1725381199.58][CONN][RXD] &gt;&gt;&gt; 'Digital I/O GPIN_1 -&gt; GPOUT_1': 1 passed, 0 failed
[1725381199.58][CONN][RXD] &lt;greentea test suite&gt;:0::PASS
[1725381199.58][CONN][RXD] 
[1725381199.58][CONN][RXD] &gt;&gt;&gt; Running case #5: 'Digital I/O GPOUT_2 -&gt; GPIN_2'...
[1725381199.59][CONN][RXD] 0 -&gt; 1 propagation took 5us.
[1725381199.59][CONN][RXD] 1 -&gt; 0 propagation took 6us.
[1725381199.59][CONN][INF] found KV pair in stream: {{__testcase_start;Digital I/O GPOUT_2 -&gt; GPIN_2}}, queued...
[1725381199.60][CONN][RXD] &gt;&gt;&gt; 'Digital I/O GPOUT_2 -&gt; GPIN_2': 1 passed, 0 failed
[1725381199.60][CONN][RXD] &lt;greentea test suite&gt;:0::PASS
[1725381199.60][CONN][RXD] 
[1725381199.60][CONN][INF] found KV pair in stream: {{__testcase_finish;Digital I/O GPOUT_2 -&gt; GPIN_2;1;0}}, queued...
[1725381199.61][CONN][RXD] &gt;&gt;&gt; Running case #6: 'Digital I/O GPIN_2 -&gt; GPOUT_2'...
[1725381199.61][CONN][RXD] 0 -&gt; 1 propagation took 5us.
[1725381199.61][CONN][RXD] 1 -&gt; 0 propagation took 6us.
[1725381199.61][CONN][INF] found KV pair in stream: {{__testcase_start;Digital I/O GPIN_2 -&gt; GPOUT_2}}, queued...
[1725381199.63][CONN][RXD] &gt;&gt;&gt; 'Digital I/O GPIN_2 -&gt; GPOUT_2': 1 passed, 0 failed
[1725381199.63][CONN][RXD] &lt;greentea test suite&gt;:0::PASS
[1725381199.63][CONN][RXD] 
[1725381199.63][CONN][INF] found KV pair in stream: {{__testcase_finish;Digital I/O GPIN_2 -&gt; GPOUT_2;1;0}}, queued...
[1725381199.64][CONN][RXD] &gt;&gt;&gt; Test cases: 6 passed, 0 failed
[1725381199.64][CONN][RXD] 
[1725381199.64][CONN][RXD] -----------------------
[1725381199.64][CONN][RXD] 0 Tests 0 Failures 0 Ignored 
[1725381199.64][CONN][RXD] OK
[1725381199.64][CONN][INF] found KV pair in stream: {{__testcase_summary;6;0}}, queued...
[1725381199.64][CONN][INF] found KV pair in stream: {{end;success}}, queued...
[1725381199.64][CONN][INF] found KV pair in stream: {{__exit;0}}, queued...
[1725381199.64][HTST][INF] __exit(0)
[1725381199.65][HTST][INF] __notify_complete(True)
[1725381199.65][HTST][INF] __exit_event_queue received
[1725381199.65][HTST][INF] test suite run finished after 0.21 sec...
[1725381199.65][CONN][INF] received special event '__host_test_finished' value='True', finishing
[1725381199.66][HTST][INF] CONN exited with code: 0
[1725381199.66][HTST][INF] Some events in queue
[1725381199.66][HTST][INF] stopped consuming events
[1725381199.66][HTST][INF] host test result() call skipped, received: True
[1725381199.66][HTST][INF] calling blocking teardown()
[1725381199.66][HTST][INF] teardown() finished
[1725381199.67][HTST][INF] {{result;success}}
</system-out>
	</testcase>
	<testcase name="test-testshield-i2c-basic" classname="test-testshield-i2c-basic" time="33.3216" status="run">
		<system-out>[1/3] Building CXX object CMakeFiles/test-testshield-i2c-basic.dir/I2CBasicTest.cpp.obj
[2/3] Linking CXX executable test-testshield-i2c-basic.elf
-- built: /home/jamie/Mbed/mbed-ce-test-tools/CI-Shield-Tests/build/LPC1768-Develop/test-testshield-i2c-basic.bin
-- built: /home/jamie/Mbed/mbed-ce-test-tools/CI-Shield-Tests/build/LPC1768-Develop/test-testshield-i2c-basic.hex
LPC Patch: test-testshield-i2c-basic.bin
| Module                                   |     .text |    .data |     .bss |
|------------------------------------------|-----------|----------|----------|
| CMakeFiles/test-testshield-i2c-basic.dir |  2254(+0) |    0(+0) |  524(+0) |
| [fill]                                   |   648(+0) |    3(+0) |   21(+0) |
| [lib]/c.a                                |  5732(+0) | 1344(+0) |  373(+0) |
| [lib]/client_userio.a                    |  1480(+0) |   56(+0) |    8(+0) |
| [lib]/gcc.a                              |  3136(+0) |    0(+0) |    0(+0) |
| [lib]/mbed-greentea-io.a                 |    70(+0) |    0(+0) |    0(+0) |
| [lib]/mbed-unity.a                       |  1270(+0) |    0(+0) |  224(+0) |
| [lib]/mbed-utest.a                       |  3410(+0) |   13(+0) |  201(+0) |
| [lib]/misc                               |   264(+0) |    4(+0) |   25(+0) |
| mbed-os/CMakeFiles                       | 21112(+0) |  436(+0) | 7301(+0) |
| Subtotals                                | 39376(+0) | 1856(+0) | 8677(+0) |
Total Static RAM memory (data + bss): 10533(+0) bytes
Total Flash memory (text + data): 41232(+0) bytes

[3/3] Flashing test-testshield-i2c-basic with OpenOCD...
Open On-Chip Debugger 0.11.0
Licensed under GNU GPL v2
For bug reports, read
	http://openocd.org/doc/doxygen/bugs.html
Info : auto-selecting first available session transport "swd". To override use 'transport select &lt;transport&gt;'.
adapter speed: 4000 kHz

Info : CMSIS-DAP: SWD  Supported
Info : CMSIS-DAP: FW Version = 1.0
Info : CMSIS-DAP: Interface Initialised (SWD)
Info : SWCLK/TCK = 0 SWDIO/TMS = 1 TDI = 0 TDO = 0 nTRST = 0 nRESET = 1
Info : CMSIS-DAP: Interface ready
Info : clock speed 4000 kHz
Info : SWD DPIDR 0x2ba01477
Info : lpc17xx.cpu: hardware has 6 breakpoints, 4 watchpoints
Info : gdb port disabled
target halted due to debug-request, current mode: Thread 
xPSR: 0x01000000 pc: 0x1fff0080 msp: 0x10001ffc
** Programming Started **
Info : If auto-detection fails for this part, please email openocd-devel@lists.sourceforge.net, citing part id 0x26013f37.

** Programming Finished **
** Resetting Target **
Info : SWD DPIDR 0x2ba01477
shutdown command invoked
Executing: /home/jamie/Mbed/mbed-ce-test-tools/CI-Shield-Tests/mbed-os/venv/bin/python3.10 -m mbed_host_tests.mbedhtrun --skip-flashing -p /dev/ttyLPC1768 --skip-reset -e /home/jamie/Mbed/mbed-ce-test-tools/CI-Shield-Tests/host_tests -m LPC1768 --baud-rate=115200
Will use any connected CI shield for this test.  Export the MBED_CI_SHIELD_SERIAL_NUMBER environment var to select a specific shield.
e.g. 'export MBED_CI_SHIELD_SERIAL_NUMBER=SN002'
[1725381219.13][HTST][INF] host test executor ver. 0.0.16
[1725381219.13][HTST][INF] copy image onto target... SKIPPED!
[1725381219.15][HTST][INF] starting host test process...
[1725381219.16][CONN][INF] starting connection process...
[1725381219.16][CONN][INF] notify event queue about extra 60 sec timeout for serial port pooling
[1725381219.16][CONN][INF] initializing serial port listener... 
[1725381219.16][SERI][INF] using specified port '/dev/ttyLPC1768'
[1725381219.16][HTST][INF] setting timeout to: 60 sec
[1725381219.17][SERI][INF] serial(port=/dev/ttyLPC1768, baudrate=115200, read_timeout=0.01, write_timeout=5)
[1725381219.17][SERI][TXD] mbedmbedmbedmbedmbedmbedmbedmbedmbedmbed
[1725381219.17][CONN][INF] sending up to 2 __sync packets (specified with --sync=2)
[1725381219.17][CONN][INF] sending preamble 'ec7ebdaf-7712-40bd-b4d6-4f7897a9a650'
[1725381219.17][SERI][TXD] {{__sync;ec7ebdaf-7712-40bd-b4d6-4f7897a9a650}}
[1725381219.18][CONN][RXD] mbedmbedmbedmbedmbedmbedmbedmbed
[1725381219.20][CONN][INF] found SYNC in stream: {{__sync;ec7ebdaf-7712-40bd-b4d6-4f7897a9a650}} it is #0 sent, queued...
[1725381219.20][HTST][INF] sync KV found, uuid=ec7ebdaf-7712-40bd-b4d6-4f7897a9a650, timestamp=1725381219.195075
[1725381219.20][CONN][INF] found KV pair in stream: {{__version;1.3.0}}, queued...
[1725381219.20][CONN][INF] found KV pair in stream: {{__timeout;30}}, queued...
[1725381219.20][HTST][INF] DUT greentea-client version: 1.3.0
[1725381219.20][CONN][INF] found KV pair in stream: {{__host_test_name;i2c_basic_test}}, queued...
[1725381219.20][HTST][INF] setting timeout to: 30 sec
[1725381219.20][HTST][INF] host test class: '&lt;class 'i2c_basic_test.I2CBasicTestHostTest'&gt;'
[1725381219.20][TEST][INF] I2C Basic Test host test setup complete.
[1725381219.20][HTST][INF] host test setup() call...
[1725381219.20][HTST][INF] CALLBACKs updated
[1725381219.20][HTST][INF] host test detected: i2c_basic_test
[1725381219.21][CONN][RXD] &gt;&gt;&gt; Running 13 test cases...
[1725381219.21][CONN][INF] found KV pair in stream: {{__testcase_name;Correct Address - Single Byte}}, queued...
[1725381219.21][CONN][INF] found KV pair in stream: {{__testcase_name;Correct Address - Transaction}}, queued...
[1725381219.21][CONN][INF] found KV pair in stream: {{__testcase_name;Incorrect Address - Single Byte}}, queued...
[1725381219.22][CONN][INF] found KV pair in stream: {{__testcase_name;Incorrect Address - Zero Length Transaction}}, queued...
[1725381219.22][CONN][INF] found KV pair in stream: {{__testcase_name;Incorrect Address - Write Transaction}}, queued...
[1725381219.23][CONN][INF] found KV pair in stream: {{__testcase_name;Incorrect Address - Read Transaction}}, queued...
[1725381219.24][CONN][INF] found KV pair in stream: {{__testcase_name;Simple Write - Single Byte}}, queued...
[1725381219.24][CONN][INF] found KV pair in stream: {{__testcase_name;Destroy and Recreate Object}}, queued...
[1725381219.25][CONN][INF] found KV pair in stream: {{__testcase_name;Simple Read - Single Byte}}, queued...
[1725381219.25][CONN][INF] found KV pair in stream: {{__testcase_name;Simple Write - Transaction}}, queued...
[1725381219.25][CONN][INF] found KV pair in stream: {{__testcase_name;Simple Read - Transaction}}, queued...
[1725381219.26][CONN][RXD] 
[1725381219.26][CONN][INF] found KV pair in stream: {{__testcase_name;Mixed Usage - Single Byte -&gt; repeated -&gt; Transaction}}, queued...
[1725381219.26][CONN][INF] found KV pair in stream: {{__testcase_name;Mixed Usage - Transaction -&gt; repeated -&gt; Single Byte}}, queued...
[1725381219.27][CONN][RXD] &gt;&gt;&gt; Running case #1: 'Correct Address - Single Byte'...
[1725381219.27][CONN][INF] found KV pair in stream: {{__testcase_start;Correct Address - Single Byte}}, queued...
[1725381219.27][CONN][INF] found KV pair in stream: {{start_recording_i2c;please}}, queued...
[1725381220.29][SERI][TXD] {{start_recording_i2c;complete}}
[1725381220.30][CONN][INF] found KV pair in stream: {{verify_sequence;correct_addr_only}}, queued...
[1725381220.38][TEST][INF] Saw on the I2C bus:
Start Wr[0xa0] Ack Stop

[1725381220.39][SERI][TXD] {{verify_sequence;complete}}
[1725381220.40][CONN][INF] found KV pair in stream: {{__testcase_finish;Correct Address - Single Byte;1;0}}, queued...
[1725381220.41][CONN][RXD] &gt;&gt;&gt; 'Correct Address - Single Byte': 1 passed, 0 failed
[1725381220.41][CONN][RXD] &lt;greentea test suite&gt;:0::PASS
[1725381220.41][CONN][RXD] 
[1725381220.41][CONN][RXD] &gt;&gt;&gt; Running case #2: 'Correct Address - Transaction'...
[1725381220.42][CONN][INF] found KV pair in stream: {{__testcase_start;Correct Address - Transaction}}, queued...
[1725381220.42][CONN][INF] found KV pair in stream: {{start_recording_i2c;please}}, queued...
[1725381221.43][SERI][TXD] {{start_recording_i2c;complete}}
[1725381221.44][CONN][INF] found KV pair in stream: {{verify_sequence;correct_addr_only}}, queued...
[1725381221.52][TEST][INF] Saw on the I2C bus:
Start Wr[0xa0] Ack Stop

[1725381221.53][SERI][TXD] {{verify_sequence;complete}}
[1725381221.54][CONN][INF] found KV pair in stream: {{__testcase_finish;Correct Address - Transaction;1;0}}, queued...
[1725381221.55][CONN][RXD] &gt;&gt;&gt; 'Correct Address - Transaction': 1 passed, 0 failed
[1725381221.55][CONN][RXD] &lt;greentea test suite&gt;:0::PASS
[1725381221.55][CONN][RXD] 
[1725381221.55][CONN][RXD] &gt;&gt;&gt; Running case #3: 'Incorrect Address - Single Byte'...
[1725381221.56][CONN][INF] found KV pair in stream: {{__testcase_start;Incorrect Address - Single Byte}}, queued...
[1725381221.56][CONN][INF] found KV pair in stream: {{start_recording_i2c;please}}, queued...
[1725381222.57][SERI][TXD] {{start_recording_i2c;complete}}
[1725381222.58][CONN][INF] found KV pair in stream: {{verify_sequence;incorrect_addr_only_write}}, queued...
[1725381222.66][TEST][INF] Saw on the I2C bus:
Start Wr[0x20] Nack Stop

[1725381222.67][SERI][TXD] {{verify_sequence;complete}}
[1725381222.68][CONN][INF] found KV pair in stream: {{__testcase_finish;Incorrect Address - Single Byte;1;0}}, queued...
[1725381222.69][CONN][RXD] &gt;&gt;&gt; 'Incorrect Address - Single Byte': 1 passed, 0 failed
[1725381222.69][CONN][RXD] &lt;greentea test suite&gt;:0::PASS
[1725381222.69][CONN][RXD] 
[1725381222.70][CONN][RXD] &gt;&gt;&gt; Running case #4: 'Incorrect Address - Zero Length Transaction'...
[1725381222.70][CONN][INF] found KV pair in stream: {{__testcase_start;Incorrect Address - Zero Length Transaction}}, queued...
[1725381222.70][CONN][INF] found KV pair in stream: {{start_recording_i2c;please}}, queued...
[1725381223.71][SERI][TXD] {{start_recording_i2c;complete}}
[1725381223.72][CONN][INF] found KV pair in stream: {{verify_sequence;incorrect_addr_only_write}}, queued...
[1725381223.80][TEST][INF] Saw on the I2C bus:
Start Wr[0x20] Nack Stop

[1725381223.80][SERI][TXD] {{verify_sequence;complete}}
[1725381223.82][CONN][INF] found KV pair in stream: {{__testcase_finish;Incorrect Address - Zero Length Transaction;1;0}}, queued...
[1725381223.83][CONN][RXD] &gt;&gt;&gt; 'Incorrect Address - Zero Length Transaction': 1 passed, 0 failed
[1725381223.83][CONN][RXD] &lt;greentea test suite&gt;:0::PASS
[1725381223.83][CONN][RXD] 
[1725381223.84][CONN][RXD] &gt;&gt;&gt; Running case #5: 'Incorrect Address - Write Transaction'...
[1725381223.84][CONN][INF] found KV pair in stream: {{__testcase_start;Incorrect Address - Write Transaction}}, queued...
[1725381223.84][CONN][INF] found KV pair in stream: {{start_recording_i2c;please}}, queued...
[1725381224.85][SERI][TXD] {{start_recording_i2c;complete}}
[1725381224.86][CONN][INF] found KV pair in stream: {{verify_sequence;incorrect_addr_only_write}}, queued...
[1725381224.94][TEST][INF] Saw on the I2C bus:
Start Wr[0x20] Nack Stop

[1725381224.95][SERI][TXD] {{verify_sequence;complete}}
[1725381224.96][CONN][INF] found KV pair in stream: {{__testcase_finish;Incorrect Address - Write Transaction;1;0}}, queued...
[1725381224.97][CONN][RXD] &gt;&gt;&gt; 'Incorrect Address - Write Transaction': 1 passed, 0 failed
[1725381224.97][CONN][RXD] &lt;greentea test suite&gt;:0::PASS
[1725381224.97][CONN][RXD] 
[1725381224.98][CONN][RXD] &gt;&gt;&gt; Running case #6: 'Incorrect Address - Read Transaction'...
[1725381224.98][CONN][INF] found KV pair in stream: {{__testcase_start;Incorrect Address - Read Transaction}}, queued...
[1725381224.98][CONN][INF] found KV pair in stream: {{start_recording_i2c;please}}, queued...
[1725381226.00][SERI][TXD] {{start_recording_i2c;complete}}
[1725381226.01][CONN][INF] found KV pair in stream: {{verify_sequence;incorrect_addr_only_read}}, queued...
[1725381226.08][TEST][INF] Saw on the I2C bus:
Start Rd[0x21] Nack Stop

[1725381226.09][SERI][TXD] {{verify_sequence;complete}}
[1725381226.10][CONN][INF] found KV pair in stream: {{__testcase_finish;Incorrect Address - Read Transaction;1;0}}, queued...
[1725381226.11][CONN][RXD] &gt;&gt;&gt; 'Incorrect Address - Read Transaction': 1 passed, 0 failed
[1725381226.11][CONN][RXD] &lt;greentea test suite&gt;:0::PASS
[1725381226.11][CONN][RXD] 
[1725381226.12][CONN][RXD] &gt;&gt;&gt; Running case #7: 'Simple Write - Single Byte'...
[1725381226.12][CONN][INF] found KV pair in stream: {{__testcase_start;Simple Write - Single Byte}}, queued...
[1725381226.12][CONN][INF] found KV pair in stream: {{start_recording_i2c;please}}, queued...
[1725381227.14][SERI][TXD] {{start_recording_i2c;complete}}
[1725381227.16][CONN][INF] found KV pair in stream: {{verify_sequence;write_2_to_0x1}}, queued...
[1725381227.23][TEST][INF] Saw on the I2C bus:
Start Wr[0xa0] Ack 0x00 Ack 0x01 Ack 0x02 Ack Stop

[1725381227.23][SERI][TXD] {{verify_sequence;complete}}
[1725381227.25][CONN][INF] found KV pair in stream: {{__testcase_finish;Simple Write - Single Byte;1;0}}, queued...
[1725381227.26][CONN][RXD] &gt;&gt;&gt; 'Simple Write - Single Byte': 1 passed, 0 failed
[1725381227.26][CONN][RXD] &lt;greentea test suite&gt;:0::PASS
[1725381227.26][CONN][RXD] 
[1725381227.26][CONN][RXD] &gt;&gt;&gt; Running case #8: 'Destroy and Recreate Object'...
[1725381227.27][CONN][INF] found KV pair in stream: {{__testcase_start;Destroy and Recreate Object}}, queued...
[1725381227.27][CONN][INF] found KV pair in stream: {{__testcase_finish;Destroy and Recreate Object;1;0}}, queued...
[1725381227.28][CONN][RXD] &gt;&gt;&gt; 'Destroy and Recreate Object': 1 passed, 0 failed
[1725381227.28][CONN][RXD] &lt;greentea test suite&gt;:0::PASS
[1725381227.28][CONN][RXD] 
[1725381227.28][CONN][RXD] &gt;&gt;&gt; Running case #9: 'Simple Read - Single Byte'...
[1725381227.29][CONN][INF] found KV pair in stream: {{__testcase_start;Simple Read - Single Byte}}, queued...
[1725381227.29][CONN][INF] found KV pair in stream: {{start_recording_i2c;please}}, queued...
[1725381228.30][SERI][TXD] {{start_recording_i2c;complete}}
[1725381228.31][CONN][INF] found KV pair in stream: {{verify_sequence;read_2_from_0x1}}, queued...
[1725381228.39][TEST][INF] Saw on the I2C bus:
Start Wr[0xa0] Ack 0x00 Ack 0x01 Ack RepeatedStart Rd[0xa1] Ack 0x02 Nack Stop

[1725381228.39][SERI][TXD] {{verify_sequence;complete}}
[1725381228.41][CONN][INF] found KV pair in stream: {{__testcase_finish;Simple Read - Single Byte;1;0}}, queued...
[1725381228.42][CONN][RXD] &gt;&gt;&gt; 'Simple Read - Single Byte': 1 passed, 0 failed
[1725381228.42][CONN][RXD] &lt;greentea test suite&gt;:0::PASS
[1725381228.42][CONN][RXD] 
[1725381228.42][CONN][RXD] &gt;&gt;&gt; Running case #10: 'Simple Write - Transaction'...
[1725381228.43][CONN][INF] found KV pair in stream: {{__testcase_start;Simple Write - Transaction}}, queued...
[1725381228.43][CONN][INF] found KV pair in stream: {{start_recording_i2c;please}}, queued...
[1725381229.44][SERI][TXD] {{start_recording_i2c;complete}}
[1725381229.46][CONN][INF] found KV pair in stream: {{verify_sequence;write_3_to_0x1}}, queued...
[1725381229.52][TEST][INF] Saw on the I2C bus:
Start Wr[0xa0] Ack 0x00 Ack 0x01 Ack 0x03 Ack Stop

[1725381229.53][SERI][TXD] {{verify_sequence;complete}}
[1725381229.54][CONN][INF] found KV pair in stream: {{__testcase_finish;Simple Write - Transaction;1;0}}, queued...
[1725381229.55][CONN][RXD] &gt;&gt;&gt; 'Simple Write - Transaction': 1 passed, 0 failed
[1725381229.55][CONN][RXD] &lt;greentea test suite&gt;:0::PASS
[1725381229.55][CONN][RXD] 
[1725381229.55][CONN][RXD] &gt;&gt;&gt; Running case #11: 'Simple Read - Transaction'...
[1725381229.57][CONN][INF] found KV pair in stream: {{__testcase_start;Simple Read - Transaction}}, queued...
[1725381229.57][CONN][INF] found KV pair in stream: {{start_recording_i2c;please}}, queued...
[1725381230.58][SERI][TXD] {{start_recording_i2c;complete}}
[1725381230.59][CONN][INF] found KV pair in stream: {{verify_sequence;read_3_from_0x1}}, queued...
[1725381230.66][TEST][INF] Saw on the I2C bus:
Start Wr[0xa0] Ack 0x00 Ack 0x01 Ack RepeatedStart Rd[0xa1] Ack 0x03 Nack Stop

[1725381230.67][SERI][TXD] {{verify_sequence;complete}}
[1725381230.68][CONN][INF] found KV pair in stream: {{__testcase_finish;Simple Read - Transaction;1;0}}, queued...
[1725381230.69][CONN][RXD] &gt;&gt;&gt; 'Simple Read - Transaction': 1 passed, 0 failed
[1725381230.69][CONN][RXD] &lt;greentea test suite&gt;:0::PASS
[1725381230.69][CONN][RXD] 
[1725381230.70][CONN][RXD] &gt;&gt;&gt; Running case #12: 'Mixed Usage - Single Byte -&gt; repeated -&gt; Transaction'...
[1725381230.71][CONN][INF] found KV pair in stream: {{__testcase_start;Mixed Usage - Single Byte -&gt; repeated -&gt; Transaction}}, queued...
[1725381230.71][CONN][INF] found KV pair in stream: {{start_recording_i2c;please}}, queued...
[1725381231.72][SERI][TXD] {{start_recording_i2c;complete}}
[1725381231.73][CONN][INF] found KV pair in stream: {{verify_sequence;read_3_from_0x1}}, queued...
[1725381231.81][TEST][INF] Saw on the I2C bus:
Start Wr[0xa0] Ack 0x00 Ack 0x01 Ack RepeatedStart Rd[0xa1] Ack 0x03 Nack Stop

[1725381231.81][SERI][TXD] {{verify_sequence;complete}}
[1725381231.83][CONN][INF] found KV pair in stream: {{__testcase_finish;Mixed Usage - Single Byte -&gt; repeated -&gt; Transaction;1;0}}, queued...
[1725381231.84][CONN][RXD] &gt;&gt;&gt; 'Mixed Usage - Single Byte -&gt; repeated -&gt; Transaction': 1 passed, 0 failed
[1725381231.84][CONN][RXD] &lt;greentea test suite&gt;:0::PASS
[1725381231.84][CONN][RXD] 
[1725381231.85][CONN][RXD] &gt;&gt;&gt; Running case #13: 'Mixed Usage - Transaction -&gt; repeated -&gt; Single Byte'...
[1725381231.86][CONN][INF] found KV pair in stream: {{__testcase_start;Mixed Usage - Transaction -&gt; repeated -&gt; Single Byte}}, queued...
[1725381231.86][CONN][INF] found KV pair in stream: {{start_recording_i2c;please}}, queued...
[1725381232.87][SERI][TXD] {{start_recording_i2c;complete}}
[1725381232.88][CONN][INF] found KV pair in stream: {{verify_sequence;read_3_from_0x1}}, queued...
[1725381232.96][TEST][INF] Saw on the I2C bus:
Start Wr[0xa0] Ack 0x00 Ack 0x01 Ack RepeatedStart Rd[0xa1] Ack 0x03 Nack Stop

[1725381232.97][SERI][TXD] {{verify_sequence;complete}}
[1725381232.98][CONN][INF] found KV pair in stream: {{__testcase_finish;Mixed Usage - Transaction -&gt; repeated -&gt; Single Byte;1;0}}, queued...
[1725381232.99][CONN][RXD] &gt;&gt;&gt; 'Mixed Usage - Transaction -&gt; repeated -&gt; Single Byte': 1 passed, 0 failed
[1725381232.99][CONN][RXD] &lt;greentea test suite&gt;:0::PASS
[1725381232.99][CONN][RXD] 
[1725381233.00][CONN][RXD] &gt;&gt;&gt; Test cases: 13 passed, 0 failed
[1725381233.00][CONN][RXD] 
[1725381233.00][CONN][RXD] -----------------------
[1725381233.00][CONN][RXD] 0 Tests 0 Failures 0 Ignored 
[1725381233.00][CONN][RXD] OK
[1725381233.00][CONN][INF] found KV pair in stream: {{__testcase_summary;13;0}}, queued...
[1725381233.00][CONN][INF] found KV pair in stream: {{end;success}}, queued...
[1725381233.01][CONN][INF] found KV pair in stream: {{__exit;0}}, queued...
[1725381233.01][HTST][INF] __exit(0)
[1725381233.01][HTST][INF] __notify_complete(True)
[1725381233.01][HTST][INF] __exit_event_queue received
[1725381233.01][HTST][INF] test suite run finished after 13.81 sec...
[1725381233.02][CONN][INF] received special event '__host_test_finished' value='True', finishing
[1725381233.02][HTST][INF] CONN exited with code: 0
[1725381233.03][HTST][INF] Some events in queue
[1725381233.03][HTST][INF] stopped consuming events
[1725381233.03][HTST][INF] host test result() call skipped, received: True
[1725381233.03][HTST][INF] calling blocking teardown()
[1725381233.03][HTST][INF] teardown() finished
[1725381233.03][HTST][INF] {{result;success}}
</system-out>
	</testcase>
	<testcase name="test-testshield-i2c-slave-comms" classname="test-testshield-i2c-slave-comms" time="28.2272" status="run">
		<system-out>[1/3] Building CXX object CMakeFiles/test-testshield-i2c-slave-comms.dir/I2CSlaveCommsTest.cpp.obj
[2/3] Linking CXX executable test-testshield-i2c-slave-comms.elf
-- built: /home/jamie/Mbed/mbed-ce-test-tools/CI-Shield-Tests/build/LPC1768-Develop/test-testshield-i2c-slave-comms.bin
-- built: /home/jamie/Mbed/mbed-ce-test-tools/CI-Shield-Tests/build/LPC1768-Develop/test-testshield-i2c-slave-comms.hex
LPC Patch: test-testshield-i2c-slave-comms.bin
| Module                                         |     .text |    .data |     .bss |
|------------------------------------------------|-----------|----------|----------|
| CMakeFiles/test-testshield-i2c-slave-comms.dir |  1630(+0) |    0(+0) |  412(+0) |
| [fill]                                         |   642(+0) |    3(+0) |   21(+0) |
| [lib]/c.a                                      |  5732(+0) | 1344(+0) |  373(+0) |
| [lib]/client_userio.a                          |  1480(+0) |   56(+0) |    8(+0) |
| [lib]/gcc.a                                    |  3136(+0) |    0(+0) |    0(+0) |
| [lib]/mbed-greentea-io.a                       |    70(+0) |    0(+0) |    0(+0) |
| [lib]/mbed-unity.a                             |  1402(+0) |    0(+0) |  224(+0) |
| [lib]/mbed-utest.a                             |  3410(+0) |   13(+0) |  201(+0) |
| [lib]/misc                                     |   264(+0) |    4(+0) |   25(+0) |
| mbed-os/CMakeFiles                             | 20450(+0) |  436(+0) | 7301(+0) |
| Subtotals                                      | 38216(+0) | 1856(+0) | 8565(+0) |
Total Static RAM memory (data + bss): 10421(+0) bytes
Total Flash memory (text + data): 40072(+0) bytes

[3/3] Flashing test-testshield-i2c-slave-comms with OpenOCD...
Open On-Chip Debugger 0.11.0
Licensed under GNU GPL v2
For bug reports, read
	http://openocd.org/doc/doxygen/bugs.html
Info : auto-selecting first available session transport "swd". To override use 'transport select &lt;transport&gt;'.
adapter speed: 4000 kHz

Info : CMSIS-DAP: SWD  Supported
Info : CMSIS-DAP: FW Version = 1.0
Info : CMSIS-DAP: Interface Initialised (SWD)
Info : SWCLK/TCK = 0 SWDIO/TMS = 1 TDI = 0 TDO = 0 nTRST = 0 nRESET = 1
Info : CMSIS-DAP: Interface ready
Info : clock speed 4000 kHz
Info : SWD DPIDR 0x2ba01477
Info : lpc17xx.cpu: hardware has 6 breakpoints, 4 watchpoints
Info : gdb port disabled
target halted due to debug-request, current mode: Thread 
xPSR: 0x01000000 pc: 0x1fff0080 msp: 0x10001ffc
** Programming Started **
Info : If auto-detection fails for this part, please email openocd-devel@lists.sourceforge.net, citing part id 0x26013f37.

** Programming Finished **
** Resetting Target **
Info : SWD DPIDR 0x2ba01477
shutdown command invoked
Executing: /home/jamie/Mbed/mbed-ce-test-tools/CI-Shield-Tests/mbed-os/venv/bin/python3.10 -m mbed_host_tests.mbedhtrun --skip-flashing -p /dev/ttyLPC1768 --skip-reset -e /home/jamie/Mbed/mbed-ce-test-tools/CI-Shield-Tests/host_tests -m LPC1768 --baud-rate=115200
Will use any connected CI shield for this test.  Export the MBED_CI_SHIELD_SERIAL_NUMBER environment var to select a specific shield.
e.g. 'export MBED_CI_SHIELD_SERIAL_NUMBER=SN002'
[1725381252.12][HTST][INF] host test executor ver. 0.0.16
[1725381252.12][HTST][INF] copy image onto target... SKIPPED!
[1725381252.13][HTST][INF] starting host test process...
[1725381252.14][CONN][INF] starting connection process...
[1725381252.15][CONN][INF] notify event queue about extra 60 sec timeout for serial port pooling
[1725381252.15][CONN][INF] initializing serial port listener... 
[1725381252.15][SERI][INF] using specified port '/dev/ttyLPC1768'
[1725381252.15][HTST][INF] setting timeout to: 60 sec
[1725381252.15][SERI][INF] serial(port=/dev/ttyLPC1768, baudrate=115200, read_timeout=0.01, write_timeout=5)
[1725381252.15][SERI][TXD] mbedmbedmbedmbedmbedmbedmbedmbedmbedmbed
[1725381252.15][CONN][INF] sending up to 2 __sync packets (specified with --sync=2)
[1725381252.15][CONN][INF] sending preamble '08433820-2a29-4505-b572-d46335f4dd0d'
[1725381252.15][SERI][TXD] {{__sync;08433820-2a29-4505-b572-d46335f4dd0d}}
[1725381252.17][CONN][RXD] mbedmbedmbedmbedmbedmbedmbedmbed
[1725381252.18][CONN][INF] found SYNC in stream: {{__sync;08433820-2a29-4505-b572-d46335f4dd0d}} it is #0 sent, queued...
[1725381252.18][CONN][INF] found KV pair in stream: {{__version;1.3.0}}, queued...
[1725381252.18][HTST][INF] sync KV found, uuid=08433820-2a29-4505-b572-d46335f4dd0d, timestamp=1725381252.178654
[1725381252.18][CONN][INF] found KV pair in stream: {{__timeout;30}}, queued...
[1725381252.18][HTST][INF] DUT greentea-client version: 1.3.0
[1725381252.18][CONN][INF] found KV pair in stream: {{__host_test_name;i2c_slave_comms}}, queued...
[1725381252.18][HTST][INF] setting timeout to: 30 sec
[1725381252.18][HTST][INF] host test class: '&lt;class 'i2c_slave_comms.I2CSlaveCommsTest'&gt;'
[1725381252.19][cy_serial_bridge]Discovered USB endpoints successfully
[1725381252.19][CONN][RXD] &gt;&gt;&gt; Running 9 test cases...
[1725381252.19][CONN][INF] found KV pair in stream: {{__testcase_name;Write one byte to slave}}, queued...
[1725381252.19][CONN][INF] found KV pair in stream: {{__testcase_name;Does not acknowledge other slave address}}, queued...
[1725381252.19][CONN][INF] found KV pair in stream: {{__testcase_name;Destroy &amp; recreate I2C object}}, queued...
[1725381252.21][CONN][INF] found KV pair in stream: {{__testcase_name;Write multiple bytes to slave}}, queued...
[1725381252.21][CONN][INF] found KV pair in stream: {{__testcase_name;Write less bytes than expected to slave}}, queued...
[1725381252.21][CONN][INF] found KV pair in stream: {{__testcase_name;Read one byte from slave}}, queued...
[1725381252.22][CONN][INF] found KV pair in stream: {{__testcase_name;Destroy &amp; recreate I2C object}}, queued...
[1725381252.22][CONN][INF] found KV pair in stream: {{__testcase_name;Read multiple bytes from slave}}, queued...
[1725381252.23][CONN][RXD] 
[1725381252.23][CONN][RXD] &gt;&gt;&gt; Running case #1: 'Write one byte to slave'...
[1725381252.23][CONN][INF] found KV pair in stream: {{__testcase_name;Read less bytes than expected from slave}}, queued...
[1725381252.23][CONN][INF] found KV pair in stream: {{__testcase_start;Write one byte to slave}}, queued...
[1725381252.23][CONN][INF] found KV pair in stream: {{start_recording_i2c;please}}, queued...
[1725381252.27][cy_serial_bridge]Device signature: b'CYUS'
Connected to I2C interface of CY7C652xx device, firmware version 2.0.3 build 112
[1725381252.28][TEST][INF] I2C Slave Comms host test setup complete.
[1725381252.28][HTST][INF] host test setup() call...
[1725381252.28][HTST][INF] CALLBACKs updated
[1725381252.28][HTST][INF] host test detected: i2c_slave_comms
[1725381253.29][SERI][TXD] {{start_recording_i2c;complete}}
[1725381253.30][CONN][INF] found KV pair in stream: {{write_bytes_to_slave;addr 0xE4 data 0x1}}, queued...
[1725381253.45][TEST][INF] Saw on the I2C bus:
Start Wr[0xe4] Ack 0x01 Ack Stop

[1725381253.45][SERI][TXD] {{write_bytes_to_slave;complete}}
[1725381253.46][CONN][INF] found KV pair in stream: {{__testcase_finish;Write one byte to slave;1;0}}, queued...
[1725381253.47][CONN][RXD] &gt;&gt;&gt; 'Write one byte to slave': 1 passed, 0 failed
[1725381253.47][CONN][RXD] &lt;greentea test suite&gt;:0::PASS
[1725381253.48][CONN][RXD] 
[1725381253.48][CONN][RXD] &gt;&gt;&gt; Running case #2: 'Does not acknowledge other slave address'...
[1725381253.49][CONN][INF] found KV pair in stream: {{__testcase_start;Does not acknowledge other slave address}}, queued...
[1725381253.49][CONN][INF] found KV pair in stream: {{start_recording_i2c;please}}, queued...
[1725381254.50][SERI][TXD] {{start_recording_i2c;complete}}
[1725381254.51][CONN][INF] found KV pair in stream: {{try_write_to_wrong_address;0xE6}}, queued...
[1725381254.65][TEST][INF] Saw on the I2C bus:
Start Wr[0xe6] Nack Stop

[1725381254.66][SERI][TXD] {{try_write_to_wrong_address;complete}}
[1725381254.76][CONN][INF] found KV pair in stream: {{__testcase_finish;Does not acknowledge other slave address;1;0}}, queued...
[1725381254.78][CONN][RXD] &gt;&gt;&gt; 'Does not acknowledge other slave address': 1 passed, 0 failed
[1725381254.78][CONN][RXD] &lt;greentea test suite&gt;:0::PASS
[1725381254.78][CONN][RXD] 
[1725381254.78][CONN][RXD] &gt;&gt;&gt; Running case #3: 'Destroy &amp; recreate I2C object'...
[1725381254.79][CONN][INF] found KV pair in stream: {{__testcase_start;Destroy &amp; recreate I2C object}}, queued...
[1725381254.79][CONN][INF] found KV pair in stream: {{reinit_i2c_bridge;please}}, queued...
[1725381254.80][cy_serial_bridge]Discovered USB endpoints successfully
[1725381254.89][cy_serial_bridge]Device signature: b'CYUS'
[1725381254.91][SERI][TXD] {{reinit_i2c_bridge;complete}}
[1725381254.92][CONN][INF] found KV pair in stream: {{__testcase_finish;Destroy &amp; recreate I2C object;1;0}}, queued...
[1725381254.93][CONN][RXD] &gt;&gt;&gt; 'Destroy &amp; recreate I2C object': 1 passed, 0 failed
[1725381254.93][CONN][RXD] &lt;greentea test suite&gt;:0::PASS
[1725381254.93][CONN][RXD] 
[1725381254.93][CONN][RXD] &gt;&gt;&gt; Running case #4: 'Write multiple bytes to slave'...
[1725381254.94][CONN][INF] found KV pair in stream: {{__testcase_start;Write multiple bytes to slave}}, queued...
[1725381254.94][CONN][INF] found KV pair in stream: {{start_recording_i2c;please}}, queued...
[1725381255.95][SERI][TXD] {{start_recording_i2c;complete}}
[1725381255.96][CONN][INF] found KV pair in stream: {{write_bytes_to_slave;addr 0xE4 data 0x4 0x5 0x6 0x7}}, queued...
Connected to I2C interface of CY7C652xx device, firmware version 2.0.3 build 112
[1725381256.10][TEST][INF] Saw on the I2C bus:
Start Wr[0xe4] Ack 0x04 Ack 0x05 Ack 0x06 Ack 0x07 Ack Stop

[1725381256.10][SERI][TXD] {{write_bytes_to_slave;complete}}
[1725381256.11][CONN][INF] found KV pair in stream: {{__testcase_finish;Write multiple bytes to slave;1;0}}, queued...
[1725381256.12][CONN][RXD] &gt;&gt;&gt; 'Write multiple bytes to slave': 1 passed, 0 failed
[1725381256.12][CONN][RXD] &lt;greentea test suite&gt;:0::PASS
[1725381256.12][CONN][RXD] 
[1725381256.12][CONN][RXD] &gt;&gt;&gt; Running case #5: 'Write less bytes than expected to slave'...
[1725381256.13][CONN][INF] found KV pair in stream: {{__testcase_start;Write less bytes than expected to slave}}, queued...
[1725381256.14][CONN][INF] found KV pair in stream: {{start_recording_i2c;please}}, queued...
[1725381257.15][SERI][TXD] {{start_recording_i2c;complete}}
[1725381257.16][CONN][INF] found KV pair in stream: {{write_bytes_to_slave;addr 0xE4 data 0x8 0x9}}, queued...
[1725381257.30][TEST][INF] Saw on the I2C bus:
Start Wr[0xe4] Ack 0x08 Ack 0x09 Ack Stop

[1725381257.30][SERI][TXD] {{write_bytes_to_slave;complete}}
[1725381257.31][CONN][INF] found KV pair in stream: {{__testcase_finish;Write less bytes than expected to slave;1;0}}, queued...
[1725381257.33][CONN][RXD] &gt;&gt;&gt; 'Write less bytes than expected to slave': 1 passed, 0 failed
[1725381257.33][CONN][RXD] &lt;greentea test suite&gt;:0::PASS
[1725381257.33][CONN][RXD] 
[1725381257.34][CONN][RXD] &gt;&gt;&gt; Running case #6: 'Read one byte from slave'...
[1725381257.34][CONN][INF] found KV pair in stream: {{__testcase_start;Read one byte from slave}}, queued...
[1725381257.34][CONN][INF] found KV pair in stream: {{start_recording_i2c;please}}, queued...
[1725381258.35][SERI][TXD] {{start_recording_i2c;complete}}
[1725381258.36][CONN][INF] found KV pair in stream: {{read_bytes_from_slave;addr 0xE4 expected-data 0x10}}, queued...
[1725381258.50][TEST][INF] Saw on the I2C bus:
Start Rd[0xe5] Ack 0x10 Nack Stop

[1725381258.51][SERI][TXD] {{read_bytes_from_slave;complete}}
[1725381258.52][CONN][INF] found KV pair in stream: {{__testcase_finish;Read one byte from slave;1;0}}, queued...
[1725381258.53][CONN][RXD] &gt;&gt;&gt; 'Read one byte from slave': 1 passed, 0 failed
[1725381258.53][CONN][RXD] &lt;greentea test suite&gt;:0::PASS
[1725381258.53][CONN][RXD] 
[1725381258.53][CONN][RXD] &gt;&gt;&gt; Running case #7: 'Destroy &amp; recreate I2C object'...
[1725381258.55][CONN][INF] found KV pair in stream: {{__testcase_start;Destroy &amp; recreate I2C object}}, queued...
[1725381258.55][CONN][INF] found KV pair in stream: {{reinit_i2c_bridge;please}}, queued...
[1725381258.56][cy_serial_bridge]Discovered USB endpoints successfully
[1725381258.64][cy_serial_bridge]Device signature: b'CYUS'
[1725381258.65][SERI][TXD] {{reinit_i2c_bridge;complete}}
[1725381258.66][CONN][INF] found KV pair in stream: {{__testcase_finish;Destroy &amp; recreate I2C object;1;0}}, queued...
[1725381258.67][CONN][RXD] &gt;&gt;&gt; 'Destroy &amp; recreate I2C object': 1 passed, 0 failed
[1725381258.67][CONN][RXD] &lt;greentea test suite&gt;:0::PASS
[1725381258.67][CONN][RXD] 
[1725381258.67][CONN][RXD] &gt;&gt;&gt; Running case #8: 'Read multiple bytes from slave'...
[1725381258.68][CONN][INF] found KV pair in stream: {{__testcase_start;Read multiple bytes from slave}}, queued...
[1725381258.68][CONN][INF] found KV pair in stream: {{start_recording_i2c;please}}, queued...
[1725381259.69][SERI][TXD] {{start_recording_i2c;complete}}
[1725381259.70][CONN][INF] found KV pair in stream: {{read_bytes_from_slave;addr 0xE4 expected-data 0x11 0x12 0x13 0x14}}, queued...
Connected to I2C interface of CY7C652xx device, firmware version 2.0.3 build 112
[1725381259.84][TEST][INF] Saw on the I2C bus:
Start Rd[0xe5] Ack 0x11 Ack 0x12 Ack 0x13 Ack 0x14 Nack Stop

[1725381259.85][SERI][TXD] {{read_bytes_from_slave;complete}}
[1725381259.86][CONN][INF] found KV pair in stream: {{__testcase_finish;Read multiple bytes from slave;1;0}}, queued...
[1725381259.88][CONN][RXD] &gt;&gt;&gt; 'Read multiple bytes from slave': 1 passed, 0 failed
[1725381259.88][CONN][RXD] &lt;greentea test suite&gt;:0::PASS
[1725381259.88][CONN][RXD] 
[1725381259.88][CONN][RXD] &gt;&gt;&gt; Running case #9: 'Read less bytes than expected from slave'...
[1725381259.89][CONN][INF] found KV pair in stream: {{__testcase_start;Read less bytes than expected from slave}}, queued...
[1725381259.89][CONN][INF] found KV pair in stream: {{start_recording_i2c;please}}, queued...
[1725381260.90][SERI][TXD] {{start_recording_i2c;complete}}
[1725381260.91][CONN][INF] found KV pair in stream: {{read_bytes_from_slave;addr 0xE4 expected-data 0x15 0x16}}, queued...
[1725381261.05][TEST][INF] Saw on the I2C bus:
Start Rd[0xe5] Ack 0x15 Ack 0x16 Nack Stop

[1725381261.06][SERI][TXD] {{read_bytes_from_slave;complete}}
[1725381261.07][CONN][INF] found KV pair in stream: {{__testcase_finish;Read less bytes than expected from slave;1;0}}, queued...
[1725381261.08][CONN][RXD] &gt;&gt;&gt; 'Read less bytes than expected from slave': 1 passed, 0 failed
[1725381261.08][CONN][RXD] &lt;greentea test suite&gt;:0::PASS
[1725381261.08][CONN][RXD] 
[1725381261.08][CONN][RXD] &gt;&gt;&gt; Test cases: 9 passed, 0 failed
[1725381261.08][CONN][RXD] 
[1725381261.09][CONN][RXD] -----------------------
[1725381261.09][CONN][RXD] 0 Tests 0 Failures 0 Ignored 
[1725381261.09][CONN][RXD] OK
[1725381261.09][CONN][INF] found KV pair in stream: {{__testcase_summary;9;0}}, queued...
[1725381261.09][CONN][INF] found KV pair in stream: {{end;success}}, queued...
[1725381261.09][CONN][INF] found KV pair in stream: {{__exit;0}}, queued...
[1725381261.10][HTST][INF] __exit(0)
[1725381261.10][HTST][INF] __notify_complete(True)
[1725381261.10][HTST][INF] __exit_event_queue received
[1725381261.10][HTST][INF] test suite run finished after 8.92 sec...
[1725381261.11][CONN][INF] received special event '__host_test_finished' value='True', finishing
[1725381261.11][HTST][INF] CONN exited with code: 0
[1725381261.12][HTST][INF] Some events in queue
[1725381261.12][HTST][INF] stopped consuming events
[1725381261.12][HTST][INF] host test result() call skipped, received: True
[1725381261.12][HTST][INF] calling blocking teardown()
[1725381261.12][cy_serial_bridge]Discovered USB endpoints successfully
[1725381261.20][cy_serial_bridge]Device signature: b'CYUS'
Connected to I2C interface of CY7C652xx device, firmware version 2.0.3 build 112
[1725381261.20][HTST][INF] teardown() finished
[1725381261.20][HTST][INF] {{result;success}}
</system-out>
	</testcase>
	<testcase name="test-testshield-i2c-eeprom" classname="test-testshield-i2c-eeprom" time="42.8259" status="run">
		<system-out>[1/8] Building CXX object mbed-os/storage/blockdevice/CMakeFiles/mbed-storage-blockdevice.dir/source/ReadOnlyBlockDevice.cpp.obj
[2/8] Building CXX object mbed-os/storage/blockdevice/COMPONENT_I2CEE/CMakeFiles/mbed-storage-i2cee.dir/source/I2CEEBlockDevice.cpp.obj
[3/8] Building CXX object mbed-os/storage/blockdevice/CMakeFiles/mbed-storage-blockdevice.dir/source/ObservingBlockDevice.cpp.obj
[4/8] Linking CXX static library mbed-os/storage/blockdevice/libmbed-storage-blockdevice.a
[5/8] Linking CXX static library mbed-os/storage/blockdevice/COMPONENT_I2CEE/libmbed-storage-i2cee.a
[6/8] Building CXX object CMakeFiles/test-testshield-i2c-eeprom.dir/I2CEEPROMTest.cpp.obj
[7/8] Linking CXX executable test-testshield-i2c-eeprom.elf
-- built: /home/jamie/Mbed/mbed-ce-test-tools/CI-Shield-Tests/build/LPC1768-Develop/test-testshield-i2c-eeprom.bin
-- built: /home/jamie/Mbed/mbed-ce-test-tools/CI-Shield-Tests/build/LPC1768-Develop/test-testshield-i2c-eeprom.hex
LPC Patch: test-testshield-i2c-eeprom.bin
| Module                                    |     .text |    .data |      .bss |
|-------------------------------------------|-----------|----------|-----------|
| CMakeFiles/test-testshield-i2c-eeprom.dir |  4402(+0) |    0(+0) |  4644(+0) |
| [fill]                                    |   652(+0) |    3(+0) |    21(+0) |
| [lib]/c.a                                 |  5880(+0) | 1344(+0) |   373(+0) |
| [lib]/client_userio.a                     |  1480(+0) |   56(+0) |     8(+0) |
| [lib]/gcc.a                               |  3136(+0) |    0(+0) |     0(+0) |
| [lib]/mbed-greentea-io.a                  |    70(+0) |    0(+0) |     0(+0) |
| [lib]/mbed-storage-i2cee.a                |   886(+0) |    0(+0) |     0(+0) |
| [lib]/mbed-unity.a                        |  1610(+0) |    0(+0) |   224(+0) |
| [lib]/mbed-utest.a                        |  3412(+0) |   13(+0) |   201(+0) |
| [lib]/misc                                |   264(+0) |    4(+0) |    25(+0) |
| mbed-os/CMakeFiles                        | 21192(+0) |  436(+0) |  7301(+0) |
| Subtotals                                 | 42984(+0) | 1856(+0) | 12797(+0) |
[...]
[1725381586.87][CONN][RXD] Expected PWM frequency was 1000 Hz (+- 20 Hz) and duty cycle was 98.25% (+-0.10%), host measured frequency 1000 Hz and duty cycle 98.25%
[1725381586.87][CONN][INF] found KV pair in stream: {{analyze_signal;please}}, queued...
[1725381589.08][SERI][TXD] {{frequency;1000.0}}
[1725381589.09][SERI][TXD] {{duty_cycle;0.48712939108826114}}
[1725381589.11][CONN][RXD] Expected PWM frequency was 1000 Hz (+- 20 Hz) and duty cycle was 48.71% (+-0.10%), host measured frequency 1000 Hz and duty cycle 48.71%
[1725381589.12][CONN][RXD] &gt;&gt;&gt; 'Test PWM frequency and duty cycle (freq = 1 kHz)': 1 passed, 0 failed
[1725381589.12][CONN][INF] found KV pair in stream: {{__testcase_finish;Test PWM frequency and duty cycle (freq = 1 kHz);1;0}}, queued...
[1725381589.13][CONN][RXD] &lt;greentea test suite&gt;:0::PASS
[1725381589.13][CONN][RXD] 
[1725381589.13][CONN][RXD] &gt;&gt;&gt; Running case #6: 'Test PWM frequency and duty cycle (freq = 10 kHz)'...
[1725381589.14][CONN][INF] found KV pair in stream: {{__testcase_start;Test PWM frequency and duty cycle (freq = 10 kHz)}}, queued...
[1725381589.14][CONN][INF] found KV pair in stream: {{analyze_signal;please}}, queued...
[1725381591.63][SERI][TXD] {{frequency;10000.0}}
[1725381591.64][SERI][TXD] {{duty_cycle;0.7958565051793686}}
[1725381591.66][CONN][RXD] Expected PWM frequency was 10000 Hz (+- 20 Hz) and duty cycle was 79.60% (+-0.10%), host measured frequency 10000 Hz and duty cycle 79.59%
[1725381591.66][CONN][INF] found KV pair in stream: {{analyze_signal;please}}, queued...
[1725381594.21][SERI][TXD] {{frequency;10000.0}}
[1725381594.23][SERI][TXD] {{duty_cycle;0.9696050379937025}}
[1725381594.25][CONN][RXD] Expected PWM frequency was 10000 Hz (+- 20 Hz) and duty cycle was 96.95% (+-0.10%), host measured frequency 10000 Hz and duty cycle 96.96%
[1725381594.25][CONN][INF] found KV pair in stream: {{analyze_signal;please}}, queued...
[1725381596.45][SERI][TXD] {{frequency;10000.0}}
[1725381596.46][SERI][TXD] {{duty_cycle;0.24584719269100913}}
[1725381596.48][CONN][RXD] Expected PWM frequency was 10000 Hz (+- 20 Hz) and duty cycle was 24.59% (+-0.10%), host measured frequency 10000 Hz and duty cycle 24.58%
[1725381596.48][CONN][INF] found KV pair in stream: {{analyze_signal;please}}, queued...
[1725381598.69][SERI][TXD] {{frequency;10000.0}}
[1725381598.70][SERI][TXD] {{duty_cycle;0.8312564609294238}}
[1725381598.73][CONN][RXD] Expected PWM frequency was 10000 Hz (+- 20 Hz) and duty cycle was 83.13% (+-0.10%), host measured frequency 10000 Hz and duty cycle 83.13%
[1725381598.73][CONN][INF] found KV pair in stream: {{analyze_signal;please}}, queued...
[1725381600.93][SERI][TXD] {{frequency;10000.0}}
[1725381600.95][SERI][TXD] {{duty_cycle;0.29289463388170767}}
[1725381600.97][CONN][RXD] Expected PWM frequency was 10000 Hz (+- 20 Hz) and duty cycle was 29.28% (+-0.10%), host measured frequency 10000 Hz and duty cycle 29.29%
[1725381600.98][CONN][RXD] &gt;&gt;&gt; 'Test PWM frequency and duty cycle (freq = 10 kHz)': 1 passed, 0 failed
[1725381600.98][CONN][RXD] &lt;greentea test suite&gt;:0::PASS
[1725381600.98][CONN][RXD] 
[1725381600.98][CONN][INF] found KV pair in stream: {{__testcase_finish;Test PWM frequency and duty cycle (freq = 10 kHz);1;0}}, queued...
[1725381601.00][CONN][RXD] &gt;&gt;&gt; Running case #7: 'Test PWM frequency and duty cycle (freq = 100 kHz)'...
[1725381601.00][CONN][INF] found KV pair in stream: {{__testcase_start;Test PWM frequency and duty cycle (freq = 100 kHz)}}, queued...
[1725381601.00][CONN][INF] found KV pair in stream: {{analyze_signal;please}}, queued...
[1725381603.19][SERI][TXD] {{frequency;100000.0}}
[1725381603.20][SERI][TXD] {{duty_cycle;0.34999581250523437}}
[1725381603.22][CONN][RXD] Expected PWM frequency was 100000 Hz (+- 20 Hz) and duty cycle was 34.90% (+-1.00%), host measured frequency 100000 Hz and duty cycle 35.00%
[1725381603.22][CONN][INF] found KV pair in stream: {{analyze_signal;please}}, queued...
[1725381605.40][SERI][TXD] {{frequency;100000.0}}
[1725381605.41][SERI][TXD] {{duty_cycle;0.22046722441596947}}
[1725381605.43][CONN][RXD] Expected PWM frequency was 100000 Hz (+- 20 Hz) and duty cycle was 22.19% (+-1.00%), host measured frequency 100000 Hz and duty cycle 22.05%
[1725381605.43][CONN][INF] found KV pair in stream: {{analyze_signal;please}}, queued...
[1725381607.63][SERI][TXD] {{frequency;100000.0}}
[1725381607.64][SERI][TXD] {{duty_cycle;0.6290367137041079}}
[1725381607.66][CONN][RXD] Expected PWM frequency was 100000 Hz (+- 20 Hz) and duty cycle was 63.09% (+-1.00%), host measured frequency 100000 Hz and duty cycle 62.90%
[1725381607.66][CONN][INF] found KV pair in stream: {{analyze_signal;please}}, queued...
[1725381609.87][SERI][TXD] {{frequency;100000.0}}
[1725381609.88][SERI][TXD] {{duty_cycle;0.8125802342747072}}
[1725381609.90][CONN][RXD] Expected PWM frequency was 100000 Hz (+- 20 Hz) and duty cycle was 81.33% (+-1.00%), host measured frequency 100000 Hz and duty cycle 81.26%
[1725381609.90][CONN][INF] found KV pair in stream: {{analyze_signal;please}}, queued...
[1725381612.09][SERI][TXD] {{frequency;100000.0}}
[1725381612.11][SERI][TXD] {{duty_cycle;0.4954881306398367}}
[1725381612.13][CONN][RXD] Expected PWM frequency was 100000 Hz (+- 20 Hz) and duty cycle was 49.56% (+-1.00%), host measured frequency 100000 Hz and duty cycle 49.55%
[1725381612.14][CONN][RXD] &gt;&gt;&gt; 'Test PWM frequency and duty cycle (freq = 100 kHz)': 1 passed, 0 failed
[1725381612.14][CONN][INF] found KV pair in stream: {{__testcase_finish;Test PWM frequency and duty cycle (freq = 100 kHz);1;0}}, queued...
[1725381612.15][CONN][RXD] &lt;greentea test suite&gt;:0::PASS
[1725381612.15][CONN][RXD] 
[1725381612.15][CONN][RXD] &gt;&gt;&gt; Running case #8: 'Test PWM frequency and duty cycle (freq = 1 MHz)'...
[1725381612.16][CONN][INF] found KV pair in stream: {{__testcase_start;Test PWM frequency and duty cycle (freq = 1 MHz)}}, queued...
[1725381612.16][CONN][INF] found KV pair in stream: {{analyze_signal;please}}, queued...
[1725381614.35][SERI][TXD] {{frequency;1000000.0}}
[1725381614.36][SERI][TXD] {{duty_cycle;0.29265213418483227}}
[1725381614.38][CONN][RXD] Expected PWM frequency was 1000000 Hz (+- 20 Hz) and duty cycle was 30.80% (+-10.00%), host measured frequency 1000000 Hz and duty cycle 29.27%
[1725381614.38][CONN][INF] found KV pair in stream: {{analyze_signal;please}}, queued...
[1725381616.58][SERI][TXD] {{frequency;1000000.0}}
[1725381616.59][SERI][TXD] {{duty_cycle;0.46021067473665656}}
[1725381616.62][CONN][RXD] Expected PWM frequency was 1000000 Hz (+- 20 Hz) and duty cycle was 46.96% (+-10.00%), host measured frequency 1000000 Hz and duty cycle 46.02%
[1725381616.62][CONN][INF] found KV pair in stream: {{analyze_signal;please}}, queued...
[1725381618.80][SERI][TXD] {{frequency;1000000.0}}
[1725381618.81][SERI][TXD] {{duty_cycle;0.3339608325489593}}
[1725381618.83][CONN][RXD] Expected PWM frequency was 1000000 Hz (+- 20 Hz) and duty cycle was 34.13% (+-10.00%), host measured frequency 1000000 Hz and duty cycle 33.40%
[1725381618.83][CONN][INF] found KV pair in stream: {{analyze_signal;please}}, queued...
[1725381621.02][SERI][TXD] {{frequency;999990.0}}
[1725381621.03][SERI][TXD] {{duty_cycle;0.33507958115052355}}
[1725381621.05][CONN][RXD] Expected PWM frequency was 1000000 Hz (+- 20 Hz) and duty cycle was 35.34% (+-10.00%), host measured frequency 999990 Hz and duty cycle 33.51%
[1725381621.05][CONN][INF] found KV pair in stream: {{analyze_signal;please}}, queued...
[1725381623.26][SERI][TXD] {{frequency;1000000.0}}
[1725381623.27][SERI][TXD] {{duty_cycle;0.45598068002415}}
[1725381623.29][CONN][RXD] Expected PWM frequency was 1000000 Hz (+- 20 Hz) and duty cycle was 44.74% (+-10.00%), host measured frequency 1000000 Hz and duty cycle 45.60%
[1725381623.30][CONN][RXD] &gt;&gt;&gt; 'Test PWM frequency and duty cycle (freq = 1 MHz)': 1 passed, 0 failed
[1725381623.30][CONN][INF] found KV pair in stream: {{__testcase_finish;Test PWM frequency and duty cycle (freq = 1 MHz);1;0}}, queued...
[1725381623.31][CONN][RXD] &lt;greentea test suite&gt;:0::PASS
[1725381623.31][CONN][RXD] 
[1725381623.31][CONN][RXD] &gt;&gt;&gt; Running case #9: 'Test PWM Suspend/Resume (freq = 1kHz)'...
[1725381623.32][CONN][INF] found KV pair in stream: {{__testcase_start;Test PWM Suspend/Resume (freq = 1kHz)}}, queued...
[1725381623.32][CONN][INF] found KV pair in stream: {{analyze_signal;please}}, queued...
[1725381625.49][SERI][TXD] {{frequency;1000.0}}
[1725381625.50][SERI][TXD] {{duty_cycle;0.7499990625011719}}
[1725381625.52][CONN][RXD] Expected PWM frequency was 1000 Hz (+- 20 Hz) and duty cycle was 75.00% (+-0.10%), host measured frequency 1000 Hz and duty cycle 75.00%
[1725381625.52][CONN][INF] found KV pair in stream: {{analyze_signal;please}}, queued...
[1725381627.69][SERI][TXD] {{frequency;0.0}}
[1725381627.70][SERI][TXD] {{duty_cycle;0.0}}
[1725381627.71][CONN][INF] found KV pair in stream: {{analyze_signal;please}}, queued...
[1725381629.89][SERI][TXD] {{frequency;1000.0}}
[1725381629.90][SERI][TXD] {{duty_cycle;0.7499990625011719}}
[1725381629.92][CONN][RXD] Expected PWM frequency was 1000 Hz (+- 20 Hz) and duty cycle was 75.00% (+-0.10%), host measured frequency 1000 Hz and duty cycle 75.00%
[1725381629.93][CONN][RXD] &gt;&gt;&gt; 'Test PWM Suspend/Resume (freq = 1kHz)': 1 passed, 0 failed
[1725381629.93][CONN][RXD] &lt;greentea test suite&gt;:0::PASS
[1725381629.94][CONN][RXD] 
[1725381629.94][CONN][INF] found KV pair in stream: {{__testcase_finish;Test PWM Suspend/Resume (freq = 1kHz);1;0}}, queued...
[1725381629.95][CONN][RXD] &gt;&gt;&gt; Running case #10: 'Test PWM Maintains Duty Cycle (freq = 1kHz)'...
[1725381629.95][CONN][INF] found KV pair in stream: {{__testcase_start;Test PWM Maintains Duty Cycle (freq = 1kHz)}}, queued...
[1725381629.96][CONN][INF] found KV pair in stream: {{analyze_signal;please}}, queued...
[1725381632.15][SERI][TXD] {{frequency;1000.0}}
[1725381632.16][SERI][TXD] {{duty_cycle;0.7500040624949219}}
[1725381632.18][CONN][RXD] Expected PWM frequency was 1000 Hz (+- 20 Hz) and duty cycle was 75.00% (+-0.10%), host measured frequency 1000 Hz and duty cycle 75.00%
[1725381632.18][CONN][INF] found KV pair in stream: {{analyze_signal;please}}, queued...
[1725381634.35][SERI][TXD] {{frequency;40000.0}}
[1725381634.36][SERI][TXD] {{duty_cycle;0.7500278124652344}}
[1725381634.38][CONN][RXD] Expected PWM frequency was 40000 Hz (+- 20 Hz) and duty cycle was 75.00% (+-0.40%), host measured frequency 40000 Hz and duty cycle 75.00%
[1725381634.38][CONN][INF] found KV pair in stream: {{analyze_signal;please}}, queued...
[1725381636.56][SERI][TXD] {{frequency;200.0}}
[1725381636.57][SERI][TXD] {{duty_cycle;0.7499978125027343}}
[1725381636.59][CONN][RXD] Expected PWM frequency was 200 Hz (+- 20 Hz) and duty cycle was 75.00% (+-0.10%), host measured frequency 200 Hz and duty cycle 75.00%
[1725381636.60][CONN][RXD] &gt;&gt;&gt; 'Test PWM Maintains Duty Cycle (freq = 1kHz)': 1 passed, 0 failed
[1725381636.60][CONN][RXD] &lt;greentea test suite&gt;:0::PASS
[1725381636.60][CONN][RXD] 
[1725381636.60][CONN][INF] found KV pair in stream: {{__testcase_finish;Test PWM Maintains Duty Cycle (freq = 1kHz);1;0}}, queued...
[1725381636.61][CONN][RXD] &gt;&gt;&gt; Test cases: 10 passed, 0 failed
[1725381636.61][CONN][RXD] 
[1725381636.61][CONN][RXD] -----------------------
[1725381636.61][CONN][RXD] 0 Tests 0 Failures 0 Ignored 
[1725381636.61][CONN][RXD] OK
[1725381636.62][CONN][INF] found KV pair in stream: {{__testcase_summary;10;0}}, queued...
[1725381636.63][CONN][INF] found KV pair in stream: {{end;success}}, queued...
[1725381636.63][CONN][INF] found KV pair in stream: {{__exit;0}}, queued...
[1725381636.63][HTST][INF] __exit(0)
[1725381636.63][HTST][INF] __notify_complete(True)
[1725381636.63][HTST][INF] __exit_event_queue received
[1725381636.63][HTST][INF] test suite run finished after 70.48 sec...
[1725381636.64][CONN][INF] received special event '__host_test_finished' value='True', finishing
[1725381636.65][HTST][INF] CONN exited with code: 0
[1725381636.65][HTST][INF] Some events in queue
[1725381636.65][HTST][INF] stopped consuming events
[1725381636.65][HTST][INF] host test result() call skipped, received: True
[1725381636.65][HTST][INF] calling blocking teardown()
[1725381636.65][HTST][INF] teardown() finished
[1725381636.65][HTST][INF] {{result;success}}
</system-out>
	</testcase>
	<testcase name="test-testshield-dac-to-adc" classname="test-testshield-dac-to-adc" time="19.2149" status="run">
		<system-out>[1/3] Building CXX object CMakeFiles/test-testshield-dac-to-adc.dir/DACToADCTest.cpp.obj
[2/3] Linking CXX executable test-testshield-dac-to-adc.elf
-- built: /home/jamie/Mbed/mbed-ce-test-tools/CI-Shield-Tests/build/LPC1768-Develop/test-testshield-dac-to-adc.bin
-- built: /home/jamie/Mbed/mbed-ce-test-tools/CI-Shield-Tests/build/LPC1768-Develop/test-testshield-dac-to-adc.hex
LPC Patch: test-testshield-dac-to-adc.bin
| Module                                    |     .text |    .data |     .bss |
|-------------------------------------------|-----------|----------|----------|
| CMakeFiles/test-testshield-dac-to-adc.dir |   516(+0) |    0(+0) |  152(+0) |
| [fill]                                    |   646(+0) |    3(+0) |   25(+0) |
| [lib]/c.a                                 |  5592(+0) | 1344(+0) |  373(+0) |
| [lib]/client_userio.a                     |  1480(+0) |   56(+0) |    8(+0) |
| [lib]/gcc.a                               |  4704(+0) |    0(+0) |    0(+0) |
| [lib]/mbed-greentea-io.a                  |    70(+0) |    0(+0) |    0(+0) |
| [lib]/mbed-unity.a                        |  1034(+0) |    0(+0) |  224(+0) |
| [lib]/mbed-utest.a                        |  3410(+0) |   13(+0) |  201(+0) |
| [lib]/misc                                |   264(+0) |    4(+0) |   25(+0) |
| mbed-os/CMakeFiles                        | 20104(+0) |  436(+0) | 7341(+0) |
| Subtotals                                 | 37820(+0) | 1856(+0) | 8349(+0) |
Total Static RAM memory (data + bss): 10205(+0) bytes
Total Flash memory (text + data): 39676(+0) bytes

[3/3] Flashing test-testshield-dac-to-adc with OpenOCD...
Open On-Chip Debugger 0.11.0
Licensed under GNU GPL v2
For bug reports, read
	http://openocd.org/doc/doxygen/bugs.html
Info : auto-selecting first available session transport "swd". To override use 'transport select &lt;transport&gt;'.
adapter speed: 4000 kHz

Info : CMSIS-DAP: SWD  Supported
Info : CMSIS-DAP: FW Version = 1.0
Info : CMSIS-DAP: Interface Initialised (SWD)
Info : SWCLK/TCK = 0 SWDIO/TMS = 1 TDI = 0 TDO = 0 nTRST = 0 nRESET = 1
Info : CMSIS-DAP: Interface ready
Info : clock speed 4000 kHz
Info : SWD DPIDR 0x2ba01477
Info : lpc17xx.cpu: hardware has 6 breakpoints, 4 watchpoints
Info : gdb port disabled
target halted due to debug-request, current mode: Thread 
xPSR: 0x01000000 pc: 0x1fff0080 msp: 0x10001ffc
** Programming Started **
Info : If auto-detection fails for this part, please email openocd-devel@lists.sourceforge.net, citing part id 0x26013f37.

** Programming Finished **
** Resetting Target **
Info : SWD DPIDR 0x2ba01477
shutdown command invoked
Executing: /home/jamie/Mbed/mbed-ce-test-tools/CI-Shield-Tests/mbed-os/venv/bin/python3.10 -m mbed_host_tests.mbedhtrun --skip-flashing -p /dev/ttyLPC1768 --skip-reset -m LPC1768 --baud-rate=115200
[1725381655.17][HTST][INF] host test executor ver. 0.0.16
[1725381655.17][HTST][INF] copy image onto target... SKIPPED!
[1725381655.19][HTST][INF] starting host test process...
[1725381655.20][CONN][INF] starting connection process...
[1725381655.21][CONN][INF] notify event queue about extra 60 sec timeout for serial port pooling
[1725381655.21][CONN][INF] initializing serial port listener... 
[1725381655.21][SERI][INF] using specified port '/dev/ttyLPC1768'
[1725381655.21][HTST][INF] setting timeout to: 60 sec
[1725381655.21][SERI][INF] serial(port=/dev/ttyLPC1768, baudrate=115200, read_timeout=0.01, write_timeout=5)
[1725381655.21][SERI][TXD] mbedmbedmbedmbedmbedmbedmbedmbedmbedmbed
[1725381655.21][CONN][INF] sending up to 2 __sync packets (specified with --sync=2)
[1725381655.21][CONN][INF] sending preamble '3bed639c-3475-451d-a46c-aee18b6696bf'
[1725381655.21][SERI][TXD] {{__sync;3bed639c-3475-451d-a46c-aee18b6696bf}}
[1725381655.22][CONN][RXD] mbedmbedmbedmbedmbedmbedmbedmbed
[1725381655.24][CONN][INF] found SYNC in stream: {{__sync;3bed639c-3475-451d-a46c-aee18b6696bf}} it is #0 sent, queued...
[1725381655.24][CONN][INF] found KV pair in stream: {{__version;1.3.0}}, queued...
[1725381655.24][HTST][INF] sync KV found, uuid=3bed639c-3475-451d-a46c-aee18b6696bf, timestamp=1725381655.235502
[1725381655.24][HTST][INF] DUT greentea-client version: 1.3.0
[1725381655.24][CONN][INF] found KV pair in stream: {{__timeout;30}}, queued...
[1725381655.24][HTST][INF] setting timeout to: 30 sec
[1725381655.24][CONN][INF] found KV pair in stream: {{__host_test_name;default_auto}}, queued...
[1725381655.24][HTST][INF] host test class: '&lt;class 'mbed_os_tools.test.host_tests.default_auto.DefaultAuto'&gt;'
[1725381655.24][HTST][INF] host test setup() call...
[1725381655.24][HTST][INF] CALLBACKs updated
[1725381655.24][HTST][INF] host test detected: default_auto
[1725381655.25][CONN][RXD] &gt;&gt;&gt; Running 1 test cases...
[1725381655.25][CONN][RXD] 
[1725381655.25][CONN][RXD] &gt;&gt;&gt; Running case #1: 'DAC to ADC'...
[1725381655.25][CONN][INF] found KV pair in stream: {{__testcase_name;DAC to ADC}}, queued...
[1725381655.25][CONN][INF] found KV pair in stream: {{__testcase_start;DAC to ADC}}, queued...
[1725381655.28][CONN][RXD] DAC output of 0.0% produced an ADC reading of 1.2%
[1725381655.34][CONN][RXD] DAC output of 10.0% produced an ADC reading of 10.7%
[1725381655.39][CONN][RXD] DAC output of 20.0% produced an ADC reading of 20.4%
[1725381655.43][CONN][RXD] DAC output of 30.0% produced an ADC reading of 30.7%
[1725381655.48][CONN][RXD] DAC output of 40.0% produced an ADC reading of 40.7%
[1725381655.54][CONN][RXD] DAC output of 50.0% produced an ADC reading of 50.4%
[1725381655.58][CONN][RXD] DAC output of 60.0% produced an ADC reading of 60.0%
[1725381655.63][CONN][RXD] DAC output of 70.0% produced an ADC reading of 69.8%
[1725381655.68][CONN][RXD] DAC output of 80.0% produced an ADC reading of 79.8%
[1725381655.74][CONN][RXD] DAC output of 90.0% produced an ADC reading of 89.8%
[1725381655.78][CONN][RXD] DAC output of 100.0% produced an ADC reading of 99.5%
[1725381655.79][CONN][RXD] &gt;&gt;&gt; 'DAC to ADC': 1 passed, 0 failed
[1725381655.79][CONN][RXD] &lt;greentea test suite&gt;:0::PASS
[1725381655.79][CONN][RXD] 
[1725381655.79][CONN][RXD] &gt;&gt;&gt; Test cases: 1 passed, 0 failed
[1725381655.79][CONN][RXD] 
[1725381655.79][CONN][INF] found KV pair in stream: {{__testcase_finish;DAC to ADC;1;0}}, queued...
[1725381655.80][CONN][RXD] -----------------------
[1725381655.80][CONN][RXD] 0 Tests 0 Failures 0 Ignored 
[1725381655.80][CONN][RXD] OK
[1725381655.81][CONN][INF] found KV pair in stream: {{__testcase_summary;1;0}}, queued...
[1725381655.81][CONN][INF] found KV pair in stream: {{end;success}}, queued...
[1725381655.81][CONN][INF] found KV pair in stream: {{__exit;0}}, queued...
[1725381655.81][HTST][INF] __exit(0)
[1725381655.81][HTST][INF] __notify_complete(True)
[1725381655.81][HTST][INF] __exit_event_queue received
[1725381655.81][HTST][INF] test suite run finished after 0.57 sec...
[1725381655.82][CONN][INF] received special event '__host_test_finished' value='True', finishing
[1725381655.83][HTST][INF] CONN exited with code: 0
[1725381655.83][HTST][INF] Some events in queue
[1725381655.83][HTST][INF] stopped consuming events
[1725381655.83][HTST][INF] host test result() call skipped, received: True
[1725381655.83][HTST][INF] calling blocking teardown()
[1725381655.83][HTST][INF] teardown() finished
[1725381655.83][HTST][INF] {{result;success}}
</system-out>
	</testcase>
</testsuite>
