<?xml version="1.0" encoding="UTF-8"?>
<testsuite name="(empty)"
	tests="12"
	failures="8"
	disabled="0"
	skipped="0"
	hostname=""
	time="1266"
	timestamp="2024-08-29T10:04:38"
	>
	<testcase name="test-testshield-businout" classname="test-testshield-businout" time="19.5979" status="run">
		<system-out>[1/3] Building CXX object CMakeFiles/test-testshield-businout.dir/BusInOutTest.cpp.obj
[2/3] Linking CXX executable test-testshield-businout.elf
-- built: /home/jamie/Mbed/mbed-ce-test-tools/CI-Shield-Tests/build/NUCLEO_L452RE_P-Develop/test-testshield-businout.bin
-- built: /home/jamie/Mbed/mbed-ce-test-tools/CI-Shield-Tests/build/NUCLEO_L452RE_P-Develop/test-testshield-businout.hex
| Module                                  |     .text |    .data |     .bss |
|-----------------------------------------|-----------|----------|----------|
| CMakeFiles/test-testshield-businout.dir |  1012(+0) |    0(+0) |  188(+0) |
| [fill]                                  |   138(+0) |    3(+0) |   43(+0) |
| [lib]/c.a                               |  6100(+0) | 1344(+0) |  373(+0) |
| [lib]/client_userio.a                   |  1480(+0) |   56(+0) |    8(+0) |
| [lib]/gcc.a                             |  3144(+0) |    0(+0) |    0(+0) |
| [lib]/mbed-greentea-io.a                |    70(+0) |    0(+0) |    0(+0) |
| [lib]/mbed-unity.a                      |   794(+0) |    0(+0) |  224(+0) |
| [lib]/mbed-utest.a                      |  3384(+0) |   13(+0) |  201(+0) |
| [lib]/misc                              |   264(+0) |    4(+0) |   25(+0) |
| mbed-os/CMakeFiles                      | 31838(+0) |  444(+0) | 8722(+0) |
| Subtotals                               | 48224(+0) | 1864(+0) | 9784(+0) |
Total Static RAM memory (data + bss): 11648(+0) bytes
Total Flash memory (text + data): 50088(+0) bytes

[3/3] Flashing test-testshield-businout with OpenOCD...
Open On-Chip Debugger 0.12.0+dev-00499-g151b74371 (2024-01-22-10:06)
Licensed under GNU GPL v2
For bug reports, read
	http://openocd.org/doc/doxygen/bugs.html
DEPRECATED! use 'adapter driver' not 'interface'
Info : The selected transport took over low-level target control. The results might differ compared to plain JTAG/SWD
DEPRECATED! use 'adapter serial' not 'hla_serial'
Info : clock speed 500 kHz
Info : STLINK V2J39M27 (API v2) VID:PID 0483:374B
Info : Target voltage: 3.238973
Info : [stm32l4x.cpu] Cortex-M4 r0p1 processor detected
Info : [stm32l4x.cpu] target has 6 breakpoints, 4 watchpoints
Info : [stm32l4x.cpu] Examination succeed
Info : gdb port disabled
Info : Unable to match requested speed 500 kHz, using 480 kHz
Info : Unable to match requested speed 500 kHz, using 480 kHz
[stm32l4x.cpu] halted due to debug-request, current mode: Thread 
xPSR: 0x01000000 pc: 0x08000318 msp: 0x10000698
** Programming Started **
Info : device idcode = 0x20016462 (STM32L45/L46xx - Rev Y : 0x2001)
Info : RDP level 0 (0xAA)
Info : flash size = 512 KiB
Info : flash mode : single-bank
Info : Padding image section 1 at 0x0800e1dc with 4 bytes (bank write end alignment)
Warn : Adding extra erase range, 0x0800e1e0 .. 0x0800e7ff
** Programming Finished **
** Resetting Target **
Info : Unable to match requested speed 500 kHz, using 480 kHz
Info : Unable to match requested speed 500 kHz, using 480 kHz
shutdown command invoked
Executing: /home/jamie/Mbed/mbed-ce-test-tools/CI-Shield-Tests/mbed-os/venv/bin/python3.10 -m mbed_host_tests.mbedhtrun --skip-flashing -p /dev/ttyNUCLEO_L452RE_P --skip-reset -m NUCLEO_L452RE_P --baud-rate=115200
[1724951096.84][HTST][INF] host test executor ver. 0.0.16
[1724951096.84][HTST][INF] copy image onto target... SKIPPED!
[1724951096.86][HTST][INF] starting host test process...
[1724951096.87][CONN][INF] starting connection process...
[1724951096.87][CONN][INF] notify event queue about extra 60 sec timeout for serial port pooling
[1724951096.87][CONN][INF] initializing serial port listener... 
[1724951096.87][SERI][INF] using specified port '/dev/ttyNUCLEO_L452RE_P'
[1724951096.87][SERI][INF] serial(port=/dev/ttyNUCLEO_L452RE_P, baudrate=115200, read_timeout=0.01, write_timeout=5)
[1724951096.87][HTST][INF] setting timeout to: 60 sec
[1724951096.88][SERI][TXD] mbedmbedmbedmbedmbedmbedmbedmbedmbedmbed
[1724951096.88][CONN][INF] sending up to 2 __sync packets (specified with --sync=2)
[1724951096.88][CONN][INF] sending preamble '10b57c71-2281-4de6-8861-358237dd45e9'
[1724951096.88][SERI][TXD] {{__sync;10b57c71-2281-4de6-8861-358237dd45e9}}
[1724951096.89][CONN][RXD] mbedmbedmbedmbedmbedmbedmbedmbed
[1724951096.89][CONN][INF] found SYNC in stream: {{__sync;10b57c71-2281-4de6-8861-358237dd45e9}} it is #0 sent, queued...
[1724951096.89][HTST][INF] sync KV found, uuid=10b57c71-2281-4de6-8861-358237dd45e9, timestamp=1724951096.891426
[1724951096.90][CONN][RXD] &gt;&gt;&gt; Running 4 test cases...
[1724951096.90][CONN][INF] found KV pair in stream: {{__version;1.3.0}}, queued...
[1724951096.90][CONN][INF] found KV pair in stream: {{__timeout;40}}, queued...
[1724951096.90][CONN][INF] found KV pair in stream: {{__host_test_name;default_auto}}, queued...
[1724951096.90][HTST][INF] DUT greentea-client version: 1.3.0
[1724951096.90][CONN][INF] found KV pair in stream: {{__testcase_name;BusIn definable}}, queued...
[1724951096.90][HTST][INF] setting timeout to: 40 sec
[1724951096.91][HTST][INF] host test class: '&lt;class 'mbed_os_tools.test.host_tests.default_auto.DefaultAuto'&gt;'
[1724951096.91][HTST][INF] host test setup() call...
[1724951096.91][HTST][INF] CALLBACKs updated
[1724951096.91][HTST][INF] host test detected: default_auto
[1724951096.92][CONN][RXD] 
[1724951096.92][CONN][INF] found KV pair in stream: {{__testcase_name;BusOut definable}}, queued...
[1724951096.92][CONN][INF] found KV pair in stream: {{__testcase_name;BusInOut to BusInOut}}, queued...
[1724951096.92][CONN][INF] found KV pair in stream: {{__testcase_name;BusIn to BusOut}}, queued...
[1724951096.93][CONN][RXD] &gt;&gt;&gt; Running case #1: 'BusIn definable'...
[1724951096.93][CONN][RXD] &gt;&gt;&gt; 'BusIn definable': 1 passed, 0 failed
[1724951096.93][CONN][INF] found KV pair in stream: {{__testcase_start;BusIn definable}}, queued...
[1724951096.93][CONN][INF] found KV pair in stream: {{__testcase_finish;BusIn definable;1;0}}, queued...
[1724951096.94][CONN][RXD] &lt;greentea test suite&gt;:0::PASS
[1724951096.94][CONN][RXD] 
[1724951096.94][CONN][RXD] &gt;&gt;&gt; Running case #2: 'BusOut definable'...
[1724951096.94][CONN][INF] found KV pair in stream: {{__testcase_start;BusOut definable}}, queued...
[1724951096.95][CONN][RXD] &gt;&gt;&gt; 'BusOut definable': 1 passed, 0 failed
[1724951096.95][CONN][RXD] &lt;greentea test suite&gt;:0::PASS
[1724951096.95][CONN][RXD] 
[1724951096.95][CONN][RXD] &gt;&gt;&gt; Running case #3: 'BusInOut to BusInOut'...
[1724951096.95][CONN][INF] found KV pair in stream: {{__testcase_finish;BusOut definable;1;0}}, queued...
[1724951096.96][CONN][RXD] 
[1724951096.96][CONN][RXD] *********
[1724951096.96][CONN][RXD] value of x,bio2 is: 0x0, 0x0
[1724951096.96][CONN][RXD] ********
[1724951096.96][CONN][RXD] 
[1724951096.96][CONN][RXD] *********
[1724951096.96][CONN][RXD] value of x,bio2 is: 0x1, 0x1
[1724951096.96][CONN][INF] found KV pair in stream: {{__testcase_start;BusInOut to BusInOut}}, queued...
[1724951096.98][CONN][RXD] ********
[1724951096.98][CONN][RXD] 
[1724951096.98][CONN][RXD] *********
[1724951096.98][CONN][RXD] value of x,bio2 is: 0x2, 0x2
[1724951096.98][CONN][RXD] ********
[1724951096.98][CONN][RXD] 
[1724951096.98][CONN][RXD] *********
[1724951096.98][CONN][RXD] value of x,bio2 is: 0x3, 0x3
[1724951096.98][CONN][RXD] ********
[1724951096.98][CONN][RXD] 
[1724951096.98][CONN][RXD] *********
[1724951096.99][CONN][RXD] value of x,bio2 is: 0x4, 0x4
[1724951096.99][CONN][RXD] ********
[1724951096.99][CONN][RXD] 
[1724951096.99][CONN][RXD] *********
[1724951096.99][CONN][RXD] value of x,bio2 is: 0x5, 0x5
[1724951096.99][CONN][RXD] ********
[1724951096.99][CONN][RXD] 
[1724951096.99][CONN][RXD] *********
[1724951096.99][CONN][RXD] value of x,bio2 is: 0x6, 0x6
[1724951096.99][CONN][RXD] ********
[1724951097.00][CONN][RXD] 
[1724951097.00][CONN][RXD] *********
[1724951097.00][CONN][RXD] value of x,bio2 is: 0x7, 0x7
[1724951097.01][CONN][RXD] ********
[1724951097.01][CONN][RXD] 
[1724951097.01][CONN][RXD] *********
[1724951097.01][CONN][RXD] value of x,bio1 is: 0x0, 0x0
[1724951097.01][CONN][RXD] ********
[1724951097.01][CONN][RXD] 
[1724951097.01][CONN][RXD] *********
[1724951097.01][CONN][RXD] value of x,bio1 is: 0x1, 0x1
[1724951097.01][CONN][RXD] ********
[1724951097.01][CONN][RXD] 
[1724951097.01][CONN][RXD] *********
[1724951097.01][CONN][RXD] value of x,bio1 is: 0x2, 0x2
[1724951097.01][CONN][RXD] ********
[1724951097.01][CONN][RXD] 
[1724951097.01][CONN][RXD] *********
[1724951097.02][CONN][RXD] value of x,bio1 is: 0x3, 0x3
[1724951097.02][CONN][RXD] ********
[1724951097.02][CONN][RXD] 
[1724951097.02][CONN][RXD] *********
[1724951097.02][CONN][RXD] value of x,bio1 is: 0x4, 0x4
[1724951097.02][CONN][RXD] ********
[1724951097.02][CONN][RXD] 
[1724951097.02][CONN][RXD] *********
[1724951097.02][CONN][RXD] value of x,bio1 is: 0x5, 0x5
[1724951097.03][CONN][RXD] ********
[1724951097.03][CONN][RXD] 
[1724951097.03][CONN][RXD] *********
[1724951097.03][CONN][RXD] value of x,bio1 is: 0x6, 0x6
[1724951097.03][CONN][RXD] ********
[1724951097.03][CONN][RXD] 
[1724951097.04][CONN][RXD] *********
[1724951097.04][CONN][RXD] value of x,bio1 is: 0x7, 0x7
[1724951097.04][CONN][RXD] ********
[1724951097.04][CONN][RXD] &gt;&gt;&gt; 'BusInOut to BusInOut': 1 passed, 0 failed
[1724951097.04][CONN][INF] found KV pair in stream: {{__testcase_finish;BusInOut to BusInOut;1;0}}, queued...
[1724951097.05][CONN][RXD] &lt;greentea test suite&gt;:0::PASS
[1724951097.05][CONN][RXD] 
[1724951097.05][CONN][RXD] &gt;&gt;&gt; Running case #4: 'BusIn to BusOut'...
[1724951097.05][CONN][RXD] 
[1724951097.05][CONN][RXD] *********
[1724951097.05][CONN][INF] found KV pair in stream: {{__testcase_start;BusIn to BusOut}}, queued...
[1724951097.06][CONN][RXD] value of bin,bout,x is: 0x1, 0x1, 0x1
[1724951097.06][CONN][RXD] ********
[1724951097.06][CONN][RXD] 
[1724951097.06][CONN][RXD] *********
[1724951097.06][CONN][RXD] value of bin,bout,x is: 0x2, 0x2, 0x2
[1724951097.06][CONN][RXD] ********
[1724951097.06][CONN][RXD] 
[1724951097.06][CONN][RXD] *********
[1724951097.07][CONN][RXD] value of bin,bout,x is: 0x3, 0x3, 0x3
[1724951097.07][CONN][RXD] ********
[1724951097.07][CONN][RXD] 
[1724951097.07][CONN][RXD] *********
[1724951097.08][CONN][RXD] value of bin,bout,x is: 0x4, 0x4, 0x4
[1724951097.08][CONN][RXD] ********
[1724951097.08][CONN][RXD] 
[1724951097.08][CONN][RXD] *********
[1724951097.08][CONN][RXD] value of bin,bout,x is: 0x5, 0x5, 0x5
[1724951097.08][CONN][RXD] ********
[1724951097.08][CONN][RXD] 
[1724951097.08][CONN][RXD] *********
[1724951097.09][CONN][RXD] value of bin,bout,x is: 0x6, 0x6, 0x6
[1724951097.09][CONN][RXD] ********
[1724951097.09][CONN][RXD] 
[1724951097.09][CONN][RXD] *********
[1724951097.09][CONN][RXD] value of bin,bout,x is: 0x7, 0x7, 0x7
[1724951097.09][CONN][RXD] ********
[1724951097.09][CONN][INF] found KV pair in stream: {{__testcase_finish;BusIn to BusOut;1;0}}, queued...
[1724951097.10][CONN][RXD] &gt;&gt;&gt; 'BusIn to BusOut': 1 passed, 0 failed
[1724951097.10][CONN][RXD] &lt;greentea test suite&gt;:0::PASS
[1724951097.10][CONN][RXD] 
[1724951097.10][CONN][RXD] &gt;&gt;&gt; Test cases: 4 passed, 0 failed
[1724951097.10][CONN][RXD] 
[1724951097.10][CONN][RXD] -----------------------
[1724951097.10][CONN][RXD] 0 Tests 0 Failures 0 Ignored 
[1724951097.10][CONN][RXD] OK
[1724951097.12][CONN][INF] found KV pair in stream: {{__testcase_summary;4;0}}, queued...
[1724951097.12][CONN][INF] found KV pair in stream: {{end;success}}, queued...
[1724951097.12][CONN][INF] found KV pair in stream: {{__exit;0}}, queued...
[1724951097.12][HTST][INF] __exit(0)
[1724951097.12][HTST][INF] __notify_complete(True)
[1724951097.12][HTST][INF] __exit_event_queue received
[1724951097.12][HTST][INF] test suite run finished after 0.21 sec...
[1724951097.13][CONN][INF] received special event '__host_test_finished' value='True', finishing
[1724951097.14][HTST][INF] CONN exited with code: 0
[1724951097.14][HTST][INF] Some events in queue
[1724951097.14][HTST][INF] stopped consuming events
[1724951097.14][HTST][INF] host test result() call skipped, received: True
[1724951097.14][HTST][INF] calling blocking teardown()
[1724951097.14][HTST][INF] teardown() finished
[1724951097.14][HTST][INF] {{result;success}}
</system-out>
	</testcase>
	<testcase name="test-testshield-interruptin" classname="test-testshield-interruptin" time="19.6583" status="run">
		<system-out>[1/3] Building CXX object CMakeFiles/test-testshield-interruptin.dir/InterruptInTest.cpp.obj
[2/3] Linking CXX executable test-testshield-interruptin.elf
-- built: /home/jamie/Mbed/mbed-ce-test-tools/CI-Shield-Tests/build/NUCLEO_L452RE_P-Develop/test-testshield-interruptin.bin
-- built: /home/jamie/Mbed/mbed-ce-test-tools/CI-Shield-Tests/build/NUCLEO_L452RE_P-Develop/test-testshield-interruptin.hex
| Module                                     |     .text |    .data |      .bss |
|--------------------------------------------|-----------|----------|-----------|
| CMakeFiles/test-testshield-interruptin.dir |  1804(+0) |    0(+0) |   245(+0) |
| [fill]                                     |   144(+0) |    3(+0) |    40(+0) |
| [lib]/c.a                                  |  6100(+0) | 1344(+0) |   373(+0) |
| [lib]/client_userio.a                      |  1480(+0) |   56(+0) |     8(+0) |
| [lib]/gcc.a                                |  3144(+0) |    0(+0) |     0(+0) |
| [lib]/mbed-greentea-io.a                   |    70(+0) |    0(+0) |     0(+0) |
| [lib]/mbed-unity.a                         |   794(+0) |    0(+0) |   224(+0) |
| [lib]/mbed-utest.a                         |  3380(+0) |   13(+0) |   201(+0) |
| [lib]/misc                                 |   264(+0) |    4(+0) |    25(+0) |
| mbed-os/CMakeFiles                         | 31684(+0) |  444(+0) |  9260(+0) |
| Subtotals                                  | 48864(+0) | 1864(+0) | 10376(+0) |
Total Static RAM memory (data + bss): 12240(+0) bytes
Total Flash memory (text + data): 50728(+0) bytes

[3/3] Flashing test-testshield-interruptin with OpenOCD...
Open On-Chip Debugger 0.12.0+dev-00499-g151b74371 (2024-01-22-10:06)
Licensed under GNU GPL v2
For bug reports, read
	http://openocd.org/doc/doxygen/bugs.html
DEPRECATED! use 'adapter driver' not 'interface'
Info : The selected transport took over low-level target control. The results might differ compared to plain JTAG/SWD
DEPRECATED! use 'adapter serial' not 'hla_serial'
Info : clock speed 500 kHz
Info : STLINK V2J39M27 (API v2) VID:PID 0483:374B
Info : Target voltage: 3.240553
Info : [stm32l4x.cpu] Cortex-M4 r0p1 processor detected
Info : [stm32l4x.cpu] target has 6 breakpoints, 4 watchpoints
Info : [stm32l4x.cpu] Examination succeed
Info : gdb port disabled
Info : Unable to match requested speed 500 kHz, using 480 kHz
Info : Unable to match requested speed 500 kHz, using 480 kHz
[stm32l4x.cpu] halted due to debug-request, current mode: Thread 
xPSR: 0x01000000 pc: 0x08000318 msp: 0x10000698
** Programming Started **
Info : device idcode = 0x20016462 (STM32L45/L46xx - Rev Y : 0x2001)
Info : RDP level 0 (0xAA)
Info : flash size = 512 KiB
Info : flash mode : single-bank
Info : Padding image section 1 at 0x0800e51c with 4 bytes (bank write end alignment)
Warn : Adding extra erase range, 0x0800e520 .. 0x0800e7ff
** Programming Finished **
** Resetting Target **
Info : Unable to match requested speed 500 kHz, using 480 kHz
Info : Unable to match requested speed 500 kHz, using 480 kHz
shutdown command invoked
Executing: /home/jamie/Mbed/mbed-ce-test-tools/CI-Shield-Tests/mbed-os/venv/bin/python3.10 -m mbed_host_tests.mbedhtrun --skip-flashing -p /dev/ttyNUCLEO_L452RE_P --skip-reset -m NUCLEO_L452RE_P --baud-rate=115200
[1724951116.53][HTST][INF] host test executor ver. 0.0.16
[1724951116.53][HTST][INF] copy image onto target... SKIPPED!
[1724951116.55][HTST][INF] starting host test process...
[1724951116.56][CONN][INF] starting connection process...
[1724951116.57][CONN][INF] notify event queue about extra 60 sec timeout for serial port pooling
[1724951116.57][CONN][INF] initializing serial port listener... 
[1724951116.57][HTST][INF] setting timeout to: 60 sec
[1724951116.57][SERI][INF] using specified port '/dev/ttyNUCLEO_L452RE_P'
[1724951116.57][SERI][INF] serial(port=/dev/ttyNUCLEO_L452RE_P, baudrate=115200, read_timeout=0.01, write_timeout=5)
[1724951116.57][SERI][TXD] mbedmbedmbedmbedmbedmbedmbedmbedmbedmbed
[1724951116.58][CONN][INF] sending up to 2 __sync packets (specified with --sync=2)
[1724951116.58][CONN][INF] sending preamble '64023650-5364-4db9-9f0b-cb475a1f84c1'
[1724951116.58][SERI][TXD] {{__sync;64023650-5364-4db9-9f0b-cb475a1f84c1}}
[1724951116.59][CONN][RXD] mbedmbedmbedmbedmbedmbedmbedmbed
[1724951116.59][CONN][INF] found SYNC in stream: {{__sync;64023650-5364-4db9-9f0b-cb475a1f84c1}} it is #0 sent, queued...
[1724951116.59][CONN][INF] found KV pair in stream: {{__version;1.3.0}}, queued...
[1724951116.59][HTST][INF] sync KV found, uuid=64023650-5364-4db9-9f0b-cb475a1f84c1, timestamp=1724951116.590078
[1724951116.59][HTST][INF] DUT greentea-client version: 1.3.0
[1724951116.60][CONN][RXD] &gt;&gt;&gt; Running 6 test cases...
[1724951116.60][CONN][INF] found KV pair in stream: {{__timeout;40}}, queued...
[1724951116.60][CONN][INF] found KV pair in stream: {{__host_test_name;default_auto}}, queued...
[1724951116.60][CONN][INF] found KV pair in stream: {{__testcase_name;Interrupt from GPOUT_2 -&gt; GPIN_2}}, queued...
[1724951116.60][HTST][INF] setting timeout to: 40 sec
[1724951116.60][HTST][INF] host test class: '&lt;class 'mbed_os_tools.test.host_tests.default_auto.DefaultAuto'&gt;'
[1724951116.60][HTST][INF] host test setup() call...
[1724951116.60][HTST][INF] CALLBACKs updated
[1724951116.61][HTST][INF] host test detected: default_auto
[1724951116.61][CONN][INF] found KV pair in stream: {{__testcase_name;Interrupt from GPIN_2 -&gt; GPOUT_2}}, queued...
[1724951116.61][CONN][INF] found KV pair in stream: {{__testcase_name;Interrupt from GPOUT_1 -&gt; GPIN_1}}, queued...
[1724951116.63][CONN][RXD] 
[1724951116.63][CONN][INF] found KV pair in stream: {{__testcase_name;Interrupt from GPIN_1 -&gt; GPOUT_1}}, queued...
[1724951116.63][CONN][INF] found KV pair in stream: {{__testcase_name;Interrupt from GPOUT_0 -&gt; GPIN_0}}, queued...
[1724951116.63][CONN][INF] found KV pair in stream: {{__testcase_name;Interrupt from GPIN_0 -&gt; GPOUT_0}}, queued...
[1724951116.64][CONN][RXD] &gt;&gt;&gt; Running case #1: 'Interrupt from GPOUT_2 -&gt; GPIN_2'...
[1724951116.64][CONN][INF] found KV pair in stream: {{__testcase_start;Interrupt from GPOUT_2 -&gt; GPIN_2}}, queued...
[1724951116.65][CONN][RXD] &gt;&gt;&gt; 'Interrupt from GPOUT_2 -&gt; GPIN_2': 1 passed, 0 failed
[1724951116.65][CONN][RXD] &lt;greentea test suite&gt;:0::PASS
[1724951116.65][CONN][RXD] 
[1724951116.65][CONN][INF] found KV pair in stream: {{__testcase_finish;Interrupt from GPOUT_2 -&gt; GPIN_2;1;0}}, queued...
[1724951116.66][CONN][RXD] &gt;&gt;&gt; Running case #2: 'Interrupt from GPIN_2 -&gt; GPOUT_2'...
[1724951116.66][CONN][INF] found KV pair in stream: {{__testcase_start;Interrupt from GPIN_2 -&gt; GPOUT_2}}, queued...
[1724951116.67][CONN][RXD] &gt;&gt;&gt; 'Interrupt from GPIN_2 -&gt; GPOUT_2': 1 passed, 0 failed
[1724951116.67][CONN][RXD] &lt;greentea test suite&gt;:0::PASS
[1724951116.67][CONN][RXD] 
[1724951116.67][CONN][INF] found KV pair in stream: {{__testcase_finish;Interrupt from GPIN_2 -&gt; GPOUT_2;1;0}}, queued...
[1724951116.68][CONN][RXD] &gt;&gt;&gt; Running case #3: 'Interrupt from GPOUT_1 -&gt; GPIN_1'...
[1724951116.68][CONN][INF] found KV pair in stream: {{__testcase_start;Interrupt from GPOUT_1 -&gt; GPIN_1}}, queued...
[1724951116.70][CONN][RXD] &gt;&gt;&gt; 'Interrupt from GPOUT_1 -&gt; GPIN_1': 1 passed, 0 failed
[1724951116.70][CONN][RXD] &lt;greentea test suite&gt;:0::PASS
[1724951116.70][CONN][RXD] 
[1724951116.70][CONN][INF] found KV pair in stream: {{__testcase_finish;Interrupt from GPOUT_1 -&gt; GPIN_1;1;0}}, queued...
[1724951116.71][CONN][RXD] &gt;&gt;&gt; Running case #4: 'Interrupt from GPIN_1 -&gt; GPOUT_1'...
[1724951116.71][CONN][INF] found KV pair in stream: {{__testcase_start;Interrupt from GPIN_1 -&gt; GPOUT_1}}, queued...
[1724951116.72][CONN][RXD] &gt;&gt;&gt; 'Interrupt from GPIN_1 -&gt; GPOUT_1': 1 passed, 0 failed
[1724951116.72][CONN][RXD] &lt;greentea test suite&gt;:0::PASS
[1724951116.72][CONN][RXD] 
[1724951116.72][CONN][INF] found KV pair in stream: {{__testcase_finish;Interrupt from GPIN_1 -&gt; GPOUT_1;1;0}}, queued...
[1724951116.73][CONN][RXD] &gt;&gt;&gt; Running case #5: 'Interrupt from GPOUT_0 -&gt; GPIN_0'...
[1724951116.73][CONN][INF] found KV pair in stream: {{__testcase_start;Interrupt from GPOUT_0 -&gt; GPIN_0}}, queued...
[1724951116.74][CONN][RXD] &gt;&gt;&gt; 'Interrupt from GPOUT_0 -&gt; GPIN_0': 1 passed, 0 failed
[1724951116.74][CONN][RXD] &lt;greentea test suite&gt;:0::PASS
[1724951116.74][CONN][RXD] 
[1724951116.74][CONN][INF] found KV pair in stream: {{__testcase_finish;Interrupt from GPOUT_0 -&gt; GPIN_0;1;0}}, queued...
[1724951116.75][CONN][RXD] &gt;&gt;&gt; Running case #6: 'Interrupt from GPIN_0 -&gt; GPOUT_0'...
[1724951116.75][CONN][INF] found KV pair in stream: {{__testcase_start;Interrupt from GPIN_0 -&gt; GPOUT_0}}, queued...
[1724951116.76][CONN][RXD] &gt;&gt;&gt; 'Interrupt from GPIN_0 -&gt; GPOUT_0': 1 passed, 0 failed
[1724951116.77][CONN][RXD] &lt;greentea test suite&gt;:0::PASS
[1724951116.77][CONN][RXD] 
[1724951116.77][CONN][RXD] &gt;&gt;&gt; Test cases: 6 passed, 0 failed
[1724951116.77][CONN][INF] found KV pair in stream: {{__testcase_finish;Interrupt from GPIN_0 -&gt; GPOUT_0;1;0}}, queued...
[1724951116.78][CONN][RXD] 
[1724951116.78][CONN][RXD] -----------------------
[1724951116.78][CONN][RXD] 0 Tests 0 Failures 0 Ignored 
[1724951116.78][CONN][RXD] OK
[1724951116.78][CONN][INF] found KV pair in stream: {{__testcase_summary;6;0}}, queued...
[1724951116.78][CONN][INF] found KV pair in stream: {{end;success}}, queued...
[1724951116.78][CONN][INF] found KV pair in stream: {{__exit;0}}, queued...
[1724951116.78][HTST][INF] __exit(0)
[1724951116.78][HTST][INF] __notify_complete(True)
[1724951116.78][HTST][INF] __exit_event_queue received
[1724951116.78][HTST][INF] test suite run finished after 0.18 sec...
[1724951116.79][CONN][INF] received special event '__host_test_finished' value='True', finishing
[1724951116.80][HTST][INF] CONN exited with code: 0
[1724951116.80][HTST][INF] Some events in queue
[1724951116.80][HTST][INF] stopped consuming events
[1724951116.80][HTST][INF] host test result() call skipped, received: True
[1724951116.80][HTST][INF] calling blocking teardown()
[1724951116.80][HTST][INF] teardown() finished
[1724951116.80][HTST][INF] {{result;success}}
</system-out>
	</testcase>
	<testcase name="test-testshield-digitalio" classname="test-testshield-digitalio" time="19.154" status="run">
		<system-out>[1/3] Building CXX object CMakeFiles/test-testshield-digitalio.dir/DigitalIOTest.cpp.obj
[2/3] Linking CXX executable test-testshield-digitalio.elf
-- built: /home/jamie/Mbed/mbed-ce-test-tools/CI-Shield-Tests/build/NUCLEO_L452RE_P-Develop/test-testshield-digitalio.bin
-- built: /home/jamie/Mbed/mbed-ce-test-tools/CI-Shield-Tests/build/NUCLEO_L452RE_P-Develop/test-testshield-digitalio.hex
| Module                                   |     .text |    .data |     .bss |
|------------------------------------------|-----------|----------|----------|
| CMakeFiles/test-testshield-digitalio.dir |   962(+0) |    0(+0) |  300(+0) |
| [fill]                                   |   104(+0) |    3(+0) |   43(+0) |
| [lib]/c.a                                |  6100(+0) | 1344(+0) |  373(+0) |
| [lib]/client_userio.a                    |  1480(+0) |   56(+0) |    8(+0) |
| [lib]/gcc.a                              |  3144(+0) |    0(+0) |    0(+0) |
| [lib]/mbed-greentea-io.a                 |    70(+0) |    0(+0) |    0(+0) |
| [lib]/mbed-unity.a                       |   794(+0) |    0(+0) |  224(+0) |
| [lib]/mbed-utest.a                       |  3410(+0) |   13(+0) |  201(+0) |
| [lib]/misc                               |   264(+0) |    4(+0) |   25(+0) |
| mbed-os/CMakeFiles                       | 30360(+0) |  444(+0) | 8722(+0) |
| Subtotals                                | 46688(+0) | 1864(+0) | 9896(+0) |
Total Static RAM memory (data + bss): 11760(+0) bytes
Total Flash memory (text + data): 48552(+0) bytes

[3/3] Flashing test-testshield-digitalio with OpenOCD...
Open On-Chip Debugger 0.12.0+dev-00499-g151b74371 (2024-01-22-10:06)
Licensed under GNU GPL v2
For bug reports, read
	http://openocd.org/doc/doxygen/bugs.html
DEPRECATED! use 'adapter driver' not 'interface'
Info : The selected transport took over low-level target control. The results might differ compared to plain JTAG/SWD
DEPRECATED! use 'adapter serial' not 'hla_serial'
Info : clock speed 500 kHz
Info : STLINK V2J39M27 (API v2) VID:PID 0483:374B
Info : Target voltage: 3.240553
Info : [stm32l4x.cpu] Cortex-M4 r0p1 processor detected
Info : [stm32l4x.cpu] target has 6 breakpoints, 4 watchpoints
Info : [stm32l4x.cpu] Examination succeed
Info : gdb port disabled
Info : Unable to match requested speed 500 kHz, using 480 kHz
Info : Unable to match requested speed 500 kHz, using 480 kHz
[stm32l4x.cpu] halted due to debug-request, current mode: Thread 
xPSR: 0x01000000 pc: 0x08000318 msp: 0x10000698
** Programming Started **
Info : device idcode = 0x20016462 (STM32L45/L46xx - Rev Y : 0x2001)
Info : RDP level 0 (0xAA)
Info : flash size = 512 KiB
Info : flash mode : single-bank
Info : Padding image section 1 at 0x0800dc1c with 4 bytes (bank write end alignment)
Warn : Adding extra erase range, 0x0800dc20 .. 0x0800dfff
** Programming Finished **
** Resetting Target **
Info : Unable to match requested speed 500 kHz, using 480 kHz
Info : Unable to match requested speed 500 kHz, using 480 kHz
shutdown command invoked
Executing: /home/jamie/Mbed/mbed-ce-test-tools/CI-Shield-Tests/mbed-os/venv/bin/python3.10 -m mbed_host_tests.mbedhtrun --skip-flashing -p /dev/ttyNUCLEO_L452RE_P --skip-reset -m NUCLEO_L452RE_P --baud-rate=115200
[1724951135.75][HTST][INF] host test executor ver. 0.0.16
[1724951135.75][HTST][INF] copy image onto target... SKIPPED!
[1724951135.77][HTST][INF] starting host test process...
[1724951135.78][CONN][INF] starting connection process...
[1724951135.78][CONN][INF] notify event queue about extra 60 sec timeout for serial port pooling
[1724951135.78][CONN][INF] initializing serial port listener... 
[1724951135.79][SERI][INF] using specified port '/dev/ttyNUCLEO_L452RE_P'
[1724951135.79][SERI][INF] serial(port=/dev/ttyNUCLEO_L452RE_P, baudrate=115200, read_timeout=0.01, write_timeout=5)
[1724951135.79][HTST][INF] setting timeout to: 60 sec
[1724951135.79][SERI][TXD] mbedmbedmbedmbedmbedmbedmbedmbedmbedmbed
[1724951135.79][CONN][INF] sending up to 2 __sync packets (specified with --sync=2)
[1724951135.79][CONN][INF] sending preamble '4d3b1fcf-8c81-4c67-aad1-961da97609c0'
[1724951135.80][SERI][TXD] {{__sync;4d3b1fcf-8c81-4c67-aad1-961da97609c0}}
[1724951135.81][CONN][RXD] mbedmbedmbedmbedmbedmbedmbedmbed
[1724951135.81][CONN][INF] found SYNC in stream: {{__sync;4d3b1fcf-8c81-4c67-aad1-961da97609c0}} it is #0 sent, queued...
[1724951135.81][HTST][INF] sync KV found, uuid=4d3b1fcf-8c81-4c67-aad1-961da97609c0, timestamp=1724951135.807186
[1724951135.82][CONN][RXD] &gt;&gt;&gt; Running 4 test cases...
[1724951135.82][CONN][INF] found KV pair in stream: {{__version;1.3.0}}, queued...
[1724951135.82][CONN][INF] found KV pair in stream: {{__timeout;30}}, queued...
[1724951135.82][CONN][INF] found KV pair in stream: {{__host_test_name;default_auto}}, queued...
[1724951135.82][HTST][INF] DUT greentea-client version: 1.3.0
[1724951135.82][HTST][INF] setting timeout to: 30 sec
[1724951135.82][HTST][INF] host test class: '&lt;class 'mbed_os_tools.test.host_tests.default_auto.DefaultAuto'&gt;'
[1724951135.82][HTST][INF] host test setup() call...
[1724951135.82][HTST][INF] CALLBACKs updated
[1724951135.82][HTST][INF] host test detected: default_auto
[1724951135.83][CONN][INF] found KV pair in stream: {{__testcase_name;Digital I/O GPOUT_0 -&gt; GPIN_0}}, queued...
[1724951135.83][CONN][INF] found KV pair in stream: {{__testcase_name;Digital I/O GPOUT_1 -&gt; GPIN_1}}, queued...
[1724951135.83][CONN][INF] found KV pair in stream: {{__testcase_name;Digital I/O GPIN_2 -&gt; GPOUT_2}}, queued...
[1724951135.84][CONN][RXD] 
[1724951135.84][CONN][RXD] &gt;&gt;&gt; Running case #1: 'Digital I/O GPOUT_0 -&gt; GPIN_0'...
[1724951135.84][CONN][INF] found KV pair in stream: {{__testcase_name;Digital I/O GPOUT_2 -&gt; GPIN_2}}, queued...
[1724951135.84][CONN][INF] found KV pair in stream: {{__testcase_start;Digital I/O GPOUT_0 -&gt; GPIN_0}}, queued...
[1724951135.85][CONN][RXD] &gt;&gt;&gt; 'Digital I/O GPOUT_0 -&gt; GPIN_0': 1 passed, 0 failed
[1724951135.85][CONN][INF] found KV pair in stream: {{__testcase_finish;Digital I/O GPOUT_0 -&gt; GPIN_0;1;0}}, queued...
[1724951135.87][CONN][RXD] &lt;greentea test suite&gt;:0::PASS
[1724951135.87][CONN][RXD] 
[1724951135.87][CONN][RXD] &gt;&gt;&gt; Running case #2: 'Digital I/O GPOUT_1 -&gt; GPIN_1'...
[1724951135.87][CONN][INF] found KV pair in stream: {{__testcase_start;Digital I/O GPOUT_1 -&gt; GPIN_1}}, queued...
[1724951135.88][CONN][RXD] &gt;&gt;&gt; 'Digital I/O GPOUT_1 -&gt; GPIN_1': 1 passed, 0 failed
[1724951135.88][CONN][RXD] &lt;greentea test suite&gt;:0::PASS
[1724951135.88][CONN][RXD] 
[1724951135.88][CONN][INF] found KV pair in stream: {{__testcase_finish;Digital I/O GPOUT_1 -&gt; GPIN_1;1;0}}, queued...
[1724951135.89][CONN][RXD] &gt;&gt;&gt; Running case #3: 'Digital I/O GPIN_2 -&gt; GPOUT_2'...
[1724951135.89][CONN][INF] found KV pair in stream: {{__testcase_start;Digital I/O GPIN_2 -&gt; GPOUT_2}}, queued...
[1724951135.90][CONN][RXD] &gt;&gt;&gt; 'Digital I/O GPIN_2 -&gt; GPOUT_2': 1 passed, 0 failed
[1724951135.90][CONN][RXD] &lt;greentea test suite&gt;:0::PASS
[1724951135.90][CONN][RXD] 
[1724951135.90][CONN][INF] found KV pair in stream: {{__testcase_finish;Digital I/O GPIN_2 -&gt; GPOUT_2;1;0}}, queued...
[1724951135.91][CONN][RXD] &gt;&gt;&gt; Running case #4: 'Digital I/O GPOUT_2 -&gt; GPIN_2'...
[1724951135.91][CONN][INF] found KV pair in stream: {{__testcase_start;Digital I/O GPOUT_2 -&gt; GPIN_2}}, queued...
[1724951135.92][CONN][RXD] &gt;&gt;&gt; 'Digital I/O GPOUT_2 -&gt; GPIN_2': 1 passed, 0 failed
[1724951135.92][CONN][RXD] &lt;greentea test suite&gt;:0::PASS
[1724951135.92][CONN][RXD] 
[1724951135.92][CONN][RXD] &gt;&gt;&gt; Test cases: 4 passed, 0 failed
[1724951135.92][CONN][RXD] 
[1724951135.92][CONN][INF] found KV pair in stream: {{__testcase_finish;Digital I/O GPOUT_2 -&gt; GPIN_2;1;0}}, queued...
[1724951135.93][CONN][RXD] -----------------------
[1724951135.94][CONN][RXD] 0 Tests 0 Failures 0 Ignored 
[1724951135.94][CONN][RXD] OK
[1724951135.94][CONN][INF] found KV pair in stream: {{__testcase_summary;4;0}}, queued...
[1724951135.94][CONN][INF] found KV pair in stream: {{end;success}}, queued...
[1724951135.94][CONN][INF] found KV pair in stream: {{__exit;0}}, queued...
[1724951135.94][HTST][INF] __exit(0)
[1724951135.94][HTST][INF] __notify_complete(True)
[1724951135.94][HTST][INF] __exit_event_queue received
[1724951135.94][HTST][INF] test suite run finished after 0.12 sec...
[1724951135.95][CONN][INF] received special event '__host_test_finished' value='True', finishing
[1724951135.96][HTST][INF] CONN exited with code: 0
[1724951135.96][HTST][INF] Some events in queue
[1724951135.96][HTST][INF] stopped consuming events
[1724951135.96][HTST][INF] host test result() call skipped, received: True
[1724951135.96][HTST][INF] calling blocking teardown()
[1724951135.96][HTST][INF] teardown() finished
[1724951135.96][HTST][INF] {{result;success}}
</system-out>
	</testcase>
	<testcase name="test-testshield-digitalio-prop-time" classname="test-testshield-digitalio-prop-time" time="19.6674" status="run">
		<system-out>[1/3] Building CXX object CMakeFiles/test-testshield-digitalio-prop-time.dir/DigitalIOPropagationTimeTest.cpp.obj
[2/3] Linking CXX executable test-testshield-digitalio-prop-time.elf
-- built: /home/jamie/Mbed/mbed-ce-test-tools/CI-Shield-Tests/build/NUCLEO_L452RE_P-Develop/test-testshield-digitalio-prop-time.bin
-- built: /home/jamie/Mbed/mbed-ce-test-tools/CI-Shield-Tests/build/NUCLEO_L452RE_P-Develop/test-testshield-digitalio-prop-time.hex
| Module                                             |     .text |    .data |     .bss |
|----------------------------------------------------|-----------|----------|----------|
| CMakeFiles/test-testshield-digitalio-prop-time.dir |  1756(+0) |    0(+0) |  244(+0) |
| [fill]                                             |   154(+0) |    3(+0) |   43(+0) |
| [lib]/c.a                                          |  6100(+0) | 1344(+0) |  373(+0) |
| [lib]/client_userio.a                              |  1480(+0) |   56(+0) |    8(+0) |
| [lib]/gcc.a                                        |  3144(+0) |    0(+0) |    0(+0) |
| [lib]/mbed-greentea-io.a                           |    70(+0) |    0(+0) |    0(+0) |
| [lib]/mbed-unity.a                                 |   794(+0) |    0(+0) |  224(+0) |
| [lib]/mbed-utest.a                                 |  3410(+0) |   13(+0) |  201(+0) |
| [lib]/misc                                         |   264(+0) |    4(+0) |   25(+0) |
| mbed-os/CMakeFiles                                 | 30732(+0) |  444(+0) | 8722(+0) |
| Subtotals                                          | 47904(+0) | 1864(+0) | 9840(+0) |
Total Static RAM memory (data + bss): 11704(+0) bytes
Total Flash memory (text + data): 49768(+0) bytes

[3/3] Flashing test-testshield-digitalio-prop-time with OpenOCD...
Open On-Chip Debugger 0.12.0+dev-00499-g151b74371 (2024-01-22-10:06)
Licensed under GNU GPL v2
For bug reports, read
	http://openocd.org/doc/doxygen/bugs.html
DEPRECATED! use 'adapter driver' not 'interface'
Info : The selected transport took over low-level target control. The results might differ compared to plain JTAG/SWD
DEPRECATED! use 'adapter serial' not 'hla_serial'
Info : clock speed 500 kHz
Info : STLINK V2J39M27 (API v2) VID:PID 0483:374B
Info : Target voltage: 3.240553
Info : [stm32l4x.cpu] Cortex-M4 r0p1 processor detected
Info : [stm32l4x.cpu] target has 6 breakpoints, 4 watchpoints
Info : [stm32l4x.cpu] Examination succeed
Info : gdb port disabled
Info : Unable to match requested speed 500 kHz, using 480 kHz
Info : Unable to match requested speed 500 kHz, using 480 kHz
[stm32l4x.cpu] halted due to debug-request, current mode: Thread 
xPSR: 0x01000000 pc: 0x08000318 msp: 0x10000698
** Programming Started **
Info : device idcode = 0x20016462 (STM32L45/L46xx - Rev Y : 0x2001)
Info : RDP level 0 (0xAA)
Info : flash size = 512 KiB
Info : flash mode : single-bank
** Programming Finished **
** Resetting Target **
Info : Unable to match requested speed 500 kHz, using 480 kHz
Info : Unable to match requested speed 500 kHz, using 480 kHz
shutdown command invoked
Executing: /home/jamie/Mbed/mbed-ce-test-tools/CI-Shield-Tests/mbed-os/venv/bin/python3.10 -m mbed_host_tests.mbedhtrun --skip-flashing -p /dev/ttyNUCLEO_L452RE_P --skip-reset -m NUCLEO_L452RE_P --baud-rate=115200
[1724951155.33][HTST][INF] host test executor ver. 0.0.16
[1724951155.33][HTST][INF] copy image onto target... SKIPPED!
[1724951155.35][HTST][INF] starting host test process...
[1724951155.36][CONN][INF] starting connection process...
[1724951155.37][CONN][INF] notify event queue about extra 60 sec timeout for serial port pooling
[1724951155.37][CONN][INF] initializing serial port listener... 
[1724951155.37][SERI][INF] using specified port '/dev/ttyNUCLEO_L452RE_P'
[1724951155.37][SERI][INF] serial(port=/dev/ttyNUCLEO_L452RE_P, baudrate=115200, read_timeout=0.01, write_timeout=5)
[1724951155.37][HTST][INF] setting timeout to: 60 sec
[1724951155.38][SERI][TXD] mbedmbedmbedmbedmbedmbedmbedmbedmbedmbed
[1724951155.38][CONN][INF] sending up to 2 __sync packets (specified with --sync=2)
[1724951155.38][CONN][INF] sending preamble '90901935-05f7-4fb3-8ea9-7facbbc50e7d'
[1724951155.38][SERI][TXD] {{__sync;90901935-05f7-4fb3-8ea9-7facbbc50e7d}}
[1724951155.39][CONN][RXD] mbedmbedmbedmbedmbedmbedmbedmbed
[1724951155.39][CONN][INF] found SYNC in stream: {{__sync;90901935-05f7-4fb3-8ea9-7facbbc50e7d}} it is #0 sent, queued...
[1724951155.39][HTST][INF] sync KV found, uuid=90901935-05f7-4fb3-8ea9-7facbbc50e7d, timestamp=1724951155.390070
[1724951155.40][CONN][RXD] &gt;&gt;&gt; Running 6 test cases...
[1724951155.40][CONN][INF] found KV pair in stream: {{__version;1.3.0}}, queued...
[1724951155.40][CONN][INF] found KV pair in stream: {{__timeout;30}}, queued...
[1724951155.40][HTST][INF] DUT greentea-client version: 1.3.0
[1724951155.40][CONN][INF] found KV pair in stream: {{__host_test_name;default_auto}}, queued...
[1724951155.40][HTST][INF] setting timeout to: 30 sec
[1724951155.40][HTST][INF] host test class: '&lt;class 'mbed_os_tools.test.host_tests.default_auto.DefaultAuto'&gt;'
[1724951155.40][HTST][INF] host test setup() call...
[1724951155.40][HTST][INF] CALLBACKs updated
[1724951155.40][HTST][INF] host test detected: default_auto
[1724951155.41][CONN][INF] found KV pair in stream: {{__testcase_name;Digital I/O GPOUT_0 -&gt; GPIN_0}}, queued...
[1724951155.41][CONN][INF] found KV pair in stream: {{__testcase_name;Digital I/O GPIN_0 -&gt; GPOUT_0}}, queued...
[1724951155.42][CONN][INF] found KV pair in stream: {{__testcase_name;Digital I/O GPOUT_1 -&gt; GPIN_1}}, queued...
[1724951155.43][CONN][RXD] 
[1724951155.43][CONN][INF] found KV pair in stream: {{__testcase_name;Digital I/O GPIN_1 -&gt; GPOUT_1}}, queued...
[1724951155.43][CONN][INF] found KV pair in stream: {{__testcase_name;Digital I/O GPOUT_2 -&gt; GPIN_2}}, queued...
[1724951155.43][CONN][INF] found KV pair in stream: {{__testcase_name;Digital I/O GPIN_2 -&gt; GPOUT_2}}, queued...
[1724951155.44][CONN][RXD] &gt;&gt;&gt; Running case #1: 'Digital I/O GPOUT_0 -&gt; GPIN_0'...
[1724951155.44][CONN][RXD] 0 -&gt; 1 propagation took 5us.
[1724951155.44][CONN][INF] found KV pair in stream: {{__testcase_start;Digital I/O GPOUT_0 -&gt; GPIN_0}}, queued...
[1724951155.45][CONN][RXD] 1 -&gt; 0 propagation took 5us.
[1724951155.45][CONN][RXD] &gt;&gt;&gt; 'Digital I/O GPOUT_0 -&gt; GPIN_0': 1 passed, 0 failed
[1724951155.45][CONN][INF] found KV pair in stream: {{__testcase_finish;Digital I/O GPOUT_0 -&gt; GPIN_0;1;0}}, queued...
[1724951155.46][CONN][RXD] &lt;greentea test suite&gt;:0::PASS
[1724951155.46][CONN][RXD] 
[1724951155.46][CONN][RXD] &gt;&gt;&gt; Running case #2: 'Digital I/O GPIN_0 -&gt; GPOUT_0'...
[1724951155.46][CONN][INF] found KV pair in stream: {{__testcase_start;Digital I/O GPIN_0 -&gt; GPOUT_0}}, queued...
[1724951155.47][CONN][RXD] 0 -&gt; 1 propagation took 6us.
[1724951155.47][CONN][RXD] 1 -&gt; 0 propagation took 5us.
[1724951155.47][CONN][INF] found KV pair in stream: {{__testcase_finish;Digital I/O GPIN_0 -&gt; GPOUT_0;1;0}}, queued...
[1724951155.48][CONN][RXD] &gt;&gt;&gt; 'Digital I/O GPIN_0 -&gt; GPOUT_0': 1 passed, 0 failed
[1724951155.49][CONN][RXD] &lt;greentea test suite&gt;:0::PASS
[1724951155.49][CONN][RXD] 
[1724951155.49][CONN][RXD] &gt;&gt;&gt; Running case #3: 'Digital I/O GPOUT_1 -&gt; GPIN_1'...
[1724951155.50][CONN][RXD] 0 -&gt; 1 propagation took 5us.
[1724951155.50][CONN][RXD] 1 -&gt; 0 propagation took 5us.
[1724951155.50][CONN][INF] found KV pair in stream: {{__testcase_start;Digital I/O GPOUT_1 -&gt; GPIN_1}}, queued...
[1724951155.51][CONN][RXD] &gt;&gt;&gt; 'Digital I/O GPOUT_1 -&gt; GPIN_1': 1 passed, 0 failed
[1724951155.51][CONN][RXD] &lt;greentea test suite&gt;:0::PASS
[1724951155.51][CONN][RXD] 
[1724951155.51][CONN][INF] found KV pair in stream: {{__testcase_finish;Digital I/O GPOUT_1 -&gt; GPIN_1;1;0}}, queued...
[1724951155.52][CONN][RXD] &gt;&gt;&gt; Running case #4: 'Digital I/O GPIN_1 -&gt; GPOUT_1'...
[1724951155.52][CONN][RXD] 0 -&gt; 1 propagation took 6us.
[1724951155.52][CONN][INF] found KV pair in stream: {{__testcase_start;Digital I/O GPIN_1 -&gt; GPOUT_1}}, queued...
[1724951155.53][CONN][RXD] 1 -&gt; 0 propagation took 17us.
[1724951155.53][CONN][RXD] &gt;&gt;&gt; 'Digital I/O GPIN_1 -&gt; GPOUT_1': 1 passed, 0 failed
[1724951155.53][CONN][INF] found KV pair in stream: {{__testcase_finish;Digital I/O GPIN_1 -&gt; GPOUT_1;1;0}}, queued...
[1724951155.54][CONN][RXD] &lt;greentea test suite&gt;:0::PASS
[1724951155.54][CONN][RXD] 
[1724951155.54][CONN][RXD] &gt;&gt;&gt; Running case #5: 'Digital I/O GPOUT_2 -&gt; GPIN_2'...
[1724951155.54][CONN][INF] found KV pair in stream: {{__testcase_start;Digital I/O GPOUT_2 -&gt; GPIN_2}}, queued...
[1724951155.55][CONN][RXD] 0 -&gt; 1 propagation took 6us.
[1724951155.55][CONN][RXD] 1 -&gt; 0 propagation took 5us.
[1724951155.56][CONN][INF] found KV pair in stream: {{__testcase_finish;Digital I/O GPOUT_2 -&gt; GPIN_2;1;0}}, queued...
[1724951155.57][CONN][RXD] &gt;&gt;&gt; 'Digital I/O GPOUT_2 -&gt; GPIN_2': 1 passed, 0 failed
[1724951155.57][CONN][RXD] &lt;greentea test suite&gt;:0::PASS
[1724951155.57][CONN][RXD] 
[1724951155.57][CONN][RXD] &gt;&gt;&gt; Running case #6: 'Digital I/O GPIN_2 -&gt; GPOUT_2'...
[1724951155.58][CONN][RXD] 0 -&gt; 1 propagation took 6us.
[1724951155.58][CONN][RXD] 1 -&gt; 0 propagation took 5us.
[1724951155.58][CONN][INF] found KV pair in stream: {{__testcase_start;Digital I/O GPIN_2 -&gt; GPOUT_2}}, queued...
[1724951155.59][CONN][RXD] &gt;&gt;&gt; 'Digital I/O GPIN_2 -&gt; GPOUT_2': 1 passed, 0 failed
[1724951155.59][CONN][RXD] &lt;greentea test suite&gt;:0::PASS
[1724951155.59][CONN][RXD] 
[1724951155.59][CONN][INF] found KV pair in stream: {{__testcase_finish;Digital I/O GPIN_2 -&gt; GPOUT_2;1;0}}, queued...
[1724951155.60][CONN][RXD] &gt;&gt;&gt; Test cases: 6 passed, 0 failed
[1724951155.60][CONN][RXD] 
[1724951155.60][CONN][RXD] -----------------------
[1724951155.60][CONN][RXD] 0 Tests 0 Failures 0 Ignored 
[1724951155.60][CONN][RXD] OK
[1724951155.60][CONN][INF] found KV pair in stream: {{__testcase_summary;6;0}}, queued...
[1724951155.60][CONN][INF] found KV pair in stream: {{end;success}}, queued...
[1724951155.60][CONN][INF] found KV pair in stream: {{__exit;0}}, queued...
[1724951155.60][HTST][INF] __exit(0)
[1724951155.61][HTST][INF] __notify_complete(True)
[1724951155.61][HTST][INF] __exit_event_queue received
[1724951155.61][HTST][INF] test suite run finished after 0.20 sec...
[1724951155.61][CONN][INF] received special event '__host_test_finished' value='True', finishing
[1724951155.62][HTST][INF] CONN exited with code: 0
[1724951155.62][HTST][INF] Some events in queue
[1724951155.62][HTST][INF] stopped consuming events
[1724951155.62][HTST][INF] host test result() call skipped, received: True
[1724951155.62][HTST][INF] calling blocking teardown()
[1724951155.62][HTST][INF] teardown() finished
[1724951155.62][HTST][INF] {{result;success}}
</system-out>
	</testcase>
	<testcase name="test-testshield-i2c-basic" classname="test-testshield-i2c-basic" time="28.6938" status="fail">
		<failure message=""/>
		<system-out>[1/1] Flashing test-testshield-i2c-basic with OpenOCD...
Open On-Chip Debugger 0.12.0+dev-00499-g151b74371 (2024-01-22-10:06)
Licensed under GNU GPL v2
For bug reports, read
	http://openocd.org/doc/doxygen/bugs.html
DEPRECATED! use 'adapter driver' not 'interface'
Info : The selected transport took over low-level target control. The results might differ compared to plain JTAG/SWD
DEPRECATED! use 'adapter serial' not 'hla_serial'
Info : clock speed 500 kHz
Info : STLINK V2J39M27 (API v2) VID:PID 0483:374B
Info : Target voltage: 3.240553
Info : [stm32l4x.cpu] Cortex-M4 r0p1 processor detected
Info : [stm32l4x.cpu] target has 6 breakpoints, 4 watchpoints
Info : [stm32l4x.cpu] Examination succeed
Info : gdb port disabled
Info : Unable to match requested speed 500 kHz, using 480 kHz
Info : Unable to match requested speed 500 kHz, using 480 kHz
[stm32l4x.cpu] halted due to debug-request, current mode: Thread 
xPSR: 0x01000000 pc: 0x08000318 msp: 0x10000698
** Programming Started **
Info : device idcode = 0x20016462 (STM32L45/L46xx - Rev Y : 0x2001)
Info : RDP level 0 (0xAA)
Info : flash size = 512 KiB
Info : flash mode : single-bank
Warn : Adding extra erase range, 0x08012210 .. 0x080127ff
** Programming Finished **
** Resetting Target **
Info : Unable to match requested speed 500 kHz, using 480 kHz
Info : Unable to match requested speed 500 kHz, using 480 kHz
shutdown command invoked
Executing: /home/jamie/Mbed/mbed-ce-test-tools/CI-Shield-Tests/mbed-os/venv/bin/python3.10 -m mbed_host_tests.mbedhtrun --skip-flashing -p /dev/ttyNUCLEO_L452RE_P --skip-reset -e /home/jamie/Mbed/mbed-ce-test-tools/CI-Shield-Tests/host_tests -m NUCLEO_L452RE_P --baud-rate=115200
Will use any connected CI shield for this test.  Export the MBED_CI_SHIELD_SERIAL_NUMBER environment var to select a specific shield.
e.g. 'export MBED_CI_SHIELD_SERIAL_NUMBER=SN002'
[1724951233.61][HTST][INF] host test executor ver. 0.0.16
[1724951233.61][HTST][INF] copy image onto target... SKIPPED!
[1724951233.62][HTST][INF] starting host test process...
[1724951233.63][CONN][INF] starting connection process...
[1724951233.63][CONN][INF] notify event queue about extra 60 sec timeout for serial port pooling
[1724951233.63][CONN][INF] initializing serial port listener... 
[1724951233.63][SERI][INF] using specified port '/dev/ttyNUCLEO_L452RE_P'
[1724951233.64][SERI][INF] serial(port=/dev/ttyNUCLEO_L452RE_P, baudrate=115200, read_timeout=0.01, write_timeout=5)
[1724951233.64][HTST][INF] setting timeout to: 60 sec
[1724951233.64][SERI][TXD] mbedmbedmbedmbedmbedmbedmbedmbedmbedmbed
[1724951233.64][CONN][INF] sending up to 2 __sync packets (specified with --sync=2)
[1724951233.64][CONN][INF] sending preamble '06b8e667-64c8-458f-a1a0-5d1ee8c2c881'
[1724951233.65][SERI][TXD] {{__sync;06b8e667-64c8-458f-a1a0-5d1ee8c2c881}}
[1724951233.66][CONN][WRN] UnicodeDecodeError encountered!
[1724951233.66][CONN][RXD] mbedmbedmbedmbedmbedmbedmbedmbed
[1724951233.66][CONN][INF] found SYNC in stream: {{__sync;06b8e667-64c8-458f-a1a0-5d1ee8c2c881}} it is #0 sent, queued...
[1724951233.66][HTST][INF] sync KV found, uuid=06b8e667-64c8-458f-a1a0-5d1ee8c2c881, timestamp=1724951233.657325
[1724951233.67][CONN][RXD] &gt;&gt;&gt; Running 22 test cases...
[1724951233.67][CONN][INF] found KV pair in stream: {{__version;1.3.0}}, queued...
[1724951233.67][CONN][INF] found KV pair in stream: {{__timeout;30}}, queued...
[1724951233.67][CONN][INF] found KV pair in stream: {{__host_test_name;i2c_basic_test}}, queued...
[1724951233.67][HTST][INF] DUT greentea-client version: 1.3.0
[1724951233.67][HTST][INF] setting timeout to: 30 sec
[1724951233.67][HTST][INF] host test class: '&lt;class 'i2c_basic_test.I2CBasicTestHostTest'&gt;'
[1724951233.67][TEST][INF] I2C Basic Test host test setup complete.
[1724951233.67][HTST][INF] host test setup() call...
[1724951233.67][HTST][INF] CALLBACKs updated
[1724951233.67][HTST][INF] host test detected: i2c_basic_test
[1724951233.68][CONN][INF] found KV pair in stream: {{__testcase_name;Correct Address - Single Byte}}, queued...
[1724951233.68][CONN][INF] found KV pair in stream: {{__testcase_name;Correct Address - Transaction}}, queued...
[1724951233.68][CONN][INF] found KV pair in stream: {{__testcase_name;Incorrect Address - Single Byte}}, queued...
[1724951233.69][CONN][INF] found KV pair in stream: {{__testcase_name;Incorrect Address - Zero Length Transaction}}, queued...
[1724951233.69][CONN][INF] found KV pair in stream: {{__testcase_name;Incorrect Address - Write Transaction}}, queued...
[1724951233.70][CONN][INF] found KV pair in stream: {{__testcase_name;Incorrect Address - Read Transaction}}, queued...
[1724951233.70][CONN][INF] found KV pair in stream: {{__testcase_name;Incorrect Address - Async}}, queued...
[1724951233.70][CONN][INF] found KV pair in stream: {{__testcase_name;Simple Write - Single Byte}}, queued...
[1724951233.72][CONN][INF] found KV pair in stream: {{__testcase_name;Destroy and Recreate Object}}, queued...
[1724951233.72][CONN][INF] found KV pair in stream: {{__testcase_name;Simple Read - Single Byte}}, queued...
[1724951233.72][CONN][INF] found KV pair in stream: {{__testcase_name;Simple Write - Transaction}}, queued...
[1724951233.73][CONN][INF] found KV pair in stream: {{__testcase_name;Simple Read - Transaction}}, queued...
[1724951233.73][CONN][INF] found KV pair in stream: {{__testcase_name;Mixed Usage - Single Byte -&gt; repeated -&gt; Transaction}}, queued...
[1724951233.74][CONN][INF] found KV pair in stream: {{__testcase_name;Mixed Usage - Transaction -&gt; repeated -&gt; Single Byte}}, queued...
[1724951233.74][CONN][INF] found KV pair in stream: {{__testcase_name;Simple Write - Async}}, queued...
[1724951233.75][CONN][INF] found KV pair in stream: {{__testcase_name;Destroy and Recreate Object (between async calls)}}, queued...
[1724951233.75][CONN][INF] found KV pair in stream: {{__testcase_name;Simple Read - Async}}, queued...
[1724951233.76][CONN][INF] found KV pair in stream: {{__testcase_name;Mixed Usage - Async -&gt; repeated -&gt; Transaction}}, queued...
[1724951233.76][CONN][INF] found KV pair in stream: {{__testcase_name;Mixed Usage - Async -&gt; repeated -&gt; Single Byte}}, queued...
[1724951233.77][CONN][RXD] 
[1724951233.77][CONN][INF] found KV pair in stream: {{__testcase_name;Mixed Usage - Transaction -&gt; repeated -&gt; Async}}, queued...
[1724951233.77][CONN][INF] found KV pair in stream: {{__testcase_name;Mixed Usage - Single Byte -&gt; repeated -&gt; Async}}, queued...
[1724951233.77][CONN][INF] found KV pair in stream: {{__testcase_name;Async causes thread to sleep?}}, queued...
[1724951233.78][CONN][RXD] &gt;&gt;&gt; Running case #1: 'Correct Address - Single Byte'...
[1724951233.78][CONN][INF] found KV pair in stream: {{__testcase_start;Correct Address - Single Byte}}, queued...
[1724951233.80][CONN][INF] found KV pair in stream: {{start_recording_i2c;please}}, queued...
[1724951234.81][SERI][TXD] {{start_recording_i2c;complete}}
[1724951234.82][CONN][INF] found KV pair in stream: {{verify_sequence;correct_addr_only}}, queued...
[1724951234.90][TEST][INF] Saw on the I2C bus:
Start Wr[0xa0] Ack 0x00 Ack Stop

[1724951234.90][TEST][ERR] Expected length differs from actual!
[1724951234.90][TEST][INF] We expected:
Start Wr[0xa0] Ack Stop

[1724951234.91][SERI][TXD] {{verify_sequence;failed}}
[1724951234.92][CONN][RXD] &lt;greentea test suite&gt;:55::FAIL: Expected 'complete' Was 'failed'
[1724951234.93][CONN][RXD] &gt;&gt;&gt; 'Correct Address - Single Byte': 0 passed, 1 failed with reason 'Test Cases Failed'
[1724951234.93][CONN][RXD] 
[1724951234.93][CONN][RXD] 
[1724951234.93][CONN][INF] found KV pair in stream: {{__testcase_finish;Correct Address - Single Byte;0;1}}, queued...
[1724951234.94][CONN][RXD] &gt;&gt;&gt; Running case #2: 'Correct Address - Transaction'...
[1724951234.94][CONN][INF] found KV pair in stream: {{__testcase_start;Correct Address - Transaction}}, queued...
[1724951234.94][CONN][INF] found KV pair in stream: {{start_recording_i2c;please}}, queued...
[1724951235.96][SERI][TXD] {{start_recording_i2c;complete}}
[1724951235.97][CONN][INF] found KV pair in stream: {{verify_sequence;correct_addr_only}}, queued...
[1724951236.04][TEST][INF] Saw on the I2C bus:
Start Wr[0xa0] Ack Stop

[1724951236.05][SERI][TXD] {{verify_sequence;complete}}
[1724951236.06][CONN][INF] found KV pair in stream: {{__testcase_finish;Correct Address - Transaction;1;0}}, queued...
[1724951236.07][CONN][RXD] &gt;&gt;&gt; 'Correct Address - Transaction': 1 passed, 0 failed
[1724951236.07][CONN][RXD] &lt;greentea test suite&gt;:0::PASS
[1724951236.07][CONN][RXD] 
[1724951236.07][CONN][RXD] &gt;&gt;&gt; Running case #3: 'Incorrect Address - Single Byte'...
[1724951236.09][CONN][INF] found KV pair in stream: {{__testcase_start;Incorrect Address - Single Byte}}, queued...
[1724951236.09][CONN][INF] found KV pair in stream: {{start_recording_i2c;please}}, queued...
[1724951237.09][SERI][TXD] {{start_recording_i2c;complete}}
[1724951237.11][CONN][INF] found KV pair in stream: {{verify_sequence;incorrect_addr_only_write}}, queued...
[1724951237.18][TEST][INF] Saw on the I2C bus:
Start Wr[0x20] Nack Stop

[1724951237.18][SERI][TXD] {{verify_sequence;complete}}
[1724951237.19][CONN][INF] found KV pair in stream: {{__testcase_finish;Incorrect Address - Single Byte;1;0}}, queued...
[1724951237.20][CONN][RXD] &gt;&gt;&gt; 'Incorrect Address - Single Byte': 1 passed, 0 failed
[1724951237.20][CONN][RXD] &lt;greentea test suite&gt;:0::PASS
[1724951237.20][CONN][RXD] 
[1724951237.20][CONN][RXD] &gt;&gt;&gt; Running case #4: 'Incorrect Address - Zero Length Transaction'...
[1724951237.21][CONN][INF] found KV pair in stream: {{__testcase_start;Incorrect Address - Zero Length Transaction}}, queued...
[1724951237.21][CONN][INF] found KV pair in stream: {{start_recording_i2c;please}}, queued...
[1724951238.23][SERI][TXD] {{start_recording_i2c;complete}}
[1724951238.24][CONN][INF] found KV pair in stream: {{verify_sequence;incorrect_addr_only_write}}, queued...
[1724951238.31][TEST][INF] Saw on the I2C bus:
Start Wr[0x20] Nack Stop

[1724951238.33][SERI][TXD] {{verify_sequence;complete}}
[1724951238.34][CONN][INF] found KV pair in stream: {{__testcase_finish;Incorrect Address - Zero Length Transaction;1;0}}, queued...
[1724951238.35][CONN][RXD] &gt;&gt;&gt; 'Incorrect Address - Zero Length Transaction': 1 passed, 0 failed
[1724951238.35][CONN][RXD] &lt;greentea test suite&gt;:0::PASS
[1724951238.35][CONN][RXD] 
[1724951238.36][CONN][RXD] &gt;&gt;&gt; Running case #5: 'Incorrect Address - Write Transaction'...
[1724951238.36][CONN][INF] found KV pair in stream: {{__testcase_start;Incorrect Address - Write Transaction}}, queued...
[1724951238.36][CONN][INF] found KV pair in stream: {{start_recording_i2c;please}}, queued...
[1724951239.37][SERI][TXD] {{start_recording_i2c;complete}}
[1724951239.38][CONN][INF] found KV pair in stream: {{verify_sequence;incorrect_addr_only_write}}, queued...
[1724951239.45][TEST][INF] Saw on the I2C bus:
Start Wr[0x20] Nack Stop

[1724951239.46][SERI][TXD] {{verify_sequence;complete}}
[1724951239.47][CONN][INF] found KV pair in stream: {{__testcase_finish;Incorrect Address - Write Transaction;1;0}}, queued...
[1724951239.48][CONN][RXD] &gt;&gt;&gt; 'Incorrect Address - Write Transaction': 1 passed, 0 failed
[1724951239.48][CONN][RXD] &lt;greentea test suite&gt;:0::PASS
[1724951239.48][CONN][RXD] 
[1724951239.48][CONN][RXD] &gt;&gt;&gt; Running case #6: 'Incorrect Address - Read Transaction'...
[1724951239.49][CONN][INF] found KV pair in stream: {{__testcase_start;Incorrect Address - Read Transaction}}, queued...
[1724951239.49][CONN][INF] found KV pair in stream: {{start_recording_i2c;please}}, queued...
[1724951240.50][SERI][TXD] {{start_recording_i2c;complete}}
[1724951240.51][CONN][INF] found KV pair in stream: {{verify_sequence;incorrect_addr_only_read}}, queued...
[1724951240.58][TEST][INF] Saw on the I2C bus:
Start Rd[0x21] Nack Stop

[1724951240.58][SERI][TXD] {{verify_sequence;complete}}
[1724951240.60][CONN][INF] found KV pair in stream: {{__testcase_finish;Incorrect Address - Read Transaction;1;0}}, queued...
[1724951240.61][CONN][RXD] &gt;&gt;&gt; 'Incorrect Address - Read Transaction': 1 passed, 0 failed
[1724951240.61][CONN][RXD] &lt;greentea test suite&gt;:0::PASS
[1724951240.61][CONN][RXD] 
[1724951240.61][CONN][RXD] &gt;&gt;&gt; Running case #7: 'Incorrect Address - Async'...
[1724951240.62][CONN][INF] found KV pair in stream: {{__testcase_start;Incorrect Address - Async}}, queued...
[1724951240.62][CONN][INF] found KV pair in stream: {{start_recording_i2c;please}}, queued...
[1724951241.63][SERI][TXD] {{start_recording_i2c;complete}}
[1724951241.64][CONN][INF] found KV pair in stream: {{verify_sequence;incorrect_addr_only_write}}, queued...
[1724951241.71][TEST][INF] Saw on the I2C bus:
Start Wr[0x20] Nack Stop

[1724951241.72][SERI][TXD] {{verify_sequence;complete}}
[1724951241.73][CONN][INF] found KV pair in stream: {{__testcase_finish;Incorrect Address - Async;1;0}}, queued...
[1724951241.75][CONN][RXD] &gt;&gt;&gt; 'Incorrect Address - Async': 1 passed, 0 failed
[1724951241.75][CONN][RXD] &lt;greentea test suite&gt;:0::PASS
[1724951241.75][CONN][RXD] 
[1724951241.75][CONN][RXD] &gt;&gt;&gt; Running case #8: 'Simple Write - Single Byte'...
[1724951241.76][CONN][INF] found KV pair in stream: {{__testcase_start;Simple Write - Single Byte}}, queued...
[1724951241.76][CONN][INF] found KV pair in stream: {{start_recording_i2c;please}}, queued...
[1724951242.77][SERI][TXD] {{start_recording_i2c;complete}}
[1724951242.78][CONN][INF] found KV pair in stream: {{verify_sequence;write_2_to_0x1}}, queued...
[1724951242.85][TEST][INF] Saw on the I2C bus:
Start Wr[0xa0] Ack 0x00 Ack 0x01 Ack 0x02 Ack Stop

[1724951242.85][SERI][TXD] {{verify_sequence;complete}}
[1724951242.86][CONN][INF] found KV pair in stream: {{__testcase_finish;Simple Write - Single Byte;1;0}}, queued...
[1724951242.87][CONN][RXD] &gt;&gt;&gt; 'Simple Write - Single Byte': 1 passed, 0 failed
[1724951242.87][CONN][RXD] &lt;greentea test suite&gt;:0::PASS
[1724951242.88][CONN][RXD] 
[1724951242.88][CONN][RXD] &gt;&gt;&gt; Running case #9: 'Destroy and Recreate Object'...
[1724951242.89][CONN][RXD] &gt;&gt;&gt; 'Destroy and Recreate Object': 1 passed, 0 failed
[1724951242.89][CONN][INF] found KV pair in stream: {{__testcase_start;Destroy and Recreate Object}}, queued...
[1724951242.89][CONN][INF] found KV pair in stream: {{__testcase_finish;Destroy and Recreate Object;1;0}}, queued...
[1724951242.90][CONN][RXD] &lt;greentea test suite&gt;:0::PASS
[1724951242.90][CONN][RXD] 
[1724951242.90][CONN][RXD] &gt;&gt;&gt; Running case #10: 'Simple Read - Single Byte'...
[1724951242.90][CONN][INF] found KV pair in stream: {{__testcase_start;Simple Read - Single Byte}}, queued...
[1724951242.91][CONN][INF] found KV pair in stream: {{start_recording_i2c;please}}, queued...
[1724951243.93][SERI][TXD] {{start_recording_i2c;complete}}
[1724951243.94][CONN][INF] found KV pair in stream: {{verify_sequence;read_2_from_0x1}}, queued...
[1724951244.01][TEST][INF] Saw on the I2C bus:
Start Wr[0xa0] Ack 0x00 Ack 0x01 Ack RepeatedStart Rd[0xa1] Ack 0x02 Nack Stop

[1724951244.02][SERI][TXD] {{verify_sequence;complete}}
[1724951244.03][CONN][INF] found KV pair in stream: {{__testcase_finish;Simple Read - Single Byte;1;0}}, queued...
[1724951244.04][CONN][RXD] &gt;&gt;&gt; 'Simple Read - Single Byte': 1 passed, 0 failed
[1724951244.05][CONN][RXD] &lt;greentea test suite&gt;:0::PASS
[1724951244.05][CONN][RXD] 
[1724951244.05][CONN][RXD] &gt;&gt;&gt; Running case #11: 'Simple Write - Transaction'...
[1724951244.06][CONN][INF] found KV pair in stream: {{__testcase_start;Simple Write - Transaction}}, queued...
[1724951244.06][CONN][INF] found KV pair in stream: {{start_recording_i2c;please}}, queued...
[1724951245.07][SERI][TXD] {{start_recording_i2c;complete}}
[1724951245.08][CONN][INF] found KV pair in stream: {{verify_sequence;write_3_to_0x1}}, queued...
[1724951245.16][TEST][INF] Saw on the I2C bus:
Start Wr[0xa0] Ack 0x00 Ack 0x01 Ack 0x03 Ack Stop

[1724951245.17][SERI][TXD] {{verify_sequence;complete}}
[1724951245.18][CONN][INF] found KV pair in stream: {{__testcase_finish;Simple Write - Transaction;1;0}}, queued...
[1724951245.19][CONN][RXD] &gt;&gt;&gt; 'Simple Write - Transaction': 1 passed, 0 failed
[1724951245.19][CONN][RXD] &lt;greentea test suite&gt;:0::PASS
[1724951245.19][CONN][RXD] 
[1724951245.19][CONN][RXD] &gt;&gt;&gt; Running case #12: 'Simple Read - Transaction'...
[1724951245.20][CONN][INF] found KV pair in stream: {{__testcase_start;Simple Read - Transaction}}, queued...
[1724951245.20][CONN][INF] found KV pair in stream: {{start_recording_i2c;please}}, queued...
[1724951246.21][SERI][TXD] {{start_recording_i2c;complete}}
[1724951246.23][CONN][INF] found KV pair in stream: {{verify_sequence;read_3_from_0x1}}, queued...
[1724951246.30][TEST][INF] Saw on the I2C bus:
Start Wr[0xa0] Ack 0x00 Ack 0x01 Ack RepeatedStart Rd[0xa1] Ack 0x03 Nack Stop

[1724951246.31][SERI][TXD] {{verify_sequence;complete}}
[1724951246.32][CONN][INF] found KV pair in stream: {{__testcase_finish;Simple Read - Transaction;1;0}}, queued...
[1724951246.33][CONN][RXD] &gt;&gt;&gt; 'Simple Read - Transaction': 1 passed, 0 failed
[1724951246.33][CONN][RXD] &lt;greentea test suite&gt;:0::PASS
[1724951246.33][CONN][RXD] 
[1724951246.33][CONN][RXD] &gt;&gt;&gt; Running case #13: 'Mixed Usage - Single Byte -&gt; repeated -&gt; Transaction'...
[1724951246.34][CONN][INF] found KV pair in stream: {{__testcase_start;Mixed Usage - Single Byte -&gt; repeated -&gt; Transaction}}, queued...
[1724951246.35][CONN][INF] found KV pair in stream: {{start_recording_i2c;please}}, queued...
[1724951247.36][SERI][TXD] {{start_recording_i2c;complete}}
[1724951247.37][CONN][INF] found KV pair in stream: {{verify_sequence;read_3_from_0x1}}, queued...
[1724951247.45][TEST][INF] Saw on the I2C bus:
Start Wr[0xa0] Ack 0x00 Ack 0x01 Ack RepeatedStart Rd[0xa1] Ack 0x03 Nack Stop

[1724951247.46][SERI][TXD] {{verify_sequence;complete}}
[1724951247.47][CONN][INF] found KV pair in stream: {{__testcase_finish;Mixed Usage - Single Byte -&gt; repeated -&gt; Transaction;1;0}}, queued...
[1724951247.48][CONN][RXD] &gt;&gt;&gt; 'Mixed Usage - Single Byte -&gt; repeated -&gt; Transaction': 1 passed, 0 failed
[1724951247.48][CONN][RXD] &lt;greentea test suite&gt;:0::PASS
[1724951247.48][CONN][RXD] 
[1724951247.49][CONN][RXD] &gt;&gt;&gt; Running case #14: 'Mixed Usage - Transaction -&gt; repeated -&gt; Single Byte'...
[1724951247.49][CONN][INF] found KV pair in stream: {{__testcase_start;Mixed Usage - Transaction -&gt; repeated -&gt; Single Byte}}, queued...
[1724951247.50][CONN][INF] found KV pair in stream: {{start_recording_i2c;please}}, queued...
[1724951248.52][SERI][TXD] {{start_recording_i2c;complete}}
[1724951248.53][CONN][INF] found KV pair in stream: {{verify_sequence;read_3_from_0x1}}, queued...
[1724951248.60][TEST][INF] Saw on the I2C bus:
Start Wr[0xa0] Ack 0x00 Ack 0x01 Ack RepeatedStart Rd[0xa1] Ack 0x03 Ack 0x47 Nack Stop

[1724951248.60][TEST][ERR] Expected length differs from actual!
[1724951248.61][TEST][INF] We expected:
Start Wr[0xa0] Ack 0x00 Ack 0x01 Ack RepeatedStart Rd[0xa1] Ack 0x03 Nack Stop

[1724951248.62][SERI][TXD] {{verify_sequence;failed}}
[1724951248.63][CONN][RXD] &lt;greentea test suite&gt;:55::FAIL: Expected 'complete' Was 'failed'
[1724951248.64][CONN][INF] found KV pair in stream: {{__testcase_finish;Mixed Usage - Transaction -&gt; repeated -&gt; Single Byte;0;1}}, queued...
[1724951248.65][CONN][RXD] &gt;&gt;&gt; 'Mixed Usage - Transaction -&gt; repeated -&gt; Single Byte': 0 passed, 1 failed with reason 'Test Cases Failed'
[1724951248.65][CONN][RXD] 
[1724951248.65][CONN][RXD] 
[1724951248.65][CONN][RXD] &gt;&gt;&gt; Running case #15: 'Simple Write - Async'...
[1724951248.65][CONN][INF] found KV pair in stream: {{__testcase_start;Simple Write - Async}}, queued...
[1724951248.66][CONN][INF] found KV pair in stream: {{start_recording_i2c;please}}, queued...
[1724951249.68][SERI][TXD] {{start_recording_i2c;complete}}
[1724951249.69][CONN][INF] found KV pair in stream: {{verify_sequence;write_2_to_0x1}}, queued...
[1724951249.76][TEST][INF] Saw on the I2C bus:
Start Wr[0xa0] Ack 0x00 Ack 0x01 Ack 0x02 Ack Stop

[1724951249.77][SERI][TXD] {{verify_sequence;complete}}
[1724951249.78][CONN][RXD] &gt;&gt;&gt; 'Simple Write - Async': 1 passed, 0 failed
[1724951249.78][CONN][INF] found KV pair in stream: {{__testcase_finish;Simple Write - Async;1;0}}, queued...
[1724951249.79][CONN][RXD] &lt;greentea test suite&gt;:0::PASS
[1724951249.79][CONN][RXD] 
[1724951249.80][CONN][RXD] &gt;&gt;&gt; Running case #16: 'Destroy and Recreate Object (between async calls)'...
[1724951249.81][CONN][INF] found KV pair in stream: {{__testcase_start;Destroy and Recreate Object (between async calls)}}, queued...
[1724951249.81][CONN][INF] found KV pair in stream: {{__testcase_finish;Destroy and Recreate Object (between async calls);1;0}}, queued...
[1724951249.82][CONN][RXD] &gt;&gt;&gt; 'Destroy and Recreate Object (between async calls)': 1 passed, 0 failed
[1724951249.82][CONN][RXD] &lt;greentea test suite&gt;:0::PASS
[1724951249.82][CONN][RXD] 
[1724951249.83][CONN][RXD] &gt;&gt;&gt; Running case #17: 'Simple Read - Async'...
[1724951249.83][CONN][INF] found KV pair in stream: {{__testcase_start;Simple Read - Async}}, queued...
[1724951249.83][CONN][INF] found KV pair in stream: {{start_recording_i2c;please}}, queued...
[1724951250.85][SERI][TXD] {{start_recording_i2c;complete}}
[1724951250.86][CONN][INF] found KV pair in stream: {{verify_sequence;read_2_from_0x1}}, queued...
[1724951250.93][TEST][INF] Saw on the I2C bus:
Start Wr[0xa0] Ack 0x00 Ack 0x01 Ack RepeatedStart Rd[0xa1] Ack 0x02 Nack Stop

[1724951250.94][SERI][TXD] {{verify_sequence;complete}}
[1724951250.95][CONN][RXD] &gt;&gt;&gt; 'Simple Read - Async': 1 passed, 0 failed
[1724951250.95][CONN][INF] found KV pair in stream: {{__testcase_finish;Simple Read - Async;1;0}}, queued...
[1724951250.96][CONN][RXD] &lt;greentea test suite&gt;:0::PASS
[1724951250.96][CONN][RXD] 
[1724951250.96][CONN][RXD] &gt;&gt;&gt; Running case #18: 'Mixed Usage - Async -&gt; repeated -&gt; Transaction'...
[1724951250.97][CONN][INF] found KV pair in stream: {{__testcase_start;Mixed Usage - Async -&gt; repeated -&gt; Transaction}}, queued...
[1724951250.98][CONN][INF] found KV pair in stream: {{start_recording_i2c;please}}, queued...
[1724951251.99][SERI][TXD] {{start_recording_i2c;complete}}
[1724951252.00][CONN][INF] found KV pair in stream: {{verify_sequence;read_2_from_0x1}}, queued...
[1724951252.08][TEST][INF] Saw on the I2C bus:
Start Wr[0xa0] Ack 0x00 Ack 0x01 Ack RepeatedStart Rd[0xa1] Ack 0x02 Nack Stop

[1724951252.08][SERI][TXD] {{verify_sequence;complete}}
[1724951252.09][CONN][INF] found KV pair in stream: {{__testcase_finish;Mixed Usage - Async -&gt; repeated -&gt; Transaction;1;0}}, queued...
[1724951252.10][CONN][RXD] &gt;&gt;&gt; 'Mixed Usage - Async -&gt; repeated -&gt; Transaction': 1 passed, 0 failed
[1724951252.10][CONN][RXD] &lt;greentea test suite&gt;:0::PASS
[1724951252.10][CONN][RXD] 
[1724951252.11][CONN][RXD] &gt;&gt;&gt; Running case #19: 'Mixed Usage - Async -&gt; repeated -&gt; Single Byte'...
[1724951252.11][CONN][INF] found KV pair in stream: {{__testcase_start;Mixed Usage - Async -&gt; repeated -&gt; Single Byte}}, queued...
[1724951252.11][CONN][INF] found KV pair in stream: {{start_recording_i2c;please}}, queued...
[1724951253.12][SERI][TXD] {{start_recording_i2c;complete}}
[1724951253.13][CONN][INF] found KV pair in stream: {{verify_sequence;read_2_from_0x1}}, queued...
[1724951253.20][TEST][INF] Saw on the I2C bus:
Start Wr[0xa0] Ack 0x00 Ack 0x01 Ack RepeatedStart Rd[0xa1] Ack 0x02 Ack 0x47 Nack Stop

[1724951253.21][TEST][ERR] Expected length differs from actual!
[1724951253.21][TEST][INF] We expected:
Start Wr[0xa0] Ack 0x00 Ack 0x01 Ack RepeatedStart Rd[0xa1] Ack 0x02 Nack Stop

[1724951253.22][SERI][TXD] {{verify_sequence;failed}}
[1724951253.23][CONN][RXD] &lt;greentea test suite&gt;:55::FAIL: Expected 'complete' Was 'failed'
[1724951253.24][CONN][INF] found KV pair in stream: {{__testcase_finish;Mixed Usage - Async -&gt; repeated -&gt; Single Byte;0;1}}, queued...
[1724951253.25][CONN][RXD] &gt;&gt;&gt; 'Mixed Usage - Async -&gt; repeated -&gt; Single Byte': 0 passed, 1 failed with reason 'Test Cases Failed'
[1724951253.25][CONN][RXD] 
[1724951253.25][CONN][RXD] 
[1724951253.25][CONN][RXD] &gt;&gt;&gt; Running case #20: 'Mixed Usage - Transaction -&gt; repeated -&gt; Async'...
[1724951253.26][CONN][INF] found KV pair in stream: {{__testcase_start;Mixed Usage - Transaction -&gt; repeated -&gt; Async}}, queued...
[1724951253.26][CONN][INF] found KV pair in stream: {{start_recording_i2c;please}}, queued...
[1724951254.27][SERI][TXD] {{start_recording_i2c;complete}}
[1724951254.28][CONN][INF] found KV pair in stream: {{verify_sequence;read_2_from_0x1}}, queued...
[1724951254.35][TEST][INF] Saw on the I2C bus:
Start Wr[0xa0] Ack 0x00 Ack 0x01 Ack RepeatedStart Rd[0xa1] Ack 0x02 Nack Stop

[1724951254.36][SERI][TXD] {{verify_sequence;complete}}
[1724951254.37][CONN][INF] found KV pair in stream: {{__testcase_finish;Mixed Usage - Transaction -&gt; repeated -&gt; Async;1;0}}, queued...
[1724951254.38][CONN][RXD] &gt;&gt;&gt; 'Mixed Usage - Transaction -&gt; repeated -&gt; Async': 1 passed, 0 failed
[1724951254.38][CONN][RXD] &lt;greentea test suite&gt;:0::PASS
[1724951254.38][CONN][RXD] 
[1724951254.39][CONN][RXD] &gt;&gt;&gt; Running case #21: 'Mixed Usage - Single Byte -&gt; repeated -&gt; Async'...
[1724951254.39][CONN][INF] found KV pair in stream: {{__testcase_start;Mixed Usage - Single Byte -&gt; repeated -&gt; Async}}, queued...
[1724951254.39][CONN][INF] found KV pair in stream: {{start_recording_i2c;please}}, queued...
[1724951255.40][SERI][TXD] {{start_recording_i2c;complete}}
[1724951255.41][CONN][INF] found KV pair in stream: {{verify_sequence;read_2_from_0x1}}, queued...
[1724951255.48][TEST][INF] Saw on the I2C bus:
Start Wr[0xa0] Ack 0x00 Ack 0x01 Ack RepeatedStart Rd[0xa1] Ack 0x02 Nack Stop

[1724951255.49][SERI][TXD] {{verify_sequence;complete}}
[1724951255.50][CONN][INF] found KV pair in stream: {{__testcase_finish;Mixed Usage - Single Byte -&gt; repeated -&gt; Async;1;0}}, queued...
[1724951255.51][CONN][RXD] &gt;&gt;&gt; 'Mixed Usage - Single Byte -&gt; repeated -&gt; Async': 1 passed, 0 failed
[1724951255.51][CONN][RXD] &lt;greentea test suite&gt;:0::PASS
[1724951255.51][CONN][RXD] 
[1724951255.52][CONN][RXD] &gt;&gt;&gt; Running case #22: 'Async causes thread to sleep?'...
[1724951255.52][CONN][INF] found KV pair in stream: {{__testcase_start;Async causes thread to sleep?}}, queued...
[1724951255.52][CONN][INF] found KV pair in stream: {{start_recording_i2c;please}}, queued...
[1724951256.54][SERI][TXD] {{start_recording_i2c;complete}}
[1724951256.55][CONN][INF] found KV pair in stream: {{verify_sequence;read_2_from_0x1}}, queued...
[1724951256.62][TEST][INF] Saw on the I2C bus:
Start Wr[0xa0] Ack 0x00 Ack 0x01 Ack RepeatedStart Rd[0xa1] Ack 0x02 Nack Stop

[1724951256.63][SERI][TXD] {{verify_sequence;complete}}
[1724951256.64][CONN][INF] found KV pair in stream: {{__testcase_finish;Async causes thread to sleep?;1;0}}, queued...
[1724951256.65][CONN][RXD] &gt;&gt;&gt; 'Async causes thread to sleep?': 1 passed, 0 failed
[1724951256.66][CONN][RXD] &lt;greentea test suite&gt;:0::PASS
[1724951256.66][CONN][RXD] 
[1724951256.66][CONN][RXD] &gt;&gt;&gt; Test cases: 19 passed, 3 failed with reason 'Test Cases Failed'
[1724951256.66][CONN][RXD] &gt;&gt;&gt; TESTS FAILED!
[1724951256.67][CONN][RXD] 
[1724951256.67][CONN][RXD] -----------------------
[1724951256.67][CONN][RXD] 0 Tests 3 Failures 0 Ignored 
[1724951256.67][CONN][RXD] FAIL
[1724951256.67][CONN][INF] found KV pair in stream: {{__testcase_summary;19;3}}, queued...
[1724951256.67][CONN][INF] found KV pair in stream: {{end;failure}}, queued...
[1724951256.67][CONN][INF] found KV pair in stream: {{__exit;0}}, queued...
[1724951256.67][HTST][INF] __exit(0)
[1724951256.67][HTST][INF] __notify_complete(False)
[1724951256.67][HTST][INF] __exit_event_queue received
[1724951256.67][HTST][INF] test suite run finished after 23.00 sec...
[1724951256.68][CONN][INF] received special event '__host_test_finished' value='True', finishing
[1724951256.69][HTST][INF] CONN exited with code: 0
[1724951256.69][HTST][INF] Some events in queue
[1724951256.69][HTST][INF] stopped consuming events
[1724951256.69][HTST][INF] host test result() call skipped, received: False
[1724951256.69][HTST][INF] calling blocking teardown()
[1724951256.69][HTST][INF] teardown() finished
[1724951256.69][HTST][INF] {{result;failure}}
CMake Error at mbed-run-greentea-test-testshield-i2c-basic.cmake:19 (execute_process):
  execute_process failed command indexes:

    1: "Child return code: 1"



</system-out>
	</testcase>
	<testcase name="test-testshield-i2c-slave-comms" classname="test-testshield-i2c-slave-comms" time="35.7096" status="fail">
		<failure message=""/>
		<system-out>[1/1] Flashing test-testshield-i2c-slave-comms with OpenOCD...
Open On-Chip Debugger 0.12.0+dev-00499-g151b74371 (2024-01-22-10:06)
Licensed under GNU GPL v2
For bug reports, read
	http://openocd.org/doc/doxygen/bugs.html
DEPRECATED! use 'adapter driver' not 'interface'
Info : The selected transport took over low-level target control. The results might differ compared to plain JTAG/SWD
DEPRECATED! use 'adapter serial' not 'hla_serial'
Info : clock speed 500 kHz
Info : STLINK V2J39M27 (API v2) VID:PID 0483:374B
Info : Target voltage: 3.240553
Info : [stm32l4x.cpu] Cortex-M4 r0p1 processor detected
Info : [stm32l4x.cpu] target has 6 breakpoints, 4 watchpoints
Info : [stm32l4x.cpu] Examination succeed
Info : gdb port disabled
Info : Unable to match requested speed 500 kHz, using 480 kHz
Info : Unable to match requested speed 500 kHz, using 480 kHz
[stm32l4x.cpu] halted due to debug-request, current mode: Thread 
xPSR: 0x01000000 pc: 0x08000318 msp: 0x10000698
** Programming Started **
Info : device idcode = 0x20016462 (STM32L45/L46xx - Rev Y : 0x2001)
Info : RDP level 0 (0xAA)
Info : flash size = 512 KiB
Info : flash mode : single-bank
Info : Padding image section 1 at 0x0800ffd4 with 4 bytes (bank write end alignment)
Warn : Adding extra erase range, 0x0800ffd8 .. 0x0800ffff
** Programming Finished **
** Resetting Target **
Info : Unable to match requested speed 500 kHz, using 480 kHz
Info : Unable to match requested speed 500 kHz, using 480 kHz
shutdown command invoked
Executing: /home/jamie/Mbed/mbed-ce-test-tools/CI-Shield-Tests/mbed-os/venv/bin/python3.10 -m mbed_host_tests.mbedhtrun --skip-flashing -p /dev/ttyNUCLEO_L452RE_P --skip-reset -e /home/jamie/Mbed/mbed-ce-test-tools/CI-Shield-Tests/host_tests -m NUCLEO_L452RE_P --baud-rate=115200
Will use any connected CI shield for this test.  Export the MBED_CI_SHIELD_SERIAL_NUMBER environment var to select a specific shield.
e.g. 'export MBED_CI_SHIELD_SERIAL_NUMBER=SN002'
[1724951347.81][HTST][INF] host test executor ver. 0.0.16
[1724951347.81][HTST][INF] copy image onto target... SKIPPED!
[1724951347.83][HTST][INF] starting host test process...
[1724951347.84][CONN][INF] starting connection process...
[1724951347.84][CONN][INF] notify event queue about extra 60 sec timeout for serial port pooling
[1724951347.84][CONN][INF] initializing serial port listener... 
[1724951347.84][SERI][INF] using specified port '/dev/ttyNUCLEO_L452RE_P'
[1724951347.84][SERI][INF] serial(port=/dev/ttyNUCLEO_L452RE_P, baudrate=115200, read_timeout=0.01, write_timeout=5)
[1724951347.84][HTST][INF] setting timeout to: 60 sec
[1724951347.85][SERI][TXD] mbedmbedmbedmbedmbedmbedmbedmbedmbedmbed
[1724951347.85][CONN][INF] sending up to 2 __sync packets (specified with --sync=2)
[1724951347.85][CONN][INF] sending preamble 'c8c57bb0-2cbd-4b10-acf5-54f750b2ac9a'
[1724951347.85][SERI][TXD] {{__sync;c8c57bb0-2cbd-4b10-acf5-54f750b2ac9a}}
[1724951347.86][CONN][RXD] mbedmbedmbedmbedmbedmbedmbedmbed
[1724951347.86][CONN][INF] found SYNC in stream: {{__sync;c8c57bb0-2cbd-4b10-acf5-54f750b2ac9a}} it is #0 sent, queued...
[1724951347.86][HTST][INF] sync KV found, uuid=c8c57bb0-2cbd-4b10-acf5-54f750b2ac9a, timestamp=1724951347.863170
[1724951347.87][CONN][RXD] &gt;&gt;&gt; Running 9 test cases...
[1724951347.88][CONN][INF] found KV pair in stream: {{__version;1.3.0}}, queued...
[1724951347.88][CONN][INF] found KV pair in stream: {{__timeout;30}}, queued...
[1724951347.88][CONN][INF] found KV pair in stream: {{__host_test_name;i2c_slave_comms}}, queued...
[1724951347.88][HTST][INF] DUT greentea-client version: 1.3.0
[1724951347.88][HTST][INF] setting timeout to: 30 sec
[1724951347.88][HTST][INF] host test class: '&lt;class 'i2c_slave_comms.I2CSlaveCommsTest'&gt;'
[1724951347.89][cy_serial_bridge]Discovered USB endpoints successfully
[1724951347.89][CONN][INF] found KV pair in stream: {{__testcase_name;Write one byte to slave}}, queued...
[1724951347.89][CONN][INF] found KV pair in stream: {{__testcase_name;Does not acknowledge other slave address}}, queued...
[1724951347.89][CONN][INF] found KV pair in stream: {{__testcase_name;Destroy &amp; recreate I2C object}}, queued...
[1724951347.90][CONN][INF] found KV pair in stream: {{__testcase_name;Write multiple bytes to slave}}, queued...
[1724951347.90][CONN][INF] found KV pair in stream: {{__testcase_name;Write less bytes than expected to slave}}, queued...
[1724951347.90][CONN][INF] found KV pair in stream: {{__testcase_name;Read one byte from slave}}, queued...
[1724951347.91][CONN][INF] found KV pair in stream: {{__testcase_name;Destroy &amp; recreate I2C object}}, queued...
[1724951347.91][CONN][INF] found KV pair in stream: {{__testcase_name;Read multiple bytes from slave}}, queued...
[1724951347.92][CONN][RXD] 
[1724951347.92][CONN][RXD] &gt;&gt;&gt; Running case #1: 'Write one byte to slave'...
[1724951347.92][CONN][INF] found KV pair in stream: {{__testcase_name;Read less bytes than expected from slave}}, queued...
[1724951347.92][CONN][INF] found KV pair in stream: {{__testcase_start;Write one byte to slave}}, queued...
[1724951347.93][CONN][INF] found KV pair in stream: {{start_recording_i2c;please}}, queued...
[1724951347.96][cy_serial_bridge]Device signature: b'CYUS'
Connected to I2C interface of CY7C652xx device, firmware version 2.0.3 build 112
[1724951347.97][TEST][INF] I2C Slave Comms host test setup complete.
[1724951347.97][HTST][INF] host test setup() call...
[1724951347.97][HTST][INF] CALLBACKs updated
[1724951347.97][HTST][INF] host test detected: i2c_slave_comms
[1724951348.98][SERI][TXD] {{start_recording_i2c;complete}}
[1724951348.99][CONN][INF] found KV pair in stream: {{write_bytes_to_slave;addr 0xE4 data 0x1}}, queued...
[1724951350.00][TEST][ERR] Error writing to I2C slave: Traceback (most recent call last):
  File "/home/jamie/Mbed/mbed-ce-test-tools/CI-Shield-Tests/host_tests/i2c_slave_comms.py", line 68, in _callback_write_bytes_to_slave
    self.i2c_bridge.i2c_write(addr &gt;&gt; 1, bytes_to_write)
  File "/home/jamie/Mbed/mbed-ce-test-tools/CI-Shield-Tests/mbed-os/venv/lib/python3.10/site-packages/cy_serial_bridge/driver.py", line 817, in i2c_write
    post_transfer_status = self.dev.interruptRead(self.ep_intr, CyI2c.EVENT_NOTIFICATION_LEN, io_timeout)
  File "/home/jamie/Mbed/mbed-ce-test-tools/CI-Shield-Tests/mbed-os/venv/lib/python3.10/site-packages/usb1/__init__.py", line 1482, in interruptRead
    transferred = self._interruptTransfer(
  File "/home/jamie/Mbed/mbed-ce-test-tools/CI-Shield-Tests/mbed-os/venv/lib/python3.10/site-packages/usb1/__init__.py", line 1423, in _interruptTransfer
    mayRaiseUSBError(libusb1.libusb_interrupt_transfer(
  File "/home/jamie/Mbed/mbed-ce-test-tools/CI-Shield-Tests/mbed-os/venv/lib/python3.10/site-packages/usb1/__init__.py", line 127, in mayRaiseUSBError
    __raiseUSBError(value)
  File "/home/jamie/Mbed/mbed-ce-test-tools/CI-Shield-Tests/mbed-os/venv/lib/python3.10/site-packages/usb1/__init__.py", line 119, in raiseUSBError
    raise __STATUS_TO_EXCEPTION_DICT.get(value, __USBError)(value)
usb1.USBErrorTimeout: LIBUSB_ERROR_TIMEOUT [-7]

[1724951350.00][TEST][INF] Saw on the I2C bus:
Start Wr[0xe4] Nack

[1724951350.00][TEST][ERR] Expected length differs from actual!
[1724951350.00][TEST][INF] We expected:
Start Wr[0xe4] Ack 0x01 Ack Stop

[1724951350.01][SERI][TXD] {{write_bytes_to_slave;error}}
[...]
[1724952262.99][SERI][TXD] {{frequency;1000.0}}
[1724952263.01][SERI][TXD] {{duty_cycle;0.9825650217937227}}
[1724952263.03][CONN][RXD] Expected PWM frequency was 1000 Hz (+- 20 Hz) and duty cycle was 98.25% (+-0.10%), host measured frequency 1000 Hz and duty cycle 98.26%
[1724952263.03][CONN][INF] found KV pair in stream: {{analyze_signal;please}}, queued...
[1724952265.21][SERI][TXD] {{frequency;1000.0}}
[1724952265.22][SERI][TXD] {{duty_cycle;0.4865331418335727}}
[1724952265.24][CONN][RXD] Expected PWM frequency was 1000 Hz (+- 20 Hz) and duty cycle was 48.71% (+-0.10%), host measured frequency 1000 Hz and duty cycle 48.65%
[1724952265.24][CONN][INF] found KV pair in stream: {{__testcase_finish;Test PWM frequency and duty cycle (freq = 1 kHz);0;1}}, queued...
[1724952265.25][CONN][RXD] &gt;&gt;&gt; 'Test PWM frequency and duty cycle (freq = 1 kHz)': 0 passed, 1 failed with reason 'Test Cases Failed'
[1724952265.25][CONN][RXD] 
[1724952265.25][CONN][RXD] 
[1724952265.27][CONN][RXD] &gt;&gt;&gt; Running case #6: 'Test PWM frequency and duty cycle (freq = 10 kHz)'...
[1724952265.27][CONN][INF] found KV pair in stream: {{__testcase_start;Test PWM frequency and duty cycle (freq = 10 kHz)}}, queued...
[1724952265.28][CONN][INF] found KV pair in stream: {{analyze_signal;please}}, queued...
[1724952267.47][SERI][TXD] {{frequency;10030.0}}
[1724952267.48][SERI][TXD] {{duty_cycle;0.7959540050574937}}
[1724952267.50][CONN][RXD] Expected PWM frequency was 10000 Hz (+- 20 Hz) and duty cycle was 79.60% (+-0.10%), host measured frequency 10030 Hz and duty cycle 79.60%
[1724952267.50][CONN][RXD] &lt;greentea test suite&gt;:121::FAIL: Expected 10000.000000 Was 10030.000000
[1724952267.51][CONN][INF] found KV pair in stream: {{analyze_signal;please}}, queued...
[1724952269.70][SERI][TXD] {{frequency;10030.0}}
[1724952269.71][SERI][TXD] {{duty_cycle;0.9694750381562023}}
[1724952269.73][CONN][RXD] Expected PWM frequency was 10000 Hz (+- 20 Hz) and duty cycle was 96.95% (+-0.10%), host measured frequency 10030 Hz and duty cycle 96.95%
[1724952269.74][CONN][INF] found KV pair in stream: {{analyze_signal;please}}, queued...
[1724952271.91][SERI][TXD] {{frequency;10030.0}}
[1724952271.93][SERI][TXD] {{duty_cycle;0.2459659425425718}}
[1724952271.95][CONN][RXD] Expected PWM frequency was 10000 Hz (+- 20 Hz) and duty cycle was 24.59% (+-0.10%), host measured frequency 10030 Hz and duty cycle 24.60%
[1724952271.95][CONN][INF] found KV pair in stream: {{analyze_signal;please}}, queued...
[1724952274.16][SERI][TXD] {{frequency;10030.0}}
[1724952274.17][SERI][TXD] {{duty_cycle;0.8312627109216113}}
[1724952274.19][CONN][RXD] Expected PWM frequency was 10000 Hz (+- 20 Hz) and duty cycle was 83.13% (+-0.10%), host measured frequency 10030 Hz and duty cycle 83.13%
[1724952274.19][CONN][INF] found KV pair in stream: {{analyze_signal;please}}, queued...
[1724952276.39][SERI][TXD] {{frequency;10020.0}}
[1724952276.41][SERI][TXD] {{duty_cycle;0.29262838421451975}}
[1724952276.43][CONN][RXD] Expected PWM frequency was 10000 Hz (+- 20 Hz) and duty cycle was 29.28% (+-0.10%), host measured frequency 10020 Hz and duty cycle 29.26%
[1724952276.44][CONN][RXD] &gt;&gt;&gt; 'Test PWM frequency and duty cycle (freq = 10 kHz)': 0 passed, 1 failed with reason 'Test Cases Failed'
[1724952276.44][CONN][RXD] 
[1724952276.44][CONN][RXD] 
[1724952276.44][CONN][INF] found KV pair in stream: {{__testcase_finish;Test PWM frequency and duty cycle (freq = 10 kHz);0;1}}, queued...
[1724952276.45][CONN][RXD] &gt;&gt;&gt; Running case #7: 'Test PWM frequency and duty cycle (freq = 100 kHz)'...
[1724952276.46][CONN][INF] found KV pair in stream: {{__testcase_start;Test PWM frequency and duty cycle (freq = 100 kHz)}}, queued...
[1724952276.46][CONN][INF] found KV pair in stream: {{analyze_signal;please}}, queued...
[1724952278.64][SERI][TXD] {{frequency;100290.0}}
[1724952278.65][SERI][TXD] {{duty_cycle;0.3487633140458574}}
[1724952278.67][CONN][RXD] Expected PWM frequency was 100000 Hz (+- 20 Hz) and duty cycle was 34.90% (+-1.00%), host measured frequency 100290 Hz and duty cycle 34.88%
[1724952278.69][CONN][RXD] &lt;greentea test suite&gt;:121::FAIL: Expected 100000.000000 Was 100290.000000
[1724952278.69][CONN][INF] found KV pair in stream: {{analyze_signal;please}}, queued...
[1724952280.87][SERI][TXD] {{frequency;100290.0}}
[1724952280.88][SERI][TXD] {{duty_cycle;0.22247597190503512}}
[1724952280.90][CONN][RXD] Expected PWM frequency was 100000 Hz (+- 20 Hz) and duty cycle was 22.19% (+-1.00%), host measured frequency 100290 Hz and duty cycle 22.25%
[1724952280.90][CONN][INF] found KV pair in stream: {{analyze_signal;please}}, queued...
[1724952283.08][SERI][TXD] {{frequency;100260.0}}
[1724952283.09][SERI][TXD] {{duty_cycle;0.6312829608962989}}
[1724952283.12][CONN][RXD] Expected PWM frequency was 100000 Hz (+- 20 Hz) and duty cycle was 63.09% (+-1.00%), host measured frequency 100260 Hz and duty cycle 63.13%
[1724952283.12][CONN][INF] found KV pair in stream: {{analyze_signal;please}}, queued...
[1724952285.34][SERI][TXD] {{frequency;100260.0}}
[1724952285.35][SERI][TXD] {{duty_cycle;0.8138014827481466}}
[1724952285.37][CONN][RXD] Expected PWM frequency was 100000 Hz (+- 20 Hz) and duty cycle was 81.33% (+-1.00%), host measured frequency 100260 Hz and duty cycle 81.38%
[1724952285.37][CONN][INF] found KV pair in stream: {{analyze_signal;please}}, queued...
[1724952287.55][SERI][TXD] {{frequency;100240.0}}
[1724952287.56][SERI][TXD] {{duty_cycle;0.49502063122421097}}
[1724952287.58][CONN][RXD] Expected PWM frequency was 100000 Hz (+- 20 Hz) and duty cycle was 49.56% (+-1.00%), host measured frequency 100240 Hz and duty cycle 49.50%
[1724952287.59][CONN][RXD] &gt;&gt;&gt; 'Test PWM frequency and duty cycle (freq = 100 kHz)': 0 passed, 1 failed with reason 'Test Cases Failed'
[1724952287.59][CONN][RXD] 
[1724952287.59][CONN][RXD] 
[1724952287.59][CONN][INF] found KV pair in stream: {{__testcase_finish;Test PWM frequency and duty cycle (freq = 100 kHz);0;1}}, queued...
[1724952287.61][CONN][RXD] &gt;&gt;&gt; Running case #8: 'Test PWM frequency and duty cycle (freq = 1 MHz)'...
[1724952287.62][CONN][INF] found KV pair in stream: {{__testcase_start;Test PWM frequency and duty cycle (freq = 1 MHz)}}, queued...
[1724952287.62][CONN][INF] found KV pair in stream: {{analyze_signal;please}}, queued...
[1724952289.81][SERI][TXD] {{frequency;1002930.0}}
[1724952289.82][SERI][TXD] {{duty_cycle;0.31236835953955056}}
[1724952289.85][CONN][RXD] Expected PWM frequency was 1000000 Hz (+- 20 Hz) and duty cycle was 30.80% (+-10.00%), host measured frequency 1002930 Hz and duty cycle 31.24%
[1724952289.86][CONN][RXD] &lt;greentea test suite&gt;:121::FAIL: Expected 1000000.000000 Was 1002930.000000
[1724952289.86][CONN][INF] found KV pair in stream: {{analyze_signal;please}}, queued...
[1724952292.06][SERI][TXD] {{frequency;1002780.0}}
[1724952292.07][SERI][TXD] {{duty_cycle;0.474859406425742}}
[1724952292.09][CONN][RXD] Expected PWM frequency was 1000000 Hz (+- 20 Hz) and duty cycle was 46.96% (+-10.00%), host measured frequency 1002780 Hz and duty cycle 47.49%
[1724952292.10][CONN][INF] found KV pair in stream: {{analyze_signal;please}}, queued...
[1724952294.30][SERI][TXD] {{frequency;1002880.0}}
[1724952294.31][SERI][TXD] {{duty_cycle;0.33744457819427726}}
[1724952294.33][CONN][RXD] Expected PWM frequency was 1000000 Hz (+- 20 Hz) and duty cycle was 34.13% (+-10.00%), host measured frequency 1002880 Hz and duty cycle 33.74%
[1724952294.33][CONN][INF] found KV pair in stream: {{analyze_signal;please}}, queued...
[1724952296.53][SERI][TXD] {{frequency;1002710.0}}
[1724952296.54][SERI][TXD] {{duty_cycle;0.3498895626380467}}
[1724952296.56][CONN][RXD] Expected PWM frequency was 1000000 Hz (+- 20 Hz) and duty cycle was 35.34% (+-10.00%), host measured frequency 1002710 Hz and duty cycle 34.99%
[1724952296.56][CONN][INF] found KV pair in stream: {{analyze_signal;please}}, queued...
[1724952298.76][SERI][TXD] {{frequency;1002760.0}}
[1724952298.78][SERI][TXD] {{duty_cycle;0.4498469376913279}}
[1724952298.80][CONN][RXD] Expected PWM frequency was 1000000 Hz (+- 20 Hz) and duty cycle was 44.74% (+-10.00%), host measured frequency 1002760 Hz and duty cycle 44.98%
[1724952298.80][CONN][INF] found KV pair in stream: {{__testcase_finish;Test PWM frequency and duty cycle (freq = 1 MHz);0;1}}, queued...
[1724952298.81][CONN][RXD] &gt;&gt;&gt; 'Test PWM frequency and duty cycle (freq = 1 MHz)': 0 passed, 1 failed with reason 'Test Cases Failed'
[1724952298.81][CONN][RXD] 
[1724952298.81][CONN][RXD] 
[1724952298.82][CONN][RXD] &gt;&gt;&gt; Running case #9: 'Test PWM Suspend/Resume (freq = 1kHz)'...
[1724952298.82][CONN][INF] found KV pair in stream: {{__testcase_start;Test PWM Suspend/Resume (freq = 1kHz)}}, queued...
[1724952298.83][CONN][INF] found KV pair in stream: {{analyze_signal;please}}, queued...
[1724952301.02][SERI][TXD] {{frequency;1000.0}}
[1724952301.03][SERI][TXD] {{duty_cycle;0.7504590619261726}}
[1724952301.05][CONN][RXD] Expected PWM frequency was 1000 Hz (+- 20 Hz) and duty cycle was 75.00% (+-0.10%), host measured frequency 1000 Hz and duty cycle 75.05%
[1724952301.05][CONN][INF] found KV pair in stream: {{analyze_signal;please}}, queued...
[1724952303.24][SERI][TXD] {{frequency;0.0}}
[1724952303.26][SERI][TXD] {{duty_cycle;0.9999987500015625}}
[1724952303.27][CONN][INF] found KV pair in stream: {{analyze_signal;please}}, queued...
[1724952305.46][SERI][TXD] {{frequency;1000.0}}
[1724952305.47][SERI][TXD] {{duty_cycle;0.7506165617292978}}
[1724952305.49][CONN][RXD] Expected PWM frequency was 1000 Hz (+- 20 Hz) and duty cycle was 75.00% (+-0.10%), host measured frequency 1000 Hz and duty cycle 75.06%
[1724952305.49][CONN][INF] found KV pair in stream: {{__testcase_finish;Test PWM Suspend/Resume (freq = 1kHz);1;0}}, queued...
[1724952305.50][CONN][RXD] &gt;&gt;&gt; 'Test PWM Suspend/Resume (freq = 1kHz)': 1 passed, 0 failed
[1724952305.51][CONN][RXD] &lt;greentea test suite&gt;:0::PASS
[1724952305.51][CONN][RXD] 
[1724952305.52][CONN][RXD] &gt;&gt;&gt; Running case #10: 'Test PWM Maintains Duty Cycle (freq = 1kHz)'...
[1724952305.52][CONN][INF] found KV pair in stream: {{__testcase_start;Test PWM Maintains Duty Cycle (freq = 1kHz)}}, queued...
[1724952305.52][CONN][INF] found KV pair in stream: {{analyze_signal;please}}, queued...
[1724952307.70][SERI][TXD] {{frequency;1000.0}}
[1724952307.72][SERI][TXD] {{duty_cycle;0.7505665617917978}}
[1724952307.74][CONN][RXD] Expected PWM frequency was 1000 Hz (+- 20 Hz) and duty cycle was 75.00% (+-0.10%), host measured frequency 1000 Hz and duty cycle 75.06%
[1724952307.74][CONN][INF] found KV pair in stream: {{analyze_signal;please}}, queued...
[1724952309.93][SERI][TXD] {{frequency;40100.0}}
[1724952309.94][SERI][TXD] {{duty_cycle;0.7500390624511719}}
[1724952309.96][CONN][RXD] Expected PWM frequency was 40000 Hz (+- 20 Hz) and duty cycle was 75.00% (+-0.40%), host measured frequency 40100 Hz and duty cycle 75.00%
[1724952309.96][CONN][RXD] &lt;greentea test suite&gt;:121::FAIL: Expected 40000.000000 Was 40100.000000
[1724952309.97][CONN][INF] found KV pair in stream: {{analyze_signal;please}}, queued...
[1724952312.17][SERI][TXD] {{frequency;210.0}}
[1724952312.19][SERI][TXD] {{duty_cycle;0.7493140633574208}}
[1724952312.21][CONN][RXD] Expected PWM frequency was 200 Hz (+- 20 Hz) and duty cycle was 75.00% (+-0.10%), host measured frequency 210 Hz and duty cycle 74.93%
[1724952312.21][CONN][INF] found KV pair in stream: {{__testcase_finish;Test PWM Maintains Duty Cycle (freq = 1kHz);0;1}}, queued...
[1724952312.22][CONN][RXD] &gt;&gt;&gt; 'Test PWM Maintains Duty Cycle (freq = 1kHz)': 0 passed, 1 failed with reason 'Test Cases Failed'
[1724952312.22][CONN][RXD] 
[1724952312.22][CONN][RXD] 
[1724952312.23][CONN][RXD] &gt;&gt;&gt; Test cases: 3 passed, 7 failed with reason 'Test Cases Failed'
[1724952312.23][CONN][RXD] &gt;&gt;&gt; TESTS FAILED!
[1724952312.23][CONN][RXD] 
[1724952312.23][CONN][RXD] -----------------------
[1724952312.23][CONN][RXD] 0 Tests 7 Failures 0 Ignored 
[1724952312.23][CONN][RXD] FAIL
[1724952312.24][CONN][INF] found KV pair in stream: {{__testcase_summary;3;7}}, queued...
[1724952312.24][CONN][INF] found KV pair in stream: {{end;failure}}, queued...
[1724952312.24][CONN][INF] found KV pair in stream: {{__exit;0}}, queued...
[1724952312.24][HTST][INF] __exit(0)
[1724952312.25][HTST][INF] __notify_complete(False)
[1724952312.25][HTST][INF] __exit_event_queue received
[1724952312.25][HTST][INF] test suite run finished after 70.11 sec...
[1724952312.25][CONN][INF] received special event '__host_test_finished' value='True', finishing
[1724952312.26][HTST][INF] CONN exited with code: 0
[1724952312.26][HTST][INF] Some events in queue
[1724952312.26][HTST][INF] stopped consuming events
[1724952312.26][HTST][INF] host test result() call skipped, received: False
[1724952312.26][HTST][INF] calling blocking teardown()
[1724952312.26][HTST][INF] teardown() finished
[1724952312.27][HTST][INF] {{result;failure}}
CMake Error at mbed-run-greentea-test-testshield-pwm-and-adc.cmake:19 (execute_process):
  execute_process failed command indexes:

    1: "Child return code: 1"



</system-out>
	</testcase>
	<testcase name="test-testshield-dac-to-adc" classname="test-testshield-dac-to-adc" time="5.84121" status="fail">
		<failure message=""/>
		<system-out>[1/1] Flashing test-testshield-dac-to-adc with OpenOCD...
Open On-Chip Debugger 0.12.0+dev-00499-g151b74371 (2024-01-22-10:06)
Licensed under GNU GPL v2
For bug reports, read
	http://openocd.org/doc/doxygen/bugs.html
DEPRECATED! use 'adapter driver' not 'interface'
Info : The selected transport took over low-level target control. The results might differ compared to plain JTAG/SWD
DEPRECATED! use 'adapter serial' not 'hla_serial'
Info : clock speed 500 kHz
Info : STLINK V2J39M27 (API v2) VID:PID 0483:374B
Info : Target voltage: 3.240553
Info : [stm32l4x.cpu] Cortex-M4 r0p1 processor detected
Info : [stm32l4x.cpu] target has 6 breakpoints, 4 watchpoints
Info : [stm32l4x.cpu] Examination succeed
Info : gdb port disabled
Info : Unable to match requested speed 500 kHz, using 480 kHz
Info : Unable to match requested speed 500 kHz, using 480 kHz
[stm32l4x.cpu] halted due to debug-request, current mode: Thread 
xPSR: 0x01000000 pc: 0x08000318 msp: 0x10000698
** Programming Started **
Info : device idcode = 0x20016462 (STM32L45/L46xx - Rev Y : 0x2001)
Info : RDP level 0 (0xAA)
Info : flash size = 512 KiB
Info : flash mode : single-bank
Warn : Adding extra erase range, 0x0800ebc8 .. 0x0800efff
** Programming Finished **
** Resetting Target **
Info : Unable to match requested speed 500 kHz, using 480 kHz
Info : Unable to match requested speed 500 kHz, using 480 kHz
shutdown command invoked
Executing: /home/jamie/Mbed/mbed-ce-test-tools/CI-Shield-Tests/mbed-os/venv/bin/python3.10 -m mbed_host_tests.mbedhtrun --skip-flashing -p /dev/ttyNUCLEO_L452RE_P --skip-reset -m NUCLEO_L452RE_P --baud-rate=115200
[1724952343.30][HTST][INF] host test executor ver. 0.0.16
[1724952343.30][HTST][INF] copy image onto target... SKIPPED!
[1724952343.32][HTST][INF] starting host test process...
[1724952343.33][CONN][INF] starting connection process...
[1724952343.33][CONN][INF] notify event queue about extra 60 sec timeout for serial port pooling
[1724952343.33][CONN][INF] initializing serial port listener... 
[1724952343.34][SERI][INF] using specified port '/dev/ttyNUCLEO_L452RE_P'
[1724952343.34][HTST][INF] setting timeout to: 60 sec
[1724952343.34][SERI][INF] serial(port=/dev/ttyNUCLEO_L452RE_P, baudrate=115200, read_timeout=0.01, write_timeout=5)
[1724952343.34][SERI][TXD] mbedmbedmbedmbedmbedmbedmbedmbedmbedmbed
[1724952343.34][CONN][INF] sending up to 2 __sync packets (specified with --sync=2)
[1724952343.34][CONN][INF] sending preamble '503d918e-9670-4a52-aac5-dd73e69e778a'
[1724952343.35][SERI][TXD] {{__sync;503d918e-9670-4a52-aac5-dd73e69e778a}}
[1724952343.36][CONN][RXD] mbedmbedmbedmbedmbedmbedmbedmbed
[1724952343.36][CONN][INF] found SYNC in stream: {{__sync;503d918e-9670-4a52-aac5-dd73e69e778a}} it is #0 sent, queued...
[1724952343.36][HTST][INF] sync KV found, uuid=503d918e-9670-4a52-aac5-dd73e69e778a, timestamp=1724952343.357444
[1724952343.37][CONN][RXD] &gt;&gt;&gt; Running 1 test cases...
[1724952343.37][CONN][RXD] 
[1724952343.37][CONN][INF] found KV pair in stream: {{__version;1.3.0}}, queued...
[1724952343.37][CONN][INF] found KV pair in stream: {{__timeout;30}}, queued...
[1724952343.37][CONN][INF] found KV pair in stream: {{__host_test_name;default_auto}}, queued...
[1724952343.37][HTST][INF] DUT greentea-client version: 1.3.0
[1724952343.37][CONN][INF] found KV pair in stream: {{__testcase_name;DAC to ADC}}, queued...
[1724952343.37][HTST][INF] setting timeout to: 30 sec
[1724952343.37][HTST][INF] host test class: '&lt;class 'mbed_os_tools.test.host_tests.default_auto.DefaultAuto'&gt;'
[1724952343.37][HTST][INF] host test setup() call...
[1724952343.37][HTST][INF] CALLBACKs updated
[1724952343.37][HTST][INF] host test detected: default_auto
[1724952343.38][CONN][RXD] &gt;&gt;&gt; Running case #1: 'DAC to ADC'...
[1724952343.38][CONN][INF] found KV pair in stream: {{__testcase_start;DAC to ADC}}, queued...
[1724952343.41][CONN][RXD] DAC output of 0.0% produced an ADC reading of 99.9%
[1724952343.41][CONN][RXD] &lt;greentea test suite&gt;:59::FAIL: Expected 0.000000 Was 0.998779
[1724952343.47][CONN][RXD] DAC output of 10.0% produced an ADC reading of 99.9%
[1724952343.52][CONN][RXD] DAC output of 20.0% produced an ADC reading of 99.9%
[1724952343.56][CONN][RXD] DAC output of 30.0% produced an ADC reading of 99.9%
[1724952343.61][CONN][RXD] DAC output of 40.0% produced an ADC reading of 99.9%
[1724952343.66][CONN][RXD] DAC output of 50.0% produced an ADC reading of 99.9%
[1724952343.71][CONN][RXD] DAC output of 60.0% produced an ADC reading of 100.0%
[1724952343.77][CONN][RXD] DAC output of 70.0% produced an ADC reading of 99.9%
[1724952343.81][CONN][RXD] DAC output of 80.0% produced an ADC reading of 99.9%
[1724952343.86][CONN][RXD] DAC output of 90.0% produced an ADC reading of 99.9%
[1724952343.91][CONN][RXD] DAC output of 100.0% produced an ADC reading of 99.9%
[1724952343.91][CONN][INF] found KV pair in stream: {{__testcase_finish;DAC to ADC;0;1}}, queued...
[1724952343.92][CONN][RXD] &gt;&gt;&gt; 'DAC to ADC': 0 passed, 1 failed with reason 'Test Cases Failed'
[1724952343.92][CONN][RXD] 
[1724952343.92][CONN][RXD] 
[1724952343.92][CONN][RXD] &gt;&gt;&gt; Test cases: 0 passed, 1 failed with reason 'Test Cases Failed'
[1724952343.93][CONN][RXD] &gt;&gt;&gt; TESTS FAILED!
[1724952343.94][CONN][RXD] 
[1724952343.94][CONN][RXD] -----------------------
[1724952343.94][CONN][RXD] 0 Tests 1 Failures 0 Ignored 
[1724952343.94][CONN][RXD] FAIL
[1724952343.94][CONN][INF] found KV pair in stream: {{__testcase_summary;0;1}}, queued...
[1724952343.94][CONN][INF] found KV pair in stream: {{end;failure}}, queued...
[1724952343.94][HTST][INF] __notify_complete(False)
[1724952343.94][HTST][INF] __exit_event_queue received
[1724952343.94][HTST][INF] test suite run finished after 0.57 sec...
[1724952343.95][CONN][INF] found KV pair in stream: {{__exit;0}}, queued...
[1724952343.95][CONN][INF] received special event '__host_test_finished' value='True', finishing
[1724952343.96][HTST][INF] CONN exited with code: 0
[1724952343.96][HTST][INF] Some events in queue
[1724952343.96][HTST][INF] stopped consuming events
[1724952343.96][HTST][INF] host test result() call skipped, received: False
[1724952343.96][HTST][WRN] missing __exit event from DUT
[1724952343.96][HTST][INF] calling blocking teardown()
[1724952343.96][HTST][INF] teardown() finished
[1724952343.96][HTST][INF] {{result;failure}}
CMake Error at mbed-run-greentea-test-testshield-dac-to-adc.cmake:19 (execute_process):
  execute_process failed command indexes:

    1: "Child return code: 1"



</system-out>
	</testcase>
</testsuite>
