<?xml version="1.0" encoding="UTF-8"?>
<testsuite name="(empty)"
	tests="12"
	failures="6"
	disabled="0"
	skipped="0"
	hostname=""
	time="474"
	timestamp="2024-09-01T17:10:27"
	>
	<testcase name="test-testshield-businout" classname="test-testshield-businout" time="22.1808" status="run">
		<system-out>[1/3] Building CXX object CMakeFiles/test-testshield-businout.dir/BusInOutTest.cpp.obj
[2/3] Linking CXX executable test-testshield-businout.elf
-- built: /home/jamie/Mbed/mbed-ce-test-tools/CI-Shield-Tests/build/NUCLEO_L452RE_P-Develop/test-testshield-businout.bin
-- built: /home/jamie/Mbed/mbed-ce-test-tools/CI-Shield-Tests/build/NUCLEO_L452RE_P-Develop/test-testshield-businout.hex
| Module                                  |     .text |    .data |     .bss |
|-----------------------------------------|-----------|----------|----------|
| CMakeFiles/test-testshield-businout.dir |  1012(+0) |    0(+0) |  188(+0) |
| [fill]                                  |   162(+0) |    3(+0) |   43(+0) |
| [lib]/c.a                               |  6100(+0) | 1344(+0) |  373(+0) |
| [lib]/client_userio.a                   |  1480(+0) |   56(+0) |    8(+0) |
| [lib]/gcc.a                             |  3144(+0) |    0(+0) |    0(+0) |
| [lib]/mbed-greentea-io.a                |    70(+0) |    0(+0) |    0(+0) |
| [lib]/mbed-unity.a                      |   794(+0) |    0(+0) |  224(+0) |
| [lib]/mbed-utest.a                      |  3384(+0) |   13(+0) |  201(+0) |
| [lib]/misc                              |   264(+0) |    4(+0) |   25(+0) |
| mbed-os/CMakeFiles                      | 31878(+0) |  444(+0) | 8722(+0) |
| Subtotals                               | 48288(+0) | 1864(+0) | 9784(+0) |
Total Static RAM memory (data + bss): 11648(+0) bytes
Total Flash memory (text + data): 50152(+0) bytes

[3/3] Flashing test-testshield-businout with OpenOCD...
Open On-Chip Debugger 0.12.0+dev-00499-g151b74371 (2024-01-22-10:06)
Licensed under GNU GPL v2
For bug reports, read
	http://openocd.org/doc/doxygen/bugs.html
DEPRECATED! use 'adapter driver' not 'interface'
Info : The selected transport took over low-level target control. The results might differ compared to plain JTAG/SWD
DEPRECATED! use 'adapter serial' not 'hla_serial'
Info : clock speed 500 kHz
Info : STLINK V2J39M27 (API v2) VID:PID 0483:374B
Info : Target voltage: 3.238973
Info : [stm32l4x.cpu] Cortex-M4 r0p1 processor detected
Info : [stm32l4x.cpu] target has 6 breakpoints, 4 watchpoints
Info : [stm32l4x.cpu] Examination succeed
Info : gdb port disabled
Info : Unable to match requested speed 500 kHz, using 480 kHz
Info : Unable to match requested speed 500 kHz, using 480 kHz
[stm32l4x.cpu] halted due to debug-request, current mode: Thread 
xPSR: 0x01000000 pc: 0x08000330 msp: 0x10000698
** Programming Started **
Info : device idcode = 0x20016462 (STM32L45/L46xx - Rev Y : 0x2001)
Info : RDP level 0 (0xAA)
Info : flash size = 512 KiB
Info : flash mode : single-bank
Info : Padding image section 1 at 0x0800e21c with 4 bytes (bank write end alignment)
Warn : Adding extra erase range, 0x0800e220 .. 0x0800e7ff
** Programming Finished **
** Resetting Target **
Info : Unable to match requested speed 500 kHz, using 480 kHz
Info : Unable to match requested speed 500 kHz, using 480 kHz
shutdown command invoked
Executing: /home/jamie/Mbed/mbed-ce-test-tools/CI-Shield-Tests/mbed-os/venv/bin/python3.10 -m mbed_host_tests.mbedhtrun --skip-flashing -p /dev/ttyNUCLEO_L452RE_P --skip-reset -m NUCLEO_L452RE_P --baud-rate=115200
[1725235848.53][HTST][INF] host test executor ver. 0.0.16
[1725235848.53][HTST][INF] copy image onto target... SKIPPED!
[1725235848.56][HTST][INF] starting host test process...
[1725235848.57][CONN][INF] starting connection process...
[1725235848.57][CONN][INF] notify event queue about extra 60 sec timeout for serial port pooling
[1725235848.57][CONN][INF] initializing serial port listener... 
[1725235848.57][SERI][INF] using specified port '/dev/ttyNUCLEO_L452RE_P'
[1725235848.57][HTST][INF] setting timeout to: 60 sec
[1725235848.57][SERI][INF] serial(port=/dev/ttyNUCLEO_L452RE_P, baudrate=115200, read_timeout=0.01, write_timeout=5)
[1725235848.58][SERI][TXD] mbedmbedmbedmbedmbedmbedmbedmbedmbedmbed
[1725235848.58][CONN][INF] sending up to 2 __sync packets (specified with --sync=2)
[1725235848.58][CONN][INF] sending preamble '73bf2498-d8a1-47c9-96ab-8c733ac55cc5'
[1725235848.59][SERI][TXD] {{__sync;73bf2498-d8a1-47c9-96ab-8c733ac55cc5}}
[1725235848.60][CONN][RXD] mbedmbedmbedmbedmbedmbedmbedmbed
[1725235848.60][CONN][INF] found SYNC in stream: {{__sync;73bf2498-d8a1-47c9-96ab-8c733ac55cc5}} it is #0 sent, queued...
[1725235848.60][HTST][INF] sync KV found, uuid=73bf2498-d8a1-47c9-96ab-8c733ac55cc5, timestamp=1725235848.597354
[1725235848.61][CONN][RXD] &gt;&gt;&gt; Running 4 test cases...
[1725235848.61][CONN][INF] found KV pair in stream: {{__version;1.3.0}}, queued...
[1725235848.61][CONN][INF] found KV pair in stream: {{__timeout;40}}, queued...
[1725235848.61][HTST][INF] DUT greentea-client version: 1.3.0
[1725235848.61][HTST][INF] setting timeout to: 40 sec
[1725235848.61][CONN][INF] found KV pair in stream: {{__host_test_name;default_auto}}, queued...
[1725235848.61][CONN][INF] found KV pair in stream: {{__testcase_name;BusIn definable}}, queued...
[1725235848.61][HTST][INF] host test class: '&lt;class 'mbed_os_tools.test.host_tests.default_auto.DefaultAuto'&gt;'
[1725235848.61][HTST][INF] host test setup() call...
[1725235848.61][HTST][INF] CALLBACKs updated
[1725235848.61][HTST][INF] host test detected: default_auto
[1725235848.62][CONN][RXD] 
[1725235848.62][CONN][RXD] &gt;&gt;&gt; Running case #1: 'BusIn definable'...
[1725235848.62][CONN][INF] found KV pair in stream: {{__testcase_name;BusOut definable}}, queued...
[1725235848.63][CONN][INF] found KV pair in stream: {{__testcase_name;BusInOut to BusInOut}}, queued...
[1725235848.63][CONN][INF] found KV pair in stream: {{__testcase_name;BusIn to BusOut}}, queued...
[1725235848.64][CONN][RXD] &gt;&gt;&gt; 'BusIn definable': 1 passed, 0 failed
[1725235848.64][CONN][RXD] &lt;greentea test suite&gt;:0::PASS
[1725235848.64][CONN][RXD] 
[1725235848.64][CONN][INF] found KV pair in stream: {{__testcase_start;BusIn definable}}, queued...
[1725235848.64][CONN][INF] found KV pair in stream: {{__testcase_finish;BusIn definable;1;0}}, queued...
[1725235848.65][CONN][RXD] &gt;&gt;&gt; Running case #2: 'BusOut definable'...
[1725235848.65][CONN][RXD] &gt;&gt;&gt; 'BusOut definable': 1 passed, 0 failed
[1725235848.65][CONN][INF] found KV pair in stream: {{__testcase_start;BusOut definable}}, queued...
[1725235848.65][CONN][INF] found KV pair in stream: {{__testcase_finish;BusOut definable;1;0}}, queued...
[1725235848.66][CONN][RXD] &lt;greentea test suite&gt;:0::PASS
[1725235848.66][CONN][RXD] 
[1725235848.67][CONN][RXD] &gt;&gt;&gt; Running case #3: 'BusInOut to BusInOut'...
[1725235848.67][CONN][RXD] 
[1725235848.67][CONN][RXD] *********
[1725235848.67][CONN][RXD] value of x,bio2 is: 0x0, 0x0
[1725235848.67][CONN][RXD] ********
[1725235848.67][CONN][RXD] 
[1725235848.67][CONN][INF] found KV pair in stream: {{__testcase_start;BusInOut to BusInOut}}, queued...
[1725235848.68][CONN][RXD] *********
[1725235848.68][CONN][RXD] value of x,bio2 is: 0x1, 0x1
[1725235848.68][CONN][RXD] ********
[1725235848.68][CONN][RXD] 
[1725235848.68][CONN][RXD] *********
[1725235848.68][CONN][RXD] value of x,bio2 is: 0x2, 0x2
[1725235848.69][CONN][RXD] ********
[1725235848.69][CONN][RXD] 
[1725235848.69][CONN][RXD] *********
[1725235848.69][CONN][RXD] value of x,bio2 is: 0x3, 0x3
[1725235848.69][CONN][RXD] ********
[1725235848.69][CONN][RXD] 
[1725235848.69][CONN][RXD] *********
[1725235848.69][CONN][RXD] value of x,bio2 is: 0x4, 0x4
[1725235848.70][CONN][RXD] ********
[1725235848.70][CONN][RXD] 
[1725235848.70][CONN][RXD] *********
[1725235848.70][CONN][RXD] value of x,bio2 is: 0x5, 0x5
[1725235848.70][CONN][RXD] ********
[1725235848.70][CONN][RXD] 
[1725235848.71][CONN][RXD] *********
[1725235848.71][CONN][RXD] value of x,bio2 is: 0x6, 0x6
[1725235848.71][CONN][RXD] ********
[1725235848.71][CONN][RXD] 
[1725235848.71][CONN][RXD] *********
[1725235848.71][CONN][RXD] value of x,bio2 is: 0x7, 0x7
[1725235848.71][CONN][RXD] ********
[1725235848.71][CONN][RXD] 
[1725235848.71][CONN][RXD] *********
[1725235848.71][CONN][RXD] value of x,bio1 is: 0x0, 0x0
[1725235848.71][CONN][RXD] ********
[1725235848.71][CONN][RXD] 
[1725235848.72][CONN][RXD] *********
[1725235848.72][CONN][RXD] value of x,bio1 is: 0x1, 0x1
[1725235848.72][CONN][RXD] ********
[1725235848.72][CONN][RXD] 
[1725235848.72][CONN][RXD] *********
[1725235848.73][CONN][RXD] value of x,bio1 is: 0x2, 0x2
[1725235848.73][CONN][RXD] ********
[1725235848.73][CONN][RXD] 
[1725235848.73][CONN][RXD] *********
[1725235848.73][CONN][RXD] value of x,bio1 is: 0x3, 0x3
[1725235848.73][CONN][RXD] ********
[1725235848.73][CONN][RXD] 
[1725235848.73][CONN][RXD] *********
[1725235848.73][CONN][RXD] value of x,bio1 is: 0x4, 0x4
[1725235848.73][CONN][RXD] ********
[1725235848.73][CONN][RXD] 
[1725235848.73][CONN][RXD] *********
[1725235848.74][CONN][RXD] value of x,bio1 is: 0x5, 0x5
[1725235848.74][CONN][RXD] ********
[1725235848.74][CONN][RXD] 
[1725235848.74][CONN][RXD] *********
[1725235848.74][CONN][RXD] value of x,bio1 is: 0x6, 0x6
[1725235848.74][CONN][RXD] ********
[1725235848.74][CONN][RXD] 
[1725235848.74][CONN][RXD] *********
[1725235848.74][CONN][RXD] value of x,bio1 is: 0x7, 0x7
[1725235848.74][CONN][RXD] ********
[1725235848.74][CONN][INF] found KV pair in stream: {{__testcase_finish;BusInOut to BusInOut;1;0}}, queued...
[1725235848.76][CONN][RXD] &gt;&gt;&gt; 'BusInOut to BusInOut': 1 passed, 0 failed
[1725235848.76][CONN][RXD] &lt;greentea test suite&gt;:0::PASS
[1725235848.76][CONN][RXD] 
[1725235848.76][CONN][RXD] &gt;&gt;&gt; Running case #4: 'BusIn to BusOut'...
[1725235848.76][CONN][RXD] 
[1725235848.76][CONN][RXD] *********
[1725235848.76][CONN][RXD] value of bin,bout,x is: 0x1, 0x1, 0x1
[1725235848.76][CONN][RXD] ********
[1725235848.76][CONN][RXD] 
[1725235848.76][CONN][INF] found KV pair in stream: {{__testcase_start;BusIn to BusOut}}, queued...
[1725235848.77][CONN][RXD] *********
[1725235848.77][CONN][RXD] value of bin,bout,x is: 0x2, 0x2, 0x2
[1725235848.77][CONN][RXD] ********
[1725235848.77][CONN][RXD] 
[1725235848.78][CONN][RXD] *********
[1725235848.78][CONN][RXD] value of bin,bout,x is: 0x3, 0x3, 0x3
[1725235848.78][CONN][RXD] ********
[1725235848.78][CONN][RXD] 
[1725235848.78][CONN][RXD] *********
[1725235848.78][CONN][RXD] value of bin,bout,x is: 0x4, 0x4, 0x4
[1725235848.78][CONN][RXD] ********
[1725235848.78][CONN][RXD] 
[1725235848.78][CONN][RXD] *********
[1725235848.79][CONN][RXD] value of bin,bout,x is: 0x5, 0x5, 0x5
[1725235848.79][CONN][RXD] ********
[1725235848.79][CONN][RXD] 
[1725235848.79][CONN][RXD] *********
[1725235848.80][CONN][RXD] value of bin,bout,x is: 0x6, 0x6, 0x6
[1725235848.80][CONN][RXD] ********
[1725235848.80][CONN][RXD] 
[1725235848.80][CONN][RXD] *********
[1725235848.80][CONN][RXD] value of bin,bout,x is: 0x7, 0x7, 0x7
[1725235848.80][CONN][RXD] ********
[1725235848.80][CONN][INF] found KV pair in stream: {{__testcase_finish;BusIn to BusOut;1;0}}, queued...
[1725235848.81][CONN][RXD] &gt;&gt;&gt; 'BusIn to BusOut': 1 passed, 0 failed
[1725235848.81][CONN][RXD] &lt;greentea test suite&gt;:0::PASS
[1725235848.81][CONN][RXD] 
[1725235848.81][CONN][RXD] &gt;&gt;&gt; Test cases: 4 passed, 0 failed
[1725235848.81][CONN][RXD] 
[1725235848.81][CONN][RXD] -----------------------
[1725235848.81][CONN][RXD] 0 Tests 0 Failures 0 Ignored 
[1725235848.81][CONN][RXD] OK
[1725235848.83][CONN][INF] found KV pair in stream: {{__testcase_summary;4;0}}, queued...
[1725235848.83][CONN][INF] found KV pair in stream: {{end;success}}, queued...
[1725235848.83][CONN][INF] found KV pair in stream: {{__exit;0}}, queued...
[1725235848.83][HTST][INF] __exit(0)
[1725235848.83][HTST][INF] __notify_complete(True)
[1725235848.83][HTST][INF] __exit_event_queue received
[1725235848.83][HTST][INF] test suite run finished after 0.22 sec...
[1725235848.84][CONN][INF] received special event '__host_test_finished' value='True', finishing
[1725235848.85][HTST][INF] CONN exited with code: 0
[1725235848.85][HTST][INF] Some events in queue
[1725235848.85][HTST][INF] stopped consuming events
[1725235848.85][HTST][INF] host test result() call skipped, received: True
[1725235848.85][HTST][INF] calling blocking teardown()
[1725235848.85][HTST][INF] teardown() finished
[1725235848.85][HTST][INF] {{result;success}}
</system-out>
	</testcase>
	<testcase name="test-testshield-interruptin" classname="test-testshield-interruptin" time="22.9084" status="run">
		<system-out>[1/3] Building CXX object CMakeFiles/test-testshield-interruptin.dir/InterruptInTest.cpp.obj
[2/3] Linking CXX executable test-testshield-interruptin.elf
-- built: /home/jamie/Mbed/mbed-ce-test-tools/CI-Shield-Tests/build/NUCLEO_L452RE_P-Develop/test-testshield-interruptin.bin
-- built: /home/jamie/Mbed/mbed-ce-test-tools/CI-Shield-Tests/build/NUCLEO_L452RE_P-Develop/test-testshield-interruptin.hex
| Module                                     |     .text |    .data |      .bss |
|--------------------------------------------|-----------|----------|-----------|
| CMakeFiles/test-testshield-interruptin.dir |  1804(+0) |    0(+0) |   245(+0) |
| [fill]                                     |   168(+0) |    3(+0) |    40(+0) |
| [lib]/c.a                                  |  6100(+0) | 1344(+0) |   373(+0) |
| [lib]/client_userio.a                      |  1480(+0) |   56(+0) |     8(+0) |
| [lib]/gcc.a                                |  3144(+0) |    0(+0) |     0(+0) |
| [lib]/mbed-greentea-io.a                   |    70(+0) |    0(+0) |     0(+0) |
| [lib]/mbed-unity.a                         |   794(+0) |    0(+0) |   224(+0) |
| [lib]/mbed-utest.a                         |  3380(+0) |   13(+0) |   201(+0) |
| [lib]/misc                                 |   264(+0) |    4(+0) |    25(+0) |
| mbed-os/CMakeFiles                         | 31724(+0) |  444(+0) |  9260(+0) |
| Subtotals                                  | 48928(+0) | 1864(+0) | 10376(+0) |
Total Static RAM memory (data + bss): 12240(+0) bytes
Total Flash memory (text + data): 50792(+0) bytes

[3/3] Flashing test-testshield-interruptin with OpenOCD...
Open On-Chip Debugger 0.12.0+dev-00499-g151b74371 (2024-01-22-10:06)
Licensed under GNU GPL v2
For bug reports, read
	http://openocd.org/doc/doxygen/bugs.html
DEPRECATED! use 'adapter driver' not 'interface'
Info : The selected transport took over low-level target control. The results might differ compared to plain JTAG/SWD
DEPRECATED! use 'adapter serial' not 'hla_serial'
Info : clock speed 500 kHz
Info : STLINK V2J39M27 (API v2) VID:PID 0483:374B
Info : Target voltage: 3.238973
Info : [stm32l4x.cpu] Cortex-M4 r0p1 processor detected
Info : [stm32l4x.cpu] target has 6 breakpoints, 4 watchpoints
Info : [stm32l4x.cpu] Examination succeed
Info : gdb port disabled
Info : Unable to match requested speed 500 kHz, using 480 kHz
Info : Unable to match requested speed 500 kHz, using 480 kHz
[stm32l4x.cpu] halted due to debug-request, current mode: Thread 
xPSR: 0x01000000 pc: 0x08000330 msp: 0x10000698
** Programming Started **
Info : device idcode = 0x20016462 (STM32L45/L46xx - Rev Y : 0x2001)
Info : RDP level 0 (0xAA)
Info : flash size = 512 KiB
Info : flash mode : single-bank
Info : Padding image section 1 at 0x0800e55c with 4 bytes (bank write end alignment)
Warn : Adding extra erase range, 0x0800e560 .. 0x0800e7ff
** Programming Finished **
** Resetting Target **
Info : Unable to match requested speed 500 kHz, using 480 kHz
Info : Unable to match requested speed 500 kHz, using 480 kHz
shutdown command invoked
Executing: /home/jamie/Mbed/mbed-ce-test-tools/CI-Shield-Tests/mbed-os/venv/bin/python3.10 -m mbed_host_tests.mbedhtrun --skip-flashing -p /dev/ttyNUCLEO_L452RE_P --skip-reset -m NUCLEO_L452RE_P --baud-rate=115200
[1725235871.50][HTST][INF] host test executor ver. 0.0.16
[1725235871.50][HTST][INF] copy image onto target... SKIPPED!
[1725235871.52][HTST][INF] starting host test process...
[1725235871.53][CONN][INF] starting connection process...
[1725235871.53][CONN][INF] notify event queue about extra 60 sec timeout for serial port pooling
[1725235871.53][CONN][INF] initializing serial port listener... 
[1725235871.54][SERI][INF] using specified port '/dev/ttyNUCLEO_L452RE_P'
[1725235871.54][HTST][INF] setting timeout to: 60 sec
[1725235871.54][SERI][INF] serial(port=/dev/ttyNUCLEO_L452RE_P, baudrate=115200, read_timeout=0.01, write_timeout=5)
[1725235871.54][SERI][TXD] mbedmbedmbedmbedmbedmbedmbedmbedmbedmbed
[1725235871.54][CONN][INF] sending up to 2 __sync packets (specified with --sync=2)
[1725235871.54][CONN][INF] sending preamble '360ea4cf-0af1-47d1-a6fd-eeefca2d97c8'
[1725235871.55][SERI][TXD] {{__sync;360ea4cf-0af1-47d1-a6fd-eeefca2d97c8}}
[1725235871.56][CONN][RXD] mbedmbedmbedmbedmbedmbedmbedmbed
[1725235871.56][CONN][INF] found SYNC in stream: {{__sync;360ea4cf-0af1-47d1-a6fd-eeefca2d97c8}} it is #0 sent, queued...
[1725235871.56][CONN][INF] found KV pair in stream: {{__version;1.3.0}}, queued...
[1725235871.56][HTST][INF] sync KV found, uuid=360ea4cf-0af1-47d1-a6fd-eeefca2d97c8, timestamp=1725235871.559595
[1725235871.56][HTST][INF] DUT greentea-client version: 1.3.0
[1725235871.57][CONN][RXD] &gt;&gt;&gt; Running 6 test cases...
[1725235871.57][CONN][INF] found KV pair in stream: {{__timeout;40}}, queued...
[1725235871.57][CONN][INF] found KV pair in stream: {{__host_test_name;default_auto}}, queued...
[1725235871.57][CONN][INF] found KV pair in stream: {{__testcase_name;Interrupt from GPOUT_2 -&gt; GPIN_2}}, queued...
[1725235871.57][HTST][INF] setting timeout to: 40 sec
[1725235871.58][HTST][INF] host test class: '&lt;class 'mbed_os_tools.test.host_tests.default_auto.DefaultAuto'&gt;'
[1725235871.58][HTST][INF] host test setup() call...
[1725235871.58][HTST][INF] CALLBACKs updated
[1725235871.58][HTST][INF] host test detected: default_auto
[1725235871.58][CONN][INF] found KV pair in stream: {{__testcase_name;Interrupt from GPIN_2 -&gt; GPOUT_2}}, queued...
[1725235871.59][CONN][INF] found KV pair in stream: {{__testcase_name;Interrupt from GPOUT_1 -&gt; GPIN_1}}, queued...
[1725235871.60][CONN][RXD] 
[1725235871.60][CONN][INF] found KV pair in stream: {{__testcase_name;Interrupt from GPIN_1 -&gt; GPOUT_1}}, queued...
[1725235871.60][CONN][INF] found KV pair in stream: {{__testcase_name;Interrupt from GPOUT_0 -&gt; GPIN_0}}, queued...
[1725235871.60][CONN][INF] found KV pair in stream: {{__testcase_name;Interrupt from GPIN_0 -&gt; GPOUT_0}}, queued...
[1725235871.61][CONN][RXD] &gt;&gt;&gt; Running case #1: 'Interrupt from GPOUT_2 -&gt; GPIN_2'...
[1725235871.61][CONN][INF] found KV pair in stream: {{__testcase_start;Interrupt from GPOUT_2 -&gt; GPIN_2}}, queued...
[1725235871.61][CONN][INF] found KV pair in stream: {{__testcase_finish;Interrupt from GPOUT_2 -&gt; GPIN_2;1;0}}, queued...
[1725235871.62][CONN][RXD] &gt;&gt;&gt; 'Interrupt from GPOUT_2 -&gt; GPIN_2': 1 passed, 0 failed
[1725235871.62][CONN][RXD] &lt;greentea test suite&gt;:0::PASS
[1725235871.62][CONN][RXD] 
[1725235871.63][CONN][RXD] &gt;&gt;&gt; Running case #2: 'Interrupt from GPIN_2 -&gt; GPOUT_2'...
[1725235871.64][CONN][INF] found KV pair in stream: {{__testcase_start;Interrupt from GPIN_2 -&gt; GPOUT_2}}, queued...
[1725235871.64][CONN][INF] found KV pair in stream: {{__testcase_finish;Interrupt from GPIN_2 -&gt; GPOUT_2;1;0}}, queued...
[1725235871.65][CONN][RXD] &gt;&gt;&gt; 'Interrupt from GPIN_2 -&gt; GPOUT_2': 1 passed, 0 failed
[1725235871.65][CONN][RXD] &lt;greentea test suite&gt;:0::PASS
[1725235871.65][CONN][RXD] 
[1725235871.65][CONN][RXD] &gt;&gt;&gt; Running case #3: 'Interrupt from GPOUT_1 -&gt; GPIN_1'...
[1725235871.66][CONN][INF] found KV pair in stream: {{__testcase_start;Interrupt from GPOUT_1 -&gt; GPIN_1}}, queued...
[1725235871.66][CONN][INF] found KV pair in stream: {{__testcase_finish;Interrupt from GPOUT_1 -&gt; GPIN_1;1;0}}, queued...
[1725235871.67][CONN][RXD] &gt;&gt;&gt; 'Interrupt from GPOUT_1 -&gt; GPIN_1': 1 passed, 0 failed
[1725235871.67][CONN][RXD] &lt;greentea test suite&gt;:0::PASS
[1725235871.67][CONN][RXD] 
[1725235871.67][CONN][RXD] &gt;&gt;&gt; Running case #4: 'Interrupt from GPIN_1 -&gt; GPOUT_1'...
[1725235871.68][CONN][RXD] &gt;&gt;&gt; 'Interrupt from GPIN_1 -&gt; GPOUT_1': 1 passed, 0 failed
[1725235871.68][CONN][INF] found KV pair in stream: {{__testcase_start;Interrupt from GPIN_1 -&gt; GPOUT_1}}, queued...
[1725235871.68][CONN][INF] found KV pair in stream: {{__testcase_finish;Interrupt from GPIN_1 -&gt; GPOUT_1;1;0}}, queued...
[1725235871.70][CONN][RXD] &lt;greentea test suite&gt;:0::PASS
[1725235871.70][CONN][RXD] 
[1725235871.70][CONN][RXD] &gt;&gt;&gt; Running case #5: 'Interrupt from GPOUT_0 -&gt; GPIN_0'...
[1725235871.71][CONN][RXD] &gt;&gt;&gt; 'Interrupt from GPOUT_0 -&gt; GPIN_0': 1 passed, 0 failed
[1725235871.71][CONN][INF] found KV pair in stream: {{__testcase_start;Interrupt from GPOUT_0 -&gt; GPIN_0}}, queued...
[1725235871.71][CONN][INF] found KV pair in stream: {{__testcase_finish;Interrupt from GPOUT_0 -&gt; GPIN_0;1;0}}, queued...
[1725235871.72][CONN][RXD] &lt;greentea test suite&gt;:0::PASS
[1725235871.72][CONN][RXD] 
[1725235871.72][CONN][RXD] &gt;&gt;&gt; Running case #6: 'Interrupt from GPIN_0 -&gt; GPOUT_0'...
[1725235871.72][CONN][INF] found KV pair in stream: {{__testcase_start;Interrupt from GPIN_0 -&gt; GPOUT_0}}, queued...
[1725235871.73][CONN][RXD] &gt;&gt;&gt; 'Interrupt from GPIN_0 -&gt; GPOUT_0': 1 passed, 0 failed
[1725235871.73][CONN][RXD] &lt;greentea test suite&gt;:0::PASS
[1725235871.73][CONN][RXD] 
[1725235871.73][CONN][INF] found KV pair in stream: {{__testcase_finish;Interrupt from GPIN_0 -&gt; GPOUT_0;1;0}}, queued...
[1725235871.75][CONN][RXD] &gt;&gt;&gt; Test cases: 6 passed, 0 failed
[1725235871.75][CONN][RXD] 
[1725235871.75][CONN][RXD] -----------------------
[1725235871.75][CONN][RXD] 0 Tests 0 Failures 0 Ignored 
[1725235871.75][CONN][RXD] OK
[1725235871.75][CONN][INF] found KV pair in stream: {{__testcase_summary;6;0}}, queued...
[1725235871.75][CONN][INF] found KV pair in stream: {{end;success}}, queued...
[1725235871.75][CONN][INF] found KV pair in stream: {{__exit;0}}, queued...
[1725235871.75][HTST][INF] __exit(0)
[1725235871.75][HTST][INF] __notify_complete(True)
[1725235871.76][HTST][INF] __exit_event_queue received
[1725235871.76][HTST][INF] test suite run finished after 0.18 sec...
[1725235871.76][CONN][INF] received special event '__host_test_finished' value='True', finishing
[1725235871.77][HTST][INF] CONN exited with code: 0
[1725235871.77][HTST][INF] Some events in queue
[1725235871.77][HTST][INF] stopped consuming events
[1725235871.77][HTST][INF] host test result() call skipped, received: True
[1725235871.77][HTST][INF] calling blocking teardown()
[1725235871.77][HTST][INF] teardown() finished
[1725235871.77][HTST][INF] {{result;success}}
</system-out>
	</testcase>
	<testcase name="test-testshield-digitalio" classname="test-testshield-digitalio" time="21.655" status="run">
		<system-out>[1/3] Building CXX object CMakeFiles/test-testshield-digitalio.dir/DigitalIOTest.cpp.obj
[2/3] Linking CXX executable test-testshield-digitalio.elf
-- built: /home/jamie/Mbed/mbed-ce-test-tools/CI-Shield-Tests/build/NUCLEO_L452RE_P-Develop/test-testshield-digitalio.bin
-- built: /home/jamie/Mbed/mbed-ce-test-tools/CI-Shield-Tests/build/NUCLEO_L452RE_P-Develop/test-testshield-digitalio.hex
| Module                                   |     .text |    .data |     .bss |
|------------------------------------------|-----------|----------|----------|
| CMakeFiles/test-testshield-digitalio.dir |   962(+0) |    0(+0) |  300(+0) |
| [fill]                                   |   128(+0) |    3(+0) |   43(+0) |
| [lib]/c.a                                |  6100(+0) | 1344(+0) |  373(+0) |
| [lib]/client_userio.a                    |  1480(+0) |   56(+0) |    8(+0) |
| [lib]/gcc.a                              |  3144(+0) |    0(+0) |    0(+0) |
| [lib]/mbed-greentea-io.a                 |    70(+0) |    0(+0) |    0(+0) |
| [lib]/mbed-unity.a                       |   794(+0) |    0(+0) |  224(+0) |
| [lib]/mbed-utest.a                       |  3410(+0) |   13(+0) |  201(+0) |
| [lib]/misc                               |   264(+0) |    4(+0) |   25(+0) |
| mbed-os/CMakeFiles                       | 30400(+0) |  444(+0) | 8722(+0) |
| Subtotals                                | 46752(+0) | 1864(+0) | 9896(+0) |
Total Static RAM memory (data + bss): 11760(+0) bytes
Total Flash memory (text + data): 48616(+0) bytes

[3/3] Flashing test-testshield-digitalio with OpenOCD...
Open On-Chip Debugger 0.12.0+dev-00499-g151b74371 (2024-01-22-10:06)
Licensed under GNU GPL v2
For bug reports, read
	http://openocd.org/doc/doxygen/bugs.html
DEPRECATED! use 'adapter driver' not 'interface'
Info : The selected transport took over low-level target control. The results might differ compared to plain JTAG/SWD
DEPRECATED! use 'adapter serial' not 'hla_serial'
Info : clock speed 500 kHz
Info : STLINK V2J39M27 (API v2) VID:PID 0483:374B
Info : Target voltage: 3.240553
Info : [stm32l4x.cpu] Cortex-M4 r0p1 processor detected
Info : [stm32l4x.cpu] target has 6 breakpoints, 4 watchpoints
Info : [stm32l4x.cpu] Examination succeed
Info : gdb port disabled
Info : Unable to match requested speed 500 kHz, using 480 kHz
Info : Unable to match requested speed 500 kHz, using 480 kHz
[stm32l4x.cpu] halted due to debug-request, current mode: Thread 
xPSR: 0x01000000 pc: 0x08000330 msp: 0x10000698
** Programming Started **
Info : device idcode = 0x20016462 (STM32L45/L46xx - Rev Y : 0x2001)
Info : RDP level 0 (0xAA)
Info : flash size = 512 KiB
Info : flash mode : single-bank
Info : Padding image section 1 at 0x0800dc5c with 4 bytes (bank write end alignment)
Warn : Adding extra erase range, 0x0800dc60 .. 0x0800dfff
** Programming Finished **
** Resetting Target **
Info : Unable to match requested speed 500 kHz, using 480 kHz
Info : Unable to match requested speed 500 kHz, using 480 kHz
shutdown command invoked
Executing: /home/jamie/Mbed/mbed-ce-test-tools/CI-Shield-Tests/mbed-os/venv/bin/python3.10 -m mbed_host_tests.mbedhtrun --skip-flashing -p /dev/ttyNUCLEO_L452RE_P --skip-reset -m NUCLEO_L452RE_P --baud-rate=115200
[1725235893.18][HTST][INF] host test executor ver. 0.0.16
[1725235893.18][HTST][INF] copy image onto target... SKIPPED!
[1725235893.21][HTST][INF] starting host test process...
[1725235893.22][CONN][INF] starting connection process...
[1725235893.22][CONN][INF] notify event queue about extra 60 sec timeout for serial port pooling
[1725235893.22][CONN][INF] initializing serial port listener... 
[1725235893.22][SERI][INF] using specified port '/dev/ttyNUCLEO_L452RE_P'
[1725235893.22][HTST][INF] setting timeout to: 60 sec
[1725235893.22][SERI][INF] serial(port=/dev/ttyNUCLEO_L452RE_P, baudrate=115200, read_timeout=0.01, write_timeout=5)
[1725235893.23][SERI][TXD] mbedmbedmbedmbedmbedmbedmbedmbedmbedmbed
[1725235893.23][CONN][INF] sending up to 2 __sync packets (specified with --sync=2)
[1725235893.23][CONN][INF] sending preamble '2fbc7621-4cf4-49af-a1bd-ab186ed9794f'
[1725235893.24][SERI][TXD] {{__sync;2fbc7621-4cf4-49af-a1bd-ab186ed9794f}}
[1725235893.25][CONN][RXD] mbedmbedmbedmbedmbedmbedmbedmbed
[1725235893.25][CONN][INF] found SYNC in stream: {{__sync;2fbc7621-4cf4-49af-a1bd-ab186ed9794f}} it is #0 sent, queued...
[1725235893.25][CONN][INF] found KV pair in stream: {{__version;1.3.0}}, queued...
[1725235893.25][HTST][INF] sync KV found, uuid=2fbc7621-4cf4-49af-a1bd-ab186ed9794f, timestamp=1725235893.247868
[1725235893.25][HTST][INF] DUT greentea-client version: 1.3.0
[1725235893.26][CONN][RXD] &gt;&gt;&gt; Running 4 test cases...
[1725235893.26][CONN][INF] found KV pair in stream: {{__timeout;30}}, queued...
[1725235893.26][CONN][INF] found KV pair in stream: {{__host_test_name;default_auto}}, queued...
[1725235893.26][HTST][INF] setting timeout to: 30 sec
[1725235893.26][CONN][INF] found KV pair in stream: {{__testcase_name;Digital I/O GPOUT_0 -&gt; GPIN_0}}, queued...
[1725235893.26][HTST][INF] host test class: '&lt;class 'mbed_os_tools.test.host_tests.default_auto.DefaultAuto'&gt;'
[1725235893.26][HTST][INF] host test setup() call...
[1725235893.26][HTST][INF] CALLBACKs updated
[1725235893.26][HTST][INF] host test detected: default_auto
[1725235893.27][CONN][RXD] 
[1725235893.27][CONN][INF] found KV pair in stream: {{__testcase_name;Digital I/O GPOUT_1 -&gt; GPIN_1}}, queued...
[1725235893.28][CONN][INF] found KV pair in stream: {{__testcase_name;Digital I/O GPIN_2 -&gt; GPOUT_2}}, queued...
[1725235893.28][CONN][INF] found KV pair in stream: {{__testcase_name;Digital I/O GPOUT_2 -&gt; GPIN_2}}, queued...
[1725235893.29][CONN][RXD] &gt;&gt;&gt; Running case #1: 'Digital I/O GPOUT_0 -&gt; GPIN_0'...
[1725235893.29][CONN][INF] found KV pair in stream: {{__testcase_start;Digital I/O GPOUT_0 -&gt; GPIN_0}}, queued...
[1725235893.29][CONN][INF] found KV pair in stream: {{__testcase_finish;Digital I/O GPOUT_0 -&gt; GPIN_0;1;0}}, queued...
[1725235893.30][CONN][RXD] &gt;&gt;&gt; 'Digital I/O GPOUT_0 -&gt; GPIN_0': 1 passed, 0 failed
[1725235893.30][CONN][RXD] &lt;greentea test suite&gt;:0::PASS
[1725235893.30][CONN][RXD] 
[1725235893.30][CONN][RXD] &gt;&gt;&gt; Running case #2: 'Digital I/O GPOUT_1 -&gt; GPIN_1'...
[1725235893.31][CONN][INF] found KV pair in stream: {{__testcase_start;Digital I/O GPOUT_1 -&gt; GPIN_1}}, queued...
[1725235893.31][CONN][INF] found KV pair in stream: {{__testcase_finish;Digital I/O GPOUT_1 -&gt; GPIN_1;1;0}}, queued...
[1725235893.32][CONN][RXD] &gt;&gt;&gt; 'Digital I/O GPOUT_1 -&gt; GPIN_1': 1 passed, 0 failed
[1725235893.32][CONN][RXD] &lt;greentea test suite&gt;:0::PASS
[1725235893.33][CONN][RXD] 
[1725235893.33][CONN][RXD] &gt;&gt;&gt; Running case #3: 'Digital I/O GPIN_2 -&gt; GPOUT_2'...
[1725235893.34][CONN][RXD] &gt;&gt;&gt; 'Digital I/O GPIN_2 -&gt; GPOUT_2': 1 passed, 0 failed
[1725235893.34][CONN][RXD] &lt;greentea test suite&gt;:0::PASS
[1725235893.34][CONN][RXD] 
[1725235893.34][CONN][INF] found KV pair in stream: {{__testcase_start;Digital I/O GPIN_2 -&gt; GPOUT_2}}, queued...
[1725235893.34][CONN][INF] found KV pair in stream: {{__testcase_finish;Digital I/O GPIN_2 -&gt; GPOUT_2;1;0}}, queued...
[1725235893.35][CONN][RXD] &gt;&gt;&gt; Running case #4: 'Digital I/O GPOUT_2 -&gt; GPIN_2'...
[1725235893.35][CONN][INF] found KV pair in stream: {{__testcase_start;Digital I/O GPOUT_2 -&gt; GPIN_2}}, queued...
[1725235893.35][CONN][INF] found KV pair in stream: {{__testcase_finish;Digital I/O GPOUT_2 -&gt; GPIN_2;1;0}}, queued...
[1725235893.36][CONN][RXD] &gt;&gt;&gt; 'Digital I/O GPOUT_2 -&gt; GPIN_2': 1 passed, 0 failed
[1725235893.37][CONN][RXD] &lt;greentea test suite&gt;:0::PASS
[1725235893.37][CONN][RXD] 
[1725235893.37][CONN][RXD] &gt;&gt;&gt; Test cases: 4 passed, 0 failed
[1725235893.37][CONN][RXD] 
[1725235893.38][CONN][RXD] -----------------------
[1725235893.38][CONN][RXD] 0 Tests 0 Failures 0 Ignored 
[1725235893.38][CONN][RXD] OK
[1725235893.38][CONN][INF] found KV pair in stream: {{__testcase_summary;4;0}}, queued...
[1725235893.38][CONN][INF] found KV pair in stream: {{end;success}}, queued...
[1725235893.38][CONN][INF] found KV pair in stream: {{__exit;0}}, queued...
[1725235893.39][HTST][INF] __exit(0)
[1725235893.39][HTST][INF] __notify_complete(True)
[1725235893.39][HTST][INF] __exit_event_queue received
[1725235893.39][HTST][INF] test suite run finished after 0.13 sec...
[1725235893.40][CONN][INF] received special event '__host_test_finished' value='True', finishing
[1725235893.41][HTST][INF] CONN exited with code: 0
[1725235893.41][HTST][INF] Some events in queue
[1725235893.41][HTST][INF] stopped consuming events
[1725235893.41][HTST][INF] host test result() call skipped, received: True
[1725235893.41][HTST][INF] calling blocking teardown()
[1725235893.41][HTST][INF] teardown() finished
[1725235893.41][HTST][INF] {{result;success}}
</system-out>
	</testcase>
	<testcase name="test-testshield-digitalio-prop-time" classname="test-testshield-digitalio-prop-time" time="22.6918" status="run">
		<system-out>[1/3] Building CXX object CMakeFiles/test-testshield-digitalio-prop-time.dir/DigitalIOPropagationTimeTest.cpp.obj
[2/3] Linking CXX executable test-testshield-digitalio-prop-time.elf
-- built: /home/jamie/Mbed/mbed-ce-test-tools/CI-Shield-Tests/build/NUCLEO_L452RE_P-Develop/test-testshield-digitalio-prop-time.bin
-- built: /home/jamie/Mbed/mbed-ce-test-tools/CI-Shield-Tests/build/NUCLEO_L452RE_P-Develop/test-testshield-digitalio-prop-time.hex
| Module                                             |     .text |    .data |     .bss |
|----------------------------------------------------|-----------|----------|----------|
| CMakeFiles/test-testshield-digitalio-prop-time.dir |  1756(+0) |    0(+0) |  244(+0) |
| [fill]                                             |   114(+0) |    3(+0) |   43(+0) |
| [lib]/c.a                                          |  6100(+0) | 1344(+0) |  373(+0) |
| [lib]/client_userio.a                              |  1480(+0) |   56(+0) |    8(+0) |
| [lib]/gcc.a                                        |  3144(+0) |    0(+0) |    0(+0) |
| [lib]/mbed-greentea-io.a                           |    70(+0) |    0(+0) |    0(+0) |
| [lib]/mbed-unity.a                                 |   794(+0) |    0(+0) |  224(+0) |
| [lib]/mbed-utest.a                                 |  3410(+0) |   13(+0) |  201(+0) |
| [lib]/misc                                         |   264(+0) |    4(+0) |   25(+0) |
| mbed-os/CMakeFiles                                 | 30772(+0) |  444(+0) | 8722(+0) |
| Subtotals                                          | 47904(+0) | 1864(+0) | 9840(+0) |
Total Static RAM memory (data + bss): 11704(+0) bytes
Total Flash memory (text + data): 49768(+0) bytes

[3/3] Flashing test-testshield-digitalio-prop-time with OpenOCD...
Open On-Chip Debugger 0.12.0+dev-00499-g151b74371 (2024-01-22-10:06)
Licensed under GNU GPL v2
For bug reports, read
	http://openocd.org/doc/doxygen/bugs.html
DEPRECATED! use 'adapter driver' not 'interface'
Info : The selected transport took over low-level target control. The results might differ compared to plain JTAG/SWD
DEPRECATED! use 'adapter serial' not 'hla_serial'
Info : clock speed 500 kHz
Info : STLINK V2J39M27 (API v2) VID:PID 0483:374B
Info : Target voltage: 3.240553
Info : [stm32l4x.cpu] Cortex-M4 r0p1 processor detected
Info : [stm32l4x.cpu] target has 6 breakpoints, 4 watchpoints
Info : [stm32l4x.cpu] Examination succeed
Info : gdb port disabled
Info : Unable to match requested speed 500 kHz, using 480 kHz
Info : Unable to match requested speed 500 kHz, using 480 kHz
[stm32l4x.cpu] halted due to debug-request, current mode: Thread 
xPSR: 0x01000000 pc: 0x08000330 msp: 0x10000698
** Programming Started **
Info : device idcode = 0x20016462 (STM32L45/L46xx - Rev Y : 0x2001)
Info : RDP level 0 (0xAA)
Info : flash size = 512 KiB
Info : flash mode : single-bank
** Programming Finished **
** Resetting Target **
Info : Unable to match requested speed 500 kHz, using 480 kHz
Info : Unable to match requested speed 500 kHz, using 480 kHz
shutdown command invoked
Executing: /home/jamie/Mbed/mbed-ce-test-tools/CI-Shield-Tests/mbed-os/venv/bin/python3.10 -m mbed_host_tests.mbedhtrun --skip-flashing -p /dev/ttyNUCLEO_L452RE_P --skip-reset -m NUCLEO_L452RE_P --baud-rate=115200
[1725235915.79][HTST][INF] host test executor ver. 0.0.16
[1725235915.79][HTST][INF] copy image onto target... SKIPPED!
[1725235915.82][HTST][INF] starting host test process...
[1725235915.83][CONN][INF] starting connection process...
[1725235915.83][CONN][INF] notify event queue about extra 60 sec timeout for serial port pooling
[1725235915.83][CONN][INF] initializing serial port listener... 
[1725235915.83][SERI][INF] using specified port '/dev/ttyNUCLEO_L452RE_P'
[1725235915.83][HTST][INF] setting timeout to: 60 sec
[1725235915.83][SERI][INF] serial(port=/dev/ttyNUCLEO_L452RE_P, baudrate=115200, read_timeout=0.01, write_timeout=5)
[1725235915.84][SERI][TXD] mbedmbedmbedmbedmbedmbedmbedmbedmbedmbed
[1725235915.84][CONN][INF] sending up to 2 __sync packets (specified with --sync=2)
[1725235915.84][CONN][INF] sending preamble 'f3fc29d4-75c5-4a42-8985-06d26f048dc3'
[1725235915.84][SERI][TXD] {{__sync;f3fc29d4-75c5-4a42-8985-06d26f048dc3}}
[1725235915.85][CONN][RXD] mbedmbedmbedmbedmbedmbedmbedmbed
[1725235915.86][CONN][INF] found SYNC in stream: {{__sync;f3fc29d4-75c5-4a42-8985-06d26f048dc3}} it is #0 sent, queued...
[1725235915.86][HTST][INF] sync KV found, uuid=f3fc29d4-75c5-4a42-8985-06d26f048dc3, timestamp=1725235915.855264
[1725235915.87][CONN][RXD] &gt;&gt;&gt; Running 6 test cases...
[1725235915.87][CONN][INF] found KV pair in stream: {{__version;1.3.0}}, queued...
[1725235915.87][CONN][INF] found KV pair in stream: {{__timeout;30}}, queued...
[1725235915.87][CONN][INF] found KV pair in stream: {{__host_test_name;default_auto}}, queued...
[1725235915.87][HTST][INF] DUT greentea-client version: 1.3.0
[1725235915.87][HTST][INF] setting timeout to: 30 sec
[1725235915.87][HTST][INF] host test class: '&lt;class 'mbed_os_tools.test.host_tests.default_auto.DefaultAuto'&gt;'
[1725235915.87][HTST][INF] host test setup() call...
[1725235915.87][HTST][INF] CALLBACKs updated
[1725235915.87][HTST][INF] host test detected: default_auto
[1725235915.88][CONN][INF] found KV pair in stream: {{__testcase_name;Digital I/O GPOUT_0 -&gt; GPIN_0}}, queued...
[1725235915.88][CONN][INF] found KV pair in stream: {{__testcase_name;Digital I/O GPIN_0 -&gt; GPOUT_0}}, queued...
[1725235915.88][CONN][INF] found KV pair in stream: {{__testcase_name;Digital I/O GPOUT_1 -&gt; GPIN_1}}, queued...
[1725235915.89][CONN][RXD] 
[1725235915.89][CONN][INF] found KV pair in stream: {{__testcase_name;Digital I/O GPIN_1 -&gt; GPOUT_1}}, queued...
[1725235915.89][CONN][INF] found KV pair in stream: {{__testcase_name;Digital I/O GPOUT_2 -&gt; GPIN_2}}, queued...
[1725235915.89][CONN][INF] found KV pair in stream: {{__testcase_name;Digital I/O GPIN_2 -&gt; GPOUT_2}}, queued...
[1725235915.90][CONN][RXD] &gt;&gt;&gt; Running case #1: 'Digital I/O GPOUT_0 -&gt; GPIN_0'...
[1725235915.91][CONN][RXD] 0 -&gt; 1 propagation took 6us.
[1725235915.91][CONN][RXD] 1 -&gt; 0 propagation took 17us.
[1725235915.91][CONN][INF] found KV pair in stream: {{__testcase_start;Digital I/O GPOUT_0 -&gt; GPIN_0}}, queued...
[1725235915.92][CONN][RXD] &gt;&gt;&gt; 'Digital I/O GPOUT_0 -&gt; GPIN_0': 1 passed, 0 failed
[1725235915.92][CONN][RXD] &lt;greentea test suite&gt;:0::PASS
[1725235915.92][CONN][RXD] 
[1725235915.92][CONN][INF] found KV pair in stream: {{__testcase_finish;Digital I/O GPOUT_0 -&gt; GPIN_0;1;0}}, queued...
[1725235915.93][CONN][RXD] &gt;&gt;&gt; Running case #2: 'Digital I/O GPIN_0 -&gt; GPOUT_0'...
[1725235915.93][CONN][RXD] 0 -&gt; 1 propagation took 6us.
[1725235915.93][CONN][INF] found KV pair in stream: {{__testcase_start;Digital I/O GPIN_0 -&gt; GPOUT_0}}, queued...
[1725235915.94][CONN][RXD] 1 -&gt; 0 propagation took 5us.
[1725235915.94][CONN][RXD] &gt;&gt;&gt; 'Digital I/O GPIN_0 -&gt; GPOUT_0': 1 passed, 0 failed
[1725235915.94][CONN][INF] found KV pair in stream: {{__testcase_finish;Digital I/O GPIN_0 -&gt; GPOUT_0;1;0}}, queued...
[1725235915.95][CONN][RXD] &lt;greentea test suite&gt;:0::PASS
[1725235915.95][CONN][RXD] 
[1725235915.95][CONN][RXD] &gt;&gt;&gt; Running case #3: 'Digital I/O GPOUT_1 -&gt; GPIN_1'...
[1725235915.95][CONN][INF] found KV pair in stream: {{__testcase_start;Digital I/O GPOUT_1 -&gt; GPIN_1}}, queued...
[1725235915.97][CONN][RXD] 0 -&gt; 1 propagation took 6us.
[1725235915.97][CONN][RXD] 1 -&gt; 0 propagation took 5us.
[1725235915.97][CONN][INF] found KV pair in stream: {{__testcase_finish;Digital I/O GPOUT_1 -&gt; GPIN_1;1;0}}, queued...
[1725235915.98][CONN][RXD] &gt;&gt;&gt; 'Digital I/O GPOUT_1 -&gt; GPIN_1': 1 passed, 0 failed
[1725235915.98][CONN][RXD] &lt;greentea test suite&gt;:0::PASS
[1725235915.98][CONN][RXD] 
[1725235915.98][CONN][RXD] &gt;&gt;&gt; Running case #4: 'Digital I/O GPIN_1 -&gt; GPOUT_1'...
[1725235915.99][CONN][RXD] 0 -&gt; 1 propagation took 6us.
[1725235915.99][CONN][RXD] 1 -&gt; 0 propagation took 6us.
[1725235915.99][CONN][INF] found KV pair in stream: {{__testcase_start;Digital I/O GPIN_1 -&gt; GPOUT_1}}, queued...
[1725235915.99][CONN][INF] found KV pair in stream: {{__testcase_finish;Digital I/O GPIN_1 -&gt; GPOUT_1;1;0}}, queued...
[1725235916.00][CONN][RXD] &gt;&gt;&gt; 'Digital I/O GPIN_1 -&gt; GPOUT_1': 1 passed, 0 failed
[1725235916.01][CONN][RXD] &lt;greentea test suite&gt;:0::PASS
[1725235916.01][CONN][RXD] 
[1725235916.01][CONN][RXD] &gt;&gt;&gt; Running case #5: 'Digital I/O GPOUT_2 -&gt; GPIN_2'...
[1725235916.02][CONN][RXD] 0 -&gt; 1 propagation took 5us.
[1725235916.02][CONN][RXD] 1 -&gt; 0 propagation took 5us.
[1725235916.02][CONN][INF] found KV pair in stream: {{__testcase_start;Digital I/O GPOUT_2 -&gt; GPIN_2}}, queued...
[1725235916.02][CONN][INF] found KV pair in stream: {{__testcase_finish;Digital I/O GPOUT_2 -&gt; GPIN_2;1;0}}, queued...
[1725235916.03][CONN][RXD] &gt;&gt;&gt; 'Digital I/O GPOUT_2 -&gt; GPIN_2': 1 passed, 0 failed
[1725235916.03][CONN][RXD] &lt;greentea test suite&gt;:0::PASS
[1725235916.03][CONN][RXD] 
[1725235916.03][CONN][RXD] &gt;&gt;&gt; Running case #6: 'Digital I/O GPIN_2 -&gt; GPOUT_2'...
[1725235916.04][CONN][RXD] 0 -&gt; 1 propagation took 5us.
[1725235916.04][CONN][RXD] 1 -&gt; 0 propagation took 5us.
[1725235916.05][CONN][INF] found KV pair in stream: {{__testcase_start;Digital I/O GPIN_2 -&gt; GPOUT_2}}, queued...
[1725235916.05][CONN][INF] found KV pair in stream: {{__testcase_finish;Digital I/O GPIN_2 -&gt; GPOUT_2;1;0}}, queued...
[1725235916.06][CONN][RXD] &gt;&gt;&gt; 'Digital I/O GPIN_2 -&gt; GPOUT_2': 1 passed, 0 failed
[1725235916.06][CONN][RXD] &lt;greentea test suite&gt;:0::PASS
[1725235916.06][CONN][RXD] 
[1725235916.06][CONN][RXD] &gt;&gt;&gt; Test cases: 6 passed, 0 failed
[1725235916.06][CONN][RXD] 
[1725235916.07][CONN][RXD] -----------------------
[1725235916.07][CONN][RXD] 0 Tests 0 Failures 0 Ignored 
[1725235916.07][CONN][RXD] OK
[1725235916.07][CONN][INF] found KV pair in stream: {{__testcase_summary;6;0}}, queued...
[1725235916.07][CONN][INF] found KV pair in stream: {{end;success}}, queued...
[1725235916.07][CONN][INF] found KV pair in stream: {{__exit;0}}, queued...
[1725235916.08][HTST][INF] __exit(0)
[1725235916.08][HTST][INF] __notify_complete(True)
[1725235916.08][HTST][INF] __exit_event_queue received
[1725235916.08][HTST][INF] test suite run finished after 0.21 sec...
[1725235916.08][CONN][INF] received special event '__host_test_finished' value='True', finishing
[1725235916.09][HTST][INF] CONN exited with code: 0
[1725235916.09][HTST][INF] Some events in queue
[1725235916.10][HTST][INF] stopped consuming events
[1725235916.10][HTST][INF] host test result() call skipped, received: True
[1725235916.10][HTST][INF] calling blocking teardown()
[1725235916.10][HTST][INF] teardown() finished
[1725235916.10][HTST][INF] {{result;success}}
</system-out>
	</testcase>
	<testcase name="test-testshield-i2c-basic" classname="test-testshield-i2c-basic" time="46.5101" status="fail">
		<failure message=""/>
		<system-out>[1/3] Building CXX object CMakeFiles/test-testshield-i2c-basic.dir/I2CBasicTest.cpp.obj
[2/3] Linking CXX executable test-testshield-i2c-basic.elf
-- built: /home/jamie/Mbed/mbed-ce-test-tools/CI-Shield-Tests/build/NUCLEO_L452RE_P-Develop/test-testshield-i2c-basic.bin
-- built: /home/jamie/Mbed/mbed-ce-test-tools/CI-Shield-Tests/build/NUCLEO_L452RE_P-Develop/test-testshield-i2c-basic.hex
| Module                                   |     .text |    .data |      .bss |
|------------------------------------------|-----------|----------|-----------|
| CMakeFiles/test-testshield-i2c-basic.dir |  3794(+0) |    0(+0) |   777(+0) |
| [fill]                                   |   188(+0) |    3(+0) |    46(+0) |
| [lib]/c.a                                |  6240(+0) | 1344(+0) |   373(+0) |
| [lib]/client_userio.a                    |  1480(+0) |   56(+0) |     8(+0) |
| [lib]/gcc.a                              |  3144(+0) |    0(+0) |     0(+0) |
| [lib]/mbed-greentea-io.a                 |    70(+0) |    0(+0) |     0(+0) |
| [lib]/mbed-unity.a                       |  1402(+0) |    0(+0) |   224(+0) |
| [lib]/mbed-utest.a                       |  3406(+0) |   13(+0) |   201(+0) |
| [lib]/misc                               |   264(+0) |    4(+0) |    25(+0) |
| [lib]/stdc++.a                           |     0(+0) |    0(+0) |     0(+0) |
| mbed-os/CMakeFiles                       | 42892(+0) |  444(+0) |  8778(+0) |
| Subtotals                                | 62880(+0) | 1864(+0) | 10432(+0) |
Total Static RAM memory (data + bss): 12296(+0) bytes
Total Flash memory (text + data): 64744(+0) bytes

[3/3] Flashing test-testshield-i2c-basic with OpenOCD...
Open On-Chip Debugger 0.12.0+dev-00499-g151b74371 (2024-01-22-10:06)
Licensed under GNU GPL v2
For bug reports, read
	http://openocd.org/doc/doxygen/bugs.html
DEPRECATED! use 'adapter driver' not 'interface'
Info : The selected transport took over low-level target control. The results might differ compared to plain JTAG/SWD
DEPRECATED! use 'adapter serial' not 'hla_serial'
Info : clock speed 500 kHz
Info : STLINK V2J39M27 (API v2) VID:PID 0483:374B
Info : Target voltage: 3.240553
Info : [stm32l4x.cpu] Cortex-M4 r0p1 processor detected
Info : [stm32l4x.cpu] target has 6 breakpoints, 4 watchpoints
Info : [stm32l4x.cpu] Examination succeed
Info : gdb port disabled
Info : Unable to match requested speed 500 kHz, using 480 kHz
Info : Unable to match requested speed 500 kHz, using 480 kHz
[stm32l4x.cpu] halted due to debug-request, current mode: Thread 
xPSR: 0x01000000 pc: 0x08000330 msp: 0x10000698
** Programming Started **
Info : device idcode = 0x20016462 (STM32L45/L46xx - Rev Y : 0x2001)
Info : RDP level 0 (0xAA)
Info : flash size = 512 KiB
Info : flash mode : single-bank
Warn : Adding extra erase range, 0x08012250 .. 0x080127ff
** Programming Finished **
** Resetting Target **
Info : Unable to match requested speed 500 kHz, using 480 kHz
Info : Unable to match requested speed 500 kHz, using 480 kHz
shutdown command invoked
Executing: /home/jamie/Mbed/mbed-ce-test-tools/CI-Shield-Tests/mbed-os/venv/bin/python3.10 -m mbed_host_tests.mbedhtrun --skip-flashing -p /dev/ttyNUCLEO_L452RE_P --skip-reset -e /home/jamie/Mbed/mbed-ce-test-tools/CI-Shield-Tests/host_tests -m NUCLEO_L452RE_P --baud-rate=115200
Will use any connected CI shield for this test.  Export the MBED_CI_SHIELD_SERIAL_NUMBER environment var to select a specific shield.
e.g. 'export MBED_CI_SHIELD_SERIAL_NUMBER=SN002'
[1725235939.48][HTST][INF] host test executor ver. 0.0.16
[1725235939.48][HTST][INF] copy image onto target... SKIPPED!
[1725235939.49][HTST][INF] starting host test process...
[1725235939.51][CONN][INF] starting connection process...
[1725235939.51][CONN][INF] notify event queue about extra 60 sec timeout for serial port pooling
[1725235939.51][CONN][INF] initializing serial port listener... 
[1725235939.51][SERI][INF] using specified port '/dev/ttyNUCLEO_L452RE_P'
[1725235939.51][HTST][INF] setting timeout to: 60 sec
[1725235939.51][SERI][INF] serial(port=/dev/ttyNUCLEO_L452RE_P, baudrate=115200, read_timeout=0.01, write_timeout=5)
[1725235939.52][SERI][TXD] mbedmbedmbedmbedmbedmbedmbedmbedmbedmbed
[1725235939.52][CONN][INF] sending up to 2 __sync packets (specified with --sync=2)
[1725235939.52][CONN][INF] sending preamble '0072033b-8bd1-4799-9415-1e8a0fda4002'
[1725235939.52][SERI][TXD] {{__sync;0072033b-8bd1-4799-9415-1e8a0fda4002}}
[1725235939.53][CONN][RXD] mbedmbedmbedmbedmbedmbedmbedmbed
[1725235939.54][CONN][INF] found SYNC in stream: {{__sync;0072033b-8bd1-4799-9415-1e8a0fda4002}} it is #0 sent, queued...
[1725235939.54][HTST][INF] sync KV found, uuid=0072033b-8bd1-4799-9415-1e8a0fda4002, timestamp=1725235939.535033
[1725235939.55][CONN][RXD] &gt;&gt;&gt; Running 22 test cases...
[1725235939.55][CONN][INF] found KV pair in stream: {{__version;1.3.0}}, queued...
[1725235939.55][CONN][INF] found KV pair in stream: {{__timeout;30}}, queued...
[1725235939.55][CONN][INF] found KV pair in stream: {{__host_test_name;i2c_basic_test}}, queued...
[1725235939.55][HTST][INF] DUT greentea-client version: 1.3.0
[1725235939.55][HTST][INF] setting timeout to: 30 sec
[1725235939.55][HTST][INF] host test class: '&lt;class 'i2c_basic_test.I2CBasicTestHostTest'&gt;'
[1725235939.55][TEST][INF] I2C Basic Test host test setup complete.
[1725235939.55][HTST][INF] host test setup() call...
[1725235939.55][HTST][INF] CALLBACKs updated
[1725235939.55][HTST][INF] host test detected: i2c_basic_test
[1725235939.56][CONN][INF] found KV pair in stream: {{__testcase_name;Correct Address - Single Byte}}, queued...
[1725235939.56][CONN][INF] found KV pair in stream: {{__testcase_name;Correct Address - Transaction}}, queued...
[1725235939.56][CONN][INF] found KV pair in stream: {{__testcase_name;Incorrect Address - Single Byte}}, queued...
[1725235939.57][CONN][INF] found KV pair in stream: {{__testcase_name;Incorrect Address - Zero Length Transaction}}, queued...
[1725235939.57][CONN][INF] found KV pair in stream: {{__testcase_name;Incorrect Address - Write Transaction}}, queued...
[1725235939.57][CONN][INF] found KV pair in stream: {{__testcase_name;Incorrect Address - Read Transaction}}, queued...
[1725235939.58][CONN][INF] found KV pair in stream: {{__testcase_name;Incorrect Address - Async}}, queued...
[1725235939.59][CONN][INF] found KV pair in stream: {{__testcase_name;Simple Write - Single Byte}}, queued...
[1725235939.59][CONN][INF] found KV pair in stream: {{__testcase_name;Destroy and Recreate Object}}, queued...
[1725235939.60][CONN][INF] found KV pair in stream: {{__testcase_name;Simple Read - Single Byte}}, queued...
[1725235939.60][CONN][INF] found KV pair in stream: {{__testcase_name;Simple Write - Transaction}}, queued...
[1725235939.60][CONN][INF] found KV pair in stream: {{__testcase_name;Simple Read - Transaction}}, queued...
[1725235939.61][CONN][INF] found KV pair in stream: {{__testcase_name;Mixed Usage - Single Byte -&gt; repeated -&gt; Transaction}}, queued...
[1725235939.61][CONN][INF] found KV pair in stream: {{__testcase_name;Mixed Usage - Transaction -&gt; repeated -&gt; Single Byte}}, queued...
[1725235939.62][CONN][INF] found KV pair in stream: {{__testcase_name;Simple Write - Async}}, queued...
[1725235939.62][CONN][INF] found KV pair in stream: {{__testcase_name;Destroy and Recreate Object (between async calls)}}, queued...
[1725235939.63][CONN][INF] found KV pair in stream: {{__testcase_name;Simple Read - Async}}, queued...
[1725235939.64][CONN][INF] found KV pair in stream: {{__testcase_name;Mixed Usage - Async -&gt; repeated -&gt; Transaction}}, queued...
[1725235939.64][CONN][INF] found KV pair in stream: {{__testcase_name;Mixed Usage - Async -&gt; repeated -&gt; Single Byte}}, queued...
[1725235939.65][CONN][INF] found KV pair in stream: {{__testcase_name;Mixed Usage - Transaction -&gt; repeated -&gt; Async}}, queued...
[1725235939.65][CONN][INF] found KV pair in stream: {{__testcase_name;Mixed Usage - Single Byte -&gt; repeated -&gt; Async}}, queued...
[1725235939.66][CONN][RXD] 
[1725235939.66][CONN][RXD] &gt;&gt;&gt; Running case #1: 'Correct Address - Single Byte'...
[1725235939.66][CONN][INF] found KV pair in stream: {{__testcase_name;Async causes thread to sleep?}}, queued...
[1725235939.67][CONN][INF] found KV pair in stream: {{__testcase_start;Correct Address - Single Byte}}, queued...
[1725235939.67][CONN][INF] found KV pair in stream: {{start_recording_i2c;please}}, queued...
[1725235940.69][SERI][TXD] {{start_recording_i2c;complete}}
[1725235940.70][CONN][INF] found KV pair in stream: {{verify_sequence;correct_addr_only}}, queued...
[1725235940.78][TEST][INF] Saw on the I2C bus:
Start Wr[0xa0] Ack 0x00 Ack Stop

[1725235940.78][TEST][ERR] Expected length differs from actual!
[1725235940.78][TEST][INF] We expected:
Start Wr[0xa0] Ack Stop

[1725235940.78][SERI][TXD] {{verify_sequence;failed}}
[1725235940.79][CONN][RXD] &lt;greentea test suite&gt;:55::FAIL: Expected 'complete' Was 'failed'
[1725235940.81][CONN][RXD] &gt;&gt;&gt; 'Correct Address - Single Byte': 0 passed, 1 failed with reason 'Test Cases Failed'
[1725235940.81][CONN][RXD] 
[1725235940.81][CONN][RXD] 
[1725235940.81][CONN][INF] found KV pair in stream: {{__testcase_finish;Correct Address - Single Byte;0;1}}, queued...
[1725235940.82][CONN][RXD] &gt;&gt;&gt; Running case #2: 'Correct Address - Transaction'...
[1725235940.82][CONN][INF] found KV pair in stream: {{__testcase_start;Correct Address - Transaction}}, queued...
[1725235940.82][CONN][INF] found KV pair in stream: {{start_recording_i2c;please}}, queued...
[1725235941.83][SERI][TXD] {{start_recording_i2c;complete}}
[1725235941.84][CONN][INF] found KV pair in stream: {{verify_sequence;correct_addr_only}}, queued...
[1725235941.92][TEST][INF] Saw on the I2C bus:
Start Wr[0xa0] Ack Stop

[1725235941.93][SERI][TXD] {{verify_sequence;complete}}
[1725235941.94][CONN][INF] found KV pair in stream: {{__testcase_finish;Correct Address - Transaction;1;0}}, queued...
[1725235941.95][CONN][RXD] &gt;&gt;&gt; 'Correct Address - Transaction': 1 passed, 0 failed
[1725235941.95][CONN][RXD] &lt;greentea test suite&gt;:0::PASS
[1725235941.95][CONN][RXD] 
[1725235941.95][CONN][RXD] &gt;&gt;&gt; Running case #3: 'Incorrect Address - Single Byte'...
[1725235941.96][CONN][INF] found KV pair in stream: {{__testcase_start;Incorrect Address - Single Byte}}, queued...
[1725235941.96][CONN][INF] found KV pair in stream: {{start_recording_i2c;please}}, queued...
[1725235942.98][SERI][TXD] {{start_recording_i2c;complete}}
[1725235942.99][CONN][INF] found KV pair in stream: {{verify_sequence;incorrect_addr_only_write}}, queued...
[1725235943.07][TEST][INF] Saw on the I2C bus:
Start Wr[0x20] Nack Stop

[1725235943.08][SERI][TXD] {{verify_sequence;complete}}
[1725235943.09][CONN][INF] found KV pair in stream: {{__testcase_finish;Incorrect Address - Single Byte;1;0}}, queued...
[1725235943.10][CONN][RXD] &gt;&gt;&gt; 'Incorrect Address - Single Byte': 1 passed, 0 failed
[1725235943.10][CONN][RXD] &lt;greentea test suite&gt;:0::PASS
[1725235943.10][CONN][RXD] 
[1725235943.10][CONN][RXD] &gt;&gt;&gt; Running case #4: 'Incorrect Address - Zero Length Transaction'...
[1725235943.11][CONN][INF] found KV pair in stream: {{__testcase_start;Incorrect Address - Zero Length Transaction}}, queued...
[1725235943.11][CONN][INF] found KV pair in stream: {{start_recording_i2c;please}}, queued...
[1725235944.13][SERI][TXD] {{start_recording_i2c;complete}}
[1725235944.14][CONN][INF] found KV pair in stream: {{verify_sequence;incorrect_addr_only_write}}, queued...
[1725235944.22][TEST][INF] Saw on the I2C bus:
Start Wr[0x20] Nack Stop

[1725235944.22][SERI][TXD] {{verify_sequence;complete}}
[1725235944.24][CONN][INF] found KV pair in stream: {{__testcase_finish;Incorrect Address - Zero Length Transaction;1;0}}, queued...
[1725235944.25][CONN][RXD] &gt;&gt;&gt; 'Incorrect Address - Zero Length Transaction': 1 passed, 0 failed
[1725235944.25][CONN][RXD] &lt;greentea test suite&gt;:0::PASS
[1725235944.25][CONN][RXD] 
[1725235944.26][CONN][RXD] &gt;&gt;&gt; Running case #5: 'Incorrect Address - Write Transaction'...
[1725235944.26][CONN][INF] found KV pair in stream: {{__testcase_start;Incorrect Address - Write Transaction}}, queued...
[1725235944.26][CONN][INF] found KV pair in stream: {{start_recording_i2c;please}}, queued...
[1725235945.27][SERI][TXD] {{start_recording_i2c;complete}}
[1725235945.28][CONN][INF] found KV pair in stream: {{verify_sequence;incorrect_addr_only_write}}, queued...
[1725235945.36][TEST][INF] Saw on the I2C bus:
Start Wr[0x20] Nack Stop

[1725235945.37][SERI][TXD] {{verify_sequence;complete}}
[1725235945.38][CONN][INF] found KV pair in stream: {{__testcase_finish;Incorrect Address - Write Transaction;1;0}}, queued...
[1725235945.39][CONN][RXD] &gt;&gt;&gt; 'Incorrect Address - Write Transaction': 1 passed, 0 failed
[1725235945.39][CONN][RXD] &lt;greentea test suite&gt;:0::PASS
[1725235945.39][CONN][RXD] 
[1725235945.39][CONN][RXD] &gt;&gt;&gt; Running case #6: 'Incorrect Address - Read Transaction'...
[1725235945.41][CONN][INF] found KV pair in stream: {{__testcase_start;Incorrect Address - Read Transaction}}, queued...
[1725235945.41][CONN][INF] found KV pair in stream: {{start_recording_i2c;please}}, queued...
[1725235946.42][SERI][TXD] {{start_recording_i2c;complete}}
[1725235946.43][CONN][INF] found KV pair in stream: {{verify_sequence;incorrect_addr_only_read}}, queued...
[1725235946.51][TEST][INF] Saw on the I2C bus:
Start Rd[0x21] Nack Stop

[1725235946.52][SERI][TXD] {{verify_sequence;complete}}
[1725235946.53][CONN][INF] found KV pair in stream: {{__testcase_finish;Incorrect Address - Read Transaction;1;0}}, queued...
[1725235946.54][CONN][RXD] &gt;&gt;&gt; 'Incorrect Address - Read Transaction': 1 passed, 0 failed
[1725235946.54][CONN][RXD] &lt;greentea test suite&gt;:0::PASS
[1725235946.54][CONN][RXD] 
[1725235946.54][CONN][RXD] &gt;&gt;&gt; Running case #7: 'Incorrect Address - Async'...
[1725235946.55][CONN][INF] found KV pair in stream: {{__testcase_start;Incorrect Address - Async}}, queued...
[1725235946.55][CONN][INF] found KV pair in stream: {{start_recording_i2c;please}}, queued...
[1725235947.57][SERI][TXD] {{start_recording_i2c;complete}}
[1725235947.58][CONN][INF] found KV pair in stream: {{verify_sequence;incorrect_addr_only_write}}, queued...
[1725235947.66][TEST][INF] Saw on the I2C bus:
Start Wr[0x20] Nack Stop

[1725235947.67][SERI][TXD] {{verify_sequence;complete}}
[1725235947.68][CONN][INF] found KV pair in stream: {{__testcase_finish;Incorrect Address - Async;1;0}}, queued...
[1725235947.69][CONN][RXD] &gt;&gt;&gt; 'Incorrect Address - Async': 1 passed, 0 failed
[1725235947.69][CONN][RXD] &lt;greentea test suite&gt;:0::PASS
[1725235947.69][CONN][RXD] 
[1725235947.69][CONN][RXD] &gt;&gt;&gt; Running case #8: 'Simple Write - Single Byte'...
[1725235947.70][CONN][INF] found KV pair in stream: {{__testcase_start;Simple Write - Single Byte}}, queued...
[1725235947.71][CONN][INF] found KV pair in stream: {{start_recording_i2c;please}}, queued...
[1725235948.72][SERI][TXD] {{start_recording_i2c;complete}}
[1725235948.73][CONN][INF] found KV pair in stream: {{verify_sequence;write_2_to_0x1}}, queued...
[1725235948.81][TEST][INF] Saw on the I2C bus:
Start Wr[0xa0] Ack 0x00 Ack 0x01 Ack 0x02 Ack Stop

[1725235948.82][SERI][TXD] {{verify_sequence;complete}}
[1725235948.83][CONN][INF] found KV pair in stream: {{__testcase_finish;Simple Write - Single Byte;1;0}}, queued...
[1725235948.84][CONN][RXD] &gt;&gt;&gt; 'Simple Write - Single Byte': 1 passed, 0 failed
[1725235948.84][CONN][RXD] &lt;greentea test suite&gt;:0::PASS
[1725235948.84][CONN][RXD] 
[1725235948.84][CONN][RXD] &gt;&gt;&gt; Running case #9: 'Destroy and Recreate Object'...
[1725235948.85][CONN][RXD] &gt;&gt;&gt; 'Destroy and Recreate Object': 1 passed, 0 failed
[1725235948.85][CONN][RXD] &lt;greentea test suite&gt;:0::PASS
[1725235948.85][CONN][RXD] 
[1725235948.85][CONN][INF] found KV pair in stream: {{__testcase_start;Destroy and Recreate Object}}, queued...
[1725235948.85][CONN][INF] found KV pair in stream: {{__testcase_finish;Destroy and Recreate Object;1;0}}, queued...
[1725235948.87][CONN][RXD] &gt;&gt;&gt; Running case #10: 'Simple Read - Single Byte'...
[1725235948.87][CONN][INF] found KV pair in stream: {{__testcase_start;Simple Read - Single Byte}}, queued...
[1725235948.87][CONN][INF] found KV pair in stream: {{start_recording_i2c;please}}, queued...
[1725235949.88][SERI][TXD] {{start_recording_i2c;complete}}
[1725235949.89][CONN][INF] found KV pair in stream: {{verify_sequence;read_2_from_0x1}}, queued...
[1725235949.97][TEST][INF] Saw on the I2C bus:
Start Wr[0xa0] Ack 0x00 Ack 0x01 Ack RepeatedStart Rd[0xa1] Ack 0x02 Nack Stop

[1725235949.98][SERI][TXD] {{verify_sequence;complete}}
[1725235949.99][CONN][INF] found KV pair in stream: {{__testcase_finish;Simple Read - Single Byte;1;0}}, queued...
[1725235950.00][CONN][RXD] &gt;&gt;&gt; 'Simple Read - Single Byte': 1 passed, 0 failed
[1725235950.00][CONN][RXD] &lt;greentea test suite&gt;:0::PASS
[1725235950.00][CONN][RXD] 
[1725235950.01][CONN][RXD] &gt;&gt;&gt; Running case #11: 'Simple Write - Transaction'...
[1725235950.02][CONN][INF] found KV pair in stream: {{__testcase_start;Simple Write - Transaction}}, queued...
[1725235950.02][CONN][INF] found KV pair in stream: {{start_recording_i2c;please}}, queued...
[1725235951.03][SERI][TXD] {{start_recording_i2c;complete}}
[1725235951.04][CONN][INF] found KV pair in stream: {{verify_sequence;write_3_to_0x1}}, queued...
[1725235951.12][TEST][INF] Saw on the I2C bus:
Start Wr[0xa0] Ack 0x00 Ack 0x01 Ack 0x03 Ack Stop

[1725235951.13][SERI][TXD] {{verify_sequence;complete}}
[1725235951.14][CONN][INF] found KV pair in stream: {{__testcase_finish;Simple Write - Transaction;1;0}}, queued...
[1725235951.15][CONN][RXD] &gt;&gt;&gt; 'Simple Write - Transaction': 1 passed, 0 failed
[1725235951.15][CONN][RXD] &lt;greentea test suite&gt;:0::PASS
[1725235951.15][CONN][RXD] 
[1725235951.15][CONN][RXD] &gt;&gt;&gt; Running case #12: 'Simple Read - Transaction'...
[1725235951.16][CONN][INF] found KV pair in stream: {{__testcase_start;Simple Read - Transaction}}, queued...
[1725235951.16][CONN][INF] found KV pair in stream: {{start_recording_i2c;please}}, queued...
[1725235952.17][SERI][TXD] {{start_recording_i2c;complete}}
[1725235952.18][CONN][INF] found KV pair in stream: {{verify_sequence;read_3_from_0x1}}, queued...
[1725235952.26][TEST][INF] Saw on the I2C bus:
Start Wr[0xa0] Ack 0x00 Ack 0x01 Ack RepeatedStart Rd[0xa1] Ack 0x03 Nack Stop

[1725235952.27][SERI][TXD] {{verify_sequence;complete}}
[1725235952.28][CONN][RXD] &gt;&gt;&gt; 'Simple Read - Transaction': 1 passed, 0 failed
[1725235952.28][CONN][INF] found KV pair in stream: {{__testcase_finish;Simple Read - Transaction;1;0}}, queued...
[1725235952.29][CONN][RXD] &lt;greentea test suite&gt;:0::PASS
[1725235952.29][CONN][RXD] 
[1725235952.29][CONN][RXD] &gt;&gt;&gt; Running case #13: 'Mixed Usage - Single Byte -&gt; repeated -&gt; Transaction'...
[1725235952.30][CONN][INF] found KV pair in stream: {{__testcase_start;Mixed Usage - Single Byte -&gt; repeated -&gt; Transaction}}, queued...
[1725235952.30][CONN][INF] found KV pair in stream: {{start_recording_i2c;please}}, queued...
[1725235953.31][SERI][TXD] {{start_recording_i2c;complete}}
[1725235953.32][CONN][INF] found KV pair in stream: {{verify_sequence;read_3_from_0x1}}, queued...
[1725235953.40][TEST][INF] Saw on the I2C bus:
Start Wr[0xa0] Ack 0x00 Ack 0x01 Ack RepeatedStart Rd[0xa1] Ack 0x03 Nack Stop

[1725235953.41][SERI][TXD] {{verify_sequence;complete}}
[1725235953.42][CONN][INF] found KV pair in stream: {{__testcase_finish;Mixed Usage - Single Byte -&gt; repeated -&gt; Transaction;1;0}}, queued...
[1725235953.43][CONN][RXD] &gt;&gt;&gt; 'Mixed Usage - Single Byte -&gt; repeated -&gt; Transaction': 1 passed, 0 failed
[1725235953.43][CONN][RXD] &lt;greentea test suite&gt;:0::PASS
[1725235953.43][CONN][RXD] 
[1725235953.44][CONN][RXD] &gt;&gt;&gt; Running case #14: 'Mixed Usage - Transaction -&gt; repeated -&gt; Single Byte'...
[1725235953.44][CONN][INF] found KV pair in stream: {{__testcase_start;Mixed Usage - Transaction -&gt; repeated -&gt; Single Byte}}, queued...
[1725235953.45][CONN][INF] found KV pair in stream: {{start_recording_i2c;please}}, queued...
[1725235954.47][SERI][TXD] {{start_recording_i2c;complete}}
[1725235954.48][CONN][INF] found KV pair in stream: {{verify_sequence;read_3_from_0x1}}, queued...
[1725235954.55][TEST][INF] Saw on the I2C bus:
Start Wr[0xa0] Ack 0x00 Ack 0x01 Ack RepeatedStart Rd[0xa1] Ack 0x03 Ack 0x47 Nack Stop

[1725235954.55][TEST][ERR] Expected length differs from actual!
[1725235954.55][TEST][INF] We expected:
Start Wr[0xa0] Ack 0x00 Ack 0x01 Ack RepeatedStart Rd[0xa1] Ack 0x03 Nack Stop

[1725235954.56][SERI][TXD] {{verify_sequence;failed}}
[1725235954.57][CONN][RXD] &lt;greentea test suite&gt;:55::FAIL: Expected 'complete' Was 'failed'
[1725235954.58][CONN][INF] found KV pair in stream: {{__testcase_finish;Mixed Usage - Transaction -&gt; repeated -&gt; Single Byte;0;1}}, queued...
[1725235954.59][CONN][RXD] &gt;&gt;&gt; 'Mixed Usage - Transaction -&gt; repeated -&gt; Single Byte': 0 passed, 1 failed with reason 'Test Cases Failed'
[1725235954.59][CONN][RXD] 
[1725235954.59][CONN][RXD] 
[1725235954.60][CONN][RXD] &gt;&gt;&gt; Running case #15: 'Simple Write - Async'...
[1725235954.60][CONN][INF] found KV pair in stream: {{__testcase_start;Simple Write - Async}}, queued...
[1725235954.61][CONN][INF] found KV pair in stream: {{start_recording_i2c;please}}, queued...
[1725235955.62][SERI][TXD] {{start_recording_i2c;complete}}
[1725235955.63][CONN][INF] found KV pair in stream: {{verify_sequence;write_2_to_0x1}}, queued...
[1725235955.70][TEST][INF] Saw on the I2C bus:
Start Wr[0xa0] Ack 0x00 Ack 0x01 Ack 0x02 Ack Stop

[1725235955.70][SERI][TXD] {{verify_sequence;complete}}
[1725235955.72][CONN][RXD] &gt;&gt;&gt; 'Simple Write - Async': 1 passed, 0 failed
[1725235955.72][CONN][INF] found KV pair in stream: {{__testcase_finish;Simple Write - Async;1;0}}, queued...
[1725235955.73][CONN][RXD] &lt;greentea test suite&gt;:0::PASS
[1725235955.73][CONN][RXD] 
[1725235955.73][CONN][RXD] &gt;&gt;&gt; Running case #16: 'Destroy and Recreate Object (between async calls)'...
[1725235955.74][CONN][INF] found KV pair in stream: {{__testcase_start;Destroy and Recreate Object (between async calls)}}, queued...
[1725235955.75][CONN][RXD] &gt;&gt;&gt; 'Destroy and Recreate Object (between async calls)': 1 passed, 0 failed
[1725235955.75][CONN][RXD] &lt;greentea test suite&gt;:0::PASS
[1725235955.75][CONN][RXD] 
[1725235955.75][CONN][INF] found KV pair in stream: {{__testcase_finish;Destroy and Recreate Object (between async calls);1;0}}, queued...
[1725235955.76][CONN][RXD] &gt;&gt;&gt; Running case #17: 'Simple Read - Async'...
[1725235955.76][CONN][INF] found KV pair in stream: {{__testcase_start;Simple Read - Async}}, queued...
[1725235955.76][CONN][INF] found KV pair in stream: {{start_recording_i2c;please}}, queued...
[1725235956.77][SERI][TXD] {{start_recording_i2c;complete}}
[1725235956.79][CONN][INF] found KV pair in stream: {{verify_sequence;read_2_from_0x1}}, queued...
[1725235956.86][TEST][INF] Saw on the I2C bus:
Start Wr[0xa0] Ack 0x00 Ack 0x01 Ack RepeatedStart Rd[0xa1] Ack 0x02 Nack Stop

[1725235956.87][SERI][TXD] {{verify_sequence;complete}}
[1725235956.88][CONN][RXD] &gt;&gt;&gt; 'Simple Read - Async': 1 passed, 0 failed
[1725235956.88][CONN][INF] found KV pair in stream: {{__testcase_finish;Simple Read - Async;1;0}}, queued...
[1725235956.89][CONN][RXD] &lt;greentea test suite&gt;:0::PASS
[1725235956.89][CONN][RXD] 
[1725235956.89][CONN][RXD] &gt;&gt;&gt; Running case #18: 'Mixed Usage - Async -&gt; repeated -&gt; Transaction'...
[1725235956.90][CONN][INF] found KV pair in stream: {{__testcase_start;Mixed Usage - Async -&gt; repeated -&gt; Transaction}}, queued...
[1725235956.90][CONN][INF] found KV pair in stream: {{start_recording_i2c;please}}, queued...
[1725235957.92][SERI][TXD] {{start_recording_i2c;complete}}
[1725235957.93][CONN][INF] found KV pair in stream: {{verify_sequence;read_2_from_0x1}}, queued...
[1725235958.01][TEST][INF] Saw on the I2C bus:
Start Wr[0xa0] Ack 0x00 Ack 0x01 Ack RepeatedStart Rd[0xa1] Ack 0x02 Nack Stop

[1725235958.02][SERI][TXD] {{verify_sequence;complete}}
[1725235958.03][CONN][INF] found KV pair in stream: {{__testcase_finish;Mixed Usage - Async -&gt; repeated -&gt; Transaction;1;0}}, queued...
[1725235958.04][CONN][RXD] &gt;&gt;&gt; 'Mixed Usage - Async -&gt; repeated -&gt; Transaction': 1 passed, 0 failed
[1725235958.04][CONN][RXD] &lt;greentea test suite&gt;:0::PASS
[1725235958.04][CONN][RXD] 
[1725235958.05][CONN][RXD] &gt;&gt;&gt; Running case #19: 'Mixed Usage - Async -&gt; repeated -&gt; Single Byte'...
[1725235958.05][CONN][INF] found KV pair in stream: {{__testcase_start;Mixed Usage - Async -&gt; repeated -&gt; Single Byte}}, queued...
[1725235958.06][CONN][INF] found KV pair in stream: {{start_recording_i2c;please}}, queued...
[1725235959.07][SERI][TXD] {{start_recording_i2c;complete}}
[1725235959.08][CONN][INF] found KV pair in stream: {{verify_sequence;read_2_from_0x1}}, queued...
[1725235959.16][TEST][INF] Saw on the I2C bus:
Start Wr[0xa0] Ack 0x00 Ack 0x01 Ack RepeatedStart Rd[0xa1] Ack 0x02 Ack 0x47 Nack Stop

[1725235959.16][TEST][ERR] Expected length differs from actual!
[1725235959.16][TEST][INF] We expected:
Start Wr[0xa0] Ack 0x00 Ack 0x01 Ack RepeatedStart Rd[0xa1] Ack 0x02 Nack Stop

[1725235959.17][SERI][TXD] {{verify_sequence;failed}}
[1725235959.18][CONN][RXD] &lt;greentea test suite&gt;:55::FAIL: Expected 'complete' Was 'failed'
[1725235959.19][CONN][INF] found KV pair in stream: {{__testcase_finish;Mixed Usage - Async -&gt; repeated -&gt; Single Byte;0;1}}, queued...
[1725235959.20][CONN][RXD] &gt;&gt;&gt; 'Mixed Usage - Async -&gt; repeated -&gt; Single Byte': 0 passed, 1 failed with reason 'Test Cases Failed'
[1725235959.20][CONN][RXD] 
[1725235959.20][CONN][RXD] 
[1725235959.20][CONN][RXD] &gt;&gt;&gt; Running case #20: 'Mixed Usage - Transaction -&gt; repeated -&gt; Async'...
[1725235959.21][CONN][INF] found KV pair in stream: {{__testcase_start;Mixed Usage - Transaction -&gt; repeated -&gt; Async}}, queued...
[1725235959.21][CONN][INF] found KV pair in stream: {{start_recording_i2c;please}}, queued...
[1725235960.23][SERI][TXD] {{start_recording_i2c;complete}}
[1725235960.24][CONN][INF] found KV pair in stream: {{verify_sequence;read_2_from_0x1}}, queued...
[1725235960.31][TEST][INF] Saw on the I2C bus:
Start Wr[0xa0] Ack 0x00 Ack 0x01 Ack RepeatedStart Rd[0xa1] Ack 0x02 Nack Stop

[1725235960.32][SERI][TXD] {{verify_sequence;complete}}
[1725235960.33][CONN][INF] found KV pair in stream: {{__testcase_finish;Mixed Usage - Transaction -&gt; repeated -&gt; Async;1;0}}, queued...
[1725235960.34][CONN][RXD] &gt;&gt;&gt; 'Mixed Usage - Transaction -&gt; repeated -&gt; Async': 1 passed, 0 failed
[1725235960.35][CONN][RXD] &lt;greentea test suite&gt;:0::PASS
[1725235960.35][CONN][RXD] 
[1725235960.36][CONN][RXD] &gt;&gt;&gt; Running case #21: 'Mixed Usage - Single Byte -&gt; repeated -&gt; Async'...
[1725235960.36][CONN][INF] found KV pair in stream: {{__testcase_start;Mixed Usage - Single Byte -&gt; repeated -&gt; Async}}, queued...
[1725235960.37][CONN][INF] found KV pair in stream: {{start_recording_i2c;please}}, queued...
[1725235961.38][SERI][TXD] {{start_recording_i2c;complete}}
[1725235961.39][CONN][INF] found KV pair in stream: {{verify_sequence;read_2_from_0x1}}, queued...
[1725235961.46][TEST][INF] Saw on the I2C bus:
Start Wr[0xa0] Ack 0x00 Ack 0x01 Ack RepeatedStart Rd[0xa1] Ack 0x02 Nack Stop

[1725235961.47][SERI][TXD] {{verify_sequence;complete}}
[1725235961.48][CONN][INF] found KV pair in stream: {{__testcase_finish;Mixed Usage - Single Byte -&gt; repeated -&gt; Async;1;0}}, queued...
[1725235961.49][CONN][RXD] &gt;&gt;&gt; 'Mixed Usage - Single Byte -&gt; repeated -&gt; Async': 1 passed, 0 failed
[1725235961.49][CONN][RXD] &lt;greentea test suite&gt;:0::PASS
[1725235961.49][CONN][RXD] 
[1725235961.50][CONN][RXD] &gt;&gt;&gt; Running case #22: 'Async causes thread to sleep?'...
[1725235961.50][CONN][INF] found KV pair in stream: {{__testcase_start;Async causes thread to sleep?}}, queued...
[1725235961.50][CONN][INF] found KV pair in stream: {{start_recording_i2c;please}}, queued...
[1725235962.51][SERI][TXD] {{start_recording_i2c;complete}}
[1725235962.52][CONN][INF] found KV pair in stream: {{verify_sequence;read_2_from_0x1}}, queued...
[1725235962.60][TEST][INF] Saw on the I2C bus:
Start Wr[0xa0] Ack 0x00 Ack 0x01 Ack RepeatedStart Rd[0xa1] Ack 0x02 Nack Stop

[1725235962.61][SERI][TXD] {{verify_sequence;complete}}
[1725235962.62][CONN][INF] found KV pair in stream: {{__testcase_finish;Async causes thread to sleep?;1;0}}, queued...
[1725235962.63][CONN][RXD] &gt;&gt;&gt; 'Async causes thread to sleep?': 1 passed, 0 failed
[1725235962.63][CONN][RXD] &lt;greentea test suite&gt;:0::PASS
[1725235962.63][CONN][RXD] 
[1725235962.63][CONN][RXD] &gt;&gt;&gt; Test cases: 19 passed, 3 failed with reason 'Test Cases Failed'
[1725235962.64][CONN][RXD] &gt;&gt;&gt; TESTS FAILED!
[1725235962.64][CONN][RXD] 
[1725235962.64][CONN][RXD] -----------------------
[1725235962.64][CONN][RXD] 0 Tests 3 Failures 0 Ignored 
[1725235962.64][CONN][RXD] FAIL
[1725235962.64][CONN][INF] found KV pair in stream: {{__testcase_summary;19;3}}, queued...
[1725235962.64][CONN][INF] found KV pair in stream: {{end;failure}}, queued...
[1725235962.64][CONN][INF] found KV pair in stream: {{__exit;0}}, queued...
[1725235962.64][HTST][INF] __exit(0)
[1725235962.65][HTST][INF] __notify_complete(False)
[1725235962.65][HTST][INF] __exit_event_queue received
[1725235962.65][HTST][INF] test suite run finished after 23.10 sec...
[1725235962.65][CONN][INF] received special event '__host_test_finished' value='True', finishing
[1725235962.66][HTST][INF] CONN exited with code: 0
[1725235962.66][HTST][INF] Some events in queue
[1725235962.66][HTST][INF] stopped consuming events
[1725235962.66][HTST][INF] host test result() call skipped, received: False
[1725235962.67][HTST][INF] calling blocking teardown()
[1725235962.67][HTST][INF] teardown() finished
[1725235962.67][HTST][INF] {{result;failure}}
CMake Error at mbed-run-greentea-test-testshield-i2c-basic.cmake:19 (execute_process):
  execute_process failed command indexes:

    1: "Child return code: 1"



</system-out>
	</testcase>
	<testcase name="test-testshield-i2c-slave-comms" classname="test-testshield-i2c-slave-comms" time="51.0212" status="fail">
		<failure message=""/>
		<system-out>[1/3] Building CXX object CMakeFiles/test-testshield-i2c-slave-comms.dir/I2CSlaveCommsTest.cpp.obj
[2/3] Linking CXX executable test-testshield-i2c-slave-comms.elf
-- built: /home/jamie/Mbed/mbed-ce-test-tools/CI-Shield-Tests/build/NUCLEO_L452RE_P-Develop/test-testshield-i2c-slave-comms.bin
-- built: /home/jamie/Mbed/mbed-ce-test-tools/CI-Shield-Tests/build/NUCLEO_L452RE_P-Develop/test-testshield-i2c-slave-comms.hex
| Module                                         |     .text |    .data |      .bss |
|------------------------------------------------|-----------|----------|-----------|
| CMakeFiles/test-testshield-i2c-slave-comms.dir |  1618(+0) |    0(+0) |   412(+0) |
| [fill]                                         |   130(+0) |    3(+0) |    43(+0) |
| [lib]/c.a                                      |  6240(+0) | 1344(+0) |   373(+0) |
| [lib]/client_userio.a                          |  1480(+0) |   56(+0) |     8(+0) |
| [lib]/gcc.a                                    |  3144(+0) |    0(+0) |     0(+0) |
| [lib]/mbed-greentea-io.a                       |    70(+0) |    0(+0) |     0(+0) |
| [lib]/mbed-unity.a                             |  1402(+0) |    0(+0) |   224(+0) |
| [lib]/mbed-utest.a                             |  3410(+0) |   13(+0) |   201(+0) |
| [lib]/misc                                     |   264(+0) |    4(+0) |    25(+0) |
| mbed-os/CMakeFiles                             | 37250(+0) |  444(+0) |  8746(+0) |
| Subtotals                                      | 55008(+0) | 1864(+0) | 10032(+0) |
Total Static RAM memory (data + bss): 11896(+0) bytes
Total Flash memory (text + data): 56872(+0) bytes

[3/3] Flashing test-testshield-i2c-slave-comms with OpenOCD...
Open On-Chip Debugger 0.12.0+dev-00499-g151b74371 (2024-01-22-10:06)
Licensed under GNU GPL v2
For bug reports, read
	http://openocd.org/doc/doxygen/bugs.html
DEPRECATED! use 'adapter driver' not 'interface'
Info : The selected transport took over low-level target control. The results might differ compared to plain JTAG/SWD
DEPRECATED! use 'adapter serial' not 'hla_serial'
Info : clock speed 500 kHz
Info : STLINK V2J39M27 (API v2) VID:PID 0483:374B
Info : Target voltage: 3.238973
Info : [stm32l4x.cpu] Cortex-M4 r0p1 processor detected
Info : [stm32l4x.cpu] target has 6 breakpoints, 4 watchpoints
Info : [stm32l4x.cpu] Examination succeed
Info : gdb port disabled
Info : Unable to match requested speed 500 kHz, using 480 kHz
Info : Unable to match requested speed 500 kHz, using 480 kHz
[stm32l4x.cpu] halted due to debug-request, current mode: Thread 
xPSR: 0x01000000 pc: 0x08000330 msp: 0x10000698
** Programming Started **
Info : device idcode = 0x20016462 (STM32L45/L46xx - Rev Y : 0x2001)
Info : RDP level 0 (0xAA)
Info : flash size = 512 KiB
Info : flash mode : single-bank
Info : Padding image section 1 at 0x0800ffd4 with 4 bytes (bank write end alignment)
Warn : Adding extra erase range, 0x0800ffd8 .. 0x0800ffff
** Programming Finished **
** Resetting Target **
Info : Unable to match requested speed 500 kHz, using 480 kHz
Info : Unable to match requested speed 500 kHz, using 480 kHz
shutdown command invoked
Executing: /home/jamie/Mbed/mbed-ce-test-tools/CI-Shield-Tests/mbed-os/venv/bin/python3.10 -m mbed_host_tests.mbedhtrun --skip-flashing -p /dev/ttyNUCLEO_L452RE_P --skip-reset -e /home/jamie/Mbed/mbed-ce-test-tools/CI-Shield-Tests/host_tests -m NUCLEO_L452RE_P --baud-rate=115200
Will use any connected CI shield for this test.  Export the MBED_CI_SHIELD_SERIAL_NUMBER environment var to select a specific shield.
e.g. 'export MBED_CI_SHIELD_SERIAL_NUMBER=SN002'
[1725235983.30][HTST][INF] host test executor ver. 0.0.16
[1725235983.30][HTST][INF] copy image onto target... SKIPPED!
[1725235983.32][HTST][INF] starting host test process...
[1725235983.33][CONN][INF] starting connection process...
[1725235983.33][CONN][INF] notify event queue about extra 60 sec timeout for serial port pooling
[1725235983.33][CONN][INF] initializing serial port listener... 
[1725235983.33][SERI][INF] using specified port '/dev/ttyNUCLEO_L452RE_P'
[1725235983.33][HTST][INF] setting timeout to: 60 sec
[1725235983.33][SERI][INF] serial(port=/dev/ttyNUCLEO_L452RE_P, baudrate=115200, read_timeout=0.01, write_timeout=5)
[1725235983.34][SERI][TXD] mbedmbedmbedmbedmbedmbedmbedmbedmbedmbed
[1725235983.34][CONN][INF] sending up to 2 __sync packets (specified with --sync=2)
[1725235983.34][CONN][INF] sending preamble 'd745f5be-d86b-4a7c-8d35-6b9027450dc0'
[1725235983.34][SERI][TXD] {{__sync;d745f5be-d86b-4a7c-8d35-6b9027450dc0}}
[1725235983.36][CONN][RXD] mbedmbedmbedmbedmbedmbedmbedmbed
[1725235983.36][CONN][INF] found SYNC in stream: {{__sync;d745f5be-d86b-4a7c-8d35-6b9027450dc0}} it is #0 sent, queued...
[1725235983.36][HTST][INF] sync KV found, uuid=d745f5be-d86b-4a7c-8d35-6b9027450dc0, timestamp=1725235983.356354
[1725235983.37][CONN][RXD] &gt;&gt;&gt; Running 9 test cases...
[1725235983.37][CONN][INF] found KV pair in stream: {{__version;1.3.0}}, queued...
[1725235983.37][CONN][INF] found KV pair in stream: {{__timeout;30}}, queued...
[1725235983.37][HTST][INF] DUT greentea-client version: 1.3.0
[1725235983.37][CONN][INF] found KV pair in stream: {{__host_test_name;i2c_slave_comms}}, queued...
[1725235983.37][HTST][INF] setting timeout to: 30 sec
[1725235983.37][CONN][INF] found KV pair in stream: {{__testcase_name;Write one byte to slave}}, queued...
[1725235983.37][HTST][INF] host test class: '&lt;class 'i2c_slave_comms.I2CSlaveCommsTest'&gt;'
[1725235983.38][cy_serial_bridge]Discovered USB endpoints successfully
[1725235983.38][CONN][INF] found KV pair in stream: {{__testcase_name;Does not acknowledge other slave address}}, queued...
[1725235983.38][CONN][INF] found KV pair in stream: {{__testcase_name;Destroy &amp; recreate I2C object}}, queued...
[...]
[1725236244.04][SERI][TXD] {{duty_cycle;0.7679702900371375}}
[1725236244.06][CONN][RXD] Expected PWM frequency was 1000 Hz (+- 20 Hz) and duty cycle was 76.80% (+-0.10%), host measured frequency 1000 Hz and duty cycle 76.80%
[1725236244.06][CONN][INF] found KV pair in stream: {{analyze_signal;please}}, queued...
[1725236246.28][SERI][TXD] {{frequency;1000.0}}
[1725236246.29][SERI][TXD] {{duty_cycle;0.9825187718515351}}
[1725236246.31][CONN][RXD] Expected PWM frequency was 1000 Hz (+- 20 Hz) and duty cycle was 98.25% (+-0.10%), host measured frequency 1000 Hz and duty cycle 98.25%
[1725236246.31][CONN][INF] found KV pair in stream: {{analyze_signal;please}}, queued...
[1725236248.49][SERI][TXD] {{frequency;1000.0}}
[1725236248.50][SERI][TXD] {{duty_cycle;0.48714564106794866}}
[1725236248.53][CONN][RXD] Expected PWM frequency was 1000 Hz (+- 20 Hz) and duty cycle was 48.71% (+-0.10%), host measured frequency 1000 Hz and duty cycle 48.71%
[1725236248.53][CONN][INF] found KV pair in stream: {{__testcase_finish;Test PWM frequency and duty cycle (freq = 1 kHz);1;0}}, queued...
[1725236248.54][CONN][RXD] &gt;&gt;&gt; 'Test PWM frequency and duty cycle (freq = 1 kHz)': 1 passed, 0 failed
[1725236248.54][CONN][RXD] &lt;greentea test suite&gt;:0::PASS
[1725236248.54][CONN][RXD] 
[1725236248.55][CONN][RXD] &gt;&gt;&gt; Running case #6: 'Test PWM frequency and duty cycle (freq = 10 kHz)'...
[1725236248.55][CONN][INF] found KV pair in stream: {{__testcase_start;Test PWM frequency and duty cycle (freq = 10 kHz)}}, queued...
[1725236248.56][CONN][INF] found KV pair in stream: {{analyze_signal;please}}, queued...
[1725236250.75][SERI][TXD] {{frequency;10000.0}}
[1725236250.76][SERI][TXD] {{duty_cycle;0.7959677550403061}}
[1725236250.78][CONN][RXD] Expected PWM frequency was 10000 Hz (+- 20 Hz) and duty cycle was 79.60% (+-0.10%), host measured frequency 10000 Hz and duty cycle 79.60%
[1725236250.78][CONN][INF] found KV pair in stream: {{analyze_signal;please}}, queued...
[1725236252.98][SERI][TXD] {{frequency;10000.0}}
[1725236253.00][SERI][TXD] {{duty_cycle;0.9694987881265148}}
[1725236253.02][CONN][RXD] Expected PWM frequency was 10000 Hz (+- 20 Hz) and duty cycle was 96.95% (+-0.10%), host measured frequency 10000 Hz and duty cycle 96.95%
[1725236253.02][CONN][INF] found KV pair in stream: {{analyze_signal;please}}, queued...
[1725236255.20][SERI][TXD] {{frequency;10000.0}}
[1725236255.21][SERI][TXD] {{duty_cycle;0.24593219258475926}}
[1725236255.23][CONN][RXD] Expected PWM frequency was 10000 Hz (+- 20 Hz) and duty cycle was 24.59% (+-0.10%), host measured frequency 10000 Hz and duty cycle 24.59%
[1725236255.23][CONN][INF] found KV pair in stream: {{analyze_signal;please}}, queued...
[1725236257.42][SERI][TXD] {{frequency;10000.0}}
[1725236257.43][SERI][TXD] {{duty_cycle;0.8312364609544238}}
[1725236257.45][CONN][RXD] Expected PWM frequency was 10000 Hz (+- 20 Hz) and duty cycle was 83.13% (+-0.10%), host measured frequency 10000 Hz and duty cycle 83.12%
[1725236257.46][CONN][INF] found KV pair in stream: {{analyze_signal;please}}, queued...
[1725236259.63][SERI][TXD] {{frequency;10000.0}}
[1725236259.65][SERI][TXD] {{duty_cycle;0.2928121339848325}}
[1725236259.67][CONN][RXD] Expected PWM frequency was 10000 Hz (+- 20 Hz) and duty cycle was 29.28% (+-0.10%), host measured frequency 10000 Hz and duty cycle 29.28%
[1725236259.67][CONN][INF] found KV pair in stream: {{__testcase_finish;Test PWM frequency and duty cycle (freq = 10 kHz);1;0}}, queued...
[1725236259.68][CONN][RXD] &gt;&gt;&gt; 'Test PWM frequency and duty cycle (freq = 10 kHz)': 1 passed, 0 failed
[1725236259.68][CONN][RXD] &lt;greentea test suite&gt;:0::PASS
[1725236259.68][CONN][RXD] 
[1725236259.69][CONN][RXD] &gt;&gt;&gt; Running case #7: 'Test PWM frequency and duty cycle (freq = 100 kHz)'...
[1725236259.69][CONN][INF] found KV pair in stream: {{__testcase_start;Test PWM frequency and duty cycle (freq = 100 kHz)}}, queued...
[1725236259.70][CONN][INF] found KV pair in stream: {{analyze_signal;please}}, queued...
[1725236261.89][SERI][TXD] {{frequency;100010.0}}
[1725236261.90][SERI][TXD] {{duty_cycle;0.3487358140802324}}
[1725236261.92][CONN][RXD] Expected PWM frequency was 100000 Hz (+- 20 Hz) and duty cycle was 34.90% (+-1.00%), host measured frequency 100010 Hz and duty cycle 34.87%
[1725236261.92][CONN][INF] found KV pair in stream: {{analyze_signal;please}}, queued...
[1725236264.09][SERI][TXD] {{frequency;100010.0}}
[1725236264.11][SERI][TXD] {{duty_cycle;0.22263222170972286}}
[1725236264.13][CONN][RXD] Expected PWM frequency was 100000 Hz (+- 20 Hz) and duty cycle was 22.19% (+-1.00%), host measured frequency 100010 Hz and duty cycle 22.26%
[1725236264.13][CONN][INF] found KV pair in stream: {{analyze_signal;please}}, queued...
[1725236266.34][SERI][TXD] {{frequency;100010.0}}
[1725236266.35][SERI][TXD] {{duty_cycle;0.631362960796299}}
[1725236266.37][CONN][RXD] Expected PWM frequency was 100000 Hz (+- 20 Hz) and duty cycle was 63.09% (+-1.00%), host measured frequency 100010 Hz and duty cycle 63.14%
[1725236266.37][CONN][INF] found KV pair in stream: {{analyze_signal;please}}, queued...
[1725236268.59][SERI][TXD] {{frequency;100010.0}}
[1725236268.60][SERI][TXD] {{duty_cycle;0.8138502326872091}}
[1725236268.62][CONN][RXD] Expected PWM frequency was 100000 Hz (+- 20 Hz) and duty cycle was 81.33% (+-1.00%), host measured frequency 100010 Hz and duty cycle 81.39%
[1725236268.62][CONN][INF] found KV pair in stream: {{analyze_signal;please}}, queued...
[1725236270.83][SERI][TXD] {{frequency;100010.0}}
[1725236270.85][SERI][TXD] {{duty_cycle;0.4951131311085861}}
[1725236270.87][CONN][RXD] Expected PWM frequency was 100000 Hz (+- 20 Hz) and duty cycle was 49.56% (+-1.00%), host measured frequency 100010 Hz and duty cycle 49.51%
[1725236270.87][CONN][INF] found KV pair in stream: {{__testcase_finish;Test PWM frequency and duty cycle (freq = 100 kHz);1;0}}, queued...
[1725236270.88][CONN][RXD] &gt;&gt;&gt; 'Test PWM frequency and duty cycle (freq = 100 kHz)': 1 passed, 0 failed
[1725236270.88][CONN][RXD] &lt;greentea test suite&gt;:0::PASS
[1725236270.88][CONN][RXD] 
[1725236270.89][CONN][RXD] &gt;&gt;&gt; Running case #8: 'Test PWM frequency and duty cycle (freq = 1 MHz)'...
[1725236270.89][CONN][INF] found KV pair in stream: {{__testcase_start;Test PWM frequency and duty cycle (freq = 1 MHz)}}, queued...
[1725236270.90][CONN][INF] found KV pair in stream: {{analyze_signal;please}}, queued...
[1725236273.09][SERI][TXD] {{frequency;1000100.0}}
[1725236273.11][SERI][TXD] {{duty_cycle;0.31049461188173516}}
[1725236273.13][CONN][RXD] Expected PWM frequency was 1000000 Hz (+- 20 Hz) and duty cycle was 30.80% (+-10.00%), host measured frequency 1000100 Hz and duty cycle 31.05%
[1725236273.14][CONN][RXD] &lt;greentea test suite&gt;:121::FAIL: Expected 1000000.000000 Was 1000100.000000
[1725236273.14][CONN][INF] found KV pair in stream: {{analyze_signal;please}}, queued...
[1725236275.36][SERI][TXD] {{frequency;1000110.0}}
[1725236275.38][SERI][TXD] {{duty_cycle;0.4758144052319935}}
[1725236275.40][CONN][RXD] Expected PWM frequency was 1000000 Hz (+- 20 Hz) and duty cycle was 46.96% (+-10.00%), host measured frequency 1000110 Hz and duty cycle 47.58%
[1725236275.40][CONN][INF] found KV pair in stream: {{analyze_signal;please}}, queued...
[1725236277.59][SERI][TXD] {{frequency;1000100.0}}
[1725236277.60][SERI][TXD] {{duty_cycle;0.33646582941771325}}
[1725236277.62][CONN][RXD] Expected PWM frequency was 1000000 Hz (+- 20 Hz) and duty cycle was 34.13% (+-10.00%), host measured frequency 1000100 Hz and duty cycle 33.65%
[1725236277.62][CONN][INF] found KV pair in stream: {{analyze_signal;please}}, queued...
[1725236279.82][SERI][TXD] {{frequency;1000110.0}}
[1725236279.84][SERI][TXD] {{duty_cycle;0.3494308132114835}}
[1725236279.86][CONN][RXD] Expected PWM frequency was 1000000 Hz (+- 20 Hz) and duty cycle was 35.34% (+-10.00%), host measured frequency 1000110 Hz and duty cycle 34.94%
[1725236279.86][CONN][INF] found KV pair in stream: {{analyze_signal;please}}, queued...
[1725236282.06][SERI][TXD] {{frequency;1000100.0}}
[1725236282.08][SERI][TXD] {{duty_cycle;0.4510694361632048}}
[1725236282.10][CONN][RXD] Expected PWM frequency was 1000000 Hz (+- 20 Hz) and duty cycle was 44.74% (+-10.00%), host measured frequency 1000100 Hz and duty cycle 45.11%
[1725236282.11][CONN][RXD] &gt;&gt;&gt; 'Test PWM frequency and duty cycle (freq = 1 MHz)': 0 passed, 1 failed with reason 'Test Cases Failed'
[1725236282.11][CONN][RXD] 
[1725236282.11][CONN][RXD] 
[1725236282.11][CONN][INF] found KV pair in stream: {{__testcase_finish;Test PWM frequency and duty cycle (freq = 1 MHz);0;1}}, queued...
[1725236282.12][CONN][RXD] &gt;&gt;&gt; Running case #9: 'Test PWM Suspend/Resume (freq = 1kHz)'...
[1725236282.12][CONN][INF] found KV pair in stream: {{__testcase_start;Test PWM Suspend/Resume (freq = 1kHz)}}, queued...
[1725236282.13][CONN][INF] found KV pair in stream: {{analyze_signal;please}}, queued...
[1725236284.31][SERI][TXD] {{frequency;1000.0}}
[1725236284.33][SERI][TXD] {{duty_cycle;0.7499328125839843}}
[1725236284.35][CONN][RXD] Expected PWM frequency was 1000 Hz (+- 20 Hz) and duty cycle was 75.00% (+-0.10%), host measured frequency 1000 Hz and duty cycle 74.99%
[1725236284.35][CONN][INF] found KV pair in stream: {{analyze_signal;please}}, queued...
[1725236286.54][SERI][TXD] {{frequency;0.0}}
[1725236286.55][SERI][TXD] {{duty_cycle;0.9999987500015625}}
[1725236286.56][CONN][INF] found KV pair in stream: {{analyze_signal;please}}, queued...
[1725236288.75][SERI][TXD] {{frequency;1000.0}}
[1725236288.76][SERI][TXD] {{duty_cycle;0.7499028126214842}}
[1725236288.78][CONN][RXD] Expected PWM frequency was 1000 Hz (+- 20 Hz) and duty cycle was 75.00% (+-0.10%), host measured frequency 1000 Hz and duty cycle 74.99%
[1725236288.78][CONN][INF] found KV pair in stream: {{__testcase_finish;Test PWM Suspend/Resume (freq = 1kHz);1;0}}, queued...
[1725236288.79][CONN][RXD] &gt;&gt;&gt; 'Test PWM Suspend/Resume (freq = 1kHz)': 1 passed, 0 failed
[1725236288.79][CONN][RXD] &lt;greentea test suite&gt;:0::PASS
[1725236288.79][CONN][RXD] 
[1725236288.80][CONN][RXD] &gt;&gt;&gt; Running case #10: 'Test PWM Maintains Duty Cycle (freq = 1kHz)'...
[1725236288.80][CONN][INF] found KV pair in stream: {{__testcase_start;Test PWM Maintains Duty Cycle (freq = 1kHz)}}, queued...
[1725236288.80][CONN][INF] found KV pair in stream: {{analyze_signal;please}}, queued...
[1725236290.99][SERI][TXD] {{frequency;1000.0}}
[1725236291.00][SERI][TXD] {{duty_cycle;0.7499128126089842}}
[1725236291.02][CONN][RXD] Expected PWM frequency was 1000 Hz (+- 20 Hz) and duty cycle was 75.00% (+-0.10%), host measured frequency 1000 Hz and duty cycle 74.99%
[1725236291.02][CONN][INF] found KV pair in stream: {{analyze_signal;please}}, queued...
[1725236293.23][SERI][TXD] {{frequency;40010.0}}
[1725236293.24][SERI][TXD] {{duty_cycle;0.750029062463672}}
[1725236293.27][CONN][RXD] Expected PWM frequency was 40000 Hz (+- 20 Hz) and duty cycle was 75.00% (+-0.40%), host measured frequency 40010 Hz and duty cycle 75.00%
[1725236293.27][CONN][INF] found KV pair in stream: {{analyze_signal;please}}, queued...
[1725236295.46][SERI][TXD] {{frequency;200.0}}
[1725236295.47][SERI][TXD] {{duty_cycle;0.7500165624792969}}
[1725236295.49][CONN][RXD] Expected PWM frequency was 200 Hz (+- 20 Hz) and duty cycle was 75.00% (+-0.10%), host measured frequency 200 Hz and duty cycle 75.00%
[1725236295.49][CONN][INF] found KV pair in stream: {{__testcase_finish;Test PWM Maintains Duty Cycle (freq = 1kHz);1;0}}, queued...
[1725236295.50][CONN][RXD] &gt;&gt;&gt; 'Test PWM Maintains Duty Cycle (freq = 1kHz)': 1 passed, 0 failed
[1725236295.50][CONN][RXD] &lt;greentea test suite&gt;:0::PASS
[1725236295.50][CONN][RXD] 
[1725236295.51][CONN][RXD] &gt;&gt;&gt; Test cases: 9 passed, 1 failed with reason 'Test Cases Failed'
[1725236295.51][CONN][RXD] &gt;&gt;&gt; TESTS FAILED!
[1725236295.51][CONN][RXD] 
[1725236295.51][CONN][RXD] -----------------------
[1725236295.51][CONN][RXD] 0 Tests 1 Failures 0 Ignored 
[1725236295.51][CONN][RXD] FAIL
[1725236295.53][CONN][INF] found KV pair in stream: {{__testcase_summary;9;1}}, queued...
[1725236295.53][CONN][INF] found KV pair in stream: {{end;failure}}, queued...
[1725236295.53][CONN][INF] found KV pair in stream: {{__exit;0}}, queued...
[1725236295.53][HTST][INF] __exit(0)
[1725236295.53][HTST][INF] __notify_complete(False)
[1725236295.53][HTST][INF] __exit_event_queue received
[1725236295.53][HTST][INF] test suite run finished after 70.08 sec...
[1725236295.54][CONN][INF] received special event '__host_test_finished' value='True', finishing
[1725236295.55][HTST][INF] CONN exited with code: 0
[1725236295.55][HTST][INF] Some events in queue
[1725236295.55][HTST][INF] stopped consuming events
[1725236295.55][HTST][INF] host test result() call skipped, received: False
[1725236295.55][HTST][INF] calling blocking teardown()
[1725236295.55][HTST][INF] teardown() finished
[1725236295.55][HTST][INF] {{result;failure}}
CMake Error at mbed-run-greentea-test-testshield-pwm-and-adc.cmake:19 (execute_process):
  execute_process failed command indexes:

    1: "Child return code: 1"



</system-out>
	</testcase>
	<testcase name="test-testshield-dac-to-adc" classname="test-testshield-dac-to-adc" time="5.82398" status="fail">
		<failure message=""/>
		<system-out>[1/1] Flashing test-testshield-dac-to-adc with OpenOCD...
Open On-Chip Debugger 0.12.0+dev-00499-g151b74371 (2024-01-22-10:06)
Licensed under GNU GPL v2
For bug reports, read
	http://openocd.org/doc/doxygen/bugs.html
DEPRECATED! use 'adapter driver' not 'interface'
Info : The selected transport took over low-level target control. The results might differ compared to plain JTAG/SWD
DEPRECATED! use 'adapter serial' not 'hla_serial'
Info : clock speed 500 kHz
Info : STLINK V2J39M27 (API v2) VID:PID 0483:374B
Info : Target voltage: 3.238973
Info : [stm32l4x.cpu] Cortex-M4 r0p1 processor detected
Info : [stm32l4x.cpu] target has 6 breakpoints, 4 watchpoints
Info : [stm32l4x.cpu] Examination succeed
Info : gdb port disabled
Info : Unable to match requested speed 500 kHz, using 480 kHz
Info : Unable to match requested speed 500 kHz, using 480 kHz
[stm32l4x.cpu] halted due to debug-request, current mode: Thread 
xPSR: 0x01000000 pc: 0x08000330 msp: 0x10000698
** Programming Started **
Info : device idcode = 0x20016462 (STM32L45/L46xx - Rev Y : 0x2001)
Info : RDP level 0 (0xAA)
Info : flash size = 512 KiB
Info : flash mode : single-bank
Warn : Adding extra erase range, 0x0800ec08 .. 0x0800efff
** Programming Finished **
** Resetting Target **
Info : Unable to match requested speed 500 kHz, using 480 kHz
Info : Unable to match requested speed 500 kHz, using 480 kHz
shutdown command invoked
Executing: /home/jamie/Mbed/mbed-ce-test-tools/CI-Shield-Tests/mbed-os/venv/bin/python3.10 -m mbed_host_tests.mbedhtrun --skip-flashing -p /dev/ttyNUCLEO_L452RE_P --skip-reset -m NUCLEO_L452RE_P --baud-rate=115200
[1725236300.74][HTST][INF] host test executor ver. 0.0.16
[1725236300.74][HTST][INF] copy image onto target... SKIPPED!
[1725236300.76][HTST][INF] starting host test process...
[1725236300.77][CONN][INF] starting connection process...
[1725236300.77][CONN][INF] notify event queue about extra 60 sec timeout for serial port pooling
[1725236300.77][CONN][INF] initializing serial port listener... 
[1725236300.77][SERI][INF] using specified port '/dev/ttyNUCLEO_L452RE_P'
[1725236300.77][SERI][INF] serial(port=/dev/ttyNUCLEO_L452RE_P, baudrate=115200, read_timeout=0.01, write_timeout=5)
[1725236300.77][HTST][INF] setting timeout to: 60 sec
[1725236300.78][SERI][TXD] mbedmbedmbedmbedmbedmbedmbedmbedmbedmbed
[1725236300.78][CONN][INF] sending up to 2 __sync packets (specified with --sync=2)
[1725236300.78][CONN][INF] sending preamble '35e1f7cf-5a21-4b16-89e1-10c2ad1b7b69'
[1725236300.78][SERI][TXD] {{__sync;35e1f7cf-5a21-4b16-89e1-10c2ad1b7b69}}
[1725236300.79][CONN][RXD] mbedmbedmbedmbedmbedmbedmbedmbed
[1725236300.79][CONN][INF] found SYNC in stream: {{__sync;35e1f7cf-5a21-4b16-89e1-10c2ad1b7b69}} it is #0 sent, queued...
[1725236300.79][HTST][INF] sync KV found, uuid=35e1f7cf-5a21-4b16-89e1-10c2ad1b7b69, timestamp=1725236300.791265
[1725236300.80][CONN][RXD] &gt;&gt;&gt; Running 1 test cases...
[1725236300.80][CONN][RXD] 
[1725236300.80][CONN][INF] found KV pair in stream: {{__version;1.3.0}}, queued...
[1725236300.80][CONN][INF] found KV pair in stream: {{__timeout;30}}, queued...
[1725236300.80][CONN][INF] found KV pair in stream: {{__host_test_name;default_auto}}, queued...
[1725236300.80][CONN][INF] found KV pair in stream: {{__testcase_name;DAC to ADC}}, queued...
[1725236300.80][HTST][INF] DUT greentea-client version: 1.3.0
[1725236300.80][HTST][INF] setting timeout to: 30 sec
[1725236300.81][HTST][INF] host test class: '&lt;class 'mbed_os_tools.test.host_tests.default_auto.DefaultAuto'&gt;'
[1725236300.81][HTST][INF] host test setup() call...
[1725236300.81][HTST][INF] CALLBACKs updated
[1725236300.81][HTST][INF] host test detected: default_auto
[1725236300.81][CONN][RXD] &gt;&gt;&gt; Running case #1: 'DAC to ADC'...
[1725236300.81][CONN][INF] found KV pair in stream: {{__testcase_start;DAC to ADC}}, queued...
[1725236300.85][CONN][RXD] DAC output of 0.0% produced an ADC reading of 1.6%
[1725236300.86][CONN][RXD] &lt;greentea test suite&gt;:59::FAIL: Expected 0.000000 Was 0.015873
[1725236300.90][CONN][RXD] DAC output of 10.0% produced an ADC reading of 9.9%
[1725236300.95][CONN][RXD] DAC output of 20.0% produced an ADC reading of 19.9%
[1725236301.00][CONN][RXD] DAC output of 30.0% produced an ADC reading of 29.9%
[1725236301.04][CONN][RXD] DAC output of 40.0% produced an ADC reading of 40.0%
[1725236301.09][CONN][RXD] DAC output of 50.0% produced an ADC reading of 49.9%
[1725236301.15][CONN][RXD] DAC output of 60.0% produced an ADC reading of 60.0%
[1725236301.20][CONN][RXD] DAC output of 70.0% produced an ADC reading of 70.0%
[1725236301.25][CONN][RXD] DAC output of 80.0% produced an ADC reading of 80.0%
[1725236301.30][CONN][RXD] DAC output of 90.0% produced an ADC reading of 90.1%
[1725236301.34][CONN][RXD] DAC output of 100.0% produced an ADC reading of 99.0%
[1725236301.35][CONN][RXD] &gt;&gt;&gt; 'DAC to ADC': 0 passed, 1 failed with reason 'Test Cases Failed'
[1725236301.35][CONN][RXD] 
[1725236301.35][CONN][RXD] 
[1725236301.35][CONN][INF] found KV pair in stream: {{__testcase_finish;DAC to ADC;0;1}}, queued...
[1725236301.36][CONN][RXD] &gt;&gt;&gt; Test cases: 0 passed, 1 failed with reason 'Test Cases Failed'
[1725236301.37][CONN][RXD] &gt;&gt;&gt; TESTS FAILED!
[1725236301.37][CONN][RXD] 
[1725236301.37][CONN][RXD] -----------------------
[1725236301.37][CONN][RXD] 0 Tests 1 Failures 0 Ignored 
[1725236301.37][CONN][RXD] FAIL
[1725236301.38][CONN][INF] found KV pair in stream: {{__testcase_summary;0;1}}, queued...
[1725236301.38][CONN][INF] found KV pair in stream: {{end;failure}}, queued...
[1725236301.38][CONN][INF] found KV pair in stream: {{__exit;0}}, queued...
[1725236301.38][HTST][INF] __exit(0)
[1725236301.38][HTST][INF] __notify_complete(False)
[1725236301.38][HTST][INF] __exit_event_queue received
[1725236301.38][HTST][INF] test suite run finished after 0.58 sec...
[1725236301.39][CONN][INF] received special event '__host_test_finished' value='True', finishing
[1725236301.40][HTST][INF] CONN exited with code: 0
[1725236301.40][HTST][INF] Some events in queue
[1725236301.40][HTST][INF] stopped consuming events
[1725236301.40][HTST][INF] host test result() call skipped, received: False
[1725236301.40][HTST][INF] calling blocking teardown()
[1725236301.40][HTST][INF] teardown() finished
[1725236301.40][HTST][INF] {{result;failure}}
CMake Error at mbed-run-greentea-test-testshield-dac-to-adc.cmake:19 (execute_process):
  execute_process failed command indexes:

    1: "Child return code: 1"



</system-out>
	</testcase>
</testsuite>
